2023-07-11 11:56:28.897 [info] Log level: Info
2023-07-11 11:56:28.897 [info] Validating found git in: "git"
2023-07-11 11:56:28.897 [info] Using git "2.40.0" from "git"
2023-07-11 11:56:28.897 [info] > git rev-parse --show-toplevel [4ms]
2023-07-11 11:56:28.897 [info] > git rev-parse --git-dir --git-common-dir [1ms]
2023-07-11 11:56:28.897 [info] Open repository: /workspace/Afrik-kitchen
2023-07-11 11:56:28.897 [info] > git rev-parse --show-toplevel [13ms]
2023-07-11 11:56:28.897 [info] > git config --get commit.template [17ms]
2023-07-11 11:56:28.897 [info] > git rev-parse --show-toplevel [18ms]
2023-07-11 11:56:28.897 [info] > git for-each-ref --format=%(refname)%00%(upstream:short)%00%(objectname)%00%(upstream:track)%00%(upstream:remotename)%00%(upstream:remoteref) refs/heads/main refs/remotes/main [17ms]
2023-07-11 11:56:28.897 [info] > git rev-parse --show-toplevel [19ms]
2023-07-11 11:56:28.897 [info] > git rev-parse --show-toplevel [49ms]
2023-07-11 11:56:28.897 [info] > git rev-parse --show-toplevel [7ms]
2023-07-11 11:56:28.897 [info] > git rev-parse --show-toplevel [6ms]
2023-07-11 11:56:28.897 [info] > git status -z -uall [272ms]
2023-07-11 11:56:28.897 [info] > git rev-parse --show-toplevel [154ms]
2023-07-11 11:56:28.897 [info] > git rev-parse --show-toplevel [22ms]
2023-07-11 11:56:28.897 [info] > git config --get commit.template [14ms]
2023-07-11 11:56:28.897 [info] > git rev-parse --show-toplevel [2ms]
2023-07-11 11:56:28.897 [info] > git rev-parse --show-toplevel [14ms]
2023-07-11 11:56:28.897 [info] > git for-each-ref --format=%(refname)%00%(upstream:short)%00%(objectname)%00%(upstream:track)%00%(upstream:remotename)%00%(upstream:remoteref) refs/heads/main refs/remotes/main [14ms]
2023-07-11 11:56:28.897 [info] > git rev-parse --show-toplevel [13ms]
2023-07-11 11:56:29.073 [info] > git status -z -uall [190ms]
2023-07-11 11:56:29.121 [info] > git log --format=%H%n%aN%n%aE%n%at%n%ct%n%P%n%D%n%B -z -n120 -- /workspace/Afrik-kitchen/TEMPLATES_DIR/includes/nav.html [22ms]
2023-07-11 11:56:29.218 [info] > git show --textconv :TEMPLATES_DIR/includes/nav.html [33ms]
2023-07-11 11:56:29.218 [info] > git ls-files --stage -- /workspace/Afrik-kitchen/TEMPLATES_DIR/includes/nav.html [21ms]
2023-07-11 11:56:29.233 [info] > git cat-file -s fe75222ac082eb782e5d4993f0666192ddddeff2 [2ms]
2023-07-11 11:56:29.445 [info] > git check-ignore -v -z --stdin [19ms]
2023-07-11 11:56:29.543 [info] > git config --local branch.main.github-pr-owner-number [1ms]
2023-07-11 11:56:29.566 [info] > git config --get commit.template [13ms]
2023-07-11 11:56:29.568 [info] > git for-each-ref --format=%(refname)%00%(upstream:short)%00%(objectname)%00%(upstream:track)%00%(upstream:remotename)%00%(upstream:remoteref) refs/heads/main refs/remotes/main [2ms]
2023-07-11 11:56:29.728 [info] > git status -z -uall [144ms]
2023-07-11 11:56:30.236 [info] > git check-ignore -v -z --stdin [2ms]
2023-07-11 12:01:29.427 [info] > git config --local branch.main.github-pr-owner-number [1ms]
2023-07-11 12:01:29.445 [info] > git config --get commit.template [8ms]
2023-07-11 12:01:29.446 [info] > git for-each-ref --format=%(refname)%00%(upstream:short)%00%(objectname)%00%(upstream:track)%00%(upstream:remotename)%00%(upstream:remoteref) refs/heads/main refs/remotes/main [2ms]
2023-07-11 12:01:29.602 [info] > git status -z -uall [148ms]
2023-07-11 12:02:11.616 [info] > git config --get commit.template [19ms]
2023-07-11 12:02:11.617 [info] > git for-each-ref --format=%(refname)%00%(upstream:short)%00%(objectname)%00%(upstream:track)%00%(upstream:remotename)%00%(upstream:remoteref) refs/heads/main refs/remotes/main [2ms]
2023-07-11 12:02:11.789 [info] > git status -z -uall [160ms]
2023-07-11 12:04:06.768 [info] > git config --get commit.template [11ms]
2023-07-11 12:04:06.769 [info] > git for-each-ref --format=%(refname)%00%(upstream:short)%00%(objectname)%00%(upstream:track)%00%(upstream:remotename)%00%(upstream:remoteref) refs/heads/main refs/remotes/main [2ms]
2023-07-11 12:04:06.944 [info] > git status -z -uall [168ms]
2023-07-11 12:06:29.620 [info] > git config --local branch.main.github-pr-owner-number [2ms]
2023-07-11 12:06:29.650 [info] > git config --get commit.template [14ms]
2023-07-11 12:06:29.651 [info] > git for-each-ref --format=%(refname)%00%(upstream:short)%00%(objectname)%00%(upstream:track)%00%(upstream:remotename)%00%(upstream:remoteref) refs/heads/main refs/remotes/main [2ms]
2023-07-11 12:06:29.823 [info] > git status -z -uall [159ms]
2023-07-11 12:10:43.054 [info] > git config --get commit.template [11ms]
2023-07-11 12:10:43.055 [info] > git for-each-ref --format=%(refname)%00%(upstream:short)%00%(objectname)%00%(upstream:track)%00%(upstream:remotename)%00%(upstream:remoteref) refs/heads/main refs/remotes/main [2ms]
2023-07-11 12:10:43.143 [info] > git status -z -uall [80ms]
2023-07-11 12:11:29.842 [info] > git config --local branch.main.github-pr-owner-number [1ms]
2023-07-11 12:11:29.862 [info] > git config --get commit.template [8ms]
2023-07-11 12:11:29.863 [info] > git for-each-ref --format=%(refname)%00%(upstream:short)%00%(objectname)%00%(upstream:track)%00%(upstream:remotename)%00%(upstream:remoteref) refs/heads/main refs/remotes/main [2ms]
2023-07-11 12:11:29.948 [info] > git status -z -uall [78ms]
2023-07-11 12:14:54.403 [info] > git config --get commit.template [14ms]
2023-07-11 12:14:54.404 [info] > git for-each-ref --format=%(refname)%00%(upstream:short)%00%(objectname)%00%(upstream:track)%00%(upstream:remotename)%00%(upstream:remoteref) refs/heads/main refs/remotes/main [2ms]
2023-07-11 12:14:54.496 [info] > git status -z -uall [79ms]
2023-07-11 12:16:29.969 [info] > git config --local branch.main.github-pr-owner-number [1ms]
2023-07-11 12:16:29.982 [info] > git config --get commit.template [6ms]
2023-07-11 12:16:29.983 [info] > git for-each-ref --format=%(refname)%00%(upstream:short)%00%(objectname)%00%(upstream:track)%00%(upstream:remotename)%00%(upstream:remoteref) refs/heads/main refs/remotes/main [1ms]
2023-07-11 12:16:30.141 [info] > git status -z -uall [148ms]
