2023-07-10 09:45:38.441 [info] Log level: Info
2023-07-10 09:45:38.441 [info] Validating found git in: "git"
2023-07-10 09:45:38.441 [info] Using git "2.40.0" from "git"
2023-07-10 09:45:38.441 [info] > git rev-parse --show-toplevel [37ms]
2023-07-10 09:45:38.441 [info] > git rev-parse --git-dir --git-common-dir [14ms]
2023-07-10 09:45:38.441 [info] Open repository: /workspace/Afrik-kitchen
2023-07-10 09:45:38.441 [info] > git config --get commit.template [13ms]
2023-07-10 09:45:38.441 [info] > git rev-parse --show-toplevel [46ms]
2023-07-10 09:45:38.442 [info] > git rev-parse --show-toplevel [23ms]
2023-07-10 09:45:38.442 [info] > git for-each-ref --format=%(refname)%00%(upstream:short)%00%(objectname)%00%(upstream:track)%00%(upstream:remotename)%00%(upstream:remoteref) refs/heads/main refs/remotes/main [21ms]
2023-07-10 09:45:38.442 [info] > git rev-parse --show-toplevel [80ms]
2023-07-10 09:45:38.442 [info] > git rev-parse --show-toplevel [36ms]
2023-07-10 09:45:38.442 [info] > git rev-parse --show-toplevel [7ms]
2023-07-10 09:45:38.442 [info] > git rev-parse --show-toplevel [7ms]
2023-07-10 09:45:38.442 [info] > git rev-parse --show-toplevel [7ms]
2023-07-10 09:45:38.442 [info] > git status -z -uall [310ms]
2023-07-10 09:45:38.442 [info] > git rev-parse --show-toplevel [7ms]
2023-07-10 09:45:38.442 [info] > git rev-parse --show-toplevel [62ms]
2023-07-10 09:45:38.442 [info] > git config --get commit.template [50ms]
2023-07-10 09:45:38.442 [info] > git rev-parse --show-toplevel [9ms]
2023-07-10 09:45:38.442 [info] > git rev-parse --show-toplevel [47ms]
2023-07-10 09:45:38.442 [info] > git for-each-ref --format=%(refname)%00%(upstream:short)%00%(objectname)%00%(upstream:track)%00%(upstream:remotename)%00%(upstream:remoteref) refs/heads/main refs/remotes/main [6ms]
2023-07-10 09:45:38.515 [info] > git status -z -uall [286ms]
2023-07-10 09:45:39.073 [info] > git check-ignore -v -z --stdin [3ms]
2023-07-10 09:45:39.721 [info] > git show --textconv :afrik_kitchen/settings.py [28ms]
2023-07-10 09:45:39.723 [info] > git ls-files --stage -- /workspace/Afrik-kitchen/afrik_kitchen/settings.py [4ms]
2023-07-10 09:45:39.789 [info] > git cat-file -s 150f68ba9552dbc0d8f83d1162de08381c1d3fe9 [39ms]
2023-07-10 09:45:40.514 [info] > git config --local branch.main.github-pr-owner-number [22ms]
2023-07-10 09:45:40.609 [info] > git config --get commit.template [12ms]
2023-07-10 09:45:40.701 [info] > git for-each-ref --format=%(refname)%00%(upstream:short)%00%(objectname)%00%(upstream:track)%00%(upstream:remotename)%00%(upstream:remoteref) refs/heads/main refs/remotes/main [3ms]
2023-07-10 09:45:41.203 [info] > git status -z -uall [471ms]
2023-07-10 09:45:41.392 [info] > git check-ignore -v -z --stdin [36ms]
2023-07-10 09:50:40.253 [info] > git config --local branch.main.github-pr-owner-number [2ms]
2023-07-10 09:50:40.290 [info] > git config --get commit.template [16ms]
2023-07-10 09:50:40.291 [info] > git for-each-ref --format=%(refname)%00%(upstream:short)%00%(objectname)%00%(upstream:track)%00%(upstream:remotename)%00%(upstream:remoteref) refs/heads/main refs/remotes/main [2ms]
2023-07-10 09:50:40.437 [info] > git status -z -uall [130ms]
2023-07-10 09:52:55.377 [info] > git check-ignore -v -z --stdin [4ms]
2023-07-10 09:53:53.496 [info] > git show --textconv :view_menu/urls.py [20ms]
2023-07-10 09:53:53.499 [info] > git ls-files --stage -- /workspace/Afrik-kitchen/view_menu/urls.py [4ms]
2023-07-10 09:53:53.519 [info] > git cat-file -s 98070e7caaa8fb82e19a1a7ac646bd2da2d0f6c6 [3ms]
2023-07-10 09:53:57.161 [info] > git show --textconv :view_menu/views.py [19ms]
2023-07-10 09:53:57.163 [info] > git ls-files --stage -- /workspace/Afrik-kitchen/view_menu/views.py [2ms]
2023-07-10 09:53:57.181 [info] > git cat-file -s 726cace6e61ec6b20f83d5525f8cd8e134b1997a [4ms]
2023-07-10 09:54:27.297 [info] > git config --get commit.template [23ms]
2023-07-10 09:54:27.298 [info] > git for-each-ref --format=%(refname)%00%(upstream:short)%00%(objectname)%00%(upstream:track)%00%(upstream:remotename)%00%(upstream:remoteref) refs/heads/main refs/remotes/main [3ms]
2023-07-10 09:54:27.457 [info] > git status -z -uall [143ms]
2023-07-10 09:54:47.153 [info] > git config --get commit.template [17ms]
2023-07-10 09:54:47.154 [info] > git for-each-ref --format=%(refname)%00%(upstream:short)%00%(objectname)%00%(upstream:track)%00%(upstream:remotename)%00%(upstream:remoteref) refs/heads/main refs/remotes/main [2ms]
2023-07-10 09:54:47.309 [info] > git status -z -uall [140ms]
2023-07-10 09:55:14.354 [info] > git config --get commit.template [21ms]
2023-07-10 09:55:14.355 [info] > git for-each-ref --format=%(refname)%00%(upstream:short)%00%(objectname)%00%(upstream:track)%00%(upstream:remotename)%00%(upstream:remoteref) refs/heads/main refs/remotes/main [2ms]
2023-07-10 09:55:14.557 [info] > git status -z -uall [180ms]
2023-07-10 09:55:40.458 [info] > git config --local branch.main.github-pr-owner-number [1ms]
2023-07-10 09:55:40.491 [info] > git config --get commit.template [17ms]
2023-07-10 09:55:40.492 [info] > git for-each-ref --format=%(refname)%00%(upstream:short)%00%(objectname)%00%(upstream:track)%00%(upstream:remotename)%00%(upstream:remoteref) refs/heads/main refs/remotes/main [2ms]
2023-07-10 09:55:40.590 [info] > git status -z -uall [83ms]
2023-07-10 09:55:55.700 [info] > git check-ignore -v -z --stdin [1ms]
2023-07-10 09:56:04.514 [info] > git check-ignore -v -z --stdin [2ms]
2023-07-10 09:56:07.725 [info] > git show --textconv :view_menu/templates/menu/breakfast.html [21ms]
2023-07-10 09:56:07.729 [info] > git ls-files --stage -- /workspace/Afrik-kitchen/view_menu/templates/menu/breakfast.html [4ms]
2023-07-10 09:56:07.749 [info] > git cat-file -s fdf6f3f729daeb9d24754408d9aa969435cbd45c [2ms]
2023-07-10 09:56:50.511 [info] > git check-ignore -v -z --stdin [1ms]
2023-07-10 09:56:52.970 [info] > git check-ignore -v -z --stdin [2ms]
2023-07-10 09:56:55.327 [info] > git show --textconv :view_menu/static/menu/js/script.js [25ms]
2023-07-10 09:56:55.329 [info] > git ls-files --stage -- /workspace/Afrik-kitchen/view_menu/static/menu/js/script.js [3ms]
2023-07-10 09:56:55.391 [info] > git cat-file -s 203832b5a0c72f53ee4e193f3d8d6a68576bbf50 [2ms]
2023-07-10 10:00:40.626 [info] > git config --local branch.main.github-pr-owner-number [5ms]
2023-07-10 10:00:40.682 [info] > git config --get commit.template [28ms]
2023-07-10 10:00:40.682 [info] > git for-each-ref --format=%(refname)%00%(upstream:short)%00%(objectname)%00%(upstream:track)%00%(upstream:remotename)%00%(upstream:remoteref) refs/heads/main refs/remotes/main [2ms]
2023-07-10 10:00:40.801 [info] > git status -z -uall [96ms]
2023-07-10 10:01:42.514 [info] > git config --get commit.template [2ms]
2023-07-10 10:01:42.547 [info] > git for-each-ref --format=%(refname)%00%(upstream:short)%00%(objectname)%00%(upstream:track)%00%(upstream:remotename)%00%(upstream:remoteref) refs/heads/main refs/remotes/main [3ms]
2023-07-10 10:01:42.753 [info] > git status -z -uall [182ms]
2023-07-10 10:02:25.903 [info] > git check-ignore -v -z --stdin [2ms]
2023-07-10 10:02:31.675 [info] > git show --textconv :static/js/script.js [19ms]
2023-07-10 10:02:31.676 [info] > git ls-files --stage -- /workspace/Afrik-kitchen/static/js/script.js [2ms]
2023-07-10 10:02:38.361 [info] > git config --get commit.template [28ms]
2023-07-10 10:02:38.362 [info] > git for-each-ref --format=%(refname)%00%(upstream:short)%00%(objectname)%00%(upstream:track)%00%(upstream:remotename)%00%(upstream:remoteref) refs/heads/main refs/remotes/main [3ms]
2023-07-10 10:02:38.548 [info] > git status -z -uall [165ms]
2023-07-10 10:05:40.834 [info] > git config --local branch.main.github-pr-owner-number [2ms]
2023-07-10 10:05:40.892 [info] > git config --get commit.template [37ms]
2023-07-10 10:05:40.893 [info] > git for-each-ref --format=%(refname)%00%(upstream:short)%00%(objectname)%00%(upstream:track)%00%(upstream:remotename)%00%(upstream:remoteref) refs/heads/main refs/remotes/main [2ms]
2023-07-10 10:05:41.063 [info] > git status -z -uall [156ms]
2023-07-10 10:10:41.081 [info] > git config --local branch.main.github-pr-owner-number [2ms]
2023-07-10 10:10:41.095 [info] > git config --get commit.template [2ms]
2023-07-10 10:10:41.112 [info] > git for-each-ref --format=%(refname)%00%(upstream:short)%00%(objectname)%00%(upstream:track)%00%(upstream:remotename)%00%(upstream:remoteref) refs/heads/main refs/remotes/main [3ms]
2023-07-10 10:10:41.269 [info] > git status -z -uall [139ms]
2023-07-10 10:15:41.293 [info] > git config --local branch.main.github-pr-owner-number [1ms]
2023-07-10 10:15:41.337 [info] > git config --get commit.template [19ms]
2023-07-10 10:15:41.338 [info] > git for-each-ref --format=%(refname)%00%(upstream:short)%00%(objectname)%00%(upstream:track)%00%(upstream:remotename)%00%(upstream:remoteref) refs/heads/main refs/remotes/main [2ms]
2023-07-10 10:15:41.515 [info] > git status -z -uall [159ms]
2023-07-10 10:16:39.720 [info] > git config --get commit.template [14ms]
2023-07-10 10:16:39.720 [info] > git for-each-ref --format=%(refname)%00%(upstream:short)%00%(objectname)%00%(upstream:track)%00%(upstream:remotename)%00%(upstream:remoteref) refs/heads/main refs/remotes/main [1ms]
2023-07-10 10:16:39.876 [info] > git status -z -uall [149ms]
2023-07-10 10:17:36.398 [info] > git for-each-ref --format=%(refname)%00%(upstream:short)%00%(objectname)%00%(upstream:track)%00%(upstream:remotename)%00%(upstream:remoteref) refs/heads/main refs/remotes/main [2ms]
2023-07-10 10:17:36.399 [info] > git config --get commit.template [22ms]
2023-07-10 10:17:36.581 [info] > git status -z -uall [154ms]
2023-07-10 10:17:41.632 [info] > git config --get commit.template [20ms]
2023-07-10 10:17:41.633 [info] > git for-each-ref --format=%(refname)%00%(upstream:short)%00%(objectname)%00%(upstream:track)%00%(upstream:remotename)%00%(upstream:remoteref) refs/heads/main refs/remotes/main [2ms]
2023-07-10 10:17:41.808 [info] > git status -z -uall [158ms]
2023-07-10 10:18:07.334 [info] > git config --get commit.template [23ms]
2023-07-10 10:18:07.335 [info] > git for-each-ref --format=%(refname)%00%(upstream:short)%00%(objectname)%00%(upstream:track)%00%(upstream:remotename)%00%(upstream:remoteref) refs/heads/main refs/remotes/main [3ms]
2023-07-10 10:18:07.515 [info] > git status -z -uall [161ms]
2023-07-10 10:18:49.071 [info] > git config --get commit.template [16ms]
2023-07-10 10:18:49.072 [info] > git for-each-ref --format=%(refname)%00%(upstream:short)%00%(objectname)%00%(upstream:track)%00%(upstream:remotename)%00%(upstream:remoteref) refs/heads/main refs/remotes/main [1ms]
2023-07-10 10:18:49.256 [info] > git status -z -uall [169ms]
2023-07-10 10:20:41.540 [info] > git config --local branch.main.github-pr-owner-number [1ms]
2023-07-10 10:20:41.582 [info] > git config --get commit.template [22ms]
2023-07-10 10:20:41.582 [info] > git for-each-ref --format=%(refname)%00%(upstream:short)%00%(objectname)%00%(upstream:track)%00%(upstream:remotename)%00%(upstream:remoteref) refs/heads/main refs/remotes/main [1ms]
2023-07-10 10:20:41.766 [info] > git status -z -uall [160ms]
2023-07-10 10:25:41.787 [info] > git config --local branch.main.github-pr-owner-number [1ms]
2023-07-10 10:25:41.829 [info] > git config --get commit.template [27ms]
2023-07-10 10:25:41.829 [info] > git for-each-ref --format=%(refname)%00%(upstream:short)%00%(objectname)%00%(upstream:track)%00%(upstream:remotename)%00%(upstream:remoteref) refs/heads/main refs/remotes/main [3ms]
2023-07-10 10:25:41.926 [info] > git status -z -uall [81ms]
2023-07-10 10:25:51.847 [info] > git config --get commit.template [15ms]
2023-07-10 10:25:51.849 [info] > git for-each-ref --format=%(refname)%00%(upstream:short)%00%(objectname)%00%(upstream:track)%00%(upstream:remotename)%00%(upstream:remoteref) refs/heads/main refs/remotes/main [2ms]
2023-07-10 10:25:51.938 [info] > git status -z -uall [76ms]
2023-07-10 10:27:53.352 [info] > git config --get commit.template [26ms]
2023-07-10 10:27:53.353 [info] > git for-each-ref --format=%(refname)%00%(upstream:short)%00%(objectname)%00%(upstream:track)%00%(upstream:remotename)%00%(upstream:remoteref) refs/heads/main refs/remotes/main [2ms]
2023-07-10 10:27:53.484 [info] > git status -z -uall [102ms]
2023-07-10 10:30:41.943 [info] > git config --local branch.main.github-pr-owner-number [1ms]
2023-07-10 10:30:41.973 [info] > git config --get commit.template [16ms]
2023-07-10 10:30:41.975 [info] > git for-each-ref --format=%(refname)%00%(upstream:short)%00%(objectname)%00%(upstream:track)%00%(upstream:remotename)%00%(upstream:remoteref) refs/heads/main refs/remotes/main [2ms]
2023-07-10 10:30:42.128 [info] > git status -z -uall [139ms]
2023-07-10 10:31:47.962 [info] > git check-ignore -v -z --stdin [2ms]
2023-07-10 10:32:21.576 [info] > git config --get commit.template [18ms]
2023-07-10 10:32:21.577 [info] > git for-each-ref --format=%(refname)%00%(upstream:short)%00%(objectname)%00%(upstream:track)%00%(upstream:remotename)%00%(upstream:remoteref) refs/heads/main refs/remotes/main [2ms]
2023-07-10 10:32:21.748 [info] > git status -z -uall [155ms]
2023-07-10 10:32:46.829 [info] > git config --get commit.template [16ms]
2023-07-10 10:32:46.830 [info] > git for-each-ref --format=%(refname)%00%(upstream:short)%00%(objectname)%00%(upstream:track)%00%(upstream:remotename)%00%(upstream:remoteref) refs/heads/main refs/remotes/main [2ms]
2023-07-10 10:32:46.986 [info] > git status -z -uall [138ms]
2023-07-10 10:32:59.281 [info] > git config --get commit.template [3ms]
2023-07-10 10:32:59.298 [info] > git for-each-ref --format=%(refname)%00%(upstream:short)%00%(objectname)%00%(upstream:track)%00%(upstream:remotename)%00%(upstream:remoteref) refs/heads/main refs/remotes/main [2ms]
2023-07-10 10:32:59.449 [info] > git status -z -uall [135ms]
2023-07-10 10:33:04.484 [info] > git config --get commit.template [13ms]
2023-07-10 10:33:04.485 [info] > git for-each-ref --format=%(refname)%00%(upstream:short)%00%(objectname)%00%(upstream:track)%00%(upstream:remotename)%00%(upstream:remoteref) refs/heads/main refs/remotes/main [1ms]
2023-07-10 10:33:04.627 [info] > git status -z -uall [133ms]
2023-07-10 10:33:44.431 [info] > git config --get commit.template [22ms]
2023-07-10 10:33:44.433 [info] > git for-each-ref --format=%(refname)%00%(upstream:short)%00%(objectname)%00%(upstream:track)%00%(upstream:remotename)%00%(upstream:remoteref) refs/heads/main refs/remotes/main [3ms]
2023-07-10 10:33:44.571 [info] > git status -z -uall [113ms]
2023-07-10 10:35:42.144 [info] > git config --local branch.main.github-pr-owner-number [1ms]
2023-07-10 10:35:42.171 [info] > git config --get commit.template [14ms]
2023-07-10 10:35:42.172 [info] > git for-each-ref --format=%(refname)%00%(upstream:short)%00%(objectname)%00%(upstream:track)%00%(upstream:remotename)%00%(upstream:remoteref) refs/heads/main refs/remotes/main [2ms]
2023-07-10 10:35:42.260 [info] > git status -z -uall [75ms]
2023-07-10 10:39:25.165 [info] > git config --get commit.template [2ms]
2023-07-10 10:39:25.175 [info] > git for-each-ref --format=%(refname)%00%(upstream:short)%00%(objectname)%00%(upstream:track)%00%(upstream:remotename)%00%(upstream:remoteref) refs/heads/main refs/remotes/main [1ms]
2023-07-10 10:39:25.256 [info] > git status -z -uall [75ms]
2023-07-10 10:39:30.291 [info] > git config --get commit.template [16ms]
2023-07-10 10:39:30.293 [info] > git for-each-ref --format=%(refname)%00%(upstream:short)%00%(objectname)%00%(upstream:track)%00%(upstream:remotename)%00%(upstream:remoteref) refs/heads/main refs/remotes/main [1ms]
2023-07-10 10:39:30.383 [info] > git status -z -uall [77ms]
2023-07-10 10:39:56.189 [info] > git config --get commit.template [19ms]
2023-07-10 10:39:56.190 [info] > git for-each-ref --format=%(refname)%00%(upstream:short)%00%(objectname)%00%(upstream:track)%00%(upstream:remotename)%00%(upstream:remoteref) refs/heads/main refs/remotes/main [2ms]
2023-07-10 10:39:56.295 [info] > git status -z -uall [87ms]
2023-07-10 10:40:01.327 [info] > git config --get commit.template [11ms]
2023-07-10 10:40:01.327 [info] > git for-each-ref --format=%(refname)%00%(upstream:short)%00%(objectname)%00%(upstream:track)%00%(upstream:remotename)%00%(upstream:remoteref) refs/heads/main refs/remotes/main [2ms]
2023-07-10 10:40:01.415 [info] > git status -z -uall [79ms]
2023-07-10 10:40:42.278 [info] > git config --local branch.main.github-pr-owner-number [1ms]
2023-07-10 10:40:42.305 [info] > git config --get commit.template [11ms]
2023-07-10 10:40:42.306 [info] > git for-each-ref --format=%(refname)%00%(upstream:short)%00%(objectname)%00%(upstream:track)%00%(upstream:remotename)%00%(upstream:remoteref) refs/heads/main refs/remotes/main [1ms]
2023-07-10 10:40:42.398 [info] > git status -z -uall [80ms]
2023-07-10 10:45:42.419 [info] > git config --local branch.main.github-pr-owner-number [2ms]
2023-07-10 10:45:42.451 [info] > git config --get commit.template [17ms]
2023-07-10 10:45:42.452 [info] > git for-each-ref --format=%(refname)%00%(upstream:short)%00%(objectname)%00%(upstream:track)%00%(upstream:remotename)%00%(upstream:remoteref) refs/heads/main refs/remotes/main [2ms]
2023-07-10 10:45:42.559 [info] > git status -z -uall [93ms]
2023-07-10 10:46:09.150 [info] > git config --get commit.template [18ms]
2023-07-10 10:46:09.151 [info] > git for-each-ref --format=%(refname)%00%(upstream:short)%00%(objectname)%00%(upstream:track)%00%(upstream:remotename)%00%(upstream:remoteref) refs/heads/main refs/remotes/main [2ms]
2023-07-10 10:46:09.252 [info] > git status -z -uall [86ms]
2023-07-10 10:47:35.883 [info] > git config --get commit.template [20ms]
2023-07-10 10:47:35.885 [info] > git for-each-ref --format=%(refname)%00%(upstream:short)%00%(objectname)%00%(upstream:track)%00%(upstream:remotename)%00%(upstream:remoteref) refs/heads/main refs/remotes/main [4ms]
2023-07-10 10:47:36.018 [info] > git status -z -uall [114ms]
2023-07-10 10:47:41.065 [info] > git config --get commit.template [24ms]
2023-07-10 10:47:41.067 [info] > git for-each-ref --format=%(refname)%00%(upstream:short)%00%(objectname)%00%(upstream:track)%00%(upstream:remotename)%00%(upstream:remoteref) refs/heads/main refs/remotes/main [3ms]
2023-07-10 10:47:41.198 [info] > git status -z -uall [111ms]
2023-07-10 10:47:50.721 [info] > git config --get commit.template [19ms]
2023-07-10 10:47:50.722 [info] > git for-each-ref --format=%(refname)%00%(upstream:short)%00%(objectname)%00%(upstream:track)%00%(upstream:remotename)%00%(upstream:remoteref) refs/heads/main refs/remotes/main [3ms]
2023-07-10 10:47:50.832 [info] > git status -z -uall [93ms]
2023-07-10 10:48:18.413 [info] > git config --get commit.template [18ms]
2023-07-10 10:48:18.414 [info] > git for-each-ref --format=%(refname)%00%(upstream:short)%00%(objectname)%00%(upstream:track)%00%(upstream:remotename)%00%(upstream:remoteref) refs/heads/main refs/remotes/main [2ms]
2023-07-10 10:48:18.533 [info] > git status -z -uall [102ms]
2023-07-10 10:48:23.575 [info] > git config --get commit.template [18ms]
2023-07-10 10:48:23.575 [info] > git for-each-ref --format=%(refname)%00%(upstream:short)%00%(objectname)%00%(upstream:track)%00%(upstream:remotename)%00%(upstream:remoteref) refs/heads/main refs/remotes/main [2ms]
2023-07-10 10:48:23.682 [info] > git status -z -uall [91ms]
2023-07-10 10:48:34.614 [info] > git config --get commit.template [18ms]
2023-07-10 10:48:34.615 [info] > git for-each-ref --format=%(refname)%00%(upstream:short)%00%(objectname)%00%(upstream:track)%00%(upstream:remotename)%00%(upstream:remoteref) refs/heads/main refs/remotes/main [2ms]
2023-07-10 10:48:34.726 [info] > git status -z -uall [94ms]
2023-07-10 10:48:39.766 [info] > git config --get commit.template [18ms]
2023-07-10 10:48:39.767 [info] > git for-each-ref --format=%(refname)%00%(upstream:short)%00%(objectname)%00%(upstream:track)%00%(upstream:remotename)%00%(upstream:remoteref) refs/heads/main refs/remotes/main [1ms]
2023-07-10 10:48:39.867 [info] > git status -z -uall [84ms]
2023-07-10 10:49:13.595 [info] > git config --get commit.template [19ms]
2023-07-10 10:49:13.596 [info] > git for-each-ref --format=%(refname)%00%(upstream:short)%00%(objectname)%00%(upstream:track)%00%(upstream:remotename)%00%(upstream:remoteref) refs/heads/main refs/remotes/main [2ms]
2023-07-10 10:49:13.735 [info] > git status -z -uall [119ms]
2023-07-10 10:50:42.578 [info] > git config --local branch.main.github-pr-owner-number [2ms]
2023-07-10 10:50:42.610 [info] > git config --get commit.template [17ms]
2023-07-10 10:50:42.613 [info] > git for-each-ref --format=%(refname)%00%(upstream:short)%00%(objectname)%00%(upstream:track)%00%(upstream:remotename)%00%(upstream:remoteref) refs/heads/main refs/remotes/main [4ms]
2023-07-10 10:50:42.761 [info] > git status -z -uall [130ms]
2023-07-10 10:52:04.381 [info] > git config --get commit.template [18ms]
2023-07-10 10:52:04.382 [info] > git for-each-ref --format=%(refname)%00%(upstream:short)%00%(objectname)%00%(upstream:track)%00%(upstream:remotename)%00%(upstream:remoteref) refs/heads/main refs/remotes/main [1ms]
2023-07-10 10:52:04.553 [info] > git status -z -uall [156ms]
2023-07-10 10:52:30.518 [info] > git config --get commit.template [3ms]
2023-07-10 10:52:30.537 [info] > git for-each-ref --format=%(refname)%00%(upstream:short)%00%(objectname)%00%(upstream:track)%00%(upstream:remotename)%00%(upstream:remoteref) refs/heads/main refs/remotes/main [2ms]
2023-07-10 10:52:30.725 [info] > git status -z -uall [167ms]
2023-07-10 10:52:40.344 [info] > git config --get commit.template [2ms]
2023-07-10 10:52:40.362 [info] > git for-each-ref --format=%(refname)%00%(upstream:short)%00%(objectname)%00%(upstream:track)%00%(upstream:remotename)%00%(upstream:remoteref) refs/heads/main refs/remotes/main [1ms]
2023-07-10 10:52:40.540 [info] > git status -z -uall [164ms]
2023-07-10 10:55:42.778 [info] > git config --local branch.main.github-pr-owner-number [1ms]
2023-07-10 10:55:42.813 [info] > git config --get commit.template [19ms]
2023-07-10 10:55:42.814 [info] > git for-each-ref --format=%(refname)%00%(upstream:short)%00%(objectname)%00%(upstream:track)%00%(upstream:remotename)%00%(upstream:remoteref) refs/heads/main refs/remotes/main [3ms]
2023-07-10 10:55:42.928 [info] > git status -z -uall [98ms]
2023-07-10 11:00:35.671 [info] > git config --get commit.template [3ms]
2023-07-10 11:00:35.687 [info] > git for-each-ref --format=%(refname)%00%(upstream:short)%00%(objectname)%00%(upstream:track)%00%(upstream:remotename)%00%(upstream:remoteref) refs/heads/main refs/remotes/main [2ms]
2023-07-10 11:00:35.801 [info] > git status -z -uall [93ms]
2023-07-10 11:00:40.837 [info] > git config --get commit.template [17ms]
2023-07-10 11:00:40.838 [info] > git for-each-ref --format=%(refname)%00%(upstream:short)%00%(objectname)%00%(upstream:track)%00%(upstream:remotename)%00%(upstream:remoteref) refs/heads/main refs/remotes/main [2ms]
2023-07-10 11:00:40.933 [info] > git status -z -uall [79ms]
2023-07-10 11:00:42.948 [info] > git config --local branch.main.github-pr-owner-number [2ms]
2023-07-10 11:00:42.978 [info] > git config --get commit.template [13ms]
2023-07-10 11:00:42.979 [info] > git for-each-ref --format=%(refname)%00%(upstream:short)%00%(objectname)%00%(upstream:track)%00%(upstream:remotename)%00%(upstream:remoteref) refs/heads/main refs/remotes/main [1ms]
2023-07-10 11:00:43.067 [info] > git status -z -uall [77ms]
2023-07-10 11:02:00.467 [info] > git config --get commit.template [19ms]
2023-07-10 11:02:00.468 [info] > git for-each-ref --format=%(refname)%00%(upstream:short)%00%(objectname)%00%(upstream:track)%00%(upstream:remotename)%00%(upstream:remoteref) refs/heads/main refs/remotes/main [2ms]
2023-07-10 11:02:00.617 [info] > git status -z -uall [135ms]
2023-07-10 11:02:05.649 [info] > git config --get commit.template [14ms]
2023-07-10 11:02:05.650 [info] > git for-each-ref --format=%(refname)%00%(upstream:short)%00%(objectname)%00%(upstream:track)%00%(upstream:remotename)%00%(upstream:remoteref) refs/heads/main refs/remotes/main [2ms]
2023-07-10 11:02:05.790 [info] > git status -z -uall [127ms]
2023-07-10 11:02:13.720 [info] > git config --get commit.template [20ms]
2023-07-10 11:02:13.721 [info] > git for-each-ref --format=%(refname)%00%(upstream:short)%00%(objectname)%00%(upstream:track)%00%(upstream:remotename)%00%(upstream:remoteref) refs/heads/main refs/remotes/main [2ms]
2023-07-10 11:02:13.873 [info] > git status -z -uall [138ms]
2023-07-10 11:02:18.905 [info] > git config --get commit.template [13ms]
2023-07-10 11:02:18.906 [info] > git for-each-ref --format=%(refname)%00%(upstream:short)%00%(objectname)%00%(upstream:track)%00%(upstream:remotename)%00%(upstream:remoteref) refs/heads/main refs/remotes/main [1ms]
2023-07-10 11:02:19.055 [info] > git status -z -uall [135ms]
2023-07-10 11:02:27.858 [info] > git config --get commit.template [4ms]
2023-07-10 11:02:27.880 [info] > git for-each-ref --format=%(refname)%00%(upstream:short)%00%(objectname)%00%(upstream:track)%00%(upstream:remotename)%00%(upstream:remoteref) refs/heads/main refs/remotes/main [5ms]
2023-07-10 11:02:28.019 [info] > git status -z -uall [129ms]
2023-07-10 11:02:47.640 [info] > git config --get commit.template [2ms]
2023-07-10 11:02:47.662 [info] > git for-each-ref --format=%(refname)%00%(upstream:short)%00%(objectname)%00%(upstream:track)%00%(upstream:remotename)%00%(upstream:remoteref) refs/heads/main refs/remotes/main [2ms]
2023-07-10 11:02:47.806 [info] > git status -z -uall [127ms]
2023-07-10 11:02:52.843 [info] > git config --get commit.template [14ms]
2023-07-10 11:02:52.843 [info] > git for-each-ref --format=%(refname)%00%(upstream:short)%00%(objectname)%00%(upstream:track)%00%(upstream:remotename)%00%(upstream:remoteref) refs/heads/main refs/remotes/main [1ms]
2023-07-10 11:02:52.935 [info] > git status -z -uall [79ms]
2023-07-10 11:04:59.744 [info] > git config --get commit.template [13ms]
2023-07-10 11:04:59.745 [info] > git for-each-ref --format=%(refname)%00%(upstream:short)%00%(objectname)%00%(upstream:track)%00%(upstream:remotename)%00%(upstream:remoteref) refs/heads/main refs/remotes/main [2ms]
2023-07-10 11:04:59.904 [info] > git status -z -uall [146ms]
2023-07-10 11:05:04.939 [info] > git config --get commit.template [16ms]
2023-07-10 11:05:04.940 [info] > git for-each-ref --format=%(refname)%00%(upstream:short)%00%(objectname)%00%(upstream:track)%00%(upstream:remotename)%00%(upstream:remoteref) refs/heads/main refs/remotes/main [2ms]
2023-07-10 11:05:05.149 [info] > git status -z -uall [193ms]
2023-07-10 11:05:43.088 [info] > git config --local branch.main.github-pr-owner-number [1ms]
2023-07-10 11:05:43.117 [info] > git config --get commit.template [14ms]
2023-07-10 11:05:43.118 [info] > git for-each-ref --format=%(refname)%00%(upstream:short)%00%(objectname)%00%(upstream:track)%00%(upstream:remotename)%00%(upstream:remoteref) refs/heads/main refs/remotes/main [2ms]
2023-07-10 11:05:43.222 [info] > git status -z -uall [91ms]
2023-07-10 11:06:28.937 [info] > git config --get commit.template [19ms]
2023-07-10 11:06:28.938 [info] > git for-each-ref --format=%(refname)%00%(upstream:short)%00%(objectname)%00%(upstream:track)%00%(upstream:remotename)%00%(upstream:remoteref) refs/heads/main refs/remotes/main [2ms]
2023-07-10 11:06:29.051 [info] > git status -z -uall [96ms]
2023-07-10 11:06:34.083 [info] > git config --get commit.template [15ms]
2023-07-10 11:06:34.084 [info] > git for-each-ref --format=%(refname)%00%(upstream:short)%00%(objectname)%00%(upstream:track)%00%(upstream:remotename)%00%(upstream:remoteref) refs/heads/main refs/remotes/main [2ms]
2023-07-10 11:06:34.197 [info] > git status -z -uall [98ms]
2023-07-10 11:10:43.246 [info] > git config --local branch.main.github-pr-owner-number [1ms]
2023-07-10 11:10:43.277 [info] > git config --get commit.template [15ms]
2023-07-10 11:10:43.279 [info] > git for-each-ref --format=%(refname)%00%(upstream:short)%00%(objectname)%00%(upstream:track)%00%(upstream:remotename)%00%(upstream:remoteref) refs/heads/main refs/remotes/main [3ms]
2023-07-10 11:10:43.438 [info] > git status -z -uall [145ms]
2023-07-10 11:15:43.483 [info] > git config --local branch.main.github-pr-owner-number [3ms]
2023-07-10 11:15:43.541 [info] > git config --get commit.template [23ms]
2023-07-10 11:15:43.543 [info] > git for-each-ref --format=%(refname)%00%(upstream:short)%00%(objectname)%00%(upstream:track)%00%(upstream:remotename)%00%(upstream:remoteref) refs/heads/main refs/remotes/main [3ms]
2023-07-10 11:15:43.713 [info] > git status -z -uall [149ms]
2023-07-10 11:16:38.831 [info] > git config --get commit.template [21ms]
2023-07-10 11:16:38.832 [info] > git for-each-ref --format=%(refname)%00%(upstream:short)%00%(objectname)%00%(upstream:track)%00%(upstream:remotename)%00%(upstream:remoteref) refs/heads/main refs/remotes/main [3ms]
2023-07-10 11:16:39.069 [info] > git status -z -uall [206ms]
2023-07-10 11:20:43.732 [info] > git config --local branch.main.github-pr-owner-number [1ms]
2023-07-10 11:20:43.763 [info] > git config --get commit.template [16ms]
2023-07-10 11:20:43.764 [info] > git for-each-ref --format=%(refname)%00%(upstream:short)%00%(objectname)%00%(upstream:track)%00%(upstream:remotename)%00%(upstream:remoteref) refs/heads/main refs/remotes/main [2ms]
2023-07-10 11:20:43.863 [info] > git status -z -uall [85ms]
2023-07-10 11:25:43.309 [info] > git for-each-ref --format=%(refname)%00%(upstream:short)%00%(objectname)%00%(upstream:track)%00%(upstream:remotename)%00%(upstream:remoteref) refs/heads/main refs/remotes/main [2ms]
2023-07-10 11:25:43.309 [info] > git config --get commit.template [19ms]
2023-07-10 11:25:43.456 [info] > git status -z -uall [135ms]
2023-07-10 11:25:43.880 [info] > git config --local branch.main.github-pr-owner-number [1ms]
2023-07-10 11:25:43.908 [info] > git config --get commit.template [14ms]
2023-07-10 11:25:43.909 [info] > git for-each-ref --format=%(refname)%00%(upstream:short)%00%(objectname)%00%(upstream:track)%00%(upstream:remotename)%00%(upstream:remoteref) refs/heads/main refs/remotes/main [2ms]
2023-07-10 11:25:44.056 [info] > git status -z -uall [136ms]
2023-07-10 11:26:21.582 [info] > git config --get commit.template [14ms]
2023-07-10 11:26:21.583 [info] > git for-each-ref --format=%(refname)%00%(upstream:short)%00%(objectname)%00%(upstream:track)%00%(upstream:remotename)%00%(upstream:remoteref) refs/heads/main refs/remotes/main [2ms]
2023-07-10 11:26:21.721 [info] > git status -z -uall [130ms]
2023-07-10 11:26:34.035 [info] > git config --get commit.template [18ms]
2023-07-10 11:26:34.036 [info] > git for-each-ref --format=%(refname)%00%(upstream:short)%00%(objectname)%00%(upstream:track)%00%(upstream:remotename)%00%(upstream:remoteref) refs/heads/main refs/remotes/main [2ms]
2023-07-10 11:26:34.181 [info] > git status -z -uall [129ms]
2023-07-10 11:26:39.215 [info] > git config --get commit.template [17ms]
2023-07-10 11:26:39.215 [info] > git for-each-ref --format=%(refname)%00%(upstream:short)%00%(objectname)%00%(upstream:track)%00%(upstream:remotename)%00%(upstream:remoteref) refs/heads/main refs/remotes/main [1ms]
2023-07-10 11:26:39.361 [info] > git status -z -uall [132ms]
2023-07-10 11:28:02.025 [info] > git config --get commit.template [13ms]
2023-07-10 11:28:02.025 [info] > git for-each-ref --format=%(refname)%00%(upstream:short)%00%(objectname)%00%(upstream:track)%00%(upstream:remotename)%00%(upstream:remoteref) refs/heads/main refs/remotes/main [1ms]
2023-07-10 11:28:02.172 [info] > git status -z -uall [134ms]
2023-07-10 11:28:31.106 [info] > git config --get commit.template [22ms]
2023-07-10 11:28:31.106 [info] > git for-each-ref --format=%(refname)%00%(upstream:short)%00%(objectname)%00%(upstream:track)%00%(upstream:remotename)%00%(upstream:remoteref) refs/heads/main refs/remotes/main [2ms]
2023-07-10 11:28:31.205 [info] > git status -z -uall [84ms]
2023-07-10 11:29:00.428 [info] > git config --get commit.template [23ms]
2023-07-10 11:29:00.429 [info] > git for-each-ref --format=%(refname)%00%(upstream:short)%00%(objectname)%00%(upstream:track)%00%(upstream:remotename)%00%(upstream:remoteref) refs/heads/main refs/remotes/main [4ms]
2023-07-10 11:29:00.558 [info] > git status -z -uall [106ms]
2023-07-10 11:30:44.080 [info] > git config --local branch.main.github-pr-owner-number [1ms]
2023-07-10 11:30:44.116 [info] > git config --get commit.template [18ms]
2023-07-10 11:30:44.117 [info] > git for-each-ref --format=%(refname)%00%(upstream:short)%00%(objectname)%00%(upstream:track)%00%(upstream:remotename)%00%(upstream:remoteref) refs/heads/main refs/remotes/main [2ms]
2023-07-10 11:30:44.212 [info] > git status -z -uall [79ms]
2023-07-10 11:31:27.989 [info] > git config --get commit.template [14ms]
2023-07-10 11:31:27.990 [info] > git for-each-ref --format=%(refname)%00%(upstream:short)%00%(objectname)%00%(upstream:track)%00%(upstream:remotename)%00%(upstream:remoteref) refs/heads/main refs/remotes/main [2ms]
2023-07-10 11:31:28.084 [info] > git status -z -uall [79ms]
2023-07-10 11:31:47.982 [info] > git config --get commit.template [38ms]
2023-07-10 11:31:47.982 [info] > git for-each-ref --format=%(refname)%00%(upstream:short)%00%(objectname)%00%(upstream:track)%00%(upstream:remotename)%00%(upstream:remoteref) refs/heads/main refs/remotes/main [1ms]
2023-07-10 11:31:48.096 [info] > git status -z -uall [89ms]
2023-07-10 11:31:57.738 [info] > git config --get commit.template [17ms]
2023-07-10 11:31:57.738 [info] > git for-each-ref --format=%(refname)%00%(upstream:short)%00%(objectname)%00%(upstream:track)%00%(upstream:remotename)%00%(upstream:remoteref) refs/heads/main refs/remotes/main [2ms]
2023-07-10 11:31:57.856 [info] > git status -z -uall [98ms]
2023-07-10 11:32:57.402 [info] > git config --get commit.template [18ms]
2023-07-10 11:32:57.403 [info] > git for-each-ref --format=%(refname)%00%(upstream:short)%00%(objectname)%00%(upstream:track)%00%(upstream:remotename)%00%(upstream:remoteref) refs/heads/main refs/remotes/main [2ms]
2023-07-10 11:32:57.505 [info] > git status -z -uall [86ms]
2023-07-10 11:33:53.939 [info] > git config --get commit.template [9ms]
2023-07-10 11:33:53.939 [info] > git for-each-ref --format=%(refname)%00%(upstream:short)%00%(objectname)%00%(upstream:track)%00%(upstream:remotename)%00%(upstream:remoteref) refs/heads/main refs/remotes/main [1ms]
2023-07-10 11:33:54.031 [info] > git status -z -uall [78ms]
2023-07-10 11:34:56.985 [info] > git config --get commit.template [16ms]
2023-07-10 11:34:57.009 [info] > git for-each-ref --format=%(refname)%00%(upstream:short)%00%(objectname)%00%(upstream:track)%00%(upstream:remotename)%00%(upstream:remoteref) refs/heads/main refs/remotes/main [24ms]
2023-07-10 11:34:57.100 [info] > git status -z -uall [79ms]
2023-07-10 11:35:44.233 [info] > git config --local branch.main.github-pr-owner-number [1ms]
2023-07-10 11:35:44.263 [info] > git config --get commit.template [15ms]
2023-07-10 11:35:44.264 [info] > git for-each-ref --format=%(refname)%00%(upstream:short)%00%(objectname)%00%(upstream:track)%00%(upstream:remotename)%00%(upstream:remoteref) refs/heads/main refs/remotes/main [2ms]
2023-07-10 11:35:44.358 [info] > git status -z -uall [79ms]
2023-07-10 11:40:44.375 [info] > git config --local branch.main.github-pr-owner-number [1ms]
2023-07-10 11:40:44.401 [info] > git config --get commit.template [12ms]
2023-07-10 11:40:44.402 [info] > git for-each-ref --format=%(refname)%00%(upstream:short)%00%(objectname)%00%(upstream:track)%00%(upstream:remotename)%00%(upstream:remoteref) refs/heads/main refs/remotes/main [1ms]
2023-07-10 11:40:44.507 [info] > git status -z -uall [91ms]
2023-07-10 11:45:44.528 [info] > git config --local branch.main.github-pr-owner-number [1ms]
2023-07-10 11:45:44.549 [info] > git config --get commit.template [2ms]
2023-07-10 11:45:44.567 [info] > git for-each-ref --format=%(refname)%00%(upstream:short)%00%(objectname)%00%(upstream:track)%00%(upstream:remotename)%00%(upstream:remoteref) refs/heads/main refs/remotes/main [2ms]
2023-07-10 11:45:44.774 [info] > git status -z -uall [192ms]
2023-07-10 11:46:27.101 [info] > git check-ignore -v -z --stdin [2ms]
2023-07-10 11:46:29.955 [info] > git check-ignore -v -z --stdin [3ms]
2023-07-10 11:46:32.764 [info] > git check-ignore -v -z --stdin [2ms]
2023-07-10 11:46:34.850 [info] > git show --textconv :home/templates/home/index.html [30ms]
2023-07-10 11:46:34.850 [info] > git ls-files --stage -- /workspace/Afrik-kitchen/home/templates/home/index.html [4ms]
2023-07-10 11:46:34.870 [info] > git cat-file -s 56fbd85db308c710e886b59ff94604f86616f015 [2ms]
2023-07-10 11:50:44.794 [info] > git config --local branch.main.github-pr-owner-number [2ms]
2023-07-10 11:50:44.819 [info] > git config --get commit.template [1ms]
2023-07-10 11:50:44.840 [info] > git for-each-ref --format=%(refname)%00%(upstream:short)%00%(objectname)%00%(upstream:track)%00%(upstream:remotename)%00%(upstream:remoteref) refs/heads/main refs/remotes/main [4ms]
2023-07-10 11:50:45.010 [info] > git status -z -uall [155ms]
2023-07-10 11:51:54.737 [info] > git config --get commit.template [28ms]
2023-07-10 11:51:54.738 [info] > git for-each-ref --format=%(refname)%00%(upstream:short)%00%(objectname)%00%(upstream:track)%00%(upstream:remotename)%00%(upstream:remoteref) refs/heads/main refs/remotes/main [3ms]
2023-07-10 11:51:54.862 [info] > git status -z -uall [96ms]
2023-07-10 11:53:19.742 [info] > git config --get commit.template [17ms]
2023-07-10 11:53:19.743 [info] > git for-each-ref --format=%(refname)%00%(upstream:short)%00%(objectname)%00%(upstream:track)%00%(upstream:remotename)%00%(upstream:remoteref) refs/heads/main refs/remotes/main [2ms]
2023-07-10 11:53:19.855 [info] > git status -z -uall [95ms]
2023-07-10 11:54:23.143 [info] > git show --textconv :home/templates/contact.html [16ms]
2023-07-10 11:54:23.144 [info] > git ls-files --stage -- /workspace/Afrik-kitchen/home/templates/contact.html [2ms]
2023-07-10 11:54:23.159 [info] > git cat-file -s 673856fedf3bc049bc3c01c1255c5269badd6c1e [1ms]
2023-07-10 11:55:42.789 [info] > git check-ignore -v -z --stdin [3ms]
2023-07-10 11:55:45.040 [info] > git config --local branch.main.github-pr-owner-number [1ms]
2023-07-10 11:55:45.076 [info] > git config --get commit.template [17ms]
2023-07-10 11:55:45.077 [info] > git for-each-ref --format=%(refname)%00%(upstream:short)%00%(objectname)%00%(upstream:track)%00%(upstream:remotename)%00%(upstream:remoteref) refs/heads/main refs/remotes/main [2ms]
2023-07-10 11:55:45.222 [info] > git status -z -uall [119ms]
2023-07-10 11:55:46.722 [info] > git check-ignore -v -z --stdin [3ms]
2023-07-10 11:55:54.113 [info] > git show --textconv :TEMPLATES_DIR/403.html [22ms]
2023-07-10 11:55:54.115 [info] > git ls-files --stage -- /workspace/Afrik-kitchen/TEMPLATES_DIR/403.html [3ms]
2023-07-10 11:55:54.137 [info] > git cat-file -s b154fb13c838210bfa3780ae36035279cab263de [3ms]
2023-07-10 11:55:55.013 [info] > git show --textconv :TEMPLATES_DIR/404.html [33ms]
2023-07-10 11:55:55.015 [info] > git ls-files --stage -- /workspace/Afrik-kitchen/TEMPLATES_DIR/404.html [3ms]
2023-07-10 11:55:55.052 [info] > git cat-file -s 639c32583e7570f8e320aad644c5d13204573bb4 [4ms]
2023-07-10 11:56:47.612 [info] > git show --textconv :TEMPLATES_DIR/403.html [15ms]
2023-07-10 11:56:47.614 [info] > git ls-files --stage -- /workspace/Afrik-kitchen/TEMPLATES_DIR/403.html [3ms]
2023-07-10 11:56:47.630 [info] > git cat-file -s b154fb13c838210bfa3780ae36035279cab263de [3ms]
2023-07-10 11:56:50.931 [info] > git show --textconv :TEMPLATES_DIR/404.html [15ms]
2023-07-10 11:56:50.933 [info] > git ls-files --stage -- /workspace/Afrik-kitchen/TEMPLATES_DIR/404.html [3ms]
2023-07-10 11:56:50.948 [info] > git cat-file -s 639c32583e7570f8e320aad644c5d13204573bb4 [2ms]
2023-07-10 12:00:45.240 [info] > git config --local branch.main.github-pr-owner-number [1ms]
2023-07-10 12:00:45.276 [info] > git config --get commit.template [17ms]
2023-07-10 12:00:45.276 [info] > git for-each-ref --format=%(refname)%00%(upstream:short)%00%(objectname)%00%(upstream:track)%00%(upstream:remotename)%00%(upstream:remoteref) refs/heads/main refs/remotes/main [2ms]
2023-07-10 12:00:45.374 [info] > git status -z -uall [81ms]
2023-07-10 12:01:46.924 [info] > git config --get commit.template [16ms]
2023-07-10 12:01:46.924 [info] > git for-each-ref --format=%(refname)%00%(upstream:short)%00%(objectname)%00%(upstream:track)%00%(upstream:remotename)%00%(upstream:remoteref) refs/heads/main refs/remotes/main [1ms]
2023-07-10 12:01:47.015 [info] > git status -z -uall [76ms]
2023-07-10 12:05:45.398 [info] > git config --local branch.main.github-pr-owner-number [1ms]
2023-07-10 12:05:45.445 [info] > git config --get commit.template [18ms]
2023-07-10 12:05:45.446 [info] > git for-each-ref --format=%(refname)%00%(upstream:short)%00%(objectname)%00%(upstream:track)%00%(upstream:remotename)%00%(upstream:remoteref) refs/heads/main refs/remotes/main [2ms]
2023-07-10 12:05:45.712 [info] > git status -z -uall [244ms]
2023-07-10 12:10:45.738 [info] > git config --local branch.main.github-pr-owner-number [2ms]
2023-07-10 12:10:45.775 [info] > git config --get commit.template [18ms]
2023-07-10 12:10:45.776 [info] > git for-each-ref --format=%(refname)%00%(upstream:short)%00%(objectname)%00%(upstream:track)%00%(upstream:remotename)%00%(upstream:remoteref) refs/heads/main refs/remotes/main [1ms]
2023-07-10 12:10:45.882 [info] > git status -z -uall [86ms]
2023-07-10 12:15:18.635 [info] > git config --get commit.template [15ms]
2023-07-10 12:15:18.636 [info] > git for-each-ref --format=%(refname)%00%(upstream:short)%00%(objectname)%00%(upstream:track)%00%(upstream:remotename)%00%(upstream:remoteref) refs/heads/main refs/remotes/main [2ms]
2023-07-10 12:15:18.813 [info] > git status -z -uall [161ms]
2023-07-10 12:15:23.852 [info] > git config --get commit.template [18ms]
2023-07-10 12:15:23.853 [info] > git for-each-ref --format=%(refname)%00%(upstream:short)%00%(objectname)%00%(upstream:track)%00%(upstream:remotename)%00%(upstream:remoteref) refs/heads/main refs/remotes/main [2ms]
2023-07-10 12:15:24.000 [info] > git status -z -uall [133ms]
2023-07-10 12:15:35.518 [info] > git config --get commit.template [19ms]
2023-07-10 12:15:35.519 [info] > git for-each-ref --format=%(refname)%00%(upstream:short)%00%(objectname)%00%(upstream:track)%00%(upstream:remotename)%00%(upstream:remoteref) refs/heads/main refs/remotes/main [2ms]
2023-07-10 12:15:35.619 [info] > git status -z -uall [83ms]
2023-07-10 12:15:45.904 [info] > git config --local branch.main.github-pr-owner-number [1ms]
2023-07-10 12:15:45.940 [info] > git config --get commit.template [18ms]
2023-07-10 12:15:45.940 [info] > git for-each-ref --format=%(refname)%00%(upstream:short)%00%(objectname)%00%(upstream:track)%00%(upstream:remotename)%00%(upstream:remoteref) refs/heads/main refs/remotes/main [1ms]
2023-07-10 12:15:46.041 [info] > git status -z -uall [85ms]
2023-07-10 12:15:53.811 [info] > git config --get commit.template [18ms]
2023-07-10 12:15:53.811 [info] > git for-each-ref --format=%(refname)%00%(upstream:short)%00%(objectname)%00%(upstream:track)%00%(upstream:remotename)%00%(upstream:remoteref) refs/heads/main refs/remotes/main [1ms]
2023-07-10 12:15:53.906 [info] > git status -z -uall [80ms]
2023-07-10 12:15:59.386 [info] > git config --get commit.template [16ms]
2023-07-10 12:15:59.386 [info] > git for-each-ref --format=%(refname)%00%(upstream:short)%00%(objectname)%00%(upstream:track)%00%(upstream:remotename)%00%(upstream:remoteref) refs/heads/main refs/remotes/main [1ms]
2023-07-10 12:15:59.483 [info] > git status -z -uall [84ms]
2023-07-10 12:16:23.219 [info] > git config --get commit.template [18ms]
2023-07-10 12:16:23.220 [info] > git for-each-ref --format=%(refname)%00%(upstream:short)%00%(objectname)%00%(upstream:track)%00%(upstream:remotename)%00%(upstream:remoteref) refs/heads/main refs/remotes/main [2ms]
2023-07-10 12:16:23.326 [info] > git status -z -uall [91ms]
2023-07-10 12:18:09.296 [info] > git config --get commit.template [2ms]
2023-07-10 12:18:09.314 [info] > git for-each-ref --format=%(refname)%00%(upstream:short)%00%(objectname)%00%(upstream:track)%00%(upstream:remotename)%00%(upstream:remoteref) refs/heads/main refs/remotes/main [2ms]
2023-07-10 12:18:09.422 [info] > git status -z -uall [89ms]
2023-07-10 12:18:22.770 [info] > git config --get commit.template [21ms]
2023-07-10 12:18:22.770 [info] > git for-each-ref --format=%(refname)%00%(upstream:short)%00%(objectname)%00%(upstream:track)%00%(upstream:remotename)%00%(upstream:remoteref) refs/heads/main refs/remotes/main [3ms]
2023-07-10 12:18:22.882 [info] > git status -z -uall [92ms]
2023-07-10 12:18:36.129 [info] > git config --get commit.template [32ms]
2023-07-10 12:18:36.131 [info] > git for-each-ref --format=%(refname)%00%(upstream:short)%00%(objectname)%00%(upstream:track)%00%(upstream:remotename)%00%(upstream:remoteref) refs/heads/main refs/remotes/main [3ms]
2023-07-10 12:18:36.333 [info] > git status -z -uall [150ms]
2023-07-10 12:18:54.875 [info] > git config --get commit.template [25ms]
2023-07-10 12:18:54.876 [info] > git for-each-ref --format=%(refname)%00%(upstream:short)%00%(objectname)%00%(upstream:track)%00%(upstream:remotename)%00%(upstream:remoteref) refs/heads/main refs/remotes/main [2ms]
2023-07-10 12:18:55.036 [info] > git status -z -uall [141ms]
2023-07-10 12:19:00.085 [info] > git config --get commit.template [2ms]
2023-07-10 12:19:00.129 [info] > git for-each-ref --format=%(refname)%00%(upstream:short)%00%(objectname)%00%(upstream:track)%00%(upstream:remotename)%00%(upstream:remoteref) refs/heads/main refs/remotes/main [2ms]
2023-07-10 12:19:00.299 [info] > git status -z -uall [130ms]
2023-07-10 12:19:35.719 [info] > git config --get commit.template [22ms]
2023-07-10 12:19:35.721 [info] > git for-each-ref --format=%(refname)%00%(upstream:short)%00%(objectname)%00%(upstream:track)%00%(upstream:remotename)%00%(upstream:remoteref) refs/heads/main refs/remotes/main [4ms]
2023-07-10 12:19:35.921 [info] > git status -z -uall [178ms]
2023-07-10 12:20:46.064 [info] > git config --local branch.main.github-pr-owner-number [1ms]
2023-07-10 12:20:46.102 [info] > git config --get commit.template [18ms]
2023-07-10 12:20:46.102 [info] > git for-each-ref --format=%(refname)%00%(upstream:short)%00%(objectname)%00%(upstream:track)%00%(upstream:remotename)%00%(upstream:remoteref) refs/heads/main refs/remotes/main [1ms]
2023-07-10 12:20:46.260 [info] > git status -z -uall [142ms]
2023-07-10 12:22:07.067 [info] > git config --get commit.template [2ms]
2023-07-10 12:22:07.083 [info] > git for-each-ref --format=%(refname)%00%(upstream:short)%00%(objectname)%00%(upstream:track)%00%(upstream:remotename)%00%(upstream:remoteref) refs/heads/main refs/remotes/main [2ms]
2023-07-10 12:22:07.181 [info] > git status -z -uall [81ms]
2023-07-10 12:22:12.217 [info] > git config --get commit.template [16ms]
2023-07-10 12:22:12.219 [info] > git for-each-ref --format=%(refname)%00%(upstream:short)%00%(objectname)%00%(upstream:track)%00%(upstream:remotename)%00%(upstream:remoteref) refs/heads/main refs/remotes/main [2ms]
2023-07-10 12:22:12.327 [info] > git status -z -uall [89ms]
2023-07-10 12:24:20.729 [info] > git show --textconv :view_menu/templates/menu/success.html [17ms]
2023-07-10 12:24:20.730 [info] > git ls-files --stage -- /workspace/Afrik-kitchen/view_menu/templates/menu/success.html [2ms]
2023-07-10 12:24:20.753 [info] > git cat-file -s 62e8eb7900eeae675e6ead9df3a225ffc58b3800 [2ms]
2023-07-10 12:25:46.279 [info] > git config --local branch.main.github-pr-owner-number [2ms]
2023-07-10 12:25:46.300 [info] > git config --get commit.template [2ms]
2023-07-10 12:25:46.318 [info] > git for-each-ref --format=%(refname)%00%(upstream:short)%00%(objectname)%00%(upstream:track)%00%(upstream:remotename)%00%(upstream:remoteref) refs/heads/main refs/remotes/main [2ms]
2023-07-10 12:25:46.473 [info] > git status -z -uall [140ms]
2023-07-10 12:25:58.813 [info] > git show --textconv :view_menu/templates/page_not_found.html [22ms]
2023-07-10 12:25:58.814 [info] > git ls-files --stage -- /workspace/Afrik-kitchen/view_menu/templates/page_not_found.html [4ms]
2023-07-10 12:25:58.924 [info] > git check-ignore -v -z --stdin [2ms]
2023-07-10 12:25:59.479 [info] > git config --get commit.template [27ms]
2023-07-10 12:25:59.480 [info] > git for-each-ref --format=%(refname)%00%(upstream:short)%00%(objectname)%00%(upstream:track)%00%(upstream:remotename)%00%(upstream:remoteref) refs/heads/main refs/remotes/main [2ms]
2023-07-10 12:25:59.656 [info] > git status -z -uall [152ms]
2023-07-10 12:30:46.507 [info] > git config --local branch.main.github-pr-owner-number [2ms]
2023-07-10 12:30:46.564 [info] > git config --get commit.template [28ms]
2023-07-10 12:30:46.565 [info] > git for-each-ref --format=%(refname)%00%(upstream:short)%00%(objectname)%00%(upstream:track)%00%(upstream:remotename)%00%(upstream:remoteref) refs/heads/main refs/remotes/main [3ms]
2023-07-10 12:30:46.685 [info] > git status -z -uall [98ms]
2023-07-10 12:30:49.096 [info] > git config --get commit.template [1ms]
2023-07-10 12:30:49.121 [info] > git for-each-ref --format=%(refname)%00%(upstream:short)%00%(objectname)%00%(upstream:track)%00%(upstream:remotename)%00%(upstream:remoteref) refs/heads/main refs/remotes/main [2ms]
2023-07-10 12:30:49.240 [info] > git status -z -uall [97ms]
2023-07-10 12:33:56.723 [info] > git config --get commit.template [4ms]
2023-07-10 12:33:56.744 [info] > git for-each-ref --format=%(refname)%00%(upstream:short)%00%(objectname)%00%(upstream:track)%00%(upstream:remotename)%00%(upstream:remoteref) refs/heads/main refs/remotes/main [2ms]
2023-07-10 12:33:56.856 [info] > git status -z -uall [92ms]
2023-07-10 12:34:00.783 [info] > git show --textconv :booking/urls.py [24ms]
2023-07-10 12:34:00.784 [info] > git ls-files --stage -- /workspace/Afrik-kitchen/booking/urls.py [3ms]
2023-07-10 12:34:00.809 [info] > git cat-file -s e754dbe8e9b5568cd090fe11d3044cfd7c6c5aaa [2ms]
2023-07-10 12:34:01.097 [info] > git check-ignore -v -z --stdin [2ms]
2023-07-10 12:34:01.908 [info] > git config --get commit.template [26ms]
2023-07-10 12:34:01.909 [info] > git for-each-ref --format=%(refname)%00%(upstream:short)%00%(objectname)%00%(upstream:track)%00%(upstream:remotename)%00%(upstream:remoteref) refs/heads/main refs/remotes/main [2ms]
2023-07-10 12:34:02.008 [info] > git status -z -uall [80ms]
2023-07-10 12:35:46.706 [info] > git config --local branch.main.github-pr-owner-number [2ms]
2023-07-10 12:35:46.743 [info] > git config --get commit.template [21ms]
2023-07-10 12:35:46.743 [info] > git for-each-ref --format=%(refname)%00%(upstream:short)%00%(objectname)%00%(upstream:track)%00%(upstream:remotename)%00%(upstream:remoteref) refs/heads/main refs/remotes/main [2ms]
2023-07-10 12:35:46.938 [info] > git status -z -uall [179ms]
2023-07-10 12:36:07.425 [info] > git check-ignore -v -z --stdin [1ms]
2023-07-10 12:36:07.727 [info] > git config --get commit.template [20ms]
2023-07-10 12:36:07.729 [info] > git for-each-ref --format=%(refname)%00%(upstream:short)%00%(objectname)%00%(upstream:track)%00%(upstream:remotename)%00%(upstream:remoteref) refs/heads/main refs/remotes/main [3ms]
2023-07-10 12:36:07.910 [info] > git status -z -uall [163ms]
2023-07-10 12:36:42.705 [info] > git config --get commit.template [22ms]
2023-07-10 12:36:42.706 [info] > git for-each-ref --format=%(refname)%00%(upstream:short)%00%(objectname)%00%(upstream:track)%00%(upstream:remotename)%00%(upstream:remoteref) refs/heads/main refs/remotes/main [2ms]
2023-07-10 12:36:42.870 [info] > git status -z -uall [145ms]
2023-07-10 12:38:12.645 [info] > git show --textconv :view_menu/templates/menu/page_not_found.html [15ms]
2023-07-10 12:38:12.646 [info] > git ls-files --stage -- /workspace/Afrik-kitchen/view_menu/templates/menu/page_not_found.html [2ms]
2023-07-10 12:38:36.666 [info] > git config --get commit.template [17ms]
2023-07-10 12:38:36.666 [info] > git for-each-ref --format=%(refname)%00%(upstream:short)%00%(objectname)%00%(upstream:track)%00%(upstream:remotename)%00%(upstream:remoteref) refs/heads/main refs/remotes/main [1ms]
2023-07-10 12:38:36.838 [info] > git status -z -uall [155ms]
2023-07-10 12:40:23.344 [info] > git config --get commit.template [2ms]
2023-07-10 12:40:23.358 [info] > git for-each-ref --format=%(refname)%00%(upstream:short)%00%(objectname)%00%(upstream:track)%00%(upstream:remotename)%00%(upstream:remoteref) refs/heads/main refs/remotes/main [1ms]
2023-07-10 12:40:23.463 [info] > git status -z -uall [91ms]
2023-07-10 12:40:46.966 [info] > git config --local branch.main.github-pr-owner-number [2ms]
2023-07-10 12:40:47.011 [info] > git config --get commit.template [23ms]
2023-07-10 12:40:47.014 [info] > git for-each-ref --format=%(refname)%00%(upstream:short)%00%(objectname)%00%(upstream:track)%00%(upstream:remotename)%00%(upstream:remoteref) refs/heads/main refs/remotes/main [3ms]
2023-07-10 12:40:47.148 [info] > git status -z -uall [105ms]
2023-07-10 12:41:34.042 [info] > git show --textconv :view_menu/templates/menu/create_menu.html [22ms]
2023-07-10 12:41:34.045 [info] > git ls-files --stage -- /workspace/Afrik-kitchen/view_menu/templates/menu/create_menu.html [3ms]
2023-07-10 12:41:34.068 [info] > git cat-file -s dd78a8f5b65c75a08bcb96469c9a78f5acddd5d6 [3ms]
2023-07-10 12:41:57.992 [info] > git show --textconv :view_menu/templates/menu/lunch.html [21ms]
2023-07-10 12:41:57.993 [info] > git ls-files --stage -- /workspace/Afrik-kitchen/view_menu/templates/menu/lunch.html [2ms]
2023-07-10 12:41:58.008 [info] > git cat-file -s 98b58ad0808ace0a9d1ba3e8610ffd37cd3d9746 [1ms]
2023-07-10 12:42:03.761 [info] > git show --textconv :view_menu/templates/menu/menu.html [14ms]
2023-07-10 12:42:03.762 [info] > git ls-files --stage -- /workspace/Afrik-kitchen/view_menu/templates/menu/menu.html [1ms]
2023-07-10 12:42:03.774 [info] > git cat-file -s a17b1d51ce2ef79b93baf1ad85bbe52d38071822 [2ms]
2023-07-10 12:42:19.121 [info] > git show --textconv :view_menu/templates/menu/success.html [16ms]
2023-07-10 12:42:19.122 [info] > git ls-files --stage -- /workspace/Afrik-kitchen/view_menu/templates/menu/success.html [2ms]
2023-07-10 12:42:19.138 [info] > git cat-file -s 62e8eb7900eeae675e6ead9df3a225ffc58b3800 [2ms]
2023-07-10 12:44:32.254 [info] > git config --get commit.template [16ms]
2023-07-10 12:44:32.255 [info] > git for-each-ref --format=%(refname)%00%(upstream:short)%00%(objectname)%00%(upstream:track)%00%(upstream:remotename)%00%(upstream:remoteref) refs/heads/main refs/remotes/main [2ms]
2023-07-10 12:44:32.412 [info] > git status -z -uall [139ms]
2023-07-10 12:45:32.664 [info] > git config --get commit.template [15ms]
2023-07-10 12:45:32.664 [info] > git for-each-ref --format=%(refname)%00%(upstream:short)%00%(objectname)%00%(upstream:track)%00%(upstream:remotename)%00%(upstream:remoteref) refs/heads/main refs/remotes/main [1ms]
2023-07-10 12:45:32.817 [info] > git status -z -uall [137ms]
2023-07-10 12:45:47.169 [info] > git config --local branch.main.github-pr-owner-number [1ms]
2023-07-10 12:45:47.202 [info] > git config --get commit.template [17ms]
2023-07-10 12:45:47.203 [info] > git for-each-ref --format=%(refname)%00%(upstream:short)%00%(objectname)%00%(upstream:track)%00%(upstream:remotename)%00%(upstream:remoteref) refs/heads/main refs/remotes/main [2ms]
2023-07-10 12:45:47.363 [info] > git status -z -uall [141ms]
2023-07-10 12:48:41.958 [info] > git config --get commit.template [18ms]
2023-07-10 12:48:41.959 [info] > git for-each-ref --format=%(refname)%00%(upstream:short)%00%(objectname)%00%(upstream:track)%00%(upstream:remotename)%00%(upstream:remoteref) refs/heads/main refs/remotes/main [1ms]
2023-07-10 12:48:42.111 [info] > git status -z -uall [136ms]
2023-07-10 12:50:47.383 [info] > git config --local branch.main.github-pr-owner-number [2ms]
2023-07-10 12:50:47.416 [info] > git config --get commit.template [16ms]
2023-07-10 12:50:47.416 [info] > git for-each-ref --format=%(refname)%00%(upstream:short)%00%(objectname)%00%(upstream:track)%00%(upstream:remotename)%00%(upstream:remoteref) refs/heads/main refs/remotes/main [1ms]
2023-07-10 12:50:47.523 [info] > git status -z -uall [74ms]
2023-07-10 12:55:05.884 [info] > git config --get commit.template [18ms]
2023-07-10 12:55:05.884 [info] > git for-each-ref --format=%(refname)%00%(upstream:short)%00%(objectname)%00%(upstream:track)%00%(upstream:remotename)%00%(upstream:remoteref) refs/heads/main refs/remotes/main [1ms]
2023-07-10 12:55:05.998 [info] > git status -z -uall [96ms]
2023-07-10 12:55:47.544 [info] > git config --local branch.main.github-pr-owner-number [3ms]
2023-07-10 12:55:47.577 [info] > git config --get commit.template [16ms]
2023-07-10 12:55:47.578 [info] > git for-each-ref --format=%(refname)%00%(upstream:short)%00%(objectname)%00%(upstream:track)%00%(upstream:remotename)%00%(upstream:remoteref) refs/heads/main refs/remotes/main [2ms]
2023-07-10 12:55:47.678 [info] > git status -z -uall [84ms]
2023-07-10 13:00:47.699 [info] > git config --local branch.main.github-pr-owner-number [1ms]
2023-07-10 13:00:47.729 [info] > git config --get commit.template [14ms]
2023-07-10 13:00:47.730 [info] > git for-each-ref --format=%(refname)%00%(upstream:short)%00%(objectname)%00%(upstream:track)%00%(upstream:remotename)%00%(upstream:remoteref) refs/heads/main refs/remotes/main [2ms]
2023-07-10 13:00:47.844 [info] > git status -z -uall [96ms]
2023-07-10 13:05:47.866 [info] > git config --local branch.main.github-pr-owner-number [2ms]
2023-07-10 13:05:47.901 [info] > git config --get commit.template [19ms]
2023-07-10 13:05:47.901 [info] > git for-each-ref --format=%(refname)%00%(upstream:short)%00%(objectname)%00%(upstream:track)%00%(upstream:remotename)%00%(upstream:remoteref) refs/heads/main refs/remotes/main [2ms]
2023-07-10 13:05:48.047 [info] > git status -z -uall [129ms]
2023-07-10 13:06:18.561 [info] > git config --get commit.template [15ms]
2023-07-10 13:06:18.562 [info] > git for-each-ref --format=%(refname)%00%(upstream:short)%00%(objectname)%00%(upstream:track)%00%(upstream:remotename)%00%(upstream:remoteref) refs/heads/main refs/remotes/main [1ms]
2023-07-10 13:06:18.720 [info] > git status -z -uall [143ms]
2023-07-10 13:07:27.777 [info] > git config --get commit.template [15ms]
2023-07-10 13:07:27.777 [info] > git for-each-ref --format=%(refname)%00%(upstream:short)%00%(objectname)%00%(upstream:track)%00%(upstream:remotename)%00%(upstream:remoteref) refs/heads/main refs/remotes/main [1ms]
2023-07-10 13:07:27.876 [info] > git status -z -uall [86ms]
2023-07-10 13:07:41.957 [info] > git config --get commit.template [15ms]
2023-07-10 13:07:41.958 [info] > git for-each-ref --format=%(refname)%00%(upstream:short)%00%(objectname)%00%(upstream:track)%00%(upstream:remotename)%00%(upstream:remoteref) refs/heads/main refs/remotes/main [2ms]
2023-07-10 13:07:42.064 [info] > git status -z -uall [91ms]
2023-07-10 13:10:33.940 [info] > git show --textconv :TEMPLATES_DIR/includes/nav.html [14ms]
2023-07-10 13:10:33.942 [info] > git ls-files --stage -- /workspace/Afrik-kitchen/TEMPLATES_DIR/includes/nav.html [2ms]
2023-07-10 13:10:33.955 [info] > git cat-file -s 435f17dad61f9ab78a3cb15c55ddd25af4c0cc7d [2ms]
2023-07-10 13:10:48.067 [info] > git config --local branch.main.github-pr-owner-number [1ms]
2023-07-10 13:10:48.101 [info] > git config --get commit.template [16ms]
2023-07-10 13:10:48.101 [info] > git for-each-ref --format=%(refname)%00%(upstream:short)%00%(objectname)%00%(upstream:track)%00%(upstream:remotename)%00%(upstream:remoteref) refs/heads/main refs/remotes/main [1ms]
2023-07-10 13:10:48.201 [info] > git status -z -uall [84ms]
2023-07-10 13:10:59.880 [info] > git show --textconv :home/templates/home/index.html [18ms]
2023-07-10 13:10:59.881 [info] > git ls-files --stage -- /workspace/Afrik-kitchen/home/templates/home/index.html [2ms]
2023-07-10 13:10:59.897 [info] > git cat-file -s 56fbd85db308c710e886b59ff94604f86616f015 [2ms]
2023-07-10 13:12:05.011 [info] > git config --get commit.template [24ms]
2023-07-10 13:12:05.012 [info] > git for-each-ref --format=%(refname)%00%(upstream:short)%00%(objectname)%00%(upstream:track)%00%(upstream:remotename)%00%(upstream:remoteref) refs/heads/main refs/remotes/main [2ms]
2023-07-10 13:12:05.132 [info] > git status -z -uall [100ms]
2023-07-10 13:15:04.056 [info] > git config --get commit.template [14ms]
2023-07-10 13:15:04.056 [info] > git for-each-ref --format=%(refname)%00%(upstream:short)%00%(objectname)%00%(upstream:track)%00%(upstream:remotename)%00%(upstream:remoteref) refs/heads/main refs/remotes/main [2ms]
2023-07-10 13:15:04.153 [info] > git status -z -uall [83ms]
2023-07-10 13:15:48.221 [info] > git config --local branch.main.github-pr-owner-number [1ms]
2023-07-10 13:15:48.251 [info] > git config --get commit.template [16ms]
2023-07-10 13:15:48.252 [info] > git for-each-ref --format=%(refname)%00%(upstream:short)%00%(objectname)%00%(upstream:track)%00%(upstream:remotename)%00%(upstream:remoteref) refs/heads/main refs/remotes/main [2ms]
2023-07-10 13:15:48.354 [info] > git status -z -uall [86ms]
2023-07-10 13:17:52.990 [info] > git config --get commit.template [14ms]
2023-07-10 13:17:52.991 [info] > git for-each-ref --format=%(refname)%00%(upstream:short)%00%(objectname)%00%(upstream:track)%00%(upstream:remotename)%00%(upstream:remoteref) refs/heads/main refs/remotes/main [2ms]
2023-07-10 13:17:53.091 [info] > git status -z -uall [83ms]
2023-07-10 13:20:48.373 [info] > git config --local branch.main.github-pr-owner-number [2ms]
2023-07-10 13:20:48.406 [info] > git config --get commit.template [16ms]
2023-07-10 13:20:48.407 [info] > git for-each-ref --format=%(refname)%00%(upstream:short)%00%(objectname)%00%(upstream:track)%00%(upstream:remotename)%00%(upstream:remoteref) refs/heads/main refs/remotes/main [2ms]
2023-07-10 13:20:48.517 [info] > git status -z -uall [93ms]
2023-07-10 13:21:47.159 [info] > git config --get commit.template [19ms]
2023-07-10 13:21:47.160 [info] > git for-each-ref --format=%(refname)%00%(upstream:short)%00%(objectname)%00%(upstream:track)%00%(upstream:remotename)%00%(upstream:remoteref) refs/heads/main refs/remotes/main [2ms]
2023-07-10 13:21:47.298 [info] > git status -z -uall [117ms]
2023-07-10 13:22:51.205 [info] > git config --get commit.template [24ms]
2023-07-10 13:22:51.205 [info] > git for-each-ref --format=%(refname)%00%(upstream:short)%00%(objectname)%00%(upstream:track)%00%(upstream:remotename)%00%(upstream:remoteref) refs/heads/main refs/remotes/main [3ms]
2023-07-10 13:22:51.337 [info] > git status -z -uall [101ms]
2023-07-10 13:22:58.993 [info] > git config --get commit.template [4ms]
2023-07-10 13:22:59.019 [info] > git for-each-ref --format=%(refname)%00%(upstream:short)%00%(objectname)%00%(upstream:track)%00%(upstream:remotename)%00%(upstream:remoteref) refs/heads/main refs/remotes/main [2ms]
2023-07-10 13:22:59.201 [info] > git status -z -uall [164ms]
2023-07-10 13:25:00.203 [info] > git config --get commit.template [3ms]
2023-07-10 13:25:00.225 [info] > git for-each-ref --format=%(refname)%00%(upstream:short)%00%(objectname)%00%(upstream:track)%00%(upstream:remotename)%00%(upstream:remoteref) refs/heads/main refs/remotes/main [2ms]
2023-07-10 13:25:00.371 [info] > git status -z -uall [121ms]
2023-07-10 13:25:48.543 [info] > git config --local branch.main.github-pr-owner-number [3ms]
2023-07-10 13:25:48.584 [info] > git config --get commit.template [21ms]
2023-07-10 13:25:48.585 [info] > git for-each-ref --format=%(refname)%00%(upstream:short)%00%(objectname)%00%(upstream:track)%00%(upstream:remotename)%00%(upstream:remoteref) refs/heads/main refs/remotes/main [2ms]
2023-07-10 13:25:48.753 [info] > git status -z -uall [147ms]
2023-07-10 13:27:50.438 [info] > git config --get commit.template [19ms]
2023-07-10 13:27:50.440 [info] > git for-each-ref --format=%(refname)%00%(upstream:short)%00%(objectname)%00%(upstream:track)%00%(upstream:remotename)%00%(upstream:remoteref) refs/heads/main refs/remotes/main [4ms]
2023-07-10 13:27:50.615 [info] > git status -z -uall [155ms]
2023-07-10 13:28:56.485 [info] > git config --get commit.template [15ms]
2023-07-10 13:28:56.486 [info] > git for-each-ref --format=%(refname)%00%(upstream:short)%00%(objectname)%00%(upstream:track)%00%(upstream:remotename)%00%(upstream:remoteref) refs/heads/main refs/remotes/main [1ms]
2023-07-10 13:28:56.604 [info] > git status -z -uall [97ms]
2023-07-10 13:29:47.741 [info] > git config --get commit.template [18ms]
2023-07-10 13:29:47.742 [info] > git for-each-ref --format=%(refname)%00%(upstream:short)%00%(objectname)%00%(upstream:track)%00%(upstream:remotename)%00%(upstream:remoteref) refs/heads/main refs/remotes/main [2ms]
2023-07-10 13:29:47.850 [info] > git status -z -uall [92ms]
2023-07-10 13:30:48.772 [info] > git config --local branch.main.github-pr-owner-number [1ms]
2023-07-10 13:30:48.811 [info] > git config --get commit.template [20ms]
2023-07-10 13:30:48.815 [info] > git for-each-ref --format=%(refname)%00%(upstream:short)%00%(objectname)%00%(upstream:track)%00%(upstream:remotename)%00%(upstream:remoteref) refs/heads/main refs/remotes/main [5ms]
2023-07-10 13:30:48.922 [info] > git status -z -uall [89ms]
2023-07-10 13:32:40.391 [info] > git show --textconv :TEMPLATES_DIR/includes/nav.html [21ms]
2023-07-10 13:32:40.392 [info] > git ls-files --stage -- /workspace/Afrik-kitchen/TEMPLATES_DIR/includes/nav.html [3ms]
2023-07-10 13:32:40.411 [info] > git cat-file -s 435f17dad61f9ab78a3cb15c55ddd25af4c0cc7d [2ms]
2023-07-10 13:35:20.778 [info] > git show --textconv :view_menu/templates/menu/lunch.html [21ms]
2023-07-10 13:35:20.779 [info] > git ls-files --stage -- /workspace/Afrik-kitchen/view_menu/templates/menu/lunch.html [2ms]
2023-07-10 13:35:20.801 [info] > git cat-file -s 98b58ad0808ace0a9d1ba3e8610ffd37cd3d9746 [3ms]
2023-07-10 13:35:43.167 [info] > git config --get commit.template [19ms]
2023-07-10 13:35:43.167 [info] > git for-each-ref --format=%(refname)%00%(upstream:short)%00%(objectname)%00%(upstream:track)%00%(upstream:remotename)%00%(upstream:remoteref) refs/heads/main refs/remotes/main [1ms]
2023-07-10 13:35:43.343 [info] > git status -z -uall [157ms]
2023-07-10 13:35:48.942 [info] > git config --local branch.main.github-pr-owner-number [1ms]
2023-07-10 13:35:48.960 [info] > git config --get commit.template [8ms]
2023-07-10 13:35:48.961 [info] > git for-each-ref --format=%(refname)%00%(upstream:short)%00%(objectname)%00%(upstream:track)%00%(upstream:remotename)%00%(upstream:remoteref) refs/heads/main refs/remotes/main [1ms]
2023-07-10 13:35:49.157 [info] > git status -z -uall [188ms]
2023-07-10 13:38:03.421 [info] > git config --get commit.template [3ms]
2023-07-10 13:38:03.438 [info] > git for-each-ref --format=%(refname)%00%(upstream:short)%00%(objectname)%00%(upstream:track)%00%(upstream:remotename)%00%(upstream:remoteref) refs/heads/main refs/remotes/main [2ms]
2023-07-10 13:38:03.546 [info] > git status -z -uall [94ms]
2023-07-10 13:39:02.520 [info] > git config --get commit.template [2ms]
2023-07-10 13:39:02.549 [info] > git for-each-ref --format=%(refname)%00%(upstream:short)%00%(objectname)%00%(upstream:track)%00%(upstream:remotename)%00%(upstream:remoteref) refs/heads/main refs/remotes/main [2ms]
2023-07-10 13:39:02.654 [info] > git status -z -uall [84ms]
2023-07-10 13:39:32.040 [info] > git config --get commit.template [18ms]
2023-07-10 13:39:32.041 [info] > git for-each-ref --format=%(refname)%00%(upstream:short)%00%(objectname)%00%(upstream:track)%00%(upstream:remotename)%00%(upstream:remoteref) refs/heads/main refs/remotes/main [2ms]
2023-07-10 13:39:32.203 [info] > git status -z -uall [146ms]
2023-07-10 13:40:17.581 [info] > git config --get commit.template [16ms]
2023-07-10 13:40:17.582 [info] > git for-each-ref --format=%(refname)%00%(upstream:short)%00%(objectname)%00%(upstream:track)%00%(upstream:remotename)%00%(upstream:remoteref) refs/heads/main refs/remotes/main [1ms]
2023-07-10 13:40:17.731 [info] > git status -z -uall [134ms]
2023-07-10 13:40:49.175 [info] > git config --local branch.main.github-pr-owner-number [2ms]
2023-07-10 13:40:49.206 [info] > git config --get commit.template [15ms]
2023-07-10 13:40:49.207 [info] > git for-each-ref --format=%(refname)%00%(upstream:short)%00%(objectname)%00%(upstream:track)%00%(upstream:remotename)%00%(upstream:remoteref) refs/heads/main refs/remotes/main [2ms]
2023-07-10 13:40:49.297 [info] > git status -z -uall [76ms]
2023-07-10 13:41:31.940 [info] > git config --get commit.template [14ms]
2023-07-10 13:41:31.941 [info] > git for-each-ref --format=%(refname)%00%(upstream:short)%00%(objectname)%00%(upstream:track)%00%(upstream:remotename)%00%(upstream:remoteref) refs/heads/main refs/remotes/main [2ms]
2023-07-10 13:41:32.032 [info] > git status -z -uall [79ms]
2023-07-10 13:41:37.213 [info] > git config --get commit.template [10ms]
2023-07-10 13:41:37.214 [info] > git for-each-ref --format=%(refname)%00%(upstream:short)%00%(objectname)%00%(upstream:track)%00%(upstream:remotename)%00%(upstream:remoteref) refs/heads/main refs/remotes/main [2ms]
2023-07-10 13:41:37.305 [info] > git status -z -uall [79ms]
2023-07-10 13:43:04.440 [info] > git show --textconv :view_menu/templates/menu/dinner.html [19ms]
2023-07-10 13:43:04.442 [info] > git ls-files --stage -- /workspace/Afrik-kitchen/view_menu/templates/menu/dinner.html [3ms]
2023-07-10 13:43:04.457 [info] > git cat-file -s f8fa77142b656e2d66f4640a9ae78e755974b7e6 [3ms]
2023-07-10 13:43:46.938 [info] > git config --get commit.template [16ms]
2023-07-10 13:43:46.939 [info] > git for-each-ref --format=%(refname)%00%(upstream:short)%00%(objectname)%00%(upstream:track)%00%(upstream:remotename)%00%(upstream:remoteref) refs/heads/main refs/remotes/main [2ms]
2023-07-10 13:43:47.098 [info] > git status -z -uall [141ms]
2023-07-10 13:44:22.162 [info] > git show --textconv :view_menu/templates/menu/side.html [17ms]
2023-07-10 13:44:22.164 [info] > git ls-files --stage -- /workspace/Afrik-kitchen/view_menu/templates/menu/side.html [1ms]
2023-07-10 13:44:22.182 [info] > git cat-file -s 8f049f9527dbc69014da3a028f11fdf6b4b375d0 [3ms]
2023-07-10 13:44:42.107 [info] > git config --get commit.template [17ms]
2023-07-10 13:44:42.108 [info] > git for-each-ref --format=%(refname)%00%(upstream:short)%00%(objectname)%00%(upstream:track)%00%(upstream:remotename)%00%(upstream:remoteref) refs/heads/main refs/remotes/main [2ms]
2023-07-10 13:44:42.266 [info] > git status -z -uall [139ms]
2023-07-10 13:45:08.412 [info] > git config --get commit.template [24ms]
2023-07-10 13:45:08.413 [info] > git for-each-ref --format=%(refname)%00%(upstream:short)%00%(objectname)%00%(upstream:track)%00%(upstream:remotename)%00%(upstream:remoteref) refs/heads/main refs/remotes/main [2ms]
2023-07-10 13:45:08.594 [info] > git status -z -uall [154ms]
2023-07-10 13:45:49.322 [info] > git config --local branch.main.github-pr-owner-number [2ms]
2023-07-10 13:45:49.357 [info] > git config --get commit.template [14ms]
2023-07-10 13:45:49.357 [info] > git for-each-ref --format=%(refname)%00%(upstream:short)%00%(objectname)%00%(upstream:track)%00%(upstream:remotename)%00%(upstream:remoteref) refs/heads/main refs/remotes/main [2ms]
2023-07-10 13:45:49.456 [info] > git status -z -uall [85ms]
2023-07-10 13:46:27.309 [info] > git check-ignore -v -z --stdin [2ms]
2023-07-10 13:46:28.805 [info] > git show --textconv :view_menu/static/menu/css/style.css [21ms]
2023-07-10 13:46:28.807 [info] > git ls-files --stage -- /workspace/Afrik-kitchen/view_menu/static/menu/css/style.css [2ms]
2023-07-10 13:46:28.829 [info] > git cat-file -s 7107d378f336e2e70bac100088a2a704a249085b [2ms]
2023-07-10 13:46:48.187 [info] > git config --get commit.template [26ms]
2023-07-10 13:46:48.187 [info] > git for-each-ref --format=%(refname)%00%(upstream:short)%00%(objectname)%00%(upstream:track)%00%(upstream:remotename)%00%(upstream:remoteref) refs/heads/main refs/remotes/main [2ms]
2023-07-10 13:46:48.289 [info] > git status -z -uall [83ms]
2023-07-10 13:47:04.772 [info] > git config --get commit.template [20ms]
2023-07-10 13:47:04.773 [info] > git for-each-ref --format=%(refname)%00%(upstream:short)%00%(objectname)%00%(upstream:track)%00%(upstream:remotename)%00%(upstream:remoteref) refs/heads/main refs/remotes/main [2ms]
2023-07-10 13:47:04.877 [info] > git status -z -uall [85ms]
2023-07-10 13:49:07.029 [info] > git show --textconv :view_menu/static/menu/css/style111.css [16ms]
2023-07-10 13:49:07.030 [info] > git ls-files --stage -- /workspace/Afrik-kitchen/view_menu/static/menu/css/style111.css [3ms]
2023-07-10 13:49:07.118 [info] > git check-ignore -v -z --stdin [2ms]
2023-07-10 13:49:07.634 [info] > git config --get commit.template [17ms]
2023-07-10 13:49:07.634 [info] > git for-each-ref --format=%(refname)%00%(upstream:short)%00%(objectname)%00%(upstream:track)%00%(upstream:remotename)%00%(upstream:remoteref) refs/heads/main refs/remotes/main [1ms]
2023-07-10 13:49:07.732 [info] > git status -z -uall [83ms]
2023-07-10 13:49:28.767 [info] > git check-ignore -v -z --stdin [1ms]
2023-07-10 13:49:30.978 [info] > git show --textconv :static/css/style.css [20ms]
2023-07-10 13:49:30.980 [info] > git ls-files --stage -- /workspace/Afrik-kitchen/static/css/style.css [2ms]
2023-07-10 13:49:31.002 [info] > git cat-file -s 292cfb821556d8cf1c839bb72ae20378ea7ef12d [2ms]
2023-07-10 13:50:08.740 [info] > git config --get commit.template [20ms]
2023-07-10 13:50:08.740 [info] > git for-each-ref --format=%(refname)%00%(upstream:short)%00%(objectname)%00%(upstream:track)%00%(upstream:remotename)%00%(upstream:remoteref) refs/heads/main refs/remotes/main [2ms]
2023-07-10 13:50:08.898 [info] > git status -z -uall [137ms]
2023-07-10 13:50:49.487 [info] > git config --local branch.main.github-pr-owner-number [2ms]
2023-07-10 13:50:49.560 [info] > git config --get commit.template [52ms]
2023-07-10 13:50:49.561 [info] > git for-each-ref --format=%(refname)%00%(upstream:short)%00%(objectname)%00%(upstream:track)%00%(upstream:remotename)%00%(upstream:remoteref) refs/heads/main refs/remotes/main [3ms]
2023-07-10 13:50:49.749 [info] > git status -z -uall [173ms]
2023-07-10 13:55:49.771 [info] > git config --local branch.main.github-pr-owner-number [2ms]
2023-07-10 13:55:49.811 [info] > git config --get commit.template [20ms]
2023-07-10 13:55:49.813 [info] > git for-each-ref --format=%(refname)%00%(upstream:short)%00%(objectname)%00%(upstream:track)%00%(upstream:remotename)%00%(upstream:remoteref) refs/heads/main refs/remotes/main [3ms]
2023-07-10 13:55:50.020 [info] > git status -z -uall [190ms]
2023-07-10 13:56:09.028 [info] > git config --get commit.template [19ms]
2023-07-10 13:56:09.029 [info] > git for-each-ref --format=%(refname)%00%(upstream:short)%00%(objectname)%00%(upstream:track)%00%(upstream:remotename)%00%(upstream:remoteref) refs/heads/main refs/remotes/main [2ms]
2023-07-10 13:56:09.119 [info] > git status -z -uall [76ms]
2023-07-10 13:58:30.828 [info] > git config --get commit.template [19ms]
2023-07-10 13:58:30.829 [info] > git for-each-ref --format=%(refname)%00%(upstream:short)%00%(objectname)%00%(upstream:track)%00%(upstream:remotename)%00%(upstream:remoteref) refs/heads/main refs/remotes/main [2ms]
2023-07-10 13:58:30.933 [info] > git status -z -uall [86ms]
2023-07-10 13:59:34.248 [info] > git config --get commit.template [19ms]
2023-07-10 13:59:34.249 [info] > git for-each-ref --format=%(refname)%00%(upstream:short)%00%(objectname)%00%(upstream:track)%00%(upstream:remotename)%00%(upstream:remoteref) refs/heads/main refs/remotes/main [2ms]
2023-07-10 13:59:34.343 [info] > git status -z -uall [78ms]
2023-07-10 14:00:08.244 [info] > git config --get commit.template [17ms]
2023-07-10 14:00:08.245 [info] > git for-each-ref --format=%(refname)%00%(upstream:short)%00%(objectname)%00%(upstream:track)%00%(upstream:remotename)%00%(upstream:remoteref) refs/heads/main refs/remotes/main [2ms]
2023-07-10 14:00:08.347 [info] > git status -z -uall [85ms]
2023-07-10 14:00:50.039 [info] > git config --local branch.main.github-pr-owner-number [1ms]
2023-07-10 14:00:50.062 [info] > git config --get commit.template [10ms]
2023-07-10 14:00:50.062 [info] > git for-each-ref --format=%(refname)%00%(upstream:short)%00%(objectname)%00%(upstream:track)%00%(upstream:remotename)%00%(upstream:remoteref) refs/heads/main refs/remotes/main [1ms]
2023-07-10 14:00:50.155 [info] > git status -z -uall [82ms]
2023-07-10 14:02:51.057 [info] > git config --get commit.template [16ms]
2023-07-10 14:02:51.058 [info] > git for-each-ref --format=%(refname)%00%(upstream:short)%00%(objectname)%00%(upstream:track)%00%(upstream:remotename)%00%(upstream:remoteref) refs/heads/main refs/remotes/main [2ms]
2023-07-10 14:02:51.151 [info] > git status -z -uall [80ms]
2023-07-10 14:05:50.179 [info] > git config --local branch.main.github-pr-owner-number [4ms]
2023-07-10 14:05:50.220 [info] > git config --get commit.template [18ms]
2023-07-10 14:05:50.224 [info] > git for-each-ref --format=%(refname)%00%(upstream:short)%00%(objectname)%00%(upstream:track)%00%(upstream:remotename)%00%(upstream:remoteref) refs/heads/main refs/remotes/main [5ms]
2023-07-10 14:05:50.447 [info] > git status -z -uall [208ms]
2023-07-10 14:07:53.433 [info] > git config --get commit.template [10ms]
2023-07-10 14:07:53.434 [info] > git for-each-ref --format=%(refname)%00%(upstream:short)%00%(objectname)%00%(upstream:track)%00%(upstream:remotename)%00%(upstream:remoteref) refs/heads/main refs/remotes/main [2ms]
2023-07-10 14:07:53.530 [info] > git status -z -uall [81ms]
2023-07-10 14:08:48.240 [info] > git config --get commit.template [23ms]
2023-07-10 14:08:48.243 [info] > git for-each-ref --format=%(refname)%00%(upstream:short)%00%(objectname)%00%(upstream:track)%00%(upstream:remotename)%00%(upstream:remoteref) refs/heads/main refs/remotes/main [4ms]
2023-07-10 14:08:48.423 [info] > git status -z -uall [161ms]
2023-07-10 14:10:50.470 [info] > git config --local branch.main.github-pr-owner-number [1ms]
2023-07-10 14:10:50.508 [info] > git config --get commit.template [20ms]
2023-07-10 14:10:50.509 [info] > git for-each-ref --format=%(refname)%00%(upstream:short)%00%(objectname)%00%(upstream:track)%00%(upstream:remotename)%00%(upstream:remoteref) refs/heads/main refs/remotes/main [2ms]
2023-07-10 14:10:50.672 [info] > git status -z -uall [143ms]
2023-07-10 14:10:55.383 [info] > git config --get commit.template [19ms]
2023-07-10 14:10:55.383 [info] > git for-each-ref --format=%(refname)%00%(upstream:short)%00%(objectname)%00%(upstream:track)%00%(upstream:remotename)%00%(upstream:remoteref) refs/heads/main refs/remotes/main [2ms]
2023-07-10 14:10:55.530 [info] > git status -z -uall [132ms]
2023-07-10 14:12:31.634 [info] > git config --get commit.template [21ms]
2023-07-10 14:12:31.635 [info] > git for-each-ref --format=%(refname)%00%(upstream:short)%00%(objectname)%00%(upstream:track)%00%(upstream:remotename)%00%(upstream:remoteref) refs/heads/main refs/remotes/main [4ms]
2023-07-10 14:12:31.800 [info] > git status -z -uall [144ms]
2023-07-10 14:14:30.807 [info] > git config --get commit.template [11ms]
2023-07-10 14:14:30.808 [info] > git for-each-ref --format=%(refname)%00%(upstream:short)%00%(objectname)%00%(upstream:track)%00%(upstream:remotename)%00%(upstream:remoteref) refs/heads/main refs/remotes/main [2ms]
2023-07-10 14:14:30.951 [info] > git status -z -uall [129ms]
2023-07-10 14:15:06.377 [info] > git config --get commit.template [33ms]
2023-07-10 14:15:06.377 [info] > git for-each-ref --format=%(refname)%00%(upstream:short)%00%(objectname)%00%(upstream:track)%00%(upstream:remotename)%00%(upstream:remoteref) refs/heads/main refs/remotes/main [2ms]
2023-07-10 14:15:06.572 [info] > git status -z -uall [165ms]
2023-07-10 14:15:50.697 [info] > git config --local branch.main.github-pr-owner-number [2ms]
2023-07-10 14:15:50.734 [info] > git config --get commit.template [17ms]
2023-07-10 14:15:50.735 [info] > git for-each-ref --format=%(refname)%00%(upstream:short)%00%(objectname)%00%(upstream:track)%00%(upstream:remotename)%00%(upstream:remoteref) refs/heads/main refs/remotes/main [1ms]
2023-07-10 14:15:50.890 [info] > git status -z -uall [139ms]
2023-07-10 14:17:00.662 [info] > git config --get commit.template [33ms]
2023-07-10 14:17:00.663 [info] > git for-each-ref --format=%(refname)%00%(upstream:short)%00%(objectname)%00%(upstream:track)%00%(upstream:remotename)%00%(upstream:remoteref) refs/heads/main refs/remotes/main [2ms]
2023-07-10 14:17:00.848 [info] > git status -z -uall [162ms]
2023-07-10 14:17:16.509 [info] > git for-each-ref --format=%(refname)%00%(upstream:short)%00%(objectname)%00%(upstream:track)%00%(upstream:remotename)%00%(upstream:remoteref) refs/heads/main refs/remotes/main [2ms]
2023-07-10 14:17:16.510 [info] > git config --get commit.template [21ms]
2023-07-10 14:17:16.731 [info] > git status -z -uall [186ms]
2023-07-10 14:19:23.439 [info] > git config --get commit.template [21ms]
2023-07-10 14:19:23.440 [info] > git for-each-ref --format=%(refname)%00%(upstream:short)%00%(objectname)%00%(upstream:track)%00%(upstream:remotename)%00%(upstream:remoteref) refs/heads/main refs/remotes/main [2ms]
2023-07-10 14:19:23.599 [info] > git status -z -uall [139ms]
2023-07-10 14:20:50.914 [info] > git config --local branch.main.github-pr-owner-number [2ms]
2023-07-10 14:20:50.958 [info] > git config --get commit.template [19ms]
2023-07-10 14:20:50.960 [info] > git for-each-ref --format=%(refname)%00%(upstream:short)%00%(objectname)%00%(upstream:track)%00%(upstream:remotename)%00%(upstream:remoteref) refs/heads/main refs/remotes/main [2ms]
2023-07-10 14:20:51.134 [info] > git status -z -uall [159ms]
2023-07-10 14:23:54.025 [info] > git show --textconv :home/templates/home/index.html [20ms]
2023-07-10 14:23:54.026 [info] > git ls-files --stage -- /workspace/Afrik-kitchen/home/templates/home/index.html [2ms]
2023-07-10 14:23:54.053 [info] > git cat-file -s 56fbd85db308c710e886b59ff94604f86616f015 [3ms]
2023-07-10 14:25:51.158 [info] > git config --local branch.main.github-pr-owner-number [2ms]
2023-07-10 14:25:51.196 [info] > git config --get commit.template [19ms]
2023-07-10 14:25:51.197 [info] > git for-each-ref --format=%(refname)%00%(upstream:short)%00%(objectname)%00%(upstream:track)%00%(upstream:remotename)%00%(upstream:remoteref) refs/heads/main refs/remotes/main [2ms]
2023-07-10 14:25:51.378 [info] > git status -z -uall [159ms]
2023-07-10 14:29:50.630 [info] > git config --get commit.template [12ms]
2023-07-10 14:29:50.630 [info] > git for-each-ref --format=%(refname)%00%(upstream:short)%00%(objectname)%00%(upstream:track)%00%(upstream:remotename)%00%(upstream:remoteref) refs/heads/main refs/remotes/main [1ms]
2023-07-10 14:29:50.781 [info] > git status -z -uall [136ms]
2023-07-10 14:30:51.404 [info] > git config --local branch.main.github-pr-owner-number [2ms]
2023-07-10 14:30:51.440 [info] > git config --get commit.template [17ms]
2023-07-10 14:30:51.454 [info] > git for-each-ref --format=%(refname)%00%(upstream:short)%00%(objectname)%00%(upstream:track)%00%(upstream:remotename)%00%(upstream:remoteref) refs/heads/main refs/remotes/main [15ms]
2023-07-10 14:30:51.634 [info] > git status -z -uall [151ms]
2023-07-10 14:31:50.181 [info] > git config --get commit.template [21ms]
2023-07-10 14:31:50.182 [info] > git for-each-ref --format=%(refname)%00%(upstream:short)%00%(objectname)%00%(upstream:track)%00%(upstream:remotename)%00%(upstream:remoteref) refs/heads/main refs/remotes/main [2ms]
2023-07-10 14:31:50.410 [info] > git status -z -uall [208ms]
2023-07-10 14:32:06.917 [info] > git config --get commit.template [39ms]
2023-07-10 14:32:06.920 [info] > git for-each-ref --format=%(refname)%00%(upstream:short)%00%(objectname)%00%(upstream:track)%00%(upstream:remotename)%00%(upstream:remoteref) refs/heads/main refs/remotes/main [4ms]
2023-07-10 14:32:07.149 [info] > git status -z -uall [195ms]
2023-07-10 14:35:51.657 [info] > git config --local branch.main.github-pr-owner-number [1ms]
2023-07-10 14:35:51.674 [info] > git config --get commit.template [1ms]
2023-07-10 14:35:51.691 [info] > git for-each-ref --format=%(refname)%00%(upstream:short)%00%(objectname)%00%(upstream:track)%00%(upstream:remotename)%00%(upstream:remoteref) refs/heads/main refs/remotes/main [1ms]
2023-07-10 14:35:51.841 [info] > git status -z -uall [140ms]
2023-07-10 14:37:02.058 [info] > git show --textconv :home/models.py [17ms]
2023-07-10 14:37:02.060 [info] > git ls-files --stage -- /workspace/Afrik-kitchen/home/models.py [3ms]
2023-07-10 14:37:02.078 [info] > git cat-file -s 71a836239075aa6e6e4ecb700e9c42c95c022d91 [2ms]
2023-07-10 14:40:51.869 [info] > git config --local branch.main.github-pr-owner-number [2ms]
2023-07-10 14:40:51.916 [info] > git config --get commit.template [24ms]
2023-07-10 14:40:51.917 [info] > git for-each-ref --format=%(refname)%00%(upstream:short)%00%(objectname)%00%(upstream:track)%00%(upstream:remotename)%00%(upstream:remoteref) refs/heads/main refs/remotes/main [2ms]
2023-07-10 14:40:52.024 [info] > git status -z -uall [85ms]
2023-07-10 14:45:52.048 [info] > git config --local branch.main.github-pr-owner-number [1ms]
2023-07-10 14:45:52.086 [info] > git config --get commit.template [18ms]
2023-07-10 14:45:52.087 [info] > git for-each-ref --format=%(refname)%00%(upstream:short)%00%(objectname)%00%(upstream:track)%00%(upstream:remotename)%00%(upstream:remoteref) refs/heads/main refs/remotes/main [2ms]
2023-07-10 14:45:52.246 [info] > git status -z -uall [140ms]
2023-07-10 14:46:31.423 [info] > git config --get commit.template [20ms]
2023-07-10 14:46:31.423 [info] > git for-each-ref --format=%(refname)%00%(upstream:short)%00%(objectname)%00%(upstream:track)%00%(upstream:remotename)%00%(upstream:remoteref) refs/heads/main refs/remotes/main [1ms]
2023-07-10 14:46:31.574 [info] > git status -z -uall [132ms]
2023-07-10 14:50:52.266 [info] > git config --local branch.main.github-pr-owner-number [2ms]
2023-07-10 14:50:52.289 [info] > git config --get commit.template [11ms]
2023-07-10 14:50:52.290 [info] > git for-each-ref --format=%(refname)%00%(upstream:short)%00%(objectname)%00%(upstream:track)%00%(upstream:remotename)%00%(upstream:remoteref) refs/heads/main refs/remotes/main [2ms]
2023-07-10 14:50:52.444 [info] > git status -z -uall [139ms]
2023-07-10 14:55:52.465 [info] > git config --local branch.main.github-pr-owner-number [2ms]
2023-07-10 14:55:52.493 [info] > git config --get commit.template [14ms]
2023-07-10 14:55:52.494 [info] > git for-each-ref --format=%(refname)%00%(upstream:short)%00%(objectname)%00%(upstream:track)%00%(upstream:remotename)%00%(upstream:remoteref) refs/heads/main refs/remotes/main [2ms]
2023-07-10 14:55:52.593 [info] > git status -z -uall [82ms]
2023-07-10 14:57:45.773 [info] > git config --get commit.template [45ms]
2023-07-10 14:57:45.774 [info] > git for-each-ref --format=%(refname)%00%(upstream:short)%00%(objectname)%00%(upstream:track)%00%(upstream:remotename)%00%(upstream:remoteref) refs/heads/main refs/remotes/main [8ms]
2023-07-10 14:57:45.908 [info] > git status -z -uall [97ms]
2023-07-10 14:59:12.996 [info] > git config --get commit.template [20ms]
2023-07-10 14:59:12.997 [info] > git for-each-ref --format=%(refname)%00%(upstream:short)%00%(objectname)%00%(upstream:track)%00%(upstream:remotename)%00%(upstream:remoteref) refs/heads/main refs/remotes/main [3ms]
2023-07-10 14:59:13.107 [info] > git status -z -uall [91ms]
2023-07-10 14:59:36.488 [info] > git config --get commit.template [1ms]
2023-07-10 14:59:36.499 [info] > git for-each-ref --format=%(refname)%00%(upstream:short)%00%(objectname)%00%(upstream:track)%00%(upstream:remotename)%00%(upstream:remoteref) refs/heads/main refs/remotes/main [2ms]
2023-07-10 14:59:36.587 [info] > git status -z -uall [78ms]
2023-07-10 15:00:52.627 [info] > git config --local branch.main.github-pr-owner-number [2ms]
2023-07-10 15:00:52.681 [info] > git config --get commit.template [25ms]
2023-07-10 15:00:52.682 [info] > git for-each-ref --format=%(refname)%00%(upstream:short)%00%(objectname)%00%(upstream:track)%00%(upstream:remotename)%00%(upstream:remoteref) refs/heads/main refs/remotes/main [2ms]
2023-07-10 15:00:52.822 [info] > git status -z -uall [117ms]
2023-07-10 15:03:11.770 [info] > git config --get commit.template [17ms]
2023-07-10 15:03:11.771 [info] > git for-each-ref --format=%(refname)%00%(upstream:short)%00%(objectname)%00%(upstream:track)%00%(upstream:remotename)%00%(upstream:remoteref) refs/heads/main refs/remotes/main [1ms]
2023-07-10 15:03:11.924 [info] > git status -z -uall [136ms]
2023-07-10 15:04:17.072 [info] > git config --get commit.template [2ms]
2023-07-10 15:04:17.091 [info] > git for-each-ref --format=%(refname)%00%(upstream:short)%00%(objectname)%00%(upstream:track)%00%(upstream:remotename)%00%(upstream:remoteref) refs/heads/main refs/remotes/main [2ms]
2023-07-10 15:04:17.188 [info] > git status -z -uall [80ms]
2023-07-10 15:05:52.850 [info] > git config --local branch.main.github-pr-owner-number [3ms]
2023-07-10 15:05:52.871 [info] > git config --get commit.template [2ms]
2023-07-10 15:05:52.891 [info] > git for-each-ref --format=%(refname)%00%(upstream:short)%00%(objectname)%00%(upstream:track)%00%(upstream:remotename)%00%(upstream:remoteref) refs/heads/main refs/remotes/main [2ms]
2023-07-10 15:05:52.990 [info] > git status -z -uall [79ms]
2023-07-10 15:10:53.016 [info] > git config --local branch.main.github-pr-owner-number [3ms]
2023-07-10 15:10:53.040 [info] > git config --get commit.template [2ms]
2023-07-10 15:10:53.060 [info] > git for-each-ref --format=%(refname)%00%(upstream:short)%00%(objectname)%00%(upstream:track)%00%(upstream:remotename)%00%(upstream:remoteref) refs/heads/main refs/remotes/main [4ms]
2023-07-10 15:10:53.330 [info] > git status -z -uall [255ms]
2023-07-10 15:15:08.390 [info] > git config --get commit.template [17ms]
2023-07-10 15:15:08.391 [info] > git for-each-ref --format=%(refname)%00%(upstream:short)%00%(objectname)%00%(upstream:track)%00%(upstream:remotename)%00%(upstream:remoteref) refs/heads/main refs/remotes/main [2ms]
2023-07-10 15:15:08.541 [info] > git status -z -uall [134ms]
2023-07-10 15:15:49.425 [info] > git config --get commit.template [18ms]
2023-07-10 15:15:49.426 [info] > git for-each-ref --format=%(refname)%00%(upstream:short)%00%(objectname)%00%(upstream:track)%00%(upstream:remotename)%00%(upstream:remoteref) refs/heads/main refs/remotes/main [2ms]
2023-07-10 15:15:49.582 [info] > git status -z -uall [139ms]
2023-07-10 15:15:53.353 [info] > git config --local branch.main.github-pr-owner-number [2ms]
2023-07-10 15:15:53.374 [info] > git config --get commit.template [2ms]
2023-07-10 15:15:53.392 [info] > git for-each-ref --format=%(refname)%00%(upstream:short)%00%(objectname)%00%(upstream:track)%00%(upstream:remotename)%00%(upstream:remoteref) refs/heads/main refs/remotes/main [2ms]
2023-07-10 15:15:53.542 [info] > git status -z -uall [134ms]
2023-07-10 15:17:19.209 [info] > git config --get commit.template [16ms]
2023-07-10 15:17:19.210 [info] > git for-each-ref --format=%(refname)%00%(upstream:short)%00%(objectname)%00%(upstream:track)%00%(upstream:remotename)%00%(upstream:remoteref) refs/heads/main refs/remotes/main [2ms]
2023-07-10 15:17:19.357 [info] > git status -z -uall [131ms]
