2023-07-08 13:29:25.434 [info] Log level: Info
2023-07-08 13:29:25.434 [info] Validating found git in: "git"
2023-07-08 13:29:25.434 [info] Using git "2.40.0" from "git"
2023-07-08 13:29:25.434 [info] > git rev-parse --show-toplevel [12ms]
2023-07-08 13:29:25.434 [info] > git rev-parse --git-dir --git-common-dir [2ms]
2023-07-08 13:29:25.434 [info] Open repository: /workspace/Afrik-kitchen
2023-07-08 13:29:25.434 [info] > git config --get commit.template [46ms]
2023-07-08 13:29:25.434 [info] > git rev-parse --show-toplevel [56ms]
2023-07-08 13:29:25.434 [info] > git rev-parse --show-toplevel [12ms]
2023-07-08 13:29:25.434 [info] > git for-each-ref --format=%(refname)%00%(upstream:short)%00%(objectname)%00%(upstream:track)%00%(upstream:remotename)%00%(upstream:remoteref) refs/heads/main refs/remotes/main [45ms]
2023-07-08 13:29:25.434 [info] > git rev-parse --show-toplevel [53ms]
2023-07-08 13:29:25.434 [info] > git rev-parse --show-toplevel [3ms]
2023-07-08 13:29:25.434 [info] > git rev-parse --show-toplevel [29ms]
2023-07-08 13:29:25.434 [info] > git rev-parse --show-toplevel [3ms]
2023-07-08 13:29:25.434 [info] > git rev-parse --show-toplevel [3ms]
2023-07-08 13:29:25.434 [info] > git rev-parse --show-toplevel [2ms]
2023-07-08 13:29:25.434 [info] > git status -z -uall [90ms]
2023-07-08 13:29:25.434 [info] > git rev-parse --show-toplevel [9ms]
2023-07-08 13:29:25.434 [info] > git rev-parse --show-toplevel [6ms]
2023-07-08 13:29:25.434 [info] > git config --get commit.template [12ms]
2023-07-08 13:29:25.434 [info] > git for-each-ref --format=%(refname)%00%(upstream:short)%00%(objectname)%00%(upstream:track)%00%(upstream:remotename)%00%(upstream:remoteref) refs/heads/main refs/remotes/main [2ms]
2023-07-08 13:29:25.434 [info] > git rev-parse --show-toplevel [14ms]
2023-07-08 13:29:25.434 [info] > git status -z -uall [109ms]
2023-07-08 13:29:26.018 [info] > git check-ignore -v -z --stdin [3ms]
2023-07-08 13:29:26.134 [info] > git show --textconv :booking/templates/booking_list.html [17ms]
2023-07-08 13:29:26.136 [info] > git ls-files --stage -- /workspace/Afrik-kitchen/booking/templates/booking_list.html [7ms]
2023-07-08 13:29:26.210 [info] > git cat-file -s b4e7fb562695f59618dadae39005be8117893a0f [3ms]
2023-07-08 13:29:26.781 [info] > git config --local branch.main.github-pr-owner-number [1ms]
2023-07-08 13:29:26.798 [info] > git config --get commit.template [9ms]
2023-07-08 13:29:26.799 [info] > git for-each-ref --format=%(refname)%00%(upstream:short)%00%(objectname)%00%(upstream:track)%00%(upstream:remotename)%00%(upstream:remoteref) refs/heads/main refs/remotes/main [2ms]
2023-07-08 13:29:26.885 [info] > git status -z -uall [79ms]
2023-07-08 13:33:32.914 [info] > git check-ignore -v -z --stdin [1ms]
2023-07-08 13:34:04.260 [info] > git show --textconv :booking/templates/table_list.html [12ms]
2023-07-08 13:34:04.261 [info] > git ls-files --stage -- /workspace/Afrik-kitchen/booking/templates/table_list.html [3ms]
2023-07-08 13:34:04.269 [info] > git cat-file -s 78548c6724e4a4bea18cf33a5bc241b9ca0ed6e9 [2ms]
2023-07-08 13:34:06.764 [info] > git show --textconv :booking/templates/home_detail.html [32ms]
2023-07-08 13:34:06.765 [info] > git ls-files --stage -- /workspace/Afrik-kitchen/booking/templates/home_detail.html [2ms]
2023-07-08 13:34:06.777 [info] > git cat-file -s c46a64aa8ff84a2e71e71912db94dc9e4e513315 [2ms]
2023-07-08 13:34:26.619 [info] > git config --local branch.main.github-pr-owner-number [1ms]
2023-07-08 13:34:26.641 [info] > git config --get commit.template [10ms]
2023-07-08 13:34:26.641 [info] > git for-each-ref --format=%(refname)%00%(upstream:short)%00%(objectname)%00%(upstream:track)%00%(upstream:remotename)%00%(upstream:remoteref) refs/heads/main refs/remotes/main [2ms]
2023-07-08 13:34:26.733 [info] > git status -z -uall [82ms]
2023-07-08 13:35:14.151 [info] > git show --textconv :booking/views.py [11ms]
2023-07-08 13:35:14.153 [info] > git ls-files --stage -- /workspace/Afrik-kitchen/booking/views.py [5ms]
2023-07-08 13:35:14.215 [info] > git cat-file -s 6fb5aca25b564faa82892ec7b4109ec64755c50f [4ms]
2023-07-08 13:35:52.272 [info] > git show --textconv :booking/templates/booking/cancel_booking.html [7ms]
2023-07-08 13:35:52.273 [info] > git ls-files --stage -- /workspace/Afrik-kitchen/booking/templates/booking/cancel_booking.html [2ms]
2023-07-08 13:35:52.279 [info] > git cat-file -s 549b4d8e0c9fc59ea5d60a6e1c1b784d033419bb [1ms]
2023-07-08 13:36:06.870 [info] > git show --textconv :booking/forms.py [6ms]
2023-07-08 13:36:06.870 [info] > git ls-files --stage -- /workspace/Afrik-kitchen/booking/forms.py [1ms]
2023-07-08 13:36:06.878 [info] > git cat-file -s c30ee499bda8d45c9b8c78961893fd17716fe943 [2ms]
2023-07-08 13:36:12.465 [info] > git show --textconv :booking/urls.py [7ms]
2023-07-08 13:36:12.466 [info] > git ls-files --stage -- /workspace/Afrik-kitchen/booking/urls.py [2ms]
2023-07-08 13:36:12.472 [info] > git cat-file -s 7ed05af71db458690d0351fe8a0490400e49b34e [1ms]
2023-07-08 13:37:10.229 [info] > git config --get commit.template [10ms]
2023-07-08 13:37:10.229 [info] > git for-each-ref --format=%(refname)%00%(upstream:short)%00%(objectname)%00%(upstream:track)%00%(upstream:remotename)%00%(upstream:remoteref) refs/heads/main refs/remotes/main [1ms]
2023-07-08 13:37:10.316 [info] > git status -z -uall [76ms]
2023-07-08 13:39:26.769 [info] > git config --local branch.main.github-pr-owner-number [1ms]
2023-07-08 13:39:26.786 [info] > git config --get commit.template [9ms]
2023-07-08 13:39:26.787 [info] > git for-each-ref --format=%(refname)%00%(upstream:short)%00%(objectname)%00%(upstream:track)%00%(upstream:remotename)%00%(upstream:remoteref) refs/heads/main refs/remotes/main [1ms]
2023-07-08 13:39:26.869 [info] > git status -z -uall [75ms]
2023-07-08 13:42:12.242 [info] > git show --textconv :booking/models.py [10ms]
2023-07-08 13:42:12.243 [info] > git ls-files --stage -- /workspace/Afrik-kitchen/booking/models.py [2ms]
2023-07-08 13:42:12.258 [info] > git cat-file -s d145e93a68383a3bab600f403ddef55df13fbb9e [4ms]
2023-07-08 13:44:26.885 [info] > git config --local branch.main.github-pr-owner-number [1ms]
2023-07-08 13:44:26.899 [info] > git config --get commit.template [8ms]
2023-07-08 13:44:26.900 [info] > git for-each-ref --format=%(refname)%00%(upstream:short)%00%(objectname)%00%(upstream:track)%00%(upstream:remotename)%00%(upstream:remoteref) refs/heads/main refs/remotes/main [1ms]
2023-07-08 13:44:26.980 [info] > git status -z -uall [75ms]
2023-07-08 13:49:26.996 [info] > git config --local branch.main.github-pr-owner-number [1ms]
2023-07-08 13:49:27.013 [info] > git config --get commit.template [7ms]
2023-07-08 13:49:27.013 [info] > git for-each-ref --format=%(refname)%00%(upstream:short)%00%(objectname)%00%(upstream:track)%00%(upstream:remotename)%00%(upstream:remoteref) refs/heads/main refs/remotes/main [1ms]
2023-07-08 13:49:27.104 [info] > git status -z -uall [80ms]
2023-07-08 13:54:27.124 [info] > git config --local branch.main.github-pr-owner-number [1ms]
2023-07-08 13:54:27.155 [info] > git config --get commit.template [15ms]
2023-07-08 13:54:27.156 [info] > git for-each-ref --format=%(refname)%00%(upstream:short)%00%(objectname)%00%(upstream:track)%00%(upstream:remotename)%00%(upstream:remoteref) refs/heads/main refs/remotes/main [2ms]
2023-07-08 13:54:27.253 [info] > git status -z -uall [86ms]
2023-07-08 13:59:27.271 [info] > git config --local branch.main.github-pr-owner-number [1ms]
2023-07-08 13:59:27.293 [info] > git config --get commit.template [10ms]
2023-07-08 13:59:27.293 [info] > git for-each-ref --format=%(refname)%00%(upstream:short)%00%(objectname)%00%(upstream:track)%00%(upstream:remotename)%00%(upstream:remoteref) refs/heads/main refs/remotes/main [1ms]
2023-07-08 13:59:27.376 [info] > git status -z -uall [75ms]
2023-07-08 14:04:27.393 [info] > git config --local branch.main.github-pr-owner-number [1ms]
2023-07-08 14:04:27.410 [info] > git config --get commit.template [8ms]
2023-07-08 14:04:27.411 [info] > git for-each-ref --format=%(refname)%00%(upstream:short)%00%(objectname)%00%(upstream:track)%00%(upstream:remotename)%00%(upstream:remoteref) refs/heads/main refs/remotes/main [2ms]
2023-07-08 14:04:27.520 [info] > git status -z -uall [102ms]
2023-07-08 14:09:27.535 [info] > git config --local branch.main.github-pr-owner-number [1ms]
2023-07-08 14:09:27.554 [info] > git config --get commit.template [8ms]
2023-07-08 14:09:27.555 [info] > git for-each-ref --format=%(refname)%00%(upstream:short)%00%(objectname)%00%(upstream:track)%00%(upstream:remotename)%00%(upstream:remoteref) refs/heads/main refs/remotes/main [1ms]
2023-07-08 14:09:27.636 [info] > git status -z -uall [75ms]
2023-07-08 14:14:27.650 [info] > git config --local branch.main.github-pr-owner-number [2ms]
2023-07-08 14:14:27.665 [info] > git config --get commit.template [6ms]
2023-07-08 14:14:27.666 [info] > git for-each-ref --format=%(refname)%00%(upstream:short)%00%(objectname)%00%(upstream:track)%00%(upstream:remotename)%00%(upstream:remoteref) refs/heads/main refs/remotes/main [1ms]
2023-07-08 14:14:27.754 [info] > git status -z -uall [82ms]
2023-07-08 14:19:27.768 [info] > git config --local branch.main.github-pr-owner-number [1ms]
2023-07-08 14:19:27.781 [info] > git config --get commit.template [6ms]
2023-07-08 14:19:27.781 [info] > git for-each-ref --format=%(refname)%00%(upstream:short)%00%(objectname)%00%(upstream:track)%00%(upstream:remotename)%00%(upstream:remoteref) refs/heads/main refs/remotes/main [1ms]
2023-07-08 14:19:27.861 [info] > git status -z -uall [74ms]
2023-07-08 14:24:27.878 [info] > git config --local branch.main.github-pr-owner-number [1ms]
2023-07-08 14:24:27.907 [info] > git config --get commit.template [14ms]
2023-07-08 14:24:27.907 [info] > git for-each-ref --format=%(refname)%00%(upstream:short)%00%(objectname)%00%(upstream:track)%00%(upstream:remotename)%00%(upstream:remoteref) refs/heads/main refs/remotes/main [1ms]
2023-07-08 14:24:27.995 [info] > git status -z -uall [74ms]
2023-07-08 14:29:28.013 [info] > git config --local branch.main.github-pr-owner-number [1ms]
2023-07-08 14:29:28.037 [info] > git config --get commit.template [12ms]
2023-07-08 14:29:28.037 [info] > git for-each-ref --format=%(refname)%00%(upstream:short)%00%(objectname)%00%(upstream:track)%00%(upstream:remotename)%00%(upstream:remoteref) refs/heads/main refs/remotes/main [1ms]
2023-07-08 14:29:28.126 [info] > git status -z -uall [76ms]
