2023-07-07 22:56:21.406 [info] Log level: Info
2023-07-07 22:56:21.406 [info] Validating found git in: "git"
2023-07-07 22:56:21.406 [info] Using git "2.40.0" from "git"
2023-07-07 22:56:21.406 [info] > git rev-parse --show-toplevel [4ms]
2023-07-07 22:56:21.406 [info] > git rev-parse --git-dir --git-common-dir [1ms]
2023-07-07 22:56:21.406 [info] Open repository: /workspace/Afrik-kitchen
2023-07-07 22:56:21.406 [info] > git rev-parse --show-toplevel [9ms]
2023-07-07 22:56:21.406 [info] > git config --get commit.template [9ms]
2023-07-07 22:56:21.406 [info] > git rev-parse --show-toplevel [10ms]
2023-07-07 22:56:21.406 [info] > git for-each-ref --format=%(refname)%00%(upstream:short)%00%(objectname)%00%(upstream:track)%00%(upstream:remotename)%00%(upstream:remoteref) refs/heads/main refs/remotes/main [9ms]
2023-07-07 22:56:21.406 [info] > git rev-parse --show-toplevel [10ms]
2023-07-07 22:56:21.406 [info] > git rev-parse --show-toplevel [1ms]
2023-07-07 22:56:21.406 [info] > git rev-parse --show-toplevel [1ms]
2023-07-07 22:56:21.406 [info] > git rev-parse --show-toplevel [1ms]
2023-07-07 22:56:21.406 [info] > git rev-parse --show-toplevel [1ms]
2023-07-07 22:56:21.406 [info] > git rev-parse --show-toplevel [1ms]
2023-07-07 22:56:21.406 [info] > git rev-parse --show-toplevel [1ms]
2023-07-07 22:56:21.406 [info] > git rev-parse --show-toplevel [1ms]
2023-07-07 22:56:21.406 [info] > git rev-parse --show-toplevel [1ms]
2023-07-07 22:56:21.406 [info] > git status -z -uall [72ms]
2023-07-07 22:56:21.406 [info] > git config --get commit.template [7ms]
2023-07-07 22:56:21.406 [info] > git for-each-ref --format=%(refname)%00%(upstream:short)%00%(objectname)%00%(upstream:track)%00%(upstream:remotename)%00%(upstream:remoteref) refs/heads/main refs/remotes/main [1ms]
2023-07-07 22:56:21.406 [info] > git status -z -uall [71ms]
2023-07-07 22:56:21.793 [info] > git show --textconv :static/css/booking_list.css [7ms]
2023-07-07 22:56:21.794 [info] > git ls-files --stage -- /workspace/Afrik-kitchen/static/css/booking_list.css [1ms]
2023-07-07 22:56:21.803 [info] > git cat-file -s c1be168b8341a2a15cbb4fe22c94970239c7f0b5 [3ms]
2023-07-07 22:56:21.950 [info] > git check-ignore -v -z --stdin [1ms]
2023-07-07 22:56:22.100 [info] > git config --local branch.main.github-pr-owner-number [2ms]
2023-07-07 22:56:22.109 [info] > git config --get commit.template [0ms]
2023-07-07 22:56:22.116 [info] > git for-each-ref --format=%(refname)%00%(upstream:short)%00%(objectname)%00%(upstream:track)%00%(upstream:remotename)%00%(upstream:remoteref) refs/heads/main refs/remotes/main [1ms]
2023-07-07 22:56:22.199 [info] > git status -z -uall [77ms]
2023-07-07 22:56:22.899 [info] > git check-ignore -v -z --stdin [1ms]
2023-07-07 22:59:10.480 [info] > git config --get commit.template [10ms]
2023-07-07 22:59:10.480 [info] > git for-each-ref --format=%(refname)%00%(upstream:short)%00%(objectname)%00%(upstream:track)%00%(upstream:remotename)%00%(upstream:remoteref) refs/heads/main refs/remotes/main [2ms]
2023-07-07 22:59:10.561 [info] > git status -z -uall [73ms]
2023-07-07 23:01:22.028 [info] > git config --local branch.main.github-pr-owner-number [1ms]
2023-07-07 23:01:22.040 [info] > git config --get commit.template [5ms]
2023-07-07 23:01:22.041 [info] > git for-each-ref --format=%(refname)%00%(upstream:short)%00%(objectname)%00%(upstream:track)%00%(upstream:remotename)%00%(upstream:remoteref) refs/heads/main refs/remotes/main [1ms]
2023-07-07 23:01:22.114 [info] > git status -z -uall [68ms]
2023-07-07 23:02:59.406 [info] > git config --get commit.template [7ms]
2023-07-07 23:02:59.407 [info] > git for-each-ref --format=%(refname)%00%(upstream:short)%00%(objectname)%00%(upstream:track)%00%(upstream:remotename)%00%(upstream:remoteref) refs/heads/main refs/remotes/main [1ms]
2023-07-07 23:02:59.484 [info] > git status -z -uall [72ms]
2023-07-07 23:04:04.937 [info] > git config --get commit.template [11ms]
2023-07-07 23:04:04.938 [info] > git for-each-ref --format=%(refname)%00%(upstream:short)%00%(objectname)%00%(upstream:track)%00%(upstream:remotename)%00%(upstream:remoteref) refs/heads/main refs/remotes/main [2ms]
2023-07-07 23:04:05.019 [info] > git status -z -uall [71ms]
2023-07-07 23:05:45.665 [info] > git config --get commit.template [6ms]
2023-07-07 23:05:45.666 [info] > git for-each-ref --format=%(refname)%00%(upstream:short)%00%(objectname)%00%(upstream:track)%00%(upstream:remotename)%00%(upstream:remoteref) refs/heads/main refs/remotes/main [1ms]
2023-07-07 23:05:45.750 [info] > git status -z -uall [79ms]
2023-07-07 23:06:22.127 [info] > git config --local branch.main.github-pr-owner-number [1ms]
2023-07-07 23:06:22.137 [info] > git config --get commit.template [5ms]
2023-07-07 23:06:22.138 [info] > git for-each-ref --format=%(refname)%00%(upstream:short)%00%(objectname)%00%(upstream:track)%00%(upstream:remotename)%00%(upstream:remoteref) refs/heads/main refs/remotes/main [1ms]
2023-07-07 23:06:22.211 [info] > git status -z -uall [68ms]
2023-07-07 23:07:03.746 [info] > git config --get commit.template [10ms]
2023-07-07 23:07:03.746 [info] > git for-each-ref --format=%(refname)%00%(upstream:short)%00%(objectname)%00%(upstream:track)%00%(upstream:remotename)%00%(upstream:remoteref) refs/heads/main refs/remotes/main [1ms]
2023-07-07 23:07:03.826 [info] > git status -z -uall [72ms]
2023-07-07 23:08:24.920 [info] > git config --get commit.template [10ms]
2023-07-07 23:08:24.921 [info] > git for-each-ref --format=%(refname)%00%(upstream:short)%00%(objectname)%00%(upstream:track)%00%(upstream:remotename)%00%(upstream:remoteref) refs/heads/main refs/remotes/main [1ms]
2023-07-07 23:08:25.001 [info] > git status -z -uall [70ms]
2023-07-07 23:09:44.234 [info] > git check-ignore -v -z --stdin [2ms]
2023-07-07 23:09:51.260 [info] > git check-ignore -v -z --stdin [0ms]
2023-07-07 23:09:53.189 [info] > git show --textconv :booking/templates/booking_list.html [12ms]
2023-07-07 23:09:53.190 [info] > git ls-files --stage -- /workspace/Afrik-kitchen/booking/templates/booking_list.html [1ms]
2023-07-07 23:09:53.202 [info] > git cat-file -s b4e7fb562695f59618dadae39005be8117893a0f [2ms]
2023-07-07 23:11:22.225 [info] > git config --local branch.main.github-pr-owner-number [1ms]
2023-07-07 23:11:22.240 [info] > git config --get commit.template [8ms]
2023-07-07 23:11:22.241 [info] > git for-each-ref --format=%(refname)%00%(upstream:short)%00%(objectname)%00%(upstream:track)%00%(upstream:remotename)%00%(upstream:remoteref) refs/heads/main refs/remotes/main [1ms]
2023-07-07 23:11:22.318 [info] > git status -z -uall [70ms]
2023-07-07 23:11:51.558 [info] > git check-ignore -v -z --stdin [1ms]
2023-07-07 23:11:54.102 [info] > git check-ignore -v -z --stdin [2ms]
2023-07-07 23:12:07.186 [info] > git show --textconv :home/templates/home/index.html [7ms]
2023-07-07 23:12:07.187 [info] > git ls-files --stage -- /workspace/Afrik-kitchen/home/templates/home/index.html [2ms]
2023-07-07 23:12:07.193 [info] > git cat-file -s 56fbd85db308c710e886b59ff94604f86616f015 [1ms]
2023-07-07 23:13:23.563 [info] > git config --get commit.template [12ms]
2023-07-07 23:13:23.564 [info] > git for-each-ref --format=%(refname)%00%(upstream:short)%00%(objectname)%00%(upstream:track)%00%(upstream:remotename)%00%(upstream:remoteref) refs/heads/main refs/remotes/main [2ms]
2023-07-07 23:13:23.641 [info] > git status -z -uall [68ms]
2023-07-07 23:14:42.592 [info] > git config --get commit.template [9ms]
2023-07-07 23:14:42.592 [info] > git for-each-ref --format=%(refname)%00%(upstream:short)%00%(objectname)%00%(upstream:track)%00%(upstream:remotename)%00%(upstream:remoteref) refs/heads/main refs/remotes/main [1ms]
2023-07-07 23:14:42.670 [info] > git status -z -uall [68ms]
2023-07-07 23:14:47.687 [info] > git config --get commit.template [6ms]
2023-07-07 23:14:47.688 [info] > git for-each-ref --format=%(refname)%00%(upstream:short)%00%(objectname)%00%(upstream:track)%00%(upstream:remotename)%00%(upstream:remoteref) refs/heads/main refs/remotes/main [1ms]
2023-07-07 23:14:47.763 [info] > git status -z -uall [71ms]
2023-07-07 23:16:22.329 [info] > git config --local branch.main.github-pr-owner-number [1ms]
2023-07-07 23:16:22.341 [info] > git config --get commit.template [5ms]
2023-07-07 23:16:22.342 [info] > git for-each-ref --format=%(refname)%00%(upstream:short)%00%(objectname)%00%(upstream:track)%00%(upstream:remotename)%00%(upstream:remoteref) refs/heads/main refs/remotes/main [1ms]
2023-07-07 23:16:22.419 [info] > git status -z -uall [72ms]
2023-07-07 23:17:25.267 [info] > git check-ignore -v -z --stdin [1ms]
2023-07-07 23:17:28.411 [info] > git show --textconv :booking/templates/booking/rebook_booking.html [11ms]
2023-07-07 23:17:28.412 [info] > git ls-files --stage -- /workspace/Afrik-kitchen/booking/templates/booking/rebook_booking.html [2ms]
2023-07-07 23:17:28.419 [info] > git cat-file -s 699c694ab7c196fe483dacc0d4f2b1a41105ded5 [1ms]
2023-07-07 23:21:22.431 [info] > git config --local branch.main.github-pr-owner-number [1ms]
2023-07-07 23:21:22.442 [info] > git config --get commit.template [6ms]
2023-07-07 23:21:22.442 [info] > git for-each-ref --format=%(refname)%00%(upstream:short)%00%(objectname)%00%(upstream:track)%00%(upstream:remotename)%00%(upstream:remoteref) refs/heads/main refs/remotes/main [1ms]
2023-07-07 23:21:22.520 [info] > git status -z -uall [73ms]
2023-07-07 23:22:40.233 [info] > git check-ignore -v -z --stdin [1ms]
2023-07-07 23:22:41.734 [info] > git show --textconv :TEMPLATES_DIR/base.html [10ms]
2023-07-07 23:22:41.735 [info] > git ls-files --stage -- /workspace/Afrik-kitchen/TEMPLATES_DIR/base.html [2ms]
2023-07-07 23:22:41.746 [info] > git cat-file -s 80c32e4287e59e5425bb82e15a12297cb819a34d [1ms]
2023-07-07 23:25:06.248 [info] > git config --get commit.template [10ms]
2023-07-07 23:25:06.249 [info] > git for-each-ref --format=%(refname)%00%(upstream:short)%00%(objectname)%00%(upstream:track)%00%(upstream:remotename)%00%(upstream:remoteref) refs/heads/main refs/remotes/main [2ms]
2023-07-07 23:25:06.326 [info] > git status -z -uall [71ms]
2023-07-07 23:26:22.532 [info] > git config --local branch.main.github-pr-owner-number [1ms]
2023-07-07 23:26:22.552 [info] > git config --get commit.template [10ms]
2023-07-07 23:26:22.552 [info] > git for-each-ref --format=%(refname)%00%(upstream:short)%00%(objectname)%00%(upstream:track)%00%(upstream:remotename)%00%(upstream:remoteref) refs/heads/main refs/remotes/main [1ms]
2023-07-07 23:26:22.634 [info] > git status -z -uall [72ms]
2023-07-07 23:27:11.094 [info] > git config --get commit.template [11ms]
2023-07-07 23:27:11.094 [info] > git for-each-ref --format=%(refname)%00%(upstream:short)%00%(objectname)%00%(upstream:track)%00%(upstream:remotename)%00%(upstream:remoteref) refs/heads/main refs/remotes/main [1ms]
2023-07-07 23:27:11.178 [info] > git status -z -uall [74ms]
2023-07-07 23:28:25.268 [info] > git config --get commit.template [9ms]
2023-07-07 23:28:25.268 [info] > git for-each-ref --format=%(refname)%00%(upstream:short)%00%(objectname)%00%(upstream:track)%00%(upstream:remotename)%00%(upstream:remoteref) refs/heads/main refs/remotes/main [1ms]
2023-07-07 23:28:25.348 [info] > git status -z -uall [71ms]
2023-07-07 23:30:29.280 [info] > git config --get commit.template [6ms]
2023-07-07 23:30:29.281 [info] > git for-each-ref --format=%(refname)%00%(upstream:short)%00%(objectname)%00%(upstream:track)%00%(upstream:remotename)%00%(upstream:remoteref) refs/heads/main refs/remotes/main [1ms]
2023-07-07 23:30:29.360 [info] > git status -z -uall [75ms]
2023-07-07 23:31:22.646 [info] > git config --local branch.main.github-pr-owner-number [1ms]
2023-07-07 23:31:22.659 [info] > git config --get commit.template [8ms]
2023-07-07 23:31:22.660 [info] > git for-each-ref --format=%(refname)%00%(upstream:short)%00%(objectname)%00%(upstream:track)%00%(upstream:remotename)%00%(upstream:remoteref) refs/heads/main refs/remotes/main [1ms]
2023-07-07 23:31:22.740 [info] > git status -z -uall [69ms]
2023-07-07 23:32:05.212 [info] > git config --get commit.template [11ms]
2023-07-07 23:32:05.212 [info] > git for-each-ref --format=%(refname)%00%(upstream:short)%00%(objectname)%00%(upstream:track)%00%(upstream:remotename)%00%(upstream:remoteref) refs/heads/main refs/remotes/main [1ms]
2023-07-07 23:32:05.292 [info] > git status -z -uall [69ms]
2023-07-07 23:32:34.782 [info] > git config --get commit.template [9ms]
2023-07-07 23:32:34.783 [info] > git for-each-ref --format=%(refname)%00%(upstream:short)%00%(objectname)%00%(upstream:track)%00%(upstream:remotename)%00%(upstream:remoteref) refs/heads/main refs/remotes/main [2ms]
2023-07-07 23:32:34.863 [info] > git status -z -uall [70ms]
2023-07-07 23:33:24.841 [info] > git config --get commit.template [9ms]
2023-07-07 23:33:24.842 [info] > git for-each-ref --format=%(refname)%00%(upstream:short)%00%(objectname)%00%(upstream:track)%00%(upstream:remotename)%00%(upstream:remoteref) refs/heads/main refs/remotes/main [2ms]
2023-07-07 23:33:24.932 [info] > git status -z -uall [80ms]
2023-07-07 23:34:40.747 [info] > git config --get commit.template [7ms]
2023-07-07 23:34:40.748 [info] > git for-each-ref --format=%(refname)%00%(upstream:short)%00%(objectname)%00%(upstream:track)%00%(upstream:remotename)%00%(upstream:remoteref) refs/heads/main refs/remotes/main [2ms]
2023-07-07 23:34:40.825 [info] > git status -z -uall [72ms]
2023-07-07 23:35:41.161 [info] > git config --get commit.template [9ms]
2023-07-07 23:35:41.161 [info] > git for-each-ref --format=%(refname)%00%(upstream:short)%00%(objectname)%00%(upstream:track)%00%(upstream:remotename)%00%(upstream:remoteref) refs/heads/main refs/remotes/main [1ms]
2023-07-07 23:35:41.242 [info] > git status -z -uall [71ms]
2023-07-07 23:36:22.751 [info] > git config --local branch.main.github-pr-owner-number [1ms]
2023-07-07 23:36:22.761 [info] > git config --get commit.template [5ms]
2023-07-07 23:36:22.761 [info] > git for-each-ref --format=%(refname)%00%(upstream:short)%00%(objectname)%00%(upstream:track)%00%(upstream:remotename)%00%(upstream:remoteref) refs/heads/main refs/remotes/main [1ms]
2023-07-07 23:36:22.837 [info] > git status -z -uall [71ms]
2023-07-07 23:36:29.516 [info] > git config --get commit.template [10ms]
2023-07-07 23:36:29.517 [info] > git for-each-ref --format=%(refname)%00%(upstream:short)%00%(objectname)%00%(upstream:track)%00%(upstream:remotename)%00%(upstream:remoteref) refs/heads/main refs/remotes/main [1ms]
2023-07-07 23:36:29.597 [info] > git status -z -uall [71ms]
2023-07-07 23:38:02.706 [info] > git config --get commit.template [10ms]
2023-07-07 23:38:02.706 [info] > git for-each-ref --format=%(refname)%00%(upstream:short)%00%(objectname)%00%(upstream:track)%00%(upstream:remotename)%00%(upstream:remoteref) refs/heads/main refs/remotes/main [1ms]
2023-07-07 23:38:02.787 [info] > git status -z -uall [72ms]
2023-07-07 23:38:53.089 [info] > git config --get commit.template [2ms]
2023-07-07 23:38:53.099 [info] > git for-each-ref --format=%(refname)%00%(upstream:short)%00%(objectname)%00%(upstream:track)%00%(upstream:remotename)%00%(upstream:remoteref) refs/heads/main refs/remotes/main [1ms]
2023-07-07 23:38:53.178 [info] > git status -z -uall [71ms]
2023-07-07 23:41:22.849 [info] > git config --local branch.main.github-pr-owner-number [1ms]
2023-07-07 23:41:22.861 [info] > git config --get commit.template [5ms]
2023-07-07 23:41:22.861 [info] > git for-each-ref --format=%(refname)%00%(upstream:short)%00%(objectname)%00%(upstream:track)%00%(upstream:remotename)%00%(upstream:remoteref) refs/heads/main refs/remotes/main [1ms]
2023-07-07 23:41:22.936 [info] > git status -z -uall [70ms]
2023-07-07 23:42:33.073 [info] > git config --get commit.template [10ms]
2023-07-07 23:42:33.073 [info] > git for-each-ref --format=%(refname)%00%(upstream:short)%00%(objectname)%00%(upstream:track)%00%(upstream:remotename)%00%(upstream:remoteref) refs/heads/main refs/remotes/main [1ms]
2023-07-07 23:42:33.155 [info] > git status -z -uall [71ms]
2023-07-07 23:43:34.841 [info] > git config --get commit.template [9ms]
2023-07-07 23:43:34.841 [info] > git for-each-ref --format=%(refname)%00%(upstream:short)%00%(objectname)%00%(upstream:track)%00%(upstream:remotename)%00%(upstream:remoteref) refs/heads/main refs/remotes/main [1ms]
2023-07-07 23:43:34.916 [info] > git status -z -uall [66ms]
2023-07-07 23:44:33.422 [info] > git config --get commit.template [7ms]
2023-07-07 23:44:33.422 [info] > git for-each-ref --format=%(refname)%00%(upstream:short)%00%(objectname)%00%(upstream:track)%00%(upstream:remotename)%00%(upstream:remoteref) refs/heads/main refs/remotes/main [1ms]
2023-07-07 23:44:33.496 [info] > git status -z -uall [68ms]
2023-07-07 23:45:48.361 [info] > git config --get commit.template [7ms]
2023-07-07 23:45:48.361 [info] > git for-each-ref --format=%(refname)%00%(upstream:short)%00%(objectname)%00%(upstream:track)%00%(upstream:remotename)%00%(upstream:remoteref) refs/heads/main refs/remotes/main [1ms]
2023-07-07 23:45:48.437 [info] > git status -z -uall [71ms]
2023-07-07 23:46:00.918 [info] > git config --get commit.template [8ms]
2023-07-07 23:46:00.918 [info] > git for-each-ref --format=%(refname)%00%(upstream:short)%00%(objectname)%00%(upstream:track)%00%(upstream:remotename)%00%(upstream:remoteref) refs/heads/main refs/remotes/main [1ms]
2023-07-07 23:46:00.995 [info] > git status -z -uall [70ms]
2023-07-07 23:46:22.948 [info] > git config --local branch.main.github-pr-owner-number [1ms]
2023-07-07 23:46:22.959 [info] > git config --get commit.template [5ms]
2023-07-07 23:46:22.959 [info] > git for-each-ref --format=%(refname)%00%(upstream:short)%00%(objectname)%00%(upstream:track)%00%(upstream:remotename)%00%(upstream:remoteref) refs/heads/main refs/remotes/main [1ms]
2023-07-07 23:46:23.033 [info] > git status -z -uall [69ms]
2023-07-07 23:48:07.833 [info] > git config --get commit.template [11ms]
2023-07-07 23:48:07.833 [info] > git for-each-ref --format=%(refname)%00%(upstream:short)%00%(objectname)%00%(upstream:track)%00%(upstream:remotename)%00%(upstream:remoteref) refs/heads/main refs/remotes/main [1ms]
2023-07-07 23:48:07.916 [info] > git status -z -uall [73ms]
2023-07-07 23:48:26.736 [info] > git config --get commit.template [13ms]
2023-07-07 23:48:26.767 [info] > git for-each-ref --format=%(refname)%00%(upstream:short)%00%(objectname)%00%(upstream:track)%00%(upstream:remotename)%00%(upstream:remoteref) refs/heads/main refs/remotes/main [32ms]
2023-07-07 23:48:26.846 [info] > git status -z -uall [72ms]
2023-07-07 23:49:30.910 [info] > git config --get commit.template [5ms]
2023-07-07 23:49:30.911 [info] > git for-each-ref --format=%(refname)%00%(upstream:short)%00%(objectname)%00%(upstream:track)%00%(upstream:remotename)%00%(upstream:remoteref) refs/heads/main refs/remotes/main [1ms]
2023-07-07 23:49:30.990 [info] > git status -z -uall [71ms]
2023-07-07 23:51:23.045 [info] > git config --local branch.main.github-pr-owner-number [1ms]
2023-07-07 23:51:23.058 [info] > git config --get commit.template [6ms]
2023-07-07 23:51:23.059 [info] > git for-each-ref --format=%(refname)%00%(upstream:short)%00%(objectname)%00%(upstream:track)%00%(upstream:remotename)%00%(upstream:remoteref) refs/heads/main refs/remotes/main [1ms]
2023-07-07 23:51:23.135 [info] > git status -z -uall [71ms]
2023-07-07 23:52:15.618 [info] > git config --get commit.template [6ms]
2023-07-07 23:52:15.619 [info] > git for-each-ref --format=%(refname)%00%(upstream:short)%00%(objectname)%00%(upstream:track)%00%(upstream:remotename)%00%(upstream:remoteref) refs/heads/main refs/remotes/main [1ms]
2023-07-07 23:52:15.691 [info] > git status -z -uall [67ms]
2023-07-07 23:54:08.527 [info] > git show --textconv :booking/views.py [26ms]
2023-07-07 23:54:08.528 [info] > git ls-files --stage -- /workspace/Afrik-kitchen/booking/views.py [18ms]
2023-07-07 23:54:08.543 [info] > git cat-file -s 6fb5aca25b564faa82892ec7b4109ec64755c50f [5ms]
2023-07-07 23:56:23.148 [info] > git config --local branch.main.github-pr-owner-number [1ms]
2023-07-07 23:56:23.159 [info] > git config --get commit.template [5ms]
2023-07-07 23:56:23.160 [info] > git for-each-ref --format=%(refname)%00%(upstream:short)%00%(objectname)%00%(upstream:track)%00%(upstream:remotename)%00%(upstream:remoteref) refs/heads/main refs/remotes/main [1ms]
2023-07-07 23:56:23.232 [info] > git status -z -uall [67ms]
2023-07-08 00:01:23.248 [info] > git config --local branch.main.github-pr-owner-number [1ms]
2023-07-08 00:01:23.266 [info] > git config --get commit.template [6ms]
2023-07-08 00:01:23.266 [info] > git for-each-ref --format=%(refname)%00%(upstream:short)%00%(objectname)%00%(upstream:track)%00%(upstream:remotename)%00%(upstream:remoteref) refs/heads/main refs/remotes/main [1ms]
2023-07-08 00:01:23.346 [info] > git status -z -uall [74ms]
2023-07-08 00:02:11.402 [info] > git config --get commit.template [7ms]
2023-07-08 00:02:11.402 [info] > git for-each-ref --format=%(refname)%00%(upstream:short)%00%(objectname)%00%(upstream:track)%00%(upstream:remotename)%00%(upstream:remoteref) refs/heads/main refs/remotes/main [1ms]
2023-07-08 00:02:11.478 [info] > git status -z -uall [70ms]
2023-07-08 00:06:23.358 [info] > git config --local branch.main.github-pr-owner-number [1ms]
2023-07-08 00:06:23.374 [info] > git config --get commit.template [8ms]
2023-07-08 00:06:23.375 [info] > git for-each-ref --format=%(refname)%00%(upstream:short)%00%(objectname)%00%(upstream:track)%00%(upstream:remotename)%00%(upstream:remoteref) refs/heads/main refs/remotes/main [1ms]
2023-07-08 00:06:23.455 [info] > git status -z -uall [72ms]
2023-07-08 00:10:33.993 [info] > git show --textconv :booking/templates/table_list.html [7ms]
2023-07-08 00:10:33.994 [info] > git ls-files --stage -- /workspace/Afrik-kitchen/booking/templates/table_list.html [1ms]
2023-07-08 00:10:34.001 [info] > git cat-file -s 78548c6724e4a4bea18cf33a5bc241b9ca0ed6e9 [2ms]
2023-07-08 00:11:23.468 [info] > git config --local branch.main.github-pr-owner-number [1ms]
2023-07-08 00:11:23.486 [info] > git config --get commit.template [7ms]
2023-07-08 00:11:23.487 [info] > git for-each-ref --format=%(refname)%00%(upstream:short)%00%(objectname)%00%(upstream:track)%00%(upstream:remotename)%00%(upstream:remoteref) refs/heads/main refs/remotes/main [1ms]
2023-07-08 00:11:23.564 [info] > git status -z -uall [72ms]
2023-07-08 00:11:59.409 [info] > git show --textconv :booking/templates/booking/cancel_booking.html [8ms]
2023-07-08 00:11:59.409 [info] > git ls-files --stage -- /workspace/Afrik-kitchen/booking/templates/booking/cancel_booking.html [1ms]
2023-07-08 00:11:59.416 [info] > git cat-file -s 549b4d8e0c9fc59ea5d60a6e1c1b784d033419bb [2ms]
2023-07-08 00:13:43.076 [info] > git config --get commit.template [11ms]
2023-07-08 00:13:43.077 [info] > git for-each-ref --format=%(refname)%00%(upstream:short)%00%(objectname)%00%(upstream:track)%00%(upstream:remotename)%00%(upstream:remoteref) refs/heads/main refs/remotes/main [1ms]
2023-07-08 00:13:43.156 [info] > git status -z -uall [72ms]
2023-07-08 00:16:23.575 [info] > git config --local branch.main.github-pr-owner-number [1ms]
2023-07-08 00:16:23.587 [info] > git config --get commit.template [6ms]
2023-07-08 00:16:23.587 [info] > git for-each-ref --format=%(refname)%00%(upstream:short)%00%(objectname)%00%(upstream:track)%00%(upstream:remotename)%00%(upstream:remoteref) refs/heads/main refs/remotes/main [1ms]
2023-07-08 00:16:23.667 [info] > git status -z -uall [72ms]
2023-07-08 00:17:20.766 [info] > git config --get commit.template [6ms]
2023-07-08 00:17:20.767 [info] > git for-each-ref --format=%(refname)%00%(upstream:short)%00%(objectname)%00%(upstream:track)%00%(upstream:remotename)%00%(upstream:remoteref) refs/heads/main refs/remotes/main [1ms]
2023-07-08 00:17:20.845 [info] > git status -z -uall [74ms]
2023-07-08 00:21:23.679 [info] > git config --local branch.main.github-pr-owner-number [1ms]
2023-07-08 00:21:23.700 [info] > git config --get commit.template [11ms]
2023-07-08 00:21:23.701 [info] > git for-each-ref --format=%(refname)%00%(upstream:short)%00%(objectname)%00%(upstream:track)%00%(upstream:remotename)%00%(upstream:remoteref) refs/heads/main refs/remotes/main [1ms]
2023-07-08 00:21:23.784 [info] > git status -z -uall [72ms]
2023-07-08 00:25:17.350 [info] > git config --get commit.template [6ms]
2023-07-08 00:25:17.351 [info] > git for-each-ref --format=%(refname)%00%(upstream:short)%00%(objectname)%00%(upstream:track)%00%(upstream:remotename)%00%(upstream:remoteref) refs/heads/main refs/remotes/main [1ms]
2023-07-08 00:25:17.430 [info] > git status -z -uall [71ms]
2023-07-08 00:26:23.797 [info] > git config --local branch.main.github-pr-owner-number [1ms]
2023-07-08 00:26:23.813 [info] > git config --get commit.template [8ms]
2023-07-08 00:26:23.813 [info] > git for-each-ref --format=%(refname)%00%(upstream:short)%00%(objectname)%00%(upstream:track)%00%(upstream:remotename)%00%(upstream:remoteref) refs/heads/main refs/remotes/main [1ms]
2023-07-08 00:26:23.893 [info] > git status -z -uall [71ms]
2023-07-08 00:31:23.906 [info] > git config --local branch.main.github-pr-owner-number [1ms]
2023-07-08 00:31:23.919 [info] > git config --get commit.template [6ms]
2023-07-08 00:31:23.920 [info] > git for-each-ref --format=%(refname)%00%(upstream:short)%00%(objectname)%00%(upstream:track)%00%(upstream:remotename)%00%(upstream:remoteref) refs/heads/main refs/remotes/main [1ms]
2023-07-08 00:31:23.998 [info] > git status -z -uall [73ms]
2023-07-08 00:34:10.420 [info] > git config --get commit.template [12ms]
2023-07-08 00:34:10.420 [info] > git for-each-ref --format=%(refname)%00%(upstream:short)%00%(objectname)%00%(upstream:track)%00%(upstream:remotename)%00%(upstream:remoteref) refs/heads/main refs/remotes/main [1ms]
2023-07-08 00:34:10.503 [info] > git status -z -uall [72ms]
2023-07-08 00:35:26.712 [info] > git config --get commit.template [10ms]
2023-07-08 00:35:26.712 [info] > git for-each-ref --format=%(refname)%00%(upstream:short)%00%(objectname)%00%(upstream:track)%00%(upstream:remotename)%00%(upstream:remoteref) refs/heads/main refs/remotes/main [1ms]
2023-07-08 00:35:26.794 [info] > git status -z -uall [71ms]
2023-07-08 00:36:24.013 [info] > git config --local branch.main.github-pr-owner-number [1ms]
2023-07-08 00:36:24.037 [info] > git config --get commit.template [13ms]
2023-07-08 00:36:24.037 [info] > git for-each-ref --format=%(refname)%00%(upstream:short)%00%(objectname)%00%(upstream:track)%00%(upstream:remotename)%00%(upstream:remoteref) refs/heads/main refs/remotes/main [1ms]
2023-07-08 00:36:24.117 [info] > git status -z -uall [69ms]
2023-07-08 00:37:24.674 [info] > git config --get commit.template [7ms]
2023-07-08 00:37:24.675 [info] > git for-each-ref --format=%(refname)%00%(upstream:short)%00%(objectname)%00%(upstream:track)%00%(upstream:remotename)%00%(upstream:remoteref) refs/heads/main refs/remotes/main [2ms]
2023-07-08 00:37:24.751 [info] > git status -z -uall [71ms]
2023-07-08 00:41:24.131 [info] > git config --local branch.main.github-pr-owner-number [1ms]
2023-07-08 00:41:24.153 [info] > git config --get commit.template [11ms]
2023-07-08 00:41:24.153 [info] > git for-each-ref --format=%(refname)%00%(upstream:short)%00%(objectname)%00%(upstream:track)%00%(upstream:remotename)%00%(upstream:remoteref) refs/heads/main refs/remotes/main [1ms]
2023-07-08 00:41:24.235 [info] > git status -z -uall [71ms]
2023-07-08 00:41:48.321 [info] > git config --get commit.template [7ms]
2023-07-08 00:41:48.321 [info] > git for-each-ref --format=%(refname)%00%(upstream:short)%00%(objectname)%00%(upstream:track)%00%(upstream:remotename)%00%(upstream:remoteref) refs/heads/main refs/remotes/main [1ms]
2023-07-08 00:41:48.398 [info] > git status -z -uall [72ms]
2023-07-08 00:46:24.250 [info] > git config --local branch.main.github-pr-owner-number [1ms]
2023-07-08 00:46:24.267 [info] > git config --get commit.template [9ms]
2023-07-08 00:46:24.268 [info] > git for-each-ref --format=%(refname)%00%(upstream:short)%00%(objectname)%00%(upstream:track)%00%(upstream:remotename)%00%(upstream:remoteref) refs/heads/main refs/remotes/main [1ms]
2023-07-08 00:46:24.348 [info] > git status -z -uall [72ms]
2023-07-08 00:47:45.610 [info] > git config --get commit.template [6ms]
2023-07-08 00:47:45.610 [info] > git for-each-ref --format=%(refname)%00%(upstream:short)%00%(objectname)%00%(upstream:track)%00%(upstream:remotename)%00%(upstream:remoteref) refs/heads/main refs/remotes/main [1ms]
2023-07-08 00:47:45.690 [info] > git status -z -uall [71ms]
2023-07-08 00:48:39.797 [info] > git config --get commit.template [10ms]
2023-07-08 00:48:39.798 [info] > git for-each-ref --format=%(refname)%00%(upstream:short)%00%(objectname)%00%(upstream:track)%00%(upstream:remotename)%00%(upstream:remoteref) refs/heads/main refs/remotes/main [2ms]
2023-07-08 00:48:39.879 [info] > git status -z -uall [72ms]
2023-07-08 00:50:40.823 [info] > git show --textconv :booking/urls.py [9ms]
2023-07-08 00:50:40.824 [info] > git ls-files --stage -- /workspace/Afrik-kitchen/booking/urls.py [1ms]
2023-07-08 00:50:40.834 [info] > git cat-file -s 7ed05af71db458690d0351fe8a0490400e49b34e [2ms]
2023-07-08 00:51:24.360 [info] > git config --local branch.main.github-pr-owner-number [1ms]
2023-07-08 00:51:24.371 [info] > git config --get commit.template [6ms]
2023-07-08 00:51:24.371 [info] > git for-each-ref --format=%(refname)%00%(upstream:short)%00%(objectname)%00%(upstream:track)%00%(upstream:remotename)%00%(upstream:remoteref) refs/heads/main refs/remotes/main [1ms]
2023-07-08 00:51:24.448 [info] > git status -z -uall [72ms]
2023-07-08 00:56:24.459 [info] > git config --local branch.main.github-pr-owner-number [1ms]
2023-07-08 00:56:24.470 [info] > git config --get commit.template [5ms]
2023-07-08 00:56:24.470 [info] > git for-each-ref --format=%(refname)%00%(upstream:short)%00%(objectname)%00%(upstream:track)%00%(upstream:remotename)%00%(upstream:remoteref) refs/heads/main refs/remotes/main [1ms]
2023-07-08 00:56:24.545 [info] > git status -z -uall [70ms]
2023-07-08 00:59:09.203 [info] > git config --get commit.template [7ms]
2023-07-08 00:59:09.203 [info] > git for-each-ref --format=%(refname)%00%(upstream:short)%00%(objectname)%00%(upstream:track)%00%(upstream:remotename)%00%(upstream:remoteref) refs/heads/main refs/remotes/main [1ms]
2023-07-08 00:59:09.278 [info] > git status -z -uall [70ms]
2023-07-08 01:00:22.532 [info] > git config --get commit.template [9ms]
2023-07-08 01:00:22.533 [info] > git for-each-ref --format=%(refname)%00%(upstream:short)%00%(objectname)%00%(upstream:track)%00%(upstream:remotename)%00%(upstream:remoteref) refs/heads/main refs/remotes/main [1ms]
2023-07-08 01:00:22.614 [info] > git status -z -uall [70ms]
2023-07-08 01:00:46.161 [info] > git config --get commit.template [11ms]
2023-07-08 01:00:46.161 [info] > git for-each-ref --format=%(refname)%00%(upstream:short)%00%(objectname)%00%(upstream:track)%00%(upstream:remotename)%00%(upstream:remoteref) refs/heads/main refs/remotes/main [1ms]
2023-07-08 01:00:46.242 [info] > git status -z -uall [71ms]
2023-07-08 01:01:24.558 [info] > git config --local branch.main.github-pr-owner-number [1ms]
2023-07-08 01:01:24.569 [info] > git config --get commit.template [6ms]
2023-07-08 01:01:24.569 [info] > git for-each-ref --format=%(refname)%00%(upstream:short)%00%(objectname)%00%(upstream:track)%00%(upstream:remotename)%00%(upstream:remoteref) refs/heads/main refs/remotes/main [1ms]
2023-07-08 01:01:24.645 [info] > git status -z -uall [70ms]
2023-07-08 01:06:24.657 [info] > git config --local branch.main.github-pr-owner-number [1ms]
2023-07-08 01:06:24.668 [info] > git config --get commit.template [5ms]
2023-07-08 01:06:24.668 [info] > git for-each-ref --format=%(refname)%00%(upstream:short)%00%(objectname)%00%(upstream:track)%00%(upstream:remotename)%00%(upstream:remoteref) refs/heads/main refs/remotes/main [1ms]
2023-07-08 01:06:24.740 [info] > git status -z -uall [67ms]
2023-07-08 01:11:24.751 [info] > git config --local branch.main.github-pr-owner-number [1ms]
2023-07-08 01:11:24.768 [info] > git config --get commit.template [11ms]
2023-07-08 01:11:24.769 [info] > git for-each-ref --format=%(refname)%00%(upstream:short)%00%(objectname)%00%(upstream:track)%00%(upstream:remotename)%00%(upstream:remoteref) refs/heads/main refs/remotes/main [1ms]
2023-07-08 01:11:24.848 [info] > git status -z -uall [69ms]
2023-07-08 01:16:24.858 [info] > git config --local branch.main.github-pr-owner-number [1ms]
2023-07-08 01:16:24.868 [info] > git config --get commit.template [5ms]
2023-07-08 01:16:24.869 [info] > git for-each-ref --format=%(refname)%00%(upstream:short)%00%(objectname)%00%(upstream:track)%00%(upstream:remotename)%00%(upstream:remoteref) refs/heads/main refs/remotes/main [1ms]
2023-07-08 01:16:24.940 [info] > git status -z -uall [67ms]
2023-07-08 01:18:58.602 [info] > git show --textconv :booking/templates/success.html [11ms]
2023-07-08 01:18:58.602 [info] > git ls-files --stage -- /workspace/Afrik-kitchen/booking/templates/success.html [1ms]
2023-07-08 01:18:58.613 [info] > git cat-file -s 0ee68db5b845bfa4301d1610b965d9ca765b3720 [1ms]
2023-07-08 01:21:24.950 [info] > git config --local branch.main.github-pr-owner-number [1ms]
2023-07-08 01:21:24.960 [info] > git config --get commit.template [5ms]
2023-07-08 01:21:24.961 [info] > git for-each-ref --format=%(refname)%00%(upstream:short)%00%(objectname)%00%(upstream:track)%00%(upstream:remotename)%00%(upstream:remoteref) refs/heads/main refs/remotes/main [1ms]
2023-07-08 01:21:25.031 [info] > git status -z -uall [66ms]
2023-07-08 01:26:25.045 [info] > git config --local branch.main.github-pr-owner-number [0ms]
2023-07-08 01:26:25.059 [info] > git config --get commit.template [5ms]
2023-07-08 01:26:25.059 [info] > git for-each-ref --format=%(refname)%00%(upstream:short)%00%(objectname)%00%(upstream:track)%00%(upstream:remotename)%00%(upstream:remoteref) refs/heads/main refs/remotes/main [1ms]
2023-07-08 01:26:25.134 [info] > git status -z -uall [70ms]
2023-07-08 01:31:25.144 [info] > git config --local branch.main.github-pr-owner-number [1ms]
2023-07-08 01:31:25.155 [info] > git config --get commit.template [5ms]
2023-07-08 01:31:25.155 [info] > git for-each-ref --format=%(refname)%00%(upstream:short)%00%(objectname)%00%(upstream:track)%00%(upstream:remotename)%00%(upstream:remoteref) refs/heads/main refs/remotes/main [1ms]
2023-07-08 01:31:25.225 [info] > git status -z -uall [66ms]
2023-07-08 01:34:55.953 [info] > git config --get commit.template [6ms]
2023-07-08 01:34:55.953 [info] > git for-each-ref --format=%(refname)%00%(upstream:short)%00%(objectname)%00%(upstream:track)%00%(upstream:remotename)%00%(upstream:remoteref) refs/heads/main refs/remotes/main [2ms]
2023-07-08 01:34:56.024 [info] > git status -z -uall [67ms]
2023-07-08 01:35:23.262 [info] > git config --get commit.template [5ms]
2023-07-08 01:35:23.263 [info] > git for-each-ref --format=%(refname)%00%(upstream:short)%00%(objectname)%00%(upstream:track)%00%(upstream:remotename)%00%(upstream:remoteref) refs/heads/main refs/remotes/main [1ms]
2023-07-08 01:35:23.335 [info] > git status -z -uall [67ms]
2023-07-08 01:35:59.785 [info] > git config --get commit.template [6ms]
2023-07-08 01:35:59.785 [info] > git for-each-ref --format=%(refname)%00%(upstream:short)%00%(objectname)%00%(upstream:track)%00%(upstream:remotename)%00%(upstream:remoteref) refs/heads/main refs/remotes/main [1ms]
2023-07-08 01:35:59.855 [info] > git status -z -uall [65ms]
2023-07-08 01:36:25.236 [info] > git config --local branch.main.github-pr-owner-number [1ms]
2023-07-08 01:36:25.247 [info] > git config --get commit.template [5ms]
2023-07-08 01:36:25.247 [info] > git for-each-ref --format=%(refname)%00%(upstream:short)%00%(objectname)%00%(upstream:track)%00%(upstream:remotename)%00%(upstream:remoteref) refs/heads/main refs/remotes/main [1ms]
2023-07-08 01:36:25.317 [info] > git status -z -uall [65ms]
2023-07-08 01:37:57.823 [info] > git config --get commit.template [6ms]
2023-07-08 01:37:57.824 [info] > git for-each-ref --format=%(refname)%00%(upstream:short)%00%(objectname)%00%(upstream:track)%00%(upstream:remotename)%00%(upstream:remoteref) refs/heads/main refs/remotes/main [1ms]
2023-07-08 01:37:57.894 [info] > git status -z -uall [66ms]
2023-07-08 01:40:12.670 [info] > git show --textconv :booking/models.py [7ms]
2023-07-08 01:40:12.670 [info] > git ls-files --stage -- /workspace/Afrik-kitchen/booking/models.py [1ms]
2023-07-08 01:40:12.678 [info] > git cat-file -s d145e93a68383a3bab600f403ddef55df13fbb9e [1ms]
2023-07-08 01:41:25.332 [info] > git config --local branch.main.github-pr-owner-number [1ms]
2023-07-08 01:41:25.353 [info] > git config --get commit.template [11ms]
2023-07-08 01:41:25.353 [info] > git for-each-ref --format=%(refname)%00%(upstream:short)%00%(objectname)%00%(upstream:track)%00%(upstream:remotename)%00%(upstream:remoteref) refs/heads/main refs/remotes/main [1ms]
2023-07-08 01:41:25.429 [info] > git status -z -uall [66ms]
2023-07-08 01:42:12.115 [info] > git config --get commit.template [6ms]
2023-07-08 01:42:12.115 [info] > git for-each-ref --format=%(refname)%00%(upstream:short)%00%(objectname)%00%(upstream:track)%00%(upstream:remotename)%00%(upstream:remoteref) refs/heads/main refs/remotes/main [1ms]
2023-07-08 01:42:12.187 [info] > git status -z -uall [66ms]
2023-07-08 01:42:46.254 [info] > git config --get commit.template [5ms]
2023-07-08 01:42:46.254 [info] > git for-each-ref --format=%(refname)%00%(upstream:short)%00%(objectname)%00%(upstream:track)%00%(upstream:remotename)%00%(upstream:remoteref) refs/heads/main refs/remotes/main [1ms]
2023-07-08 01:42:46.327 [info] > git status -z -uall [68ms]
2023-07-08 01:46:25.441 [info] > git config --local branch.main.github-pr-owner-number [1ms]
2023-07-08 01:46:25.451 [info] > git config --get commit.template [5ms]
2023-07-08 01:46:25.452 [info] > git for-each-ref --format=%(refname)%00%(upstream:short)%00%(objectname)%00%(upstream:track)%00%(upstream:remotename)%00%(upstream:remoteref) refs/heads/main refs/remotes/main [1ms]
2023-07-08 01:46:25.523 [info] > git status -z -uall [67ms]
2023-07-08 01:48:14.247 [info] > git config --get commit.template [6ms]
2023-07-08 01:48:14.247 [info] > git for-each-ref --format=%(refname)%00%(upstream:short)%00%(objectname)%00%(upstream:track)%00%(upstream:remotename)%00%(upstream:remoteref) refs/heads/main refs/remotes/main [1ms]
2023-07-08 01:48:14.317 [info] > git status -z -uall [65ms]
2023-07-08 01:50:03.386 [info] > git show --textconv :booking/models.py [5ms]
2023-07-08 01:50:03.386 [info] > git ls-files --stage -- /workspace/Afrik-kitchen/booking/models.py [0ms]
2023-07-08 01:50:03.392 [info] > git cat-file -s d145e93a68383a3bab600f403ddef55df13fbb9e [1ms]
2023-07-08 01:51:25.534 [info] > git config --local branch.main.github-pr-owner-number [0ms]
2023-07-08 01:51:25.544 [info] > git config --get commit.template [5ms]
2023-07-08 01:51:25.545 [info] > git for-each-ref --format=%(refname)%00%(upstream:short)%00%(objectname)%00%(upstream:track)%00%(upstream:remotename)%00%(upstream:remoteref) refs/heads/main refs/remotes/main [1ms]
2023-07-08 01:51:25.615 [info] > git status -z -uall [65ms]
2023-07-08 01:52:17.080 [info] > git config --get commit.template [6ms]
2023-07-08 01:52:17.080 [info] > git for-each-ref --format=%(refname)%00%(upstream:short)%00%(objectname)%00%(upstream:track)%00%(upstream:remotename)%00%(upstream:remoteref) refs/heads/main refs/remotes/main [1ms]
2023-07-08 01:52:17.152 [info] > git status -z -uall [67ms]
2023-07-08 01:52:22.175 [info] > git config --get commit.template [10ms]
2023-07-08 01:52:22.176 [info] > git for-each-ref --format=%(refname)%00%(upstream:short)%00%(objectname)%00%(upstream:track)%00%(upstream:remotename)%00%(upstream:remoteref) refs/heads/main refs/remotes/main [1ms]
2023-07-08 01:52:22.251 [info] > git status -z -uall [66ms]
2023-07-08 01:53:11.991 [info] > git config --get commit.template [6ms]
2023-07-08 01:53:11.991 [info] > git for-each-ref --format=%(refname)%00%(upstream:short)%00%(objectname)%00%(upstream:track)%00%(upstream:remotename)%00%(upstream:remoteref) refs/heads/main refs/remotes/main [1ms]
2023-07-08 01:53:12.063 [info] > git status -z -uall [67ms]
2023-07-08 01:56:25.625 [info] > git config --local branch.main.github-pr-owner-number [1ms]
2023-07-08 01:56:25.636 [info] > git config --get commit.template [6ms]
2023-07-08 01:56:25.636 [info] > git for-each-ref --format=%(refname)%00%(upstream:short)%00%(objectname)%00%(upstream:track)%00%(upstream:remotename)%00%(upstream:remoteref) refs/heads/main refs/remotes/main [1ms]
2023-07-08 01:56:25.708 [info] > git status -z -uall [67ms]
2023-07-08 01:58:26.225 [info] > git config --get commit.template [1ms]
2023-07-08 01:58:26.233 [info] > git for-each-ref --format=%(refname)%00%(upstream:short)%00%(objectname)%00%(upstream:track)%00%(upstream:remotename)%00%(upstream:remoteref) refs/heads/main refs/remotes/main [2ms]
2023-07-08 01:58:26.422 [info] > git status -z -uall [182ms]
2023-07-08 01:59:31.988 [info] > git config --get commit.template [5ms]
2023-07-08 01:59:31.988 [info] > git for-each-ref --format=%(refname)%00%(upstream:short)%00%(objectname)%00%(upstream:track)%00%(upstream:remotename)%00%(upstream:remoteref) refs/heads/main refs/remotes/main [1ms]
2023-07-08 01:59:32.057 [info] > git status -z -uall [65ms]
2023-07-08 02:01:25.721 [info] > git config --local branch.main.github-pr-owner-number [1ms]
2023-07-08 02:01:25.732 [info] > git config --get commit.template [6ms]
2023-07-08 02:01:25.732 [info] > git for-each-ref --format=%(refname)%00%(upstream:short)%00%(objectname)%00%(upstream:track)%00%(upstream:remotename)%00%(upstream:remoteref) refs/heads/main refs/remotes/main [0ms]
2023-07-08 02:01:25.803 [info] > git status -z -uall [66ms]
2023-07-08 02:02:17.478 [info] > git config --get commit.template [10ms]
2023-07-08 02:02:17.478 [info] > git for-each-ref --format=%(refname)%00%(upstream:short)%00%(objectname)%00%(upstream:track)%00%(upstream:remotename)%00%(upstream:remoteref) refs/heads/main refs/remotes/main [1ms]
2023-07-08 02:02:17.556 [info] > git status -z -uall [68ms]
2023-07-08 02:04:57.524 [info] > git config --get commit.template [8ms]
2023-07-08 02:04:57.524 [info] > git for-each-ref --format=%(refname)%00%(upstream:short)%00%(objectname)%00%(upstream:track)%00%(upstream:remotename)%00%(upstream:remoteref) refs/heads/main refs/remotes/main [1ms]
2023-07-08 02:04:57.601 [info] > git status -z -uall [72ms]
2023-07-08 02:05:47.543 [info] > git config --get commit.template [6ms]
2023-07-08 02:05:47.543 [info] > git for-each-ref --format=%(refname)%00%(upstream:short)%00%(objectname)%00%(upstream:track)%00%(upstream:remotename)%00%(upstream:remoteref) refs/heads/main refs/remotes/main [1ms]
2023-07-08 02:05:47.616 [info] > git status -z -uall [68ms]
2023-07-08 02:06:25.814 [info] > git config --local branch.main.github-pr-owner-number [1ms]
2023-07-08 02:06:25.825 [info] > git config --get commit.template [6ms]
2023-07-08 02:06:25.826 [info] > git for-each-ref --format=%(refname)%00%(upstream:short)%00%(objectname)%00%(upstream:track)%00%(upstream:remotename)%00%(upstream:remoteref) refs/heads/main refs/remotes/main [0ms]
2023-07-08 02:06:25.902 [info] > git status -z -uall [72ms]
2023-07-08 02:10:46.212 [info] > git config --get commit.template [5ms]
2023-07-08 02:10:46.212 [info] > git for-each-ref --format=%(refname)%00%(upstream:short)%00%(objectname)%00%(upstream:track)%00%(upstream:remotename)%00%(upstream:remoteref) refs/heads/main refs/remotes/main [1ms]
2023-07-08 02:10:46.283 [info] > git status -z -uall [66ms]
2023-07-08 02:11:25.915 [info] > git config --local branch.main.github-pr-owner-number [0ms]
2023-07-08 02:11:25.925 [info] > git config --get commit.template [5ms]
2023-07-08 02:11:25.925 [info] > git for-each-ref --format=%(refname)%00%(upstream:short)%00%(objectname)%00%(upstream:track)%00%(upstream:remotename)%00%(upstream:remoteref) refs/heads/main refs/remotes/main [1ms]
2023-07-08 02:11:25.998 [info] > git status -z -uall [68ms]
2023-07-08 02:11:58.566 [info] > git config --get commit.template [6ms]
2023-07-08 02:11:58.567 [info] > git for-each-ref --format=%(refname)%00%(upstream:short)%00%(objectname)%00%(upstream:track)%00%(upstream:remotename)%00%(upstream:remoteref) refs/heads/main refs/remotes/main [1ms]
2023-07-08 02:11:58.638 [info] > git status -z -uall [66ms]
2023-07-08 02:12:48.676 [info] > git config --get commit.template [9ms]
2023-07-08 02:12:48.676 [info] > git for-each-ref --format=%(refname)%00%(upstream:short)%00%(objectname)%00%(upstream:track)%00%(upstream:remotename)%00%(upstream:remoteref) refs/heads/main refs/remotes/main [1ms]
2023-07-08 02:12:48.749 [info] > git status -z -uall [66ms]
2023-07-08 02:16:26.013 [info] > git config --local branch.main.github-pr-owner-number [1ms]
2023-07-08 02:16:26.033 [info] > git config --get commit.template [10ms]
2023-07-08 02:16:26.036 [info] > git for-each-ref --format=%(refname)%00%(upstream:short)%00%(objectname)%00%(upstream:track)%00%(upstream:remotename)%00%(upstream:remoteref) refs/heads/main refs/remotes/main [4ms]
2023-07-08 02:16:26.111 [info] > git status -z -uall [65ms]
2023-07-08 02:16:26.544 [info] > git show --textconv :booking/models.py [6ms]
2023-07-08 02:16:26.546 [info] > git ls-files --stage -- /workspace/Afrik-kitchen/booking/models.py [1ms]
2023-07-08 02:16:26.552 [info] > git cat-file -s d145e93a68383a3bab600f403ddef55df13fbb9e [1ms]
2023-07-08 02:18:27.812 [info] > git config --get commit.template [5ms]
2023-07-08 02:18:27.812 [info] > git for-each-ref --format=%(refname)%00%(upstream:short)%00%(objectname)%00%(upstream:track)%00%(upstream:remotename)%00%(upstream:remoteref) refs/heads/main refs/remotes/main [1ms]
2023-07-08 02:18:27.882 [info] > git status -z -uall [65ms]
2023-07-08 02:18:38.151 [info] > git config --get commit.template [6ms]
2023-07-08 02:18:38.151 [info] > git for-each-ref --format=%(refname)%00%(upstream:short)%00%(objectname)%00%(upstream:track)%00%(upstream:remotename)%00%(upstream:remoteref) refs/heads/main refs/remotes/main [1ms]
2023-07-08 02:18:38.223 [info] > git status -z -uall [67ms]
2023-07-08 02:19:18.121 [info] > git config --get commit.template [5ms]
2023-07-08 02:19:18.122 [info] > git for-each-ref --format=%(refname)%00%(upstream:short)%00%(objectname)%00%(upstream:track)%00%(upstream:remotename)%00%(upstream:remoteref) refs/heads/main refs/remotes/main [1ms]
2023-07-08 02:19:18.193 [info] > git status -z -uall [67ms]
2023-07-08 02:19:39.711 [info] > git show --textconv :booking/templates/booking_list.html [6ms]
2023-07-08 02:19:39.711 [info] > git ls-files --stage -- /workspace/Afrik-kitchen/booking/templates/booking_list.html [1ms]
2023-07-08 02:19:39.717 [info] > git cat-file -s b4e7fb562695f59618dadae39005be8117893a0f [1ms]
2023-07-08 02:19:53.997 [info] > git config --get commit.template [5ms]
2023-07-08 02:19:53.998 [info] > git for-each-ref --format=%(refname)%00%(upstream:short)%00%(objectname)%00%(upstream:track)%00%(upstream:remotename)%00%(upstream:remoteref) refs/heads/main refs/remotes/main [1ms]
2023-07-08 02:19:54.069 [info] > git status -z -uall [65ms]
2023-07-08 02:20:50.942 [info] > git config --get commit.template [6ms]
2023-07-08 02:20:50.942 [info] > git for-each-ref --format=%(refname)%00%(upstream:short)%00%(objectname)%00%(upstream:track)%00%(upstream:remotename)%00%(upstream:remoteref) refs/heads/main refs/remotes/main [1ms]
2023-07-08 02:20:51.013 [info] > git status -z -uall [66ms]
2023-07-08 02:21:26.122 [info] > git config --local branch.main.github-pr-owner-number [1ms]
2023-07-08 02:21:26.133 [info] > git config --get commit.template [6ms]
2023-07-08 02:21:26.133 [info] > git for-each-ref --format=%(refname)%00%(upstream:short)%00%(objectname)%00%(upstream:track)%00%(upstream:remotename)%00%(upstream:remoteref) refs/heads/main refs/remotes/main [1ms]
2023-07-08 02:21:26.203 [info] > git status -z -uall [65ms]
2023-07-08 02:22:52.706 [info] > git show --textconv :booking/templates/table_list.html [5ms]
2023-07-08 02:22:52.707 [info] > git ls-files --stage -- /workspace/Afrik-kitchen/booking/templates/table_list.html [1ms]
2023-07-08 02:22:52.712 [info] > git cat-file -s 78548c6724e4a4bea18cf33a5bc241b9ca0ed6e9 [1ms]
2023-07-08 02:25:06.629 [info] > git config --get commit.template [11ms]
2023-07-08 02:25:06.629 [info] > git for-each-ref --format=%(refname)%00%(upstream:short)%00%(objectname)%00%(upstream:track)%00%(upstream:remotename)%00%(upstream:remoteref) refs/heads/main refs/remotes/main [1ms]
2023-07-08 02:25:06.708 [info] > git status -z -uall [69ms]
2023-07-08 02:25:31.283 [info] > git config --get commit.template [7ms]
2023-07-08 02:25:31.283 [info] > git for-each-ref --format=%(refname)%00%(upstream:short)%00%(objectname)%00%(upstream:track)%00%(upstream:remotename)%00%(upstream:remoteref) refs/heads/main refs/remotes/main [1ms]
2023-07-08 02:25:31.359 [info] > git status -z -uall [71ms]
2023-07-08 02:26:26.216 [info] > git config --local branch.main.github-pr-owner-number [1ms]
2023-07-08 02:26:26.227 [info] > git config --get commit.template [5ms]
2023-07-08 02:26:26.228 [info] > git for-each-ref --format=%(refname)%00%(upstream:short)%00%(objectname)%00%(upstream:track)%00%(upstream:remotename)%00%(upstream:remoteref) refs/heads/main refs/remotes/main [1ms]
2023-07-08 02:26:26.299 [info] > git status -z -uall [67ms]
2023-07-08 02:27:27.263 [info] > git config --get commit.template [6ms]
2023-07-08 02:27:27.264 [info] > git for-each-ref --format=%(refname)%00%(upstream:short)%00%(objectname)%00%(upstream:track)%00%(upstream:remotename)%00%(upstream:remoteref) refs/heads/main refs/remotes/main [1ms]
2023-07-08 02:27:27.338 [info] > git status -z -uall [70ms]
2023-07-08 02:31:10.804 [info] > git show --textconv :booking/models.py [6ms]
2023-07-08 02:31:10.804 [info] > git ls-files --stage -- /workspace/Afrik-kitchen/booking/models.py [1ms]
2023-07-08 02:31:10.810 [info] > git cat-file -s d145e93a68383a3bab600f403ddef55df13fbb9e [1ms]
2023-07-08 02:31:26.312 [info] > git config --local branch.main.github-pr-owner-number [1ms]
2023-07-08 02:31:26.332 [info] > git config --get commit.template [10ms]
2023-07-08 02:31:26.333 [info] > git for-each-ref --format=%(refname)%00%(upstream:short)%00%(objectname)%00%(upstream:track)%00%(upstream:remotename)%00%(upstream:remoteref) refs/heads/main refs/remotes/main [1ms]
2023-07-08 02:31:26.408 [info] > git status -z -uall [66ms]
2023-07-08 02:33:42.605 [info] > git show --textconv :booking/templates/home_detail.html [11ms]
2023-07-08 02:33:42.606 [info] > git ls-files --stage -- /workspace/Afrik-kitchen/booking/templates/home_detail.html [1ms]
2023-07-08 02:33:42.617 [info] > git cat-file -s c46a64aa8ff84a2e71e71912db94dc9e4e513315 [1ms]
2023-07-08 02:34:23.931 [info] > git config --get commit.template [6ms]
2023-07-08 02:34:23.931 [info] > git for-each-ref --format=%(refname)%00%(upstream:short)%00%(objectname)%00%(upstream:track)%00%(upstream:remotename)%00%(upstream:remoteref) refs/heads/main refs/remotes/main [1ms]
2023-07-08 02:34:24.008 [info] > git status -z -uall [68ms]
2023-07-08 02:35:42.171 [info] > git config --get commit.template [9ms]
2023-07-08 02:35:42.172 [info] > git for-each-ref --format=%(refname)%00%(upstream:short)%00%(objectname)%00%(upstream:track)%00%(upstream:remotename)%00%(upstream:remoteref) refs/heads/main refs/remotes/main [1ms]
2023-07-08 02:35:42.242 [info] > git status -z -uall [65ms]
2023-07-08 02:36:26.421 [info] > git config --local branch.main.github-pr-owner-number [1ms]
2023-07-08 02:36:26.432 [info] > git config --get commit.template [5ms]
2023-07-08 02:36:26.433 [info] > git for-each-ref --format=%(refname)%00%(upstream:short)%00%(objectname)%00%(upstream:track)%00%(upstream:remotename)%00%(upstream:remoteref) refs/heads/main refs/remotes/main [1ms]
2023-07-08 02:36:26.503 [info] > git status -z -uall [66ms]
2023-07-08 02:37:09.443 [info] > git config --get commit.template [5ms]
2023-07-08 02:37:09.444 [info] > git for-each-ref --format=%(refname)%00%(upstream:short)%00%(objectname)%00%(upstream:track)%00%(upstream:remotename)%00%(upstream:remoteref) refs/heads/main refs/remotes/main [1ms]
2023-07-08 02:37:09.514 [info] > git status -z -uall [65ms]
2023-07-08 02:41:26.514 [info] > git config --local branch.main.github-pr-owner-number [1ms]
2023-07-08 02:41:26.526 [info] > git config --get commit.template [6ms]
2023-07-08 02:41:26.526 [info] > git for-each-ref --format=%(refname)%00%(upstream:short)%00%(objectname)%00%(upstream:track)%00%(upstream:remotename)%00%(upstream:remoteref) refs/heads/main refs/remotes/main [1ms]
2023-07-08 02:41:26.595 [info] > git status -z -uall [64ms]
2023-07-08 02:46:26.606 [info] > git config --local branch.main.github-pr-owner-number [1ms]
2023-07-08 02:46:26.617 [info] > git config --get commit.template [5ms]
2023-07-08 02:46:26.617 [info] > git for-each-ref --format=%(refname)%00%(upstream:short)%00%(objectname)%00%(upstream:track)%00%(upstream:remotename)%00%(upstream:remoteref) refs/heads/main refs/remotes/main [1ms]
2023-07-08 02:46:26.688 [info] > git status -z -uall [65ms]
2023-07-08 02:46:48.661 [info] > git config --get commit.template [5ms]
2023-07-08 02:46:48.661 [info] > git for-each-ref --format=%(refname)%00%(upstream:short)%00%(objectname)%00%(upstream:track)%00%(upstream:remotename)%00%(upstream:remoteref) refs/heads/main refs/remotes/main [1ms]
2023-07-08 02:46:48.732 [info] > git status -z -uall [65ms]
2023-07-08 02:47:43.330 [info] > git config --get commit.template [6ms]
2023-07-08 02:47:43.330 [info] > git for-each-ref --format=%(refname)%00%(upstream:short)%00%(objectname)%00%(upstream:track)%00%(upstream:remotename)%00%(upstream:remoteref) refs/heads/main refs/remotes/main [0ms]
2023-07-08 02:47:43.403 [info] > git status -z -uall [67ms]
2023-07-08 02:48:35.149 [info] > git config --get commit.template [6ms]
2023-07-08 02:48:35.149 [info] > git for-each-ref --format=%(refname)%00%(upstream:short)%00%(objectname)%00%(upstream:track)%00%(upstream:remotename)%00%(upstream:remoteref) refs/heads/main refs/remotes/main [1ms]
2023-07-08 02:48:35.220 [info] > git status -z -uall [66ms]
2023-07-08 02:50:34.444 [info] > git config --get commit.template [5ms]
2023-07-08 02:50:34.444 [info] > git for-each-ref --format=%(refname)%00%(upstream:short)%00%(objectname)%00%(upstream:track)%00%(upstream:remotename)%00%(upstream:remoteref) refs/heads/main refs/remotes/main [1ms]
2023-07-08 02:50:34.514 [info] > git status -z -uall [65ms]
2023-07-08 02:51:26.699 [info] > git config --local branch.main.github-pr-owner-number [1ms]
2023-07-08 02:51:26.711 [info] > git config --get commit.template [6ms]
2023-07-08 02:51:26.711 [info] > git for-each-ref --format=%(refname)%00%(upstream:short)%00%(objectname)%00%(upstream:track)%00%(upstream:remotename)%00%(upstream:remoteref) refs/heads/main refs/remotes/main [1ms]
2023-07-08 02:51:26.787 [info] > git status -z -uall [70ms]
2023-07-08 02:55:02.495 [info] > git config --get commit.template [7ms]
2023-07-08 02:55:02.495 [info] > git for-each-ref --format=%(refname)%00%(upstream:short)%00%(objectname)%00%(upstream:track)%00%(upstream:remotename)%00%(upstream:remoteref) refs/heads/main refs/remotes/main [1ms]
2023-07-08 02:55:02.567 [info] > git status -z -uall [66ms]
2023-07-08 02:56:24.017 [info] > git config --get commit.template [5ms]
2023-07-08 02:56:24.018 [info] > git for-each-ref --format=%(refname)%00%(upstream:short)%00%(objectname)%00%(upstream:track)%00%(upstream:remotename)%00%(upstream:remoteref) refs/heads/main refs/remotes/main [1ms]
2023-07-08 02:56:24.088 [info] > git status -z -uall [66ms]
2023-07-08 02:56:26.799 [info] > git config --local branch.main.github-pr-owner-number [1ms]
2023-07-08 02:56:26.810 [info] > git config --get commit.template [4ms]
2023-07-08 02:56:26.810 [info] > git for-each-ref --format=%(refname)%00%(upstream:short)%00%(objectname)%00%(upstream:track)%00%(upstream:remotename)%00%(upstream:remoteref) refs/heads/main refs/remotes/main [1ms]
2023-07-08 02:56:26.880 [info] > git status -z -uall [65ms]
2023-07-08 03:00:29.868 [info] > git config --get commit.template [5ms]
2023-07-08 03:00:29.868 [info] > git for-each-ref --format=%(refname)%00%(upstream:short)%00%(objectname)%00%(upstream:track)%00%(upstream:remotename)%00%(upstream:remoteref) refs/heads/main refs/remotes/main [1ms]
2023-07-08 03:00:29.938 [info] > git status -z -uall [65ms]
2023-07-08 03:01:26.891 [info] > git config --local branch.main.github-pr-owner-number [1ms]
2023-07-08 03:01:26.901 [info] > git config --get commit.template [5ms]
2023-07-08 03:01:26.902 [info] > git for-each-ref --format=%(refname)%00%(upstream:short)%00%(objectname)%00%(upstream:track)%00%(upstream:remotename)%00%(upstream:remoteref) refs/heads/main refs/remotes/main [1ms]
2023-07-08 03:01:26.982 [info] > git status -z -uall [72ms]
2023-07-08 03:03:14.616 [info] > git config --get commit.template [6ms]
2023-07-08 03:03:14.616 [info] > git for-each-ref --format=%(refname)%00%(upstream:short)%00%(objectname)%00%(upstream:track)%00%(upstream:remotename)%00%(upstream:remoteref) refs/heads/main refs/remotes/main [1ms]
2023-07-08 03:03:14.686 [info] > git status -z -uall [65ms]
2023-07-08 03:03:19.703 [info] > git config --get commit.template [6ms]
2023-07-08 03:03:19.703 [info] > git for-each-ref --format=%(refname)%00%(upstream:short)%00%(objectname)%00%(upstream:track)%00%(upstream:remotename)%00%(upstream:remoteref) refs/heads/main refs/remotes/main [1ms]
2023-07-08 03:03:19.773 [info] > git status -z -uall [65ms]
2023-07-08 03:04:10.962 [info] > git config --get commit.template [9ms]
2023-07-08 03:04:10.962 [info] > git for-each-ref --format=%(refname)%00%(upstream:short)%00%(objectname)%00%(upstream:track)%00%(upstream:remotename)%00%(upstream:remoteref) refs/heads/main refs/remotes/main [1ms]
2023-07-08 03:04:11.038 [info] > git status -z -uall [66ms]
2023-07-08 03:04:42.942 [info] > git config --get commit.template [6ms]
2023-07-08 03:04:42.942 [info] > git for-each-ref --format=%(refname)%00%(upstream:short)%00%(objectname)%00%(upstream:track)%00%(upstream:remotename)%00%(upstream:remoteref) refs/heads/main refs/remotes/main [1ms]
2023-07-08 03:04:43.012 [info] > git status -z -uall [65ms]
2023-07-08 03:05:28.676 [info] > git config --get commit.template [1ms]
2023-07-08 03:05:28.681 [info] > git for-each-ref --format=%(refname)%00%(upstream:short)%00%(objectname)%00%(upstream:track)%00%(upstream:remotename)%00%(upstream:remoteref) refs/heads/main refs/remotes/main [1ms]
2023-07-08 03:05:28.752 [info] > git status -z -uall [66ms]
2023-07-08 03:06:26.994 [info] > git config --local branch.main.github-pr-owner-number [1ms]
2023-07-08 03:06:27.005 [info] > git config --get commit.template [5ms]
2023-07-08 03:06:27.006 [info] > git for-each-ref --format=%(refname)%00%(upstream:short)%00%(objectname)%00%(upstream:track)%00%(upstream:remotename)%00%(upstream:remoteref) refs/heads/main refs/remotes/main [1ms]
2023-07-08 03:06:27.077 [info] > git status -z -uall [66ms]
2023-07-08 03:07:08.604 [info] > git config --get commit.template [6ms]
2023-07-08 03:07:08.605 [info] > git for-each-ref --format=%(refname)%00%(upstream:short)%00%(objectname)%00%(upstream:track)%00%(upstream:remotename)%00%(upstream:remoteref) refs/heads/main refs/remotes/main [2ms]
2023-07-08 03:07:08.676 [info] > git status -z -uall [67ms]
2023-07-08 03:11:15.598 [info] > git config --get commit.template [9ms]
2023-07-08 03:11:15.599 [info] > git for-each-ref --format=%(refname)%00%(upstream:short)%00%(objectname)%00%(upstream:track)%00%(upstream:remotename)%00%(upstream:remoteref) refs/heads/main refs/remotes/main [1ms]
2023-07-08 03:11:15.676 [info] > git status -z -uall [69ms]
2023-07-08 03:11:27.088 [info] > git config --local branch.main.github-pr-owner-number [1ms]
2023-07-08 03:11:27.099 [info] > git config --get commit.template [6ms]
2023-07-08 03:11:27.100 [info] > git for-each-ref --format=%(refname)%00%(upstream:short)%00%(objectname)%00%(upstream:track)%00%(upstream:remotename)%00%(upstream:remoteref) refs/heads/main refs/remotes/main [1ms]
2023-07-08 03:11:27.170 [info] > git status -z -uall [66ms]
2023-07-08 03:11:34.092 [info] > git config --get commit.template [1ms]
2023-07-08 03:11:34.098 [info] > git for-each-ref --format=%(refname)%00%(upstream:short)%00%(objectname)%00%(upstream:track)%00%(upstream:remotename)%00%(upstream:remoteref) refs/heads/main refs/remotes/main [1ms]
2023-07-08 03:11:34.172 [info] > git status -z -uall [68ms]
2023-07-08 03:16:27.180 [info] > git config --local branch.main.github-pr-owner-number [1ms]
2023-07-08 03:16:27.191 [info] > git config --get commit.template [6ms]
2023-07-08 03:16:27.191 [info] > git for-each-ref --format=%(refname)%00%(upstream:short)%00%(objectname)%00%(upstream:track)%00%(upstream:remotename)%00%(upstream:remoteref) refs/heads/main refs/remotes/main [1ms]
2023-07-08 03:16:27.262 [info] > git status -z -uall [66ms]
2023-07-08 03:21:27.273 [info] > git config --local branch.main.github-pr-owner-number [0ms]
2023-07-08 03:21:27.283 [info] > git config --get commit.template [5ms]
2023-07-08 03:21:27.284 [info] > git for-each-ref --format=%(refname)%00%(upstream:short)%00%(objectname)%00%(upstream:track)%00%(upstream:remotename)%00%(upstream:remoteref) refs/heads/main refs/remotes/main [1ms]
2023-07-08 03:21:27.356 [info] > git status -z -uall [67ms]
2023-07-08 03:26:27.367 [info] > git config --local branch.main.github-pr-owner-number [0ms]
2023-07-08 03:26:27.383 [info] > git config --get commit.template [7ms]
2023-07-08 03:26:27.384 [info] > git for-each-ref --format=%(refname)%00%(upstream:short)%00%(objectname)%00%(upstream:track)%00%(upstream:remotename)%00%(upstream:remoteref) refs/heads/main refs/remotes/main [1ms]
2023-07-08 03:26:27.464 [info] > git status -z -uall [72ms]
2023-07-08 03:31:27.475 [info] > git config --local branch.main.github-pr-owner-number [1ms]
2023-07-08 03:31:27.486 [info] > git config --get commit.template [5ms]
2023-07-08 03:31:27.486 [info] > git for-each-ref --format=%(refname)%00%(upstream:short)%00%(objectname)%00%(upstream:track)%00%(upstream:remotename)%00%(upstream:remoteref) refs/heads/main refs/remotes/main [1ms]
2023-07-08 03:31:27.559 [info] > git status -z -uall [68ms]
2023-07-08 03:36:27.572 [info] > git config --local branch.main.github-pr-owner-number [1ms]
2023-07-08 03:36:27.579 [info] > git config --get commit.template [1ms]
2023-07-08 03:36:27.585 [info] > git for-each-ref --format=%(refname)%00%(upstream:short)%00%(objectname)%00%(upstream:track)%00%(upstream:remotename)%00%(upstream:remoteref) refs/heads/main refs/remotes/main [1ms]
2023-07-08 03:36:27.655 [info] > git status -z -uall [65ms]
2023-07-08 03:41:27.665 [info] > git config --local branch.main.github-pr-owner-number [1ms]
2023-07-08 03:41:27.675 [info] > git config --get commit.template [5ms]
2023-07-08 03:41:27.676 [info] > git for-each-ref --format=%(refname)%00%(upstream:short)%00%(objectname)%00%(upstream:track)%00%(upstream:remotename)%00%(upstream:remoteref) refs/heads/main refs/remotes/main [1ms]
2023-07-08 03:41:27.746 [info] > git status -z -uall [66ms]
2023-07-08 03:46:27.757 [info] > git config --local branch.main.github-pr-owner-number [1ms]
2023-07-08 03:46:27.771 [info] > git config --get commit.template [9ms]
2023-07-08 03:46:27.771 [info] > git for-each-ref --format=%(refname)%00%(upstream:short)%00%(objectname)%00%(upstream:track)%00%(upstream:remotename)%00%(upstream:remoteref) refs/heads/main refs/remotes/main [1ms]
2023-07-08 03:46:27.845 [info] > git status -z -uall [65ms]
2023-07-08 03:51:27.854 [info] > git config --local branch.main.github-pr-owner-number [1ms]
2023-07-08 03:51:27.864 [info] > git config --get commit.template [5ms]
2023-07-08 03:51:27.865 [info] > git for-each-ref --format=%(refname)%00%(upstream:short)%00%(objectname)%00%(upstream:track)%00%(upstream:remotename)%00%(upstream:remoteref) refs/heads/main refs/remotes/main [1ms]
2023-07-08 03:51:27.937 [info] > git status -z -uall [68ms]
2023-07-08 03:56:27.950 [info] > git config --local branch.main.github-pr-owner-number [1ms]
2023-07-08 03:56:27.970 [info] > git config --get commit.template [10ms]
2023-07-08 03:56:27.971 [info] > git for-each-ref --format=%(refname)%00%(upstream:short)%00%(objectname)%00%(upstream:track)%00%(upstream:remotename)%00%(upstream:remoteref) refs/heads/main refs/remotes/main [1ms]
2023-07-08 03:56:28.046 [info] > git status -z -uall [66ms]
2023-07-08 04:01:28.057 [info] > git config --local branch.main.github-pr-owner-number [1ms]
2023-07-08 04:01:28.067 [info] > git config --get commit.template [5ms]
2023-07-08 04:01:28.068 [info] > git for-each-ref --format=%(refname)%00%(upstream:short)%00%(objectname)%00%(upstream:track)%00%(upstream:remotename)%00%(upstream:remoteref) refs/heads/main refs/remotes/main [1ms]
2023-07-08 04:01:28.138 [info] > git status -z -uall [66ms]
2023-07-08 04:06:28.148 [info] > git config --local branch.main.github-pr-owner-number [1ms]
2023-07-08 04:06:28.159 [info] > git config --get commit.template [5ms]
2023-07-08 04:06:28.160 [info] > git for-each-ref --format=%(refname)%00%(upstream:short)%00%(objectname)%00%(upstream:track)%00%(upstream:remotename)%00%(upstream:remoteref) refs/heads/main refs/remotes/main [1ms]
2023-07-08 04:06:28.230 [info] > git status -z -uall [66ms]
2023-07-08 04:11:28.240 [info] > git config --local branch.main.github-pr-owner-number [1ms]
2023-07-08 04:11:28.246 [info] > git config --get commit.template [1ms]
2023-07-08 04:11:28.252 [info] > git for-each-ref --format=%(refname)%00%(upstream:short)%00%(objectname)%00%(upstream:track)%00%(upstream:remotename)%00%(upstream:remoteref) refs/heads/main refs/remotes/main [1ms]
2023-07-08 04:11:28.322 [info] > git status -z -uall [65ms]
2023-07-08 04:16:28.332 [info] > git config --local branch.main.github-pr-owner-number [1ms]
2023-07-08 04:16:28.342 [info] > git config --get commit.template [5ms]
2023-07-08 04:16:28.343 [info] > git for-each-ref --format=%(refname)%00%(upstream:short)%00%(objectname)%00%(upstream:track)%00%(upstream:remotename)%00%(upstream:remoteref) refs/heads/main refs/remotes/main [1ms]
2023-07-08 04:16:28.414 [info] > git status -z -uall [65ms]
2023-07-08 04:21:28.424 [info] > git config --local branch.main.github-pr-owner-number [1ms]
2023-07-08 04:21:28.435 [info] > git config --get commit.template [5ms]
2023-07-08 04:21:28.435 [info] > git for-each-ref --format=%(refname)%00%(upstream:short)%00%(objectname)%00%(upstream:track)%00%(upstream:remotename)%00%(upstream:remoteref) refs/heads/main refs/remotes/main [1ms]
2023-07-08 04:21:28.508 [info] > git status -z -uall [68ms]
