2023-07-10 20:18:32.355 [info] Log level: Info
2023-07-10 20:18:32.355 [info] Validating found git in: "git"
2023-07-10 20:18:32.355 [info] Using git "2.40.0" from "git"
2023-07-10 20:18:32.355 [info] > git rev-parse --show-toplevel [10ms]
2023-07-10 20:18:32.355 [info] > git rev-parse --git-dir --git-common-dir [4ms]
2023-07-10 20:18:32.355 [info] Open repository: /workspace/Afrik-kitchen
2023-07-10 20:18:32.355 [info] > git rev-parse --show-toplevel [11ms]
2023-07-10 20:18:32.355 [info] > git config --get commit.template [14ms]
2023-07-10 20:18:32.355 [info] > git rev-parse --show-toplevel [6ms]
2023-07-10 20:18:32.355 [info] > git rev-parse --show-toplevel [10ms]
2023-07-10 20:18:32.355 [info] > git for-each-ref --format=%(refname)%00%(upstream:short)%00%(objectname)%00%(upstream:track)%00%(upstream:remotename)%00%(upstream:remoteref) refs/heads/main refs/remotes/main [10ms]
2023-07-10 20:18:32.355 [info] > git rev-parse --show-toplevel [10ms]
2023-07-10 20:18:32.355 [info] > git rev-parse --show-toplevel [6ms]
2023-07-10 20:18:32.355 [info] > git rev-parse --show-toplevel [1ms]
2023-07-10 20:18:32.355 [info] > git rev-parse --show-toplevel [11ms]
2023-07-10 20:18:32.355 [info] > git rev-parse --show-toplevel [1ms]
2023-07-10 20:18:32.355 [info] > git rev-parse --show-toplevel [1ms]
2023-07-10 20:18:32.355 [info] > git status -z -uall [84ms]
2023-07-10 20:18:32.355 [info] > git rev-parse --show-toplevel [15ms]
2023-07-10 20:18:32.355 [info] > git config --get commit.template [8ms]
2023-07-10 20:18:32.355 [info] > git rev-parse --show-toplevel [58ms]
2023-07-10 20:18:32.355 [info] > git for-each-ref --format=%(refname)%00%(upstream:short)%00%(objectname)%00%(upstream:track)%00%(upstream:remotename)%00%(upstream:remoteref) refs/heads/main refs/remotes/main [4ms]
2023-07-10 20:18:32.403 [info] > git status -z -uall [85ms]
2023-07-10 20:18:32.989 [info] > git check-ignore -v -z --stdin [2ms]
2023-07-10 20:18:33.637 [info] > git show --textconv :home/templates/home/index.html [11ms]
2023-07-10 20:18:33.638 [info] > git ls-files --stage -- /workspace/Afrik-kitchen/home/templates/home/index.html [2ms]
2023-07-10 20:18:33.648 [info] > git cat-file -s 56fbd85db308c710e886b59ff94604f86616f015 [2ms]
2023-07-10 20:18:34.264 [info] > git config --local branch.main.github-pr-owner-number [13ms]
2023-07-10 20:18:34.285 [info] > git config --get commit.template [5ms]
2023-07-10 20:18:34.354 [info] > git for-each-ref --format=%(refname)%00%(upstream:short)%00%(objectname)%00%(upstream:track)%00%(upstream:remotename)%00%(upstream:remoteref) refs/heads/main refs/remotes/main [62ms]
2023-07-10 20:18:34.563 [info] > git status -z -uall [202ms]
2023-07-10 20:18:34.976 [info] > git check-ignore -v -z --stdin [14ms]
2023-07-10 20:20:21.641 [info] > git config --get commit.template [11ms]
2023-07-10 20:20:21.641 [info] > git for-each-ref --format=%(refname)%00%(upstream:short)%00%(objectname)%00%(upstream:track)%00%(upstream:remotename)%00%(upstream:remoteref) refs/heads/main refs/remotes/main [1ms]
2023-07-10 20:20:21.734 [info] > git status -z -uall [80ms]
2023-07-10 20:21:45.073 [info] > git check-ignore -v -z --stdin [2ms]
2023-07-10 20:21:47.733 [info] > git check-ignore -v -z --stdin [1ms]
2023-07-10 20:21:49.152 [info] > git show --textconv :static/css/style.css [49ms]
2023-07-10 20:21:49.166 [info] > git ls-files --stage -- /workspace/Afrik-kitchen/static/css/style.css [16ms]
2023-07-10 20:21:49.177 [info] > git cat-file -s 292cfb821556d8cf1c839bb72ae20378ea7ef12d [2ms]
2023-07-10 20:22:22.867 [info] > git config --get commit.template [7ms]
2023-07-10 20:22:22.867 [info] > git for-each-ref --format=%(refname)%00%(upstream:short)%00%(objectname)%00%(upstream:track)%00%(upstream:remotename)%00%(upstream:remoteref) refs/heads/main refs/remotes/main [1ms]
2023-07-10 20:22:22.952 [info] > git status -z -uall [74ms]
2023-07-10 20:23:34.069 [info] > git config --local branch.main.github-pr-owner-number [1ms]
2023-07-10 20:23:34.083 [info] > git config --get commit.template [7ms]
2023-07-10 20:23:34.083 [info] > git for-each-ref --format=%(refname)%00%(upstream:short)%00%(objectname)%00%(upstream:track)%00%(upstream:remotename)%00%(upstream:remoteref) refs/heads/main refs/remotes/main [1ms]
2023-07-10 20:23:34.163 [info] > git status -z -uall [74ms]
2023-07-10 20:23:50.116 [info] > git config --get commit.template [8ms]
2023-07-10 20:23:50.117 [info] > git for-each-ref --format=%(refname)%00%(upstream:short)%00%(objectname)%00%(upstream:track)%00%(upstream:remotename)%00%(upstream:remoteref) refs/heads/main refs/remotes/main [2ms]
2023-07-10 20:23:50.198 [info] > git status -z -uall [76ms]
2023-07-10 20:28:34.175 [info] > git config --local branch.main.github-pr-owner-number [1ms]
2023-07-10 20:28:34.190 [info] > git config --get commit.template [7ms]
2023-07-10 20:28:34.190 [info] > git for-each-ref --format=%(refname)%00%(upstream:short)%00%(objectname)%00%(upstream:track)%00%(upstream:remotename)%00%(upstream:remoteref) refs/heads/main refs/remotes/main [1ms]
2023-07-10 20:28:34.270 [info] > git status -z -uall [74ms]
2023-07-10 20:28:40.712 [info] > git config --get commit.template [11ms]
2023-07-10 20:28:40.713 [info] > git for-each-ref --format=%(refname)%00%(upstream:short)%00%(objectname)%00%(upstream:track)%00%(upstream:remotename)%00%(upstream:remoteref) refs/heads/main refs/remotes/main [1ms]
2023-07-10 20:28:40.798 [info] > git status -z -uall [74ms]
2023-07-10 20:29:49.490 [info] > git check-ignore -v -z --stdin [1ms]
2023-07-10 20:30:02.439 [info] > git show --textconv :static/css/booking_list.css [10ms]
2023-07-10 20:30:02.440 [info] > git ls-files --stage -- /workspace/Afrik-kitchen/static/css/booking_list.css [2ms]
2023-07-10 20:30:02.452 [info] > git cat-file -s 0b30c3146812077791f31c6e269c754a89ac7945 [1ms]
2023-07-10 20:31:13.038 [info] > git check-ignore -v -z --stdin [2ms]
2023-07-10 20:31:16.077 [info] > git check-ignore -v -z --stdin [1ms]
2023-07-10 20:31:17.262 [info] > git show --textconv :TEMPLATES_DIR/includes/nav.html [7ms]
2023-07-10 20:31:17.264 [info] > git ls-files --stage -- /workspace/Afrik-kitchen/TEMPLATES_DIR/includes/nav.html [1ms]
2023-07-10 20:31:17.276 [info] > git cat-file -s 435f17dad61f9ab78a3cb15c55ddd25af4c0cc7d [1ms]
2023-07-10 20:32:20.905 [info] > git show --textconv :TEMPLATES_DIR/403.html [11ms]
2023-07-10 20:32:20.907 [info] > git ls-files --stage -- /workspace/Afrik-kitchen/TEMPLATES_DIR/403.html [1ms]
2023-07-10 20:32:20.915 [info] > git cat-file -s b154fb13c838210bfa3780ae36035279cab263de [1ms]
2023-07-10 20:32:22.899 [info] > git show --textconv :TEMPLATES_DIR/404.html [12ms]
2023-07-10 20:32:22.900 [info] > git ls-files --stage -- /workspace/Afrik-kitchen/TEMPLATES_DIR/404.html [1ms]
2023-07-10 20:32:22.913 [info] > git cat-file -s 639c32583e7570f8e320aad644c5d13204573bb4 [2ms]
2023-07-10 20:33:34.286 [info] > git config --local branch.main.github-pr-owner-number [1ms]
2023-07-10 20:33:34.305 [info] > git config --get commit.template [7ms]
2023-07-10 20:33:34.306 [info] > git for-each-ref --format=%(refname)%00%(upstream:short)%00%(objectname)%00%(upstream:track)%00%(upstream:remotename)%00%(upstream:remoteref) refs/heads/main refs/remotes/main [2ms]
2023-07-10 20:33:34.386 [info] > git status -z -uall [75ms]
2023-07-10 20:34:41.065 [info] > git show --textconv :TEMPLATES_DIR/base.html [14ms]
2023-07-10 20:34:41.066 [info] > git ls-files --stage -- /workspace/Afrik-kitchen/TEMPLATES_DIR/base.html [1ms]
2023-07-10 20:34:41.079 [info] > git cat-file -s cc1de4be22508af95a0c94991e67cfbc49531ceb [1ms]
2023-07-10 20:35:24.382 [info] > git config --get commit.template [8ms]
2023-07-10 20:35:24.383 [info] > git for-each-ref --format=%(refname)%00%(upstream:short)%00%(objectname)%00%(upstream:track)%00%(upstream:remotename)%00%(upstream:remoteref) refs/heads/main refs/remotes/main [1ms]
2023-07-10 20:35:24.461 [info] > git status -z -uall [72ms]
2023-07-10 20:36:17.906 [info] > git config --get commit.template [6ms]
2023-07-10 20:36:17.907 [info] > git for-each-ref --format=%(refname)%00%(upstream:short)%00%(objectname)%00%(upstream:track)%00%(upstream:remotename)%00%(upstream:remoteref) refs/heads/main refs/remotes/main [1ms]
2023-07-10 20:36:17.991 [info] > git status -z -uall [79ms]
2023-07-10 20:38:34.402 [info] > git config --local branch.main.github-pr-owner-number [2ms]
2023-07-10 20:38:34.414 [info] > git config --get commit.template [1ms]
2023-07-10 20:38:34.427 [info] > git for-each-ref --format=%(refname)%00%(upstream:short)%00%(objectname)%00%(upstream:track)%00%(upstream:remotename)%00%(upstream:remoteref) refs/heads/main refs/remotes/main [2ms]
2023-07-10 20:38:34.515 [info] > git status -z -uall [76ms]
2023-07-10 20:41:36.979 [info] > git config --get commit.template [8ms]
2023-07-10 20:41:36.979 [info] > git for-each-ref --format=%(refname)%00%(upstream:short)%00%(objectname)%00%(upstream:track)%00%(upstream:remotename)%00%(upstream:remoteref) refs/heads/main refs/remotes/main [1ms]
2023-07-10 20:41:37.063 [info] > git status -z -uall [73ms]
2023-07-10 20:42:29.806 [info] > git config --get commit.template [8ms]
2023-07-10 20:42:29.807 [info] > git for-each-ref --format=%(refname)%00%(upstream:short)%00%(objectname)%00%(upstream:track)%00%(upstream:remotename)%00%(upstream:remoteref) refs/heads/main refs/remotes/main [1ms]
2023-07-10 20:42:29.886 [info] > git status -z -uall [74ms]
2023-07-10 20:43:34.528 [info] > git config --local branch.main.github-pr-owner-number [1ms]
2023-07-10 20:43:34.551 [info] > git config --get commit.template [11ms]
2023-07-10 20:43:34.551 [info] > git for-each-ref --format=%(refname)%00%(upstream:short)%00%(objectname)%00%(upstream:track)%00%(upstream:remotename)%00%(upstream:remoteref) refs/heads/main refs/remotes/main [1ms]
2023-07-10 20:43:34.629 [info] > git status -z -uall [73ms]
2023-07-10 20:43:53.742 [info] > git config --get commit.template [8ms]
2023-07-10 20:43:53.742 [info] > git for-each-ref --format=%(refname)%00%(upstream:short)%00%(objectname)%00%(upstream:track)%00%(upstream:remotename)%00%(upstream:remoteref) refs/heads/main refs/remotes/main [1ms]
2023-07-10 20:43:53.823 [info] > git status -z -uall [75ms]
2023-07-10 20:47:43.031 [info] > git config --get commit.template [8ms]
2023-07-10 20:47:43.031 [info] > git for-each-ref --format=%(refname)%00%(upstream:short)%00%(objectname)%00%(upstream:track)%00%(upstream:remotename)%00%(upstream:remoteref) refs/heads/main refs/remotes/main [1ms]
2023-07-10 20:47:43.115 [info] > git status -z -uall [72ms]
2023-07-10 20:47:56.689 [info] > git config --get commit.template [11ms]
2023-07-10 20:47:56.689 [info] > git for-each-ref --format=%(refname)%00%(upstream:short)%00%(objectname)%00%(upstream:track)%00%(upstream:remotename)%00%(upstream:remoteref) refs/heads/main refs/remotes/main [1ms]
2023-07-10 20:47:56.776 [info] > git status -z -uall [75ms]
2023-07-10 20:48:34.644 [info] > git config --local branch.main.github-pr-owner-number [1ms]
2023-07-10 20:48:34.662 [info] > git config --get commit.template [11ms]
2023-07-10 20:48:34.664 [info] > git for-each-ref --format=%(refname)%00%(upstream:short)%00%(objectname)%00%(upstream:track)%00%(upstream:remotename)%00%(upstream:remoteref) refs/heads/main refs/remotes/main [3ms]
2023-07-10 20:48:34.748 [info] > git status -z -uall [73ms]
2023-07-10 20:48:53.172 [info] > git config --get commit.template [13ms]
2023-07-10 20:48:53.172 [info] > git for-each-ref --format=%(refname)%00%(upstream:short)%00%(objectname)%00%(upstream:track)%00%(upstream:remotename)%00%(upstream:remoteref) refs/heads/main refs/remotes/main [1ms]
2023-07-10 20:48:53.258 [info] > git status -z -uall [75ms]
2023-07-10 20:53:29.337 [info] > git config --get commit.template [12ms]
2023-07-10 20:53:29.338 [info] > git for-each-ref --format=%(refname)%00%(upstream:short)%00%(objectname)%00%(upstream:track)%00%(upstream:remotename)%00%(upstream:remoteref) refs/heads/main refs/remotes/main [1ms]
2023-07-10 20:53:29.353 [info] > git status -z -uall [2ms]
2023-07-10 20:53:29.487 [info] > git ls-files --stage -- /workspace/Afrik-kitchen/TEMPLATES_DIR/base.html [5ms]
2023-07-10 20:53:29.499 [info] > git ls-files --stage -- /workspace/Afrik-kitchen/static/css/style.css [29ms]
2023-07-10 20:53:29.510 [info] > git ls-files --stage -- /workspace/Afrik-kitchen/home/templates/home/index.html [50ms]
2023-07-10 20:53:29.521 [info] > git cat-file -s 292cfb821556d8cf1c839bb72ae20378ea7ef12d [12ms]
2023-07-10 20:53:29.521 [info] > git cat-file -s cc1de4be22508af95a0c94991e67cfbc49531ceb [23ms]
2023-07-10 20:53:29.522 [info] > git cat-file -s 56fbd85db308c710e886b59ff94604f86616f015 [2ms]
2023-07-10 20:53:29.583 [info] > git show --textconv :static/css/style.css [18ms]
2023-07-10 20:53:29.583 [info] > git show --textconv :TEMPLATES_DIR/base.html [10ms]
2023-07-10 20:53:29.584 [info] > git show --textconv :home/templates/home/index.html [2ms]
2023-07-10 20:53:34.764 [info] > git config --local branch.main.github-pr-owner-number [1ms]
2023-07-10 20:53:34.787 [info] > git config --get commit.template [12ms]
2023-07-10 20:53:34.787 [info] > git for-each-ref --format=%(refname)%00%(upstream:short)%00%(objectname)%00%(upstream:track)%00%(upstream:remotename)%00%(upstream:remoteref) refs/heads/main refs/remotes/main [1ms]
2023-07-10 20:53:34.800 [info] > git status -z -uall [2ms]
2023-07-10 20:53:56.265 [info] > git config --get commit.template [12ms]
2023-07-10 20:53:56.266 [info] > git for-each-ref --format=%(refname)%00%(upstream:short)%00%(objectname)%00%(upstream:track)%00%(upstream:remotename)%00%(upstream:remoteref) refs/heads/main refs/remotes/main [1ms]
2023-07-10 20:53:56.279 [info] > git status -z -uall [2ms]
2023-07-10 20:53:56.425 [info] > git ls-files --stage -- /workspace/Afrik-kitchen/static/css/style.css [12ms]
2023-07-10 20:53:56.436 [info] > git ls-files --stage -- /workspace/Afrik-kitchen/home/templates/home/index.html [33ms]
2023-07-10 20:53:56.449 [info] > git cat-file -s fe110ae3e85761d75f6ab28786bac8cd27f45d9a [12ms]
2023-07-10 20:53:56.449 [info] > git ls-files --stage -- /workspace/Afrik-kitchen/TEMPLATES_DIR/base.html [25ms]
2023-07-10 20:53:56.461 [info] > git cat-file -s e830c7e30aa0b4c02be87dcae504c25409f9c447 [13ms]
2023-07-10 20:53:56.462 [info] > git cat-file -s 2d3516affaa84fbacd1380dfc43d4517aa5690dc [2ms]
2023-07-10 20:53:56.537 [info] > git show --textconv :static/css/style.css [24ms]
2023-07-10 20:53:56.538 [info] > git show --textconv :home/templates/home/index.html [12ms]
2023-07-10 20:53:56.538 [info] > git show --textconv :TEMPLATES_DIR/base.html [1ms]
2023-07-10 20:54:58.059 [info] > git config --get commit.template [8ms]
2023-07-10 20:54:58.059 [info] > git for-each-ref --format=%(refname)%00%(upstream:short)%00%(objectname)%00%(upstream:track)%00%(upstream:remotename)%00%(upstream:remoteref) refs/heads/main refs/remotes/main [1ms]
2023-07-10 20:54:58.066 [info] > git status -z -uall [2ms]
2023-07-10 20:54:58.180 [info] > git config --local branch.main.github-pr-owner-number [1ms]
2023-07-10 20:54:58.205 [info] > git ls-files --stage -- /workspace/Afrik-kitchen/TEMPLATES_DIR/base.html [2ms]
2023-07-10 20:54:58.215 [info] > git ls-files --stage -- /workspace/Afrik-kitchen/static/css/style.css [17ms]
2023-07-10 20:54:58.224 [info] > git ls-files --stage -- /workspace/Afrik-kitchen/home/templates/home/index.html [31ms]
2023-07-10 20:54:58.230 [info] > git config --get commit.template [43ms]
2023-07-10 20:54:58.240 [info] > git cat-file -s fe110ae3e85761d75f6ab28786bac8cd27f45d9a [15ms]
2023-07-10 20:54:58.240 [info] > git cat-file -s 2d3516affaa84fbacd1380dfc43d4517aa5690dc [25ms]
2023-07-10 20:54:58.241 [info] > git cat-file -s e830c7e30aa0b4c02be87dcae504c25409f9c447 [11ms]
2023-07-10 20:54:58.241 [info] > git for-each-ref --format=%(refname)%00%(upstream:short)%00%(objectname)%00%(upstream:track)%00%(upstream:remotename)%00%(upstream:remoteref) refs/heads/main refs/remotes/main [2ms]
2023-07-10 20:54:58.254 [info] > git status -z -uall [2ms]
2023-07-10 20:54:58.301 [info] > git show --textconv :static/css/style.css [8ms]
2023-07-10 20:54:58.301 [info] > git show --textconv :TEMPLATES_DIR/base.html [2ms]
2023-07-10 20:54:58.308 [info] > git show --textconv :home/templates/home/index.html [1ms]
2023-07-10 20:55:05.239 [info] > git config --get commit.template [1ms]
2023-07-10 20:55:05.245 [info] > git for-each-ref --format=%(refname)%00%(upstream:short)%00%(objectname)%00%(upstream:track)%00%(upstream:remotename)%00%(upstream:remoteref) refs/heads/main refs/remotes/main [1ms]
2023-07-10 20:55:05.252 [info] > git status -z -uall [1ms]
2023-07-10 20:55:05.304 [info] > git config --local branch.main.github-pr-owner-number [1ms]
2023-07-10 20:55:05.315 [info] > git config --get commit.template [5ms]
2023-07-10 20:55:05.316 [info] > git for-each-ref --format=%(refname)%00%(upstream:short)%00%(objectname)%00%(upstream:track)%00%(upstream:remotename)%00%(upstream:remoteref) refs/heads/main refs/remotes/main [1ms]
2023-07-10 20:55:05.322 [info] > git status -z -uall [2ms]
2023-07-10 20:55:05.401 [info] > git ls-files --stage -- /workspace/Afrik-kitchen/static/css/style.css [12ms]
2023-07-10 20:55:05.412 [info] > git ls-files --stage -- /workspace/Afrik-kitchen/home/templates/home/index.html [34ms]
2023-07-10 20:55:05.425 [info] > git cat-file -s fe110ae3e85761d75f6ab28786bac8cd27f45d9a [13ms]
2023-07-10 20:55:05.425 [info] > git ls-files --stage -- /workspace/Afrik-kitchen/TEMPLATES_DIR/base.html [24ms]
2023-07-10 20:55:05.437 [info] > git cat-file -s e830c7e30aa0b4c02be87dcae504c25409f9c447 [14ms]
2023-07-10 20:55:05.437 [info] > git cat-file -s 2d3516affaa84fbacd1380dfc43d4517aa5690dc [1ms]
2023-07-10 20:55:05.490 [info] > git show --textconv :static/css/style.css [13ms]
2023-07-10 20:55:05.490 [info] > git show --textconv :home/templates/home/index.html [6ms]
2023-07-10 20:55:05.491 [info] > git show --textconv :TEMPLATES_DIR/base.html [1ms]
2023-07-10 20:58:34.814 [info] > git config --local branch.main.github-pr-owner-number [1ms]
2023-07-10 20:58:34.835 [info] > git config --get commit.template [11ms]
2023-07-10 20:58:34.835 [info] > git for-each-ref --format=%(refname)%00%(upstream:short)%00%(objectname)%00%(upstream:track)%00%(upstream:remotename)%00%(upstream:remoteref) refs/heads/main refs/remotes/main [1ms]
2023-07-10 20:58:34.849 [info] > git status -z -uall [2ms]
2023-07-10 21:03:34.864 [info] > git config --local branch.main.github-pr-owner-number [1ms]
2023-07-10 21:03:34.889 [info] > git config --get commit.template [12ms]
2023-07-10 21:03:34.889 [info] > git for-each-ref --format=%(refname)%00%(upstream:short)%00%(objectname)%00%(upstream:track)%00%(upstream:remotename)%00%(upstream:remoteref) refs/heads/main refs/remotes/main [1ms]
2023-07-10 21:03:34.904 [info] > git status -z -uall [2ms]
2023-07-10 21:08:34.918 [info] > git config --local branch.main.github-pr-owner-number [2ms]
2023-07-10 21:08:34.941 [info] > git config --get commit.template [11ms]
2023-07-10 21:08:34.942 [info] > git for-each-ref --format=%(refname)%00%(upstream:short)%00%(objectname)%00%(upstream:track)%00%(upstream:remotename)%00%(upstream:remoteref) refs/heads/main refs/remotes/main [1ms]
2023-07-10 21:08:34.955 [info] > git status -z -uall [2ms]
2023-07-10 21:13:34.969 [info] > git config --local branch.main.github-pr-owner-number [1ms]
2023-07-10 21:13:34.992 [info] > git config --get commit.template [11ms]
2023-07-10 21:13:34.992 [info] > git for-each-ref --format=%(refname)%00%(upstream:short)%00%(objectname)%00%(upstream:track)%00%(upstream:remotename)%00%(upstream:remoteref) refs/heads/main refs/remotes/main [1ms]
2023-07-10 21:13:35.005 [info] > git status -z -uall [2ms]
2023-07-10 21:18:35.019 [info] > git config --local branch.main.github-pr-owner-number [1ms]
2023-07-10 21:18:35.040 [info] > git config --get commit.template [9ms]
2023-07-10 21:18:35.041 [info] > git for-each-ref --format=%(refname)%00%(upstream:short)%00%(objectname)%00%(upstream:track)%00%(upstream:remotename)%00%(upstream:remoteref) refs/heads/main refs/remotes/main [1ms]
2023-07-10 21:18:35.048 [info] > git status -z -uall [1ms]
2023-07-10 21:19:54.115 [info] > git check-ignore -v -z --stdin [1ms]
2023-07-10 21:19:55.304 [info] > git show --textconv :static/js/script.js [12ms]
2023-07-10 21:19:55.305 [info] > git ls-files --stage -- /workspace/Afrik-kitchen/static/js/script.js [1ms]
2023-07-10 21:19:55.317 [info] > git cat-file -s bfa1f461143f199cd78c4ecca9b441bba0e0579f [1ms]
2023-07-10 21:20:40.870 [info] > git config --get commit.template [7ms]
2023-07-10 21:20:40.871 [info] > git for-each-ref --format=%(refname)%00%(upstream:short)%00%(objectname)%00%(upstream:track)%00%(upstream:remotename)%00%(upstream:remoteref) refs/heads/main refs/remotes/main [2ms]
2023-07-10 21:20:40.878 [info] > git status -z -uall [2ms]
2023-07-10 21:20:55.291 [info] > git config --get commit.template [12ms]
2023-07-10 21:20:55.291 [info] > git for-each-ref --format=%(refname)%00%(upstream:short)%00%(objectname)%00%(upstream:track)%00%(upstream:remotename)%00%(upstream:remoteref) refs/heads/main refs/remotes/main [1ms]
2023-07-10 21:20:55.305 [info] > git status -z -uall [2ms]
2023-07-10 21:21:09.802 [info] > git config --get commit.template [13ms]
2023-07-10 21:21:09.802 [info] > git for-each-ref --format=%(refname)%00%(upstream:short)%00%(objectname)%00%(upstream:track)%00%(upstream:remotename)%00%(upstream:remoteref) refs/heads/main refs/remotes/main [1ms]
2023-07-10 21:21:09.817 [info] > git status -z -uall [3ms]
2023-07-10 21:23:35.062 [info] > git config --local branch.main.github-pr-owner-number [1ms]
2023-07-10 21:23:35.088 [info] > git config --get commit.template [12ms]
2023-07-10 21:23:35.088 [info] > git for-each-ref --format=%(refname)%00%(upstream:short)%00%(objectname)%00%(upstream:track)%00%(upstream:remotename)%00%(upstream:remoteref) refs/heads/main refs/remotes/main [1ms]
2023-07-10 21:23:35.102 [info] > git status -z -uall [2ms]
2023-07-10 21:24:05.564 [info] > git config --get commit.template [15ms]
2023-07-10 21:24:05.564 [info] > git for-each-ref --format=%(refname)%00%(upstream:short)%00%(objectname)%00%(upstream:track)%00%(upstream:remotename)%00%(upstream:remoteref) refs/heads/main refs/remotes/main [1ms]
2023-07-10 21:24:05.578 [info] > git status -z -uall [2ms]
2023-07-10 21:28:35.117 [info] > git config --local branch.main.github-pr-owner-number [1ms]
2023-07-10 21:28:35.141 [info] > git config --get commit.template [12ms]
2023-07-10 21:28:35.141 [info] > git for-each-ref --format=%(refname)%00%(upstream:short)%00%(objectname)%00%(upstream:track)%00%(upstream:remotename)%00%(upstream:remoteref) refs/heads/main refs/remotes/main [1ms]
2023-07-10 21:28:35.155 [info] > git status -z -uall [2ms]
2023-07-10 21:33:35.167 [info] > git config --local branch.main.github-pr-owner-number [1ms]
2023-07-10 21:33:35.180 [info] > git config --get commit.template [6ms]
2023-07-10 21:33:35.181 [info] > git for-each-ref --format=%(refname)%00%(upstream:short)%00%(objectname)%00%(upstream:track)%00%(upstream:remotename)%00%(upstream:remoteref) refs/heads/main refs/remotes/main [1ms]
2023-07-10 21:33:35.188 [info] > git status -z -uall [2ms]
2023-07-10 21:38:35.201 [info] > git config --local branch.main.github-pr-owner-number [1ms]
2023-07-10 21:38:35.213 [info] > git config --get commit.template [1ms]
2023-07-10 21:38:35.225 [info] > git for-each-ref --format=%(refname)%00%(upstream:short)%00%(objectname)%00%(upstream:track)%00%(upstream:remotename)%00%(upstream:remoteref) refs/heads/main refs/remotes/main [1ms]
2023-07-10 21:38:35.238 [info] > git status -z -uall [2ms]
2023-07-10 21:40:26.316 [info] > git config --get commit.template [12ms]
2023-07-10 21:40:26.316 [info] > git for-each-ref --format=%(refname)%00%(upstream:short)%00%(objectname)%00%(upstream:track)%00%(upstream:remotename)%00%(upstream:remoteref) refs/heads/main refs/remotes/main [1ms]
2023-07-10 21:40:26.329 [info] > git status -z -uall [2ms]
2023-07-10 21:43:21.093 [info] > git config --get commit.template [11ms]
2023-07-10 21:43:21.094 [info] > git for-each-ref --format=%(refname)%00%(upstream:short)%00%(objectname)%00%(upstream:track)%00%(upstream:remotename)%00%(upstream:remoteref) refs/heads/main refs/remotes/main [2ms]
2023-07-10 21:43:21.146 [info] > git status -z -uall [2ms]
2023-07-10 21:43:35.252 [info] > git config --local branch.main.github-pr-owner-number [1ms]
2023-07-10 21:43:35.278 [info] > git config --get commit.template [14ms]
2023-07-10 21:43:35.278 [info] > git for-each-ref --format=%(refname)%00%(upstream:short)%00%(objectname)%00%(upstream:track)%00%(upstream:remotename)%00%(upstream:remoteref) refs/heads/main refs/remotes/main [2ms]
2023-07-10 21:43:35.289 [info] > git status -z -uall [2ms]
2023-07-10 21:48:25.950 [info] > git show --textconv :static/css/table_detail.css [8ms]
2023-07-10 21:48:25.950 [info] > git ls-files --stage -- /workspace/Afrik-kitchen/static/css/table_detail.css [1ms]
2023-07-10 21:48:25.957 [info] > git cat-file -s 20e5722b8aa17c1094d13b9d4942259ebd5a2cd6 [1ms]
2023-07-10 21:48:28.095 [info] > git show --textconv :static/css/table_list.css [11ms]
2023-07-10 21:48:28.096 [info] > git ls-files --stage -- /workspace/Afrik-kitchen/static/css/table_list.css [1ms]
2023-07-10 21:48:28.108 [info] > git cat-file -s 4efc3b93c8733fc0aedaf732d4a305175a9b0cf0 [1ms]
2023-07-10 21:48:35.303 [info] > git config --local branch.main.github-pr-owner-number [1ms]
2023-07-10 21:48:35.328 [info] > git config --get commit.template [12ms]
2023-07-10 21:48:35.328 [info] > git for-each-ref --format=%(refname)%00%(upstream:short)%00%(objectname)%00%(upstream:track)%00%(upstream:remotename)%00%(upstream:remoteref) refs/heads/main refs/remotes/main [1ms]
2023-07-10 21:48:35.342 [info] > git status -z -uall [2ms]
2023-07-10 21:49:34.839 [info] > git check-ignore -v -z --stdin [1ms]
2023-07-10 21:49:48.175 [info] > git check-ignore -v -z --stdin [1ms]
2023-07-10 21:49:50.378 [info] > git check-ignore -v -z --stdin [1ms]
2023-07-10 21:50:57.228 [info] > git check-ignore -v -z --stdin [1ms]
2023-07-10 21:51:23.355 [info] > git check-ignore -v -z --stdin [3ms]
2023-07-10 21:51:25.520 [info] > git check-ignore -v -z --stdin [1ms]
2023-07-10 21:51:28.757 [info] > git show --textconv :view_menu/static/menu/js/script.js [8ms]
2023-07-10 21:51:28.758 [info] > git ls-files --stage -- /workspace/Afrik-kitchen/view_menu/static/menu/js/script.js [1ms]
2023-07-10 21:51:28.765 [info] > git cat-file -s 9814f76db0b3d04e0b309a0bdb9f523ae1954175 [1ms]
2023-07-10 21:53:35.356 [info] > git config --local branch.main.github-pr-owner-number [1ms]
2023-07-10 21:53:35.380 [info] > git config --get commit.template [13ms]
2023-07-10 21:53:35.380 [info] > git for-each-ref --format=%(refname)%00%(upstream:short)%00%(objectname)%00%(upstream:track)%00%(upstream:remotename)%00%(upstream:remoteref) refs/heads/main refs/remotes/main [2ms]
2023-07-10 21:53:35.394 [info] > git status -z -uall [2ms]
2023-07-10 21:54:22.016 [info] > git show --textconv :TEMPLATES_DIR/includes/nav.html [7ms]
2023-07-10 21:54:22.017 [info] > git ls-files --stage -- /workspace/Afrik-kitchen/TEMPLATES_DIR/includes/nav.html [1ms]
2023-07-10 21:54:22.023 [info] > git cat-file -s 435f17dad61f9ab78a3cb15c55ddd25af4c0cc7d [1ms]
2023-07-10 21:55:11.472 [info] > git config --get commit.template [12ms]
2023-07-10 21:55:11.472 [info] > git for-each-ref --format=%(refname)%00%(upstream:short)%00%(objectname)%00%(upstream:track)%00%(upstream:remotename)%00%(upstream:remoteref) refs/heads/main refs/remotes/main [1ms]
2023-07-10 21:55:11.485 [info] > git status -z -uall [2ms]
2023-07-10 21:58:35.409 [info] > git config --local branch.main.github-pr-owner-number [2ms]
2023-07-10 21:58:35.432 [info] > git config --get commit.template [12ms]
2023-07-10 21:58:35.432 [info] > git for-each-ref --format=%(refname)%00%(upstream:short)%00%(objectname)%00%(upstream:track)%00%(upstream:remotename)%00%(upstream:remoteref) refs/heads/main refs/remotes/main [1ms]
2023-07-10 21:58:35.445 [info] > git status -z -uall [2ms]
2023-07-10 22:03:35.459 [info] > git config --local branch.main.github-pr-owner-number [1ms]
2023-07-10 22:03:35.480 [info] > git config --get commit.template [8ms]
2023-07-10 22:03:35.480 [info] > git for-each-ref --format=%(refname)%00%(upstream:short)%00%(objectname)%00%(upstream:track)%00%(upstream:remotename)%00%(upstream:remoteref) refs/heads/main refs/remotes/main [1ms]
2023-07-10 22:03:35.495 [info] > git status -z -uall [3ms]
2023-07-10 22:05:32.931 [info] > git config --get commit.template [11ms]
2023-07-10 22:05:32.931 [info] > git for-each-ref --format=%(refname)%00%(upstream:short)%00%(objectname)%00%(upstream:track)%00%(upstream:remotename)%00%(upstream:remoteref) refs/heads/main refs/remotes/main [1ms]
2023-07-10 22:05:32.944 [info] > git status -z -uall [2ms]
2023-07-10 22:05:59.871 [info] > git config --get commit.template [12ms]
2023-07-10 22:05:59.872 [info] > git for-each-ref --format=%(refname)%00%(upstream:short)%00%(objectname)%00%(upstream:track)%00%(upstream:remotename)%00%(upstream:remoteref) refs/heads/main refs/remotes/main [1ms]
2023-07-10 22:05:59.884 [info] > git status -z -uall [1ms]
2023-07-10 22:08:35.509 [info] > git config --local branch.main.github-pr-owner-number [1ms]
2023-07-10 22:08:35.533 [info] > git config --get commit.template [12ms]
2023-07-10 22:08:35.534 [info] > git for-each-ref --format=%(refname)%00%(upstream:short)%00%(objectname)%00%(upstream:track)%00%(upstream:remotename)%00%(upstream:remoteref) refs/heads/main refs/remotes/main [2ms]
2023-07-10 22:08:35.549 [info] > git status -z -uall [2ms]
2023-07-10 22:13:35.563 [info] > git config --local branch.main.github-pr-owner-number [1ms]
2023-07-10 22:13:35.576 [info] > git config --get commit.template [6ms]
2023-07-10 22:13:35.577 [info] > git for-each-ref --format=%(refname)%00%(upstream:short)%00%(objectname)%00%(upstream:track)%00%(upstream:remotename)%00%(upstream:remoteref) refs/heads/main refs/remotes/main [1ms]
2023-07-10 22:13:35.583 [info] > git status -z -uall [2ms]
2023-07-10 22:18:35.595 [info] > git config --local branch.main.github-pr-owner-number [1ms]
2023-07-10 22:18:35.607 [info] > git config --get commit.template [5ms]
2023-07-10 22:18:35.608 [info] > git for-each-ref --format=%(refname)%00%(upstream:short)%00%(objectname)%00%(upstream:track)%00%(upstream:remotename)%00%(upstream:remoteref) refs/heads/main refs/remotes/main [1ms]
2023-07-10 22:18:35.615 [info] > git status -z -uall [2ms]
2023-07-10 22:19:51.755 [info] > git config --get commit.template [11ms]
2023-07-10 22:19:51.756 [info] > git for-each-ref --format=%(refname)%00%(upstream:short)%00%(objectname)%00%(upstream:track)%00%(upstream:remotename)%00%(upstream:remoteref) refs/heads/main refs/remotes/main [1ms]
2023-07-10 22:19:51.769 [info] > git status -z -uall [2ms]
2023-07-10 22:20:08.205 [info] > git config --get commit.template [7ms]
2023-07-10 22:20:08.205 [info] > git for-each-ref --format=%(refname)%00%(upstream:short)%00%(objectname)%00%(upstream:track)%00%(upstream:remotename)%00%(upstream:remoteref) refs/heads/main refs/remotes/main [1ms]
2023-07-10 22:20:08.212 [info] > git status -z -uall [1ms]
2023-07-10 22:23:35.628 [info] > git config --local branch.main.github-pr-owner-number [1ms]
2023-07-10 22:23:35.639 [info] > git config --get commit.template [1ms]
2023-07-10 22:23:35.651 [info] > git for-each-ref --format=%(refname)%00%(upstream:short)%00%(objectname)%00%(upstream:track)%00%(upstream:remotename)%00%(upstream:remoteref) refs/heads/main refs/remotes/main [1ms]
2023-07-10 22:23:35.664 [info] > git status -z -uall [2ms]
2023-07-10 22:24:12.792 [info] > git config --get commit.template [12ms]
2023-07-10 22:24:12.793 [info] > git for-each-ref --format=%(refname)%00%(upstream:short)%00%(objectname)%00%(upstream:track)%00%(upstream:remotename)%00%(upstream:remoteref) refs/heads/main refs/remotes/main [1ms]
2023-07-10 22:24:12.807 [info] > git status -z -uall [2ms]
2023-07-10 22:28:35.678 [info] > git config --local branch.main.github-pr-owner-number [1ms]
2023-07-10 22:28:35.700 [info] > git config --get commit.template [11ms]
2023-07-10 22:28:35.700 [info] > git for-each-ref --format=%(refname)%00%(upstream:short)%00%(objectname)%00%(upstream:track)%00%(upstream:remotename)%00%(upstream:remoteref) refs/heads/main refs/remotes/main [1ms]
2023-07-10 22:28:35.713 [info] > git status -z -uall [2ms]
2023-07-10 22:33:35.726 [info] > git config --local branch.main.github-pr-owner-number [1ms]
2023-07-10 22:33:35.739 [info] > git config --get commit.template [6ms]
2023-07-10 22:33:35.740 [info] > git for-each-ref --format=%(refname)%00%(upstream:short)%00%(objectname)%00%(upstream:track)%00%(upstream:remotename)%00%(upstream:remoteref) refs/heads/main refs/remotes/main [2ms]
2023-07-10 22:33:35.747 [info] > git status -z -uall [2ms]
2023-07-10 22:38:35.760 [info] > git config --local branch.main.github-pr-owner-number [1ms]
2023-07-10 22:38:35.778 [info] > git config --get commit.template [11ms]
2023-07-10 22:38:35.779 [info] > git for-each-ref --format=%(refname)%00%(upstream:short)%00%(objectname)%00%(upstream:track)%00%(upstream:remotename)%00%(upstream:remoteref) refs/heads/main refs/remotes/main [2ms]
2023-07-10 22:38:35.830 [info] > git status -z -uall [40ms]
2023-07-10 22:40:20.787 [info] > git config --get commit.template [8ms]
2023-07-10 22:40:20.788 [info] > git for-each-ref --format=%(refname)%00%(upstream:short)%00%(objectname)%00%(upstream:track)%00%(upstream:remotename)%00%(upstream:remoteref) refs/heads/main refs/remotes/main [2ms]
2023-07-10 22:40:20.795 [info] > git status -z -uall [2ms]
2023-07-10 22:42:37.509 [info] > git config --get commit.template [2ms]
2023-07-10 22:42:37.515 [info] > git for-each-ref --format=%(refname)%00%(upstream:short)%00%(objectname)%00%(upstream:track)%00%(upstream:remotename)%00%(upstream:remoteref) refs/heads/main refs/remotes/main [1ms]
2023-07-10 22:42:37.526 [info] > git status -z -uall [2ms]
2023-07-10 22:43:23.946 [info] > git config --get commit.template [11ms]
2023-07-10 22:43:23.946 [info] > git for-each-ref --format=%(refname)%00%(upstream:short)%00%(objectname)%00%(upstream:track)%00%(upstream:remotename)%00%(upstream:remoteref) refs/heads/main refs/remotes/main [1ms]
2023-07-10 22:43:23.958 [info] > git status -z -uall [2ms]
2023-07-10 22:43:35.844 [info] > git config --local branch.main.github-pr-owner-number [1ms]
2023-07-10 22:43:35.863 [info] > git config --get commit.template [11ms]
2023-07-10 22:43:35.863 [info] > git for-each-ref --format=%(refname)%00%(upstream:short)%00%(objectname)%00%(upstream:track)%00%(upstream:remotename)%00%(upstream:remoteref) refs/heads/main refs/remotes/main [1ms]
2023-07-10 22:43:35.873 [info] > git status -z -uall [2ms]
2023-07-10 22:45:25.217 [info] > git config --get commit.template [1ms]
2023-07-10 22:45:25.230 [info] > git for-each-ref --format=%(refname)%00%(upstream:short)%00%(objectname)%00%(upstream:track)%00%(upstream:remotename)%00%(upstream:remoteref) refs/heads/main refs/remotes/main [1ms]
2023-07-10 22:45:25.244 [info] > git status -z -uall [2ms]
2023-07-10 22:48:32.408 [info] > git config --get commit.template [6ms]
2023-07-10 22:48:32.409 [info] > git for-each-ref --format=%(refname)%00%(upstream:short)%00%(objectname)%00%(upstream:track)%00%(upstream:remotename)%00%(upstream:remoteref) refs/heads/main refs/remotes/main [1ms]
2023-07-10 22:48:32.422 [info] > git status -z -uall [2ms]
2023-07-10 22:48:35.887 [info] > git config --local branch.main.github-pr-owner-number [1ms]
2023-07-10 22:48:35.910 [info] > git config --get commit.template [11ms]
2023-07-10 22:48:35.911 [info] > git for-each-ref --format=%(refname)%00%(upstream:short)%00%(objectname)%00%(upstream:track)%00%(upstream:remotename)%00%(upstream:remoteref) refs/heads/main refs/remotes/main [1ms]
2023-07-10 22:48:35.924 [info] > git status -z -uall [2ms]
2023-07-10 22:53:35.937 [info] > git config --local branch.main.github-pr-owner-number [1ms]
2023-07-10 22:53:35.950 [info] > git config --get commit.template [6ms]
2023-07-10 22:53:35.951 [info] > git for-each-ref --format=%(refname)%00%(upstream:short)%00%(objectname)%00%(upstream:track)%00%(upstream:remotename)%00%(upstream:remoteref) refs/heads/main refs/remotes/main [1ms]
2023-07-10 22:53:35.957 [info] > git status -z -uall [1ms]
2023-07-10 22:57:47.135 [info] > git config --get commit.template [6ms]
2023-07-10 22:57:47.136 [info] > git for-each-ref --format=%(refname)%00%(upstream:short)%00%(objectname)%00%(upstream:track)%00%(upstream:remotename)%00%(upstream:remoteref) refs/heads/main refs/remotes/main [2ms]
2023-07-10 22:57:47.147 [info] > git status -z -uall [2ms]
2023-07-10 22:58:35.969 [info] > git config --local branch.main.github-pr-owner-number [2ms]
2023-07-10 22:58:35.982 [info] > git config --get commit.template [7ms]
2023-07-10 22:58:35.982 [info] > git for-each-ref --format=%(refname)%00%(upstream:short)%00%(objectname)%00%(upstream:track)%00%(upstream:remotename)%00%(upstream:remoteref) refs/heads/main refs/remotes/main [1ms]
2023-07-10 22:58:35.989 [info] > git status -z -uall [2ms]
2023-07-10 23:00:04.074 [info] > git config --get commit.template [7ms]
2023-07-10 23:00:04.075 [info] > git for-each-ref --format=%(refname)%00%(upstream:short)%00%(objectname)%00%(upstream:track)%00%(upstream:remotename)%00%(upstream:remoteref) refs/heads/main refs/remotes/main [2ms]
2023-07-10 23:00:04.081 [info] > git status -z -uall [1ms]
2023-07-10 23:03:36.002 [info] > git config --local branch.main.github-pr-owner-number [1ms]
2023-07-10 23:03:36.015 [info] > git config --get commit.template [1ms]
2023-07-10 23:03:36.027 [info] > git for-each-ref --format=%(refname)%00%(upstream:short)%00%(objectname)%00%(upstream:track)%00%(upstream:remotename)%00%(upstream:remoteref) refs/heads/main refs/remotes/main [1ms]
2023-07-10 23:03:36.039 [info] > git status -z -uall [1ms]
2023-07-10 23:05:52.907 [info] > git config --get commit.template [12ms]
2023-07-10 23:05:52.908 [info] > git for-each-ref --format=%(refname)%00%(upstream:short)%00%(objectname)%00%(upstream:track)%00%(upstream:remotename)%00%(upstream:remoteref) refs/heads/main refs/remotes/main [1ms]
2023-07-10 23:05:52.919 [info] > git status -z -uall [2ms]
2023-07-10 23:05:57.943 [info] > git config --get commit.template [11ms]
2023-07-10 23:05:57.943 [info] > git for-each-ref --format=%(refname)%00%(upstream:short)%00%(objectname)%00%(upstream:track)%00%(upstream:remotename)%00%(upstream:remoteref) refs/heads/main refs/remotes/main [1ms]
2023-07-10 23:05:57.955 [info] > git status -z -uall [1ms]
2023-07-10 23:08:36.052 [info] > git config --local branch.main.github-pr-owner-number [1ms]
2023-07-10 23:08:36.064 [info] > git config --get commit.template [5ms]
2023-07-10 23:08:36.065 [info] > git for-each-ref --format=%(refname)%00%(upstream:short)%00%(objectname)%00%(upstream:track)%00%(upstream:remotename)%00%(upstream:remoteref) refs/heads/main refs/remotes/main [1ms]
2023-07-10 23:08:36.071 [info] > git status -z -uall [2ms]
2023-07-10 23:13:36.083 [info] > git config --local branch.main.github-pr-owner-number [1ms]
2023-07-10 23:13:36.098 [info] > git config --get commit.template [9ms]
2023-07-10 23:13:36.099 [info] > git for-each-ref --format=%(refname)%00%(upstream:short)%00%(objectname)%00%(upstream:track)%00%(upstream:remotename)%00%(upstream:remoteref) refs/heads/main refs/remotes/main [1ms]
2023-07-10 23:13:36.111 [info] > git status -z -uall [2ms]
2023-07-10 23:14:12.411 [info] > git show --textconv :home/admin.py [14ms]
2023-07-10 23:14:12.412 [info] > git ls-files --stage -- /workspace/Afrik-kitchen/home/admin.py [4ms]
2023-07-10 23:14:12.458 [info] > git cat-file -s 8c38f3f3dad51e4585f3984282c2a4bec5349c1e [3ms]
2023-07-10 23:14:51.005 [info] > git config --get commit.template [12ms]
2023-07-10 23:14:51.006 [info] > git for-each-ref --format=%(refname)%00%(upstream:short)%00%(objectname)%00%(upstream:track)%00%(upstream:remotename)%00%(upstream:remoteref) refs/heads/main refs/remotes/main [2ms]
2023-07-10 23:14:51.019 [info] > git status -z -uall [2ms]
2023-07-10 23:15:34.031 [info] > git config --get commit.template [12ms]
2023-07-10 23:15:34.032 [info] > git for-each-ref --format=%(refname)%00%(upstream:short)%00%(objectname)%00%(upstream:track)%00%(upstream:remotename)%00%(upstream:remoteref) refs/heads/main refs/remotes/main [1ms]
2023-07-10 23:15:34.044 [info] > git status -z -uall [2ms]
2023-07-10 23:18:36.124 [info] > git config --local branch.main.github-pr-owner-number [1ms]
2023-07-10 23:18:36.144 [info] > git config --get commit.template [13ms]
2023-07-10 23:18:36.144 [info] > git for-each-ref --format=%(refname)%00%(upstream:short)%00%(objectname)%00%(upstream:track)%00%(upstream:remotename)%00%(upstream:remoteref) refs/heads/main refs/remotes/main [1ms]
2023-07-10 23:18:36.157 [info] > git status -z -uall [2ms]
2023-07-10 23:18:46.859 [info] > git config --get commit.template [11ms]
2023-07-10 23:18:46.860 [info] > git for-each-ref --format=%(refname)%00%(upstream:short)%00%(objectname)%00%(upstream:track)%00%(upstream:remotename)%00%(upstream:remoteref) refs/heads/main refs/remotes/main [1ms]
2023-07-10 23:18:46.873 [info] > git status -z -uall [2ms]
2023-07-10 23:23:36.171 [info] > git config --local branch.main.github-pr-owner-number [1ms]
2023-07-10 23:23:36.194 [info] > git config --get commit.template [11ms]
2023-07-10 23:23:36.195 [info] > git for-each-ref --format=%(refname)%00%(upstream:short)%00%(objectname)%00%(upstream:track)%00%(upstream:remotename)%00%(upstream:remoteref) refs/heads/main refs/remotes/main [1ms]
2023-07-10 23:23:36.208 [info] > git status -z -uall [2ms]
2023-07-10 23:26:48.429 [info] > git config --get commit.template [12ms]
2023-07-10 23:26:48.430 [info] > git for-each-ref --format=%(refname)%00%(upstream:short)%00%(objectname)%00%(upstream:track)%00%(upstream:remotename)%00%(upstream:remoteref) refs/heads/main refs/remotes/main [2ms]
2023-07-10 23:26:48.443 [info] > git status -z -uall [2ms]
2023-07-10 23:28:36.223 [info] > git config --local branch.main.github-pr-owner-number [1ms]
2023-07-10 23:28:36.236 [info] > git config --get commit.template [1ms]
2023-07-10 23:28:36.248 [info] > git for-each-ref --format=%(refname)%00%(upstream:short)%00%(objectname)%00%(upstream:track)%00%(upstream:remotename)%00%(upstream:remoteref) refs/heads/main refs/remotes/main [1ms]
2023-07-10 23:28:36.261 [info] > git status -z -uall [2ms]
2023-07-10 23:29:00.152 [info] > git config --get commit.template [7ms]
2023-07-10 23:29:00.153 [info] > git for-each-ref --format=%(refname)%00%(upstream:short)%00%(objectname)%00%(upstream:track)%00%(upstream:remotename)%00%(upstream:remoteref) refs/heads/main refs/remotes/main [2ms]
2023-07-10 23:29:00.164 [info] > git status -z -uall [2ms]
2023-07-10 23:29:46.564 [info] > git config --get commit.template [5ms]
2023-07-10 23:29:46.565 [info] > git for-each-ref --format=%(refname)%00%(upstream:short)%00%(objectname)%00%(upstream:track)%00%(upstream:remotename)%00%(upstream:remoteref) refs/heads/main refs/remotes/main [1ms]
2023-07-10 23:29:46.571 [info] > git status -z -uall [2ms]
2023-07-10 23:33:36.275 [info] > git config --local branch.main.github-pr-owner-number [2ms]
2023-07-10 23:33:36.298 [info] > git config --get commit.template [9ms]
2023-07-10 23:33:36.298 [info] > git for-each-ref --format=%(refname)%00%(upstream:short)%00%(objectname)%00%(upstream:track)%00%(upstream:remotename)%00%(upstream:remoteref) refs/heads/main refs/remotes/main [1ms]
2023-07-10 23:33:36.310 [info] > git status -z -uall [2ms]
2023-07-10 23:38:36.326 [info] > git config --local branch.main.github-pr-owner-number [1ms]
2023-07-10 23:38:36.349 [info] > git config --get commit.template [12ms]
2023-07-10 23:38:36.350 [info] > git for-each-ref --format=%(refname)%00%(upstream:short)%00%(objectname)%00%(upstream:track)%00%(upstream:remotename)%00%(upstream:remoteref) refs/heads/main refs/remotes/main [1ms]
2023-07-10 23:38:36.363 [info] > git status -z -uall [2ms]
2023-07-10 23:41:51.526 [info] > git config --get commit.template [6ms]
2023-07-10 23:41:51.526 [info] > git for-each-ref --format=%(refname)%00%(upstream:short)%00%(objectname)%00%(upstream:track)%00%(upstream:remotename)%00%(upstream:remoteref) refs/heads/main refs/remotes/main [1ms]
2023-07-10 23:41:51.537 [info] > git status -z -uall [2ms]
2023-07-10 23:42:46.343 [info] > git config --get commit.template [14ms]
2023-07-10 23:42:46.343 [info] > git for-each-ref --format=%(refname)%00%(upstream:short)%00%(objectname)%00%(upstream:track)%00%(upstream:remotename)%00%(upstream:remoteref) refs/heads/main refs/remotes/main [2ms]
2023-07-10 23:42:46.354 [info] > git status -z -uall [2ms]
2023-07-10 23:43:19.437 [info] > git config --get commit.template [7ms]
2023-07-10 23:43:19.438 [info] > git for-each-ref --format=%(refname)%00%(upstream:short)%00%(objectname)%00%(upstream:track)%00%(upstream:remotename)%00%(upstream:remoteref) refs/heads/main refs/remotes/main [1ms]
2023-07-10 23:43:19.445 [info] > git status -z -uall [2ms]
2023-07-10 23:43:36.377 [info] > git config --local branch.main.github-pr-owner-number [1ms]
2023-07-10 23:43:36.400 [info] > git config --get commit.template [11ms]
2023-07-10 23:43:36.401 [info] > git for-each-ref --format=%(refname)%00%(upstream:short)%00%(objectname)%00%(upstream:track)%00%(upstream:remotename)%00%(upstream:remoteref) refs/heads/main refs/remotes/main [2ms]
2023-07-10 23:43:36.409 [info] > git status -z -uall [2ms]
2023-07-10 23:48:36.423 [info] > git config --local branch.main.github-pr-owner-number [1ms]
2023-07-10 23:48:36.446 [info] > git config --get commit.template [11ms]
2023-07-10 23:48:36.447 [info] > git for-each-ref --format=%(refname)%00%(upstream:short)%00%(objectname)%00%(upstream:track)%00%(upstream:remotename)%00%(upstream:remoteref) refs/heads/main refs/remotes/main [1ms]
2023-07-10 23:48:36.459 [info] > git status -z -uall [1ms]
2023-07-10 23:53:36.474 [info] > git config --local branch.main.github-pr-owner-number [1ms]
2023-07-10 23:53:36.498 [info] > git config --get commit.template [12ms]
2023-07-10 23:53:36.499 [info] > git for-each-ref --format=%(refname)%00%(upstream:short)%00%(objectname)%00%(upstream:track)%00%(upstream:remotename)%00%(upstream:remoteref) refs/heads/main refs/remotes/main [2ms]
2023-07-10 23:53:36.512 [info] > git status -z -uall [2ms]
2023-07-10 23:58:36.526 [info] > git config --local branch.main.github-pr-owner-number [1ms]
2023-07-10 23:58:36.549 [info] > git config --get commit.template [11ms]
2023-07-10 23:58:36.550 [info] > git for-each-ref --format=%(refname)%00%(upstream:short)%00%(objectname)%00%(upstream:track)%00%(upstream:remotename)%00%(upstream:remoteref) refs/heads/main refs/remotes/main [1ms]
2023-07-10 23:58:36.562 [info] > git status -z -uall [1ms]
2023-07-11 00:03:36.575 [info] > git config --local branch.main.github-pr-owner-number [1ms]
2023-07-11 00:03:36.596 [info] > git config --get commit.template [11ms]
2023-07-11 00:03:36.596 [info] > git for-each-ref --format=%(refname)%00%(upstream:short)%00%(objectname)%00%(upstream:track)%00%(upstream:remotename)%00%(upstream:remoteref) refs/heads/main refs/remotes/main [1ms]
2023-07-11 00:03:36.609 [info] > git status -z -uall [1ms]
2023-07-11 00:07:36.162 [info] > git check-ignore -v -z --stdin [1ms]
2023-07-11 00:07:56.245 [info] > git check-ignore -v -z --stdin [1ms]
2023-07-11 00:07:56.774 [info] > git config --get commit.template [12ms]
2023-07-11 00:07:56.775 [info] > git for-each-ref --format=%(refname)%00%(upstream:short)%00%(objectname)%00%(upstream:track)%00%(upstream:remotename)%00%(upstream:remoteref) refs/heads/main refs/remotes/main [1ms]
2023-07-11 00:07:56.787 [info] > git status -z -uall [1ms]
2023-07-11 00:08:36.622 [info] > git config --local branch.main.github-pr-owner-number [1ms]
2023-07-11 00:08:36.634 [info] > git config --get commit.template [6ms]
2023-07-11 00:08:36.635 [info] > git for-each-ref --format=%(refname)%00%(upstream:short)%00%(objectname)%00%(upstream:track)%00%(upstream:remotename)%00%(upstream:remoteref) refs/heads/main refs/remotes/main [1ms]
2023-07-11 00:08:36.641 [info] > git status -z -uall [1ms]
2023-07-11 00:09:58.946 [info] > git check-ignore -v -z --stdin [1ms]
2023-07-11 00:10:27.052 [info] > git config --get commit.template [8ms]
2023-07-11 00:10:27.052 [info] > git for-each-ref --format=%(refname)%00%(upstream:short)%00%(objectname)%00%(upstream:track)%00%(upstream:remotename)%00%(upstream:remoteref) refs/heads/main refs/remotes/main [1ms]
2023-07-11 00:10:27.066 [info] > git status -z -uall [2ms]
2023-07-11 00:13:24.387 [info] > git config --get commit.template [6ms]
2023-07-11 00:13:24.388 [info] > git for-each-ref --format=%(refname)%00%(upstream:short)%00%(objectname)%00%(upstream:track)%00%(upstream:remotename)%00%(upstream:remoteref) refs/heads/main refs/remotes/main [1ms]
2023-07-11 00:13:24.395 [info] > git status -z -uall [2ms]
2023-07-11 00:13:36.652 [info] > git config --local branch.main.github-pr-owner-number [1ms]
2023-07-11 00:13:36.668 [info] > git config --get commit.template [10ms]
2023-07-11 00:13:36.669 [info] > git for-each-ref --format=%(refname)%00%(upstream:short)%00%(objectname)%00%(upstream:track)%00%(upstream:remotename)%00%(upstream:remoteref) refs/heads/main refs/remotes/main [1ms]
2023-07-11 00:13:36.679 [info] > git status -z -uall [2ms]
2023-07-11 00:18:36.692 [info] > git config --local branch.main.github-pr-owner-number [1ms]
2023-07-11 00:18:36.712 [info] > git config --get commit.template [14ms]
2023-07-11 00:18:36.712 [info] > git for-each-ref --format=%(refname)%00%(upstream:short)%00%(objectname)%00%(upstream:track)%00%(upstream:remotename)%00%(upstream:remoteref) refs/heads/main refs/remotes/main [1ms]
2023-07-11 00:18:36.727 [info] > git status -z -uall [2ms]
2023-07-11 00:19:09.860 [info] > git config --get commit.template [13ms]
2023-07-11 00:19:09.860 [info] > git for-each-ref --format=%(refname)%00%(upstream:short)%00%(objectname)%00%(upstream:track)%00%(upstream:remotename)%00%(upstream:remoteref) refs/heads/main refs/remotes/main [1ms]
2023-07-11 00:19:09.872 [info] > git status -z -uall [1ms]
2023-07-11 00:22:21.843 [info] > git check-ignore -v -z --stdin [1ms]
2023-07-11 00:22:22.391 [info] > git config --get commit.template [13ms]
2023-07-11 00:22:22.392 [info] > git for-each-ref --format=%(refname)%00%(upstream:short)%00%(objectname)%00%(upstream:track)%00%(upstream:remotename)%00%(upstream:remoteref) refs/heads/main refs/remotes/main [1ms]
2023-07-11 00:22:22.405 [info] > git status -z -uall [2ms]
2023-07-11 00:23:36.743 [info] > git config --local branch.main.github-pr-owner-number [1ms]
2023-07-11 00:23:36.767 [info] > git config --get commit.template [12ms]
2023-07-11 00:23:36.769 [info] > git for-each-ref --format=%(refname)%00%(upstream:short)%00%(objectname)%00%(upstream:track)%00%(upstream:remotename)%00%(upstream:remoteref) refs/heads/main refs/remotes/main [1ms]
2023-07-11 00:23:36.782 [info] > git status -z -uall [1ms]
2023-07-11 00:23:51.887 [info] > git config --get commit.template [10ms]
2023-07-11 00:23:51.888 [info] > git for-each-ref --format=%(refname)%00%(upstream:short)%00%(objectname)%00%(upstream:track)%00%(upstream:remotename)%00%(upstream:remoteref) refs/heads/main refs/remotes/main [2ms]
2023-07-11 00:23:51.900 [info] > git status -z -uall [3ms]
2023-07-11 00:24:50.713 [info] > git config --get commit.template [11ms]
2023-07-11 00:24:50.714 [info] > git for-each-ref --format=%(refname)%00%(upstream:short)%00%(objectname)%00%(upstream:track)%00%(upstream:remotename)%00%(upstream:remoteref) refs/heads/main refs/remotes/main [1ms]
2023-07-11 00:24:50.727 [info] > git status -z -uall [2ms]
2023-07-11 00:26:51.069 [info] > git config --get commit.template [7ms]
2023-07-11 00:26:51.070 [info] > git for-each-ref --format=%(refname)%00%(upstream:short)%00%(objectname)%00%(upstream:track)%00%(upstream:remotename)%00%(upstream:remoteref) refs/heads/main refs/remotes/main [1ms]
2023-07-11 00:26:51.077 [info] > git status -z -uall [2ms]
2023-07-11 00:28:31.834 [info] > git config --get commit.template [6ms]
2023-07-11 00:28:31.835 [info] > git for-each-ref --format=%(refname)%00%(upstream:short)%00%(objectname)%00%(upstream:track)%00%(upstream:remotename)%00%(upstream:remoteref) refs/heads/main refs/remotes/main [1ms]
2023-07-11 00:28:31.842 [info] > git status -z -uall [2ms]
2023-07-11 00:28:36.797 [info] > git config --local branch.main.github-pr-owner-number [1ms]
2023-07-11 00:28:36.821 [info] > git config --get commit.template [11ms]
2023-07-11 00:28:36.822 [info] > git for-each-ref --format=%(refname)%00%(upstream:short)%00%(objectname)%00%(upstream:track)%00%(upstream:remotename)%00%(upstream:remoteref) refs/heads/main refs/remotes/main [1ms]
2023-07-11 00:28:36.834 [info] > git status -z -uall [2ms]
2023-07-11 00:33:34.701 [info] > git config --get commit.template [10ms]
2023-07-11 00:33:34.702 [info] > git for-each-ref --format=%(refname)%00%(upstream:short)%00%(objectname)%00%(upstream:track)%00%(upstream:remotename)%00%(upstream:remoteref) refs/heads/main refs/remotes/main [2ms]
2023-07-11 00:33:34.713 [info] > git status -z -uall [2ms]
2023-07-11 00:33:36.849 [info] > git config --local branch.main.github-pr-owner-number [1ms]
2023-07-11 00:33:36.872 [info] > git config --get commit.template [12ms]
2023-07-11 00:33:36.873 [info] > git for-each-ref --format=%(refname)%00%(upstream:short)%00%(objectname)%00%(upstream:track)%00%(upstream:remotename)%00%(upstream:remoteref) refs/heads/main refs/remotes/main [1ms]
2023-07-11 00:33:36.885 [info] > git status -z -uall [1ms]
2023-07-11 00:35:07.060 [info] > git config --get commit.template [12ms]
2023-07-11 00:35:07.060 [info] > git for-each-ref --format=%(refname)%00%(upstream:short)%00%(objectname)%00%(upstream:track)%00%(upstream:remotename)%00%(upstream:remoteref) refs/heads/main refs/remotes/main [1ms]
2023-07-11 00:35:07.073 [info] > git status -z -uall [2ms]
2023-07-11 00:37:30.685 [info] > git config --get commit.template [11ms]
2023-07-11 00:37:30.685 [info] > git for-each-ref --format=%(refname)%00%(upstream:short)%00%(objectname)%00%(upstream:track)%00%(upstream:remotename)%00%(upstream:remoteref) refs/heads/main refs/remotes/main [1ms]
2023-07-11 00:37:30.696 [info] > git status -z -uall [1ms]
2023-07-11 00:38:36.898 [info] > git config --local branch.main.github-pr-owner-number [2ms]
2023-07-11 00:38:36.920 [info] > git config --get commit.template [10ms]
2023-07-11 00:38:36.921 [info] > git for-each-ref --format=%(refname)%00%(upstream:short)%00%(objectname)%00%(upstream:track)%00%(upstream:remotename)%00%(upstream:remoteref) refs/heads/main refs/remotes/main [1ms]
2023-07-11 00:38:36.934 [info] > git status -z -uall [2ms]
2023-07-11 00:39:44.611 [info] > git check-ignore -v -z --stdin [1ms]
2023-07-11 00:39:56.559 [info] > git show --textconv :static/js/script.js [6ms]
2023-07-11 00:39:56.560 [info] > git ls-files --stage -- /workspace/Afrik-kitchen/static/js/script.js [1ms]
2023-07-11 00:39:56.565 [info] > git cat-file -s bfa1f461143f199cd78c4ecca9b441bba0e0579f [1ms]
2023-07-11 00:41:53.942 [info] > git config --get commit.template [12ms]
2023-07-11 00:41:53.942 [info] > git for-each-ref --format=%(refname)%00%(upstream:short)%00%(objectname)%00%(upstream:track)%00%(upstream:remotename)%00%(upstream:remoteref) refs/heads/main refs/remotes/main [1ms]
2023-07-11 00:41:53.955 [info] > git status -z -uall [1ms]
2023-07-11 00:43:36.950 [info] > git config --local branch.main.github-pr-owner-number [1ms]
2023-07-11 00:43:36.974 [info] > git config --get commit.template [12ms]
2023-07-11 00:43:36.975 [info] > git for-each-ref --format=%(refname)%00%(upstream:short)%00%(objectname)%00%(upstream:track)%00%(upstream:remotename)%00%(upstream:remoteref) refs/heads/main refs/remotes/main [1ms]
2023-07-11 00:43:36.988 [info] > git status -z -uall [2ms]
2023-07-11 00:43:55.759 [info] > git for-each-ref --format=%(refname)%00%(upstream:short)%00%(objectname)%00%(upstream:track)%00%(upstream:remotename)%00%(upstream:remoteref) refs/heads/main refs/remotes/main [1ms]
2023-07-11 00:43:55.759 [info] > git config --get commit.template [7ms]
2023-07-11 00:43:55.815 [info] > git status -z -uall [3ms]
2023-07-11 00:44:59.388 [info] > git config --get commit.template [6ms]
2023-07-11 00:44:59.389 [info] > git for-each-ref --format=%(refname)%00%(upstream:short)%00%(objectname)%00%(upstream:track)%00%(upstream:remotename)%00%(upstream:remoteref) refs/heads/main refs/remotes/main [1ms]
2023-07-11 00:44:59.395 [info] > git status -z -uall [2ms]
2023-07-11 00:46:21.039 [info] > git config --get commit.template [13ms]
2023-07-11 00:46:21.039 [info] > git for-each-ref --format=%(refname)%00%(upstream:short)%00%(objectname)%00%(upstream:track)%00%(upstream:remotename)%00%(upstream:remoteref) refs/heads/main refs/remotes/main [1ms]
2023-07-11 00:46:21.052 [info] > git status -z -uall [3ms]
2023-07-11 00:47:05.549 [info] > git config --get commit.template [12ms]
2023-07-11 00:47:05.550 [info] > git for-each-ref --format=%(refname)%00%(upstream:short)%00%(objectname)%00%(upstream:track)%00%(upstream:remotename)%00%(upstream:remoteref) refs/heads/main refs/remotes/main [1ms]
2023-07-11 00:47:05.563 [info] > git status -z -uall [2ms]
2023-07-11 00:48:37.002 [info] > git config --local branch.main.github-pr-owner-number [1ms]
2023-07-11 00:48:37.015 [info] > git config --get commit.template [5ms]
2023-07-11 00:48:37.015 [info] > git for-each-ref --format=%(refname)%00%(upstream:short)%00%(objectname)%00%(upstream:track)%00%(upstream:remotename)%00%(upstream:remoteref) refs/heads/main refs/remotes/main [1ms]
2023-07-11 00:48:37.023 [info] > git status -z -uall [1ms]
2023-07-11 00:49:05.604 [info] > git config --get commit.template [6ms]
2023-07-11 00:49:05.604 [info] > git for-each-ref --format=%(refname)%00%(upstream:short)%00%(objectname)%00%(upstream:track)%00%(upstream:remotename)%00%(upstream:remoteref) refs/heads/main refs/remotes/main [1ms]
2023-07-11 00:49:05.611 [info] > git status -z -uall [2ms]
2023-07-11 00:51:02.621 [info] > git config --get commit.template [6ms]
2023-07-11 00:51:02.622 [info] > git for-each-ref --format=%(refname)%00%(upstream:short)%00%(objectname)%00%(upstream:track)%00%(upstream:remotename)%00%(upstream:remoteref) refs/heads/main refs/remotes/main [1ms]
2023-07-11 00:51:02.628 [info] > git status -z -uall [1ms]
2023-07-11 00:52:30.254 [info] > git config --get commit.template [6ms]
2023-07-11 00:52:30.254 [info] > git for-each-ref --format=%(refname)%00%(upstream:short)%00%(objectname)%00%(upstream:track)%00%(upstream:remotename)%00%(upstream:remoteref) refs/heads/main refs/remotes/main [1ms]
2023-07-11 00:52:30.261 [info] > git status -z -uall [1ms]
2023-07-11 00:53:37.035 [info] > git config --local branch.main.github-pr-owner-number [1ms]
2023-07-11 00:53:37.046 [info] > git config --get commit.template [5ms]
2023-07-11 00:53:37.047 [info] > git for-each-ref --format=%(refname)%00%(upstream:short)%00%(objectname)%00%(upstream:track)%00%(upstream:remotename)%00%(upstream:remoteref) refs/heads/main refs/remotes/main [1ms]
2023-07-11 00:53:37.053 [info] > git status -z -uall [1ms]
2023-07-11 00:54:15.635 [info] > git config --get commit.template [6ms]
2023-07-11 00:54:15.635 [info] > git for-each-ref --format=%(refname)%00%(upstream:short)%00%(objectname)%00%(upstream:track)%00%(upstream:remotename)%00%(upstream:remoteref) refs/heads/main refs/remotes/main [1ms]
2023-07-11 00:54:15.642 [info] > git status -z -uall [1ms]
2023-07-11 00:55:22.080 [info] > git config --get commit.template [6ms]
2023-07-11 00:55:22.081 [info] > git for-each-ref --format=%(refname)%00%(upstream:short)%00%(objectname)%00%(upstream:track)%00%(upstream:remotename)%00%(upstream:remoteref) refs/heads/main refs/remotes/main [1ms]
2023-07-11 00:55:22.088 [info] > git status -z -uall [2ms]
2023-07-11 00:58:01.225 [info] > git config --get commit.template [6ms]
2023-07-11 00:58:01.226 [info] > git for-each-ref --format=%(refname)%00%(upstream:short)%00%(objectname)%00%(upstream:track)%00%(upstream:remotename)%00%(upstream:remoteref) refs/heads/main refs/remotes/main [1ms]
2023-07-11 00:58:01.233 [info] > git status -z -uall [1ms]
2023-07-11 00:58:37.064 [info] > git config --local branch.main.github-pr-owner-number [1ms]
2023-07-11 00:58:37.075 [info] > git config --get commit.template [5ms]
2023-07-11 00:58:37.075 [info] > git for-each-ref --format=%(refname)%00%(upstream:short)%00%(objectname)%00%(upstream:track)%00%(upstream:remotename)%00%(upstream:remoteref) refs/heads/main refs/remotes/main [1ms]
2023-07-11 00:58:37.082 [info] > git status -z -uall [2ms]
2023-07-11 01:00:36.312 [info] > git config --get commit.template [1ms]
2023-07-11 01:00:36.322 [info] > git for-each-ref --format=%(refname)%00%(upstream:short)%00%(objectname)%00%(upstream:track)%00%(upstream:remotename)%00%(upstream:remoteref) refs/heads/main refs/remotes/main [1ms]
2023-07-11 01:00:36.335 [info] > git status -z -uall [2ms]
2023-07-11 01:02:00.652 [info] > git config --get commit.template [6ms]
2023-07-11 01:02:00.653 [info] > git for-each-ref --format=%(refname)%00%(upstream:short)%00%(objectname)%00%(upstream:track)%00%(upstream:remotename)%00%(upstream:remoteref) refs/heads/main refs/remotes/main [1ms]
2023-07-11 01:02:00.660 [info] > git status -z -uall [1ms]
2023-07-11 01:03:37.094 [info] > git config --local branch.main.github-pr-owner-number [1ms]
2023-07-11 01:03:37.112 [info] > git config --get commit.template [8ms]
2023-07-11 01:03:37.113 [info] > git for-each-ref --format=%(refname)%00%(upstream:short)%00%(objectname)%00%(upstream:track)%00%(upstream:remotename)%00%(upstream:remoteref) refs/heads/main refs/remotes/main [1ms]
2023-07-11 01:03:37.124 [info] > git status -z -uall [2ms]
2023-07-11 01:05:56.266 [info] > git config --get commit.template [6ms]
2023-07-11 01:05:56.266 [info] > git for-each-ref --format=%(refname)%00%(upstream:short)%00%(objectname)%00%(upstream:track)%00%(upstream:remotename)%00%(upstream:remoteref) refs/heads/main refs/remotes/main [1ms]
2023-07-11 01:05:56.276 [info] > git status -z -uall [2ms]
2023-07-11 01:06:13.365 [info] > git config --get commit.template [5ms]
2023-07-11 01:06:13.365 [info] > git for-each-ref --format=%(refname)%00%(upstream:short)%00%(objectname)%00%(upstream:track)%00%(upstream:remotename)%00%(upstream:remoteref) refs/heads/main refs/remotes/main [1ms]
2023-07-11 01:06:13.372 [info] > git status -z -uall [2ms]
2023-07-11 01:07:19.279 [info] > git config --get commit.template [6ms]
2023-07-11 01:07:19.279 [info] > git for-each-ref --format=%(refname)%00%(upstream:short)%00%(objectname)%00%(upstream:track)%00%(upstream:remotename)%00%(upstream:remoteref) refs/heads/main refs/remotes/main [1ms]
2023-07-11 01:07:19.286 [info] > git status -z -uall [2ms]
2023-07-11 01:07:48.966 [info] > git config --get commit.template [7ms]
2023-07-11 01:07:48.967 [info] > git for-each-ref --format=%(refname)%00%(upstream:short)%00%(objectname)%00%(upstream:track)%00%(upstream:remotename)%00%(upstream:remoteref) refs/heads/main refs/remotes/main [1ms]
2023-07-11 01:07:48.977 [info] > git status -z -uall [1ms]
2023-07-11 01:08:23.525 [info] > git config --get commit.template [6ms]
2023-07-11 01:08:23.525 [info] > git for-each-ref --format=%(refname)%00%(upstream:short)%00%(objectname)%00%(upstream:track)%00%(upstream:remotename)%00%(upstream:remoteref) refs/heads/main refs/remotes/main [1ms]
2023-07-11 01:08:23.532 [info] > git status -z -uall [2ms]
2023-07-11 01:08:37.137 [info] > git config --local branch.main.github-pr-owner-number [1ms]
2023-07-11 01:08:37.148 [info] > git config --get commit.template [5ms]
2023-07-11 01:08:37.149 [info] > git for-each-ref --format=%(refname)%00%(upstream:short)%00%(objectname)%00%(upstream:track)%00%(upstream:remotename)%00%(upstream:remoteref) refs/heads/main refs/remotes/main [1ms]
2023-07-11 01:08:37.156 [info] > git status -z -uall [2ms]
2023-07-11 01:12:24.022 [info] > git config --get commit.template [12ms]
2023-07-11 01:12:24.023 [info] > git for-each-ref --format=%(refname)%00%(upstream:short)%00%(objectname)%00%(upstream:track)%00%(upstream:remotename)%00%(upstream:remoteref) refs/heads/main refs/remotes/main [1ms]
2023-07-11 01:12:24.030 [info] > git status -z -uall [2ms]
2023-07-11 01:12:39.381 [info] > git config --get commit.template [6ms]
2023-07-11 01:12:39.382 [info] > git for-each-ref --format=%(refname)%00%(upstream:short)%00%(objectname)%00%(upstream:track)%00%(upstream:remotename)%00%(upstream:remoteref) refs/heads/main refs/remotes/main [2ms]
2023-07-11 01:12:39.389 [info] > git status -z -uall [1ms]
2023-07-11 01:13:35.319 [info] > git config --get commit.template [13ms]
2023-07-11 01:13:35.320 [info] > git for-each-ref --format=%(refname)%00%(upstream:short)%00%(objectname)%00%(upstream:track)%00%(upstream:remotename)%00%(upstream:remoteref) refs/heads/main refs/remotes/main [1ms]
2023-07-11 01:13:35.332 [info] > git status -z -uall [1ms]
2023-07-11 01:13:37.166 [info] > git config --local branch.main.github-pr-owner-number [1ms]
2023-07-11 01:13:37.178 [info] > git config --get commit.template [6ms]
2023-07-11 01:13:37.178 [info] > git for-each-ref --format=%(refname)%00%(upstream:short)%00%(objectname)%00%(upstream:track)%00%(upstream:remotename)%00%(upstream:remoteref) refs/heads/main refs/remotes/main [1ms]
2023-07-11 01:13:37.184 [info] > git status -z -uall [1ms]
2023-07-11 01:15:45.700 [info] > git config --get commit.template [12ms]
2023-07-11 01:15:45.700 [info] > git for-each-ref --format=%(refname)%00%(upstream:short)%00%(objectname)%00%(upstream:track)%00%(upstream:remotename)%00%(upstream:remoteref) refs/heads/main refs/remotes/main [1ms]
2023-07-11 01:15:45.713 [info] > git status -z -uall [2ms]
2023-07-11 01:16:47.445 [info] > git config --get commit.template [7ms]
2023-07-11 01:16:47.445 [info] > git for-each-ref --format=%(refname)%00%(upstream:short)%00%(objectname)%00%(upstream:track)%00%(upstream:remotename)%00%(upstream:remoteref) refs/heads/main refs/remotes/main [1ms]
2023-07-11 01:16:47.452 [info] > git status -z -uall [2ms]
2023-07-11 01:18:37.198 [info] > git config --local branch.main.github-pr-owner-number [1ms]
2023-07-11 01:18:37.218 [info] > git config --get commit.template [11ms]
2023-07-11 01:18:37.219 [info] > git for-each-ref --format=%(refname)%00%(upstream:short)%00%(objectname)%00%(upstream:track)%00%(upstream:remotename)%00%(upstream:remoteref) refs/heads/main refs/remotes/main [1ms]
2023-07-11 01:18:37.229 [info] > git status -z -uall [2ms]
2023-07-11 01:20:21.904 [info] > git check-ignore -v -z --stdin [1ms]
2023-07-11 01:23:37.242 [info] > git config --local branch.main.github-pr-owner-number [1ms]
2023-07-11 01:23:37.250 [info] > git config --get commit.template [1ms]
2023-07-11 01:23:37.257 [info] > git for-each-ref --format=%(refname)%00%(upstream:short)%00%(objectname)%00%(upstream:track)%00%(upstream:remotename)%00%(upstream:remoteref) refs/heads/main refs/remotes/main [1ms]
2023-07-11 01:23:37.263 [info] > git status -z -uall [1ms]
2023-07-11 01:27:32.805 [info] > git show --textconv :TEMPLATES_DIR/account/allauth/login.html [5ms]
2023-07-11 01:27:32.805 [info] > git ls-files --stage -- /workspace/Afrik-kitchen/TEMPLATES_DIR/account/allauth/login.html [1ms]
2023-07-11 01:27:32.908 [info] > git check-ignore -v -z --stdin [1ms]
2023-07-11 01:27:33.441 [info] > git config --get commit.template [6ms]
2023-07-11 01:27:33.442 [info] > git for-each-ref --format=%(refname)%00%(upstream:short)%00%(objectname)%00%(upstream:track)%00%(upstream:remotename)%00%(upstream:remoteref) refs/heads/main refs/remotes/main [1ms]
2023-07-11 01:27:33.448 [info] > git status -z -uall [1ms]
2023-07-11 01:27:53.826 [info] > git config --get commit.template [7ms]
2023-07-11 01:27:53.827 [info] > git for-each-ref --format=%(refname)%00%(upstream:short)%00%(objectname)%00%(upstream:track)%00%(upstream:remotename)%00%(upstream:remoteref) refs/heads/main refs/remotes/main [1ms]
2023-07-11 01:27:53.834 [info] > git status -z -uall [2ms]
2023-07-11 01:28:37.279 [info] > git config --local branch.main.github-pr-owner-number [1ms]
2023-07-11 01:28:37.301 [info] > git config --get commit.template [11ms]
2023-07-11 01:28:37.302 [info] > git for-each-ref --format=%(refname)%00%(upstream:short)%00%(objectname)%00%(upstream:track)%00%(upstream:remotename)%00%(upstream:remoteref) refs/heads/main refs/remotes/main [2ms]
2023-07-11 01:28:37.314 [info] > git status -z -uall [2ms]
2023-07-11 01:30:36.299 [info] > git show --textconv :TEMPLATES_DIR/account/login.html [13ms]
2023-07-11 01:30:36.299 [info] > git ls-files --stage -- /workspace/Afrik-kitchen/TEMPLATES_DIR/account/login.html [1ms]
2023-07-11 01:30:36.459 [info] > git check-ignore -v -z --stdin [1ms]
2023-07-11 01:30:36.981 [info] > git config --get commit.template [6ms]
2023-07-11 01:30:36.982 [info] > git for-each-ref --format=%(refname)%00%(upstream:short)%00%(objectname)%00%(upstream:track)%00%(upstream:remotename)%00%(upstream:remoteref) refs/heads/main refs/remotes/main [1ms]
2023-07-11 01:30:36.995 [info] > git status -z -uall [2ms]
2023-07-11 01:31:37.289 [info] > git show --textconv :TEMPLATES_DIR/account/allauth/login.html [6ms]
2023-07-11 01:31:37.290 [info] > git ls-files --stage -- /workspace/Afrik-kitchen/TEMPLATES_DIR/account/allauth/login.html [1ms]
2023-07-11 01:31:37.980 [info] > git config --get commit.template [6ms]
2023-07-11 01:31:37.981 [info] > git for-each-ref --format=%(refname)%00%(upstream:short)%00%(objectname)%00%(upstream:track)%00%(upstream:remotename)%00%(upstream:remoteref) refs/heads/main refs/remotes/main [1ms]
2023-07-11 01:31:37.987 [info] > git status -z -uall [2ms]
2023-07-11 01:33:37.327 [info] > git config --local branch.main.github-pr-owner-number [1ms]
2023-07-11 01:33:37.339 [info] > git config --get commit.template [6ms]
2023-07-11 01:33:37.339 [info] > git for-each-ref --format=%(refname)%00%(upstream:short)%00%(objectname)%00%(upstream:track)%00%(upstream:remotename)%00%(upstream:remoteref) refs/heads/main refs/remotes/main [1ms]
2023-07-11 01:33:37.346 [info] > git status -z -uall [1ms]
2023-07-11 01:34:26.760 [info] > git show --textconv :TEMPLATES_DIR/includes/nav.html [5ms]
2023-07-11 01:34:26.761 [info] > git ls-files --stage -- /workspace/Afrik-kitchen/TEMPLATES_DIR/includes/nav.html [1ms]
2023-07-11 01:34:26.767 [info] > git cat-file -s 435f17dad61f9ab78a3cb15c55ddd25af4c0cc7d [1ms]
2023-07-11 01:34:27.382 [info] > git show --textconv :TEMPLATES_DIR/account/allauth/logout.html [12ms]
2023-07-11 01:34:27.382 [info] > git ls-files --stage -- /workspace/Afrik-kitchen/TEMPLATES_DIR/account/allauth/logout.html [1ms]
2023-07-11 01:34:27.448 [info] > git check-ignore -v -z --stdin [2ms]
2023-07-11 01:34:28.005 [info] > git config --get commit.template [9ms]
2023-07-11 01:34:28.005 [info] > git for-each-ref --format=%(refname)%00%(upstream:short)%00%(objectname)%00%(upstream:track)%00%(upstream:remotename)%00%(upstream:remoteref) refs/heads/main refs/remotes/main [1ms]
2023-07-11 01:34:28.017 [info] > git status -z -uall [2ms]
2023-07-11 01:34:35.082 [info] > git config --get commit.template [12ms]
2023-07-11 01:34:35.083 [info] > git for-each-ref --format=%(refname)%00%(upstream:short)%00%(objectname)%00%(upstream:track)%00%(upstream:remotename)%00%(upstream:remoteref) refs/heads/main refs/remotes/main [0ms]
2023-07-11 01:34:35.095 [info] > git status -z -uall [1ms]
2023-07-11 01:36:13.569 [info] > git show --textconv :TEMPLATES_DIR/account/allauth/signup [8ms]
2023-07-11 01:36:13.569 [info] > git ls-files --stage -- /workspace/Afrik-kitchen/TEMPLATES_DIR/account/allauth/signup [1ms]
2023-07-11 01:36:13.597 [info] > git check-ignore -v -z --stdin [1ms]
2023-07-11 01:36:14.131 [info] > git config --get commit.template [6ms]
2023-07-11 01:36:14.131 [info] > git for-each-ref --format=%(refname)%00%(upstream:short)%00%(objectname)%00%(upstream:track)%00%(upstream:remotename)%00%(upstream:remoteref) refs/heads/main refs/remotes/main [1ms]
2023-07-11 01:36:14.139 [info] > git status -z -uall [1ms]
2023-07-11 01:36:44.689 [info] > git show --textconv :TEMPLATES_DIR/account/allauth/signup.html [6ms]
2023-07-11 01:36:44.689 [info] > git ls-files --stage -- /workspace/Afrik-kitchen/TEMPLATES_DIR/account/allauth/signup.html [1ms]
2023-07-11 01:36:44.845 [info] > git check-ignore -v -z --stdin [1ms]
2023-07-11 01:36:45.372 [info] > git config --get commit.template [7ms]
2023-07-11 01:36:45.373 [info] > git for-each-ref --format=%(refname)%00%(upstream:short)%00%(objectname)%00%(upstream:track)%00%(upstream:remotename)%00%(upstream:remoteref) refs/heads/main refs/remotes/main [1ms]
2023-07-11 01:36:45.380 [info] > git status -z -uall [2ms]
2023-07-11 01:37:01.752 [info] > git config --get commit.template [13ms]
2023-07-11 01:37:01.752 [info] > git for-each-ref --format=%(refname)%00%(upstream:short)%00%(objectname)%00%(upstream:track)%00%(upstream:remotename)%00%(upstream:remoteref) refs/heads/main refs/remotes/main [1ms]
2023-07-11 01:37:01.765 [info] > git status -z -uall [2ms]
2023-07-11 01:38:37.359 [info] > git config --local branch.main.github-pr-owner-number [1ms]
2023-07-11 01:38:37.380 [info] > git config --get commit.template [11ms]
2023-07-11 01:38:37.381 [info] > git for-each-ref --format=%(refname)%00%(upstream:short)%00%(objectname)%00%(upstream:track)%00%(upstream:remotename)%00%(upstream:remoteref) refs/heads/main refs/remotes/main [1ms]
2023-07-11 01:38:37.392 [info] > git status -z -uall [2ms]
2023-07-11 01:43:23.398 [info] > git config --get commit.template [8ms]
2023-07-11 01:43:23.398 [info] > git for-each-ref --format=%(refname)%00%(upstream:short)%00%(objectname)%00%(upstream:track)%00%(upstream:remotename)%00%(upstream:remoteref) refs/heads/main refs/remotes/main [1ms]
2023-07-11 01:43:23.411 [info] > git status -z -uall [2ms]
2023-07-11 01:43:37.408 [info] > git config --local branch.main.github-pr-owner-number [0ms]
2023-07-11 01:43:37.421 [info] > git config --get commit.template [6ms]
2023-07-11 01:43:37.422 [info] > git for-each-ref --format=%(refname)%00%(upstream:short)%00%(objectname)%00%(upstream:track)%00%(upstream:remotename)%00%(upstream:remoteref) refs/heads/main refs/remotes/main [1ms]
2023-07-11 01:43:37.428 [info] > git status -z -uall [2ms]
2023-07-11 01:43:50.127 [info] > git config --get commit.template [6ms]
2023-07-11 01:43:50.127 [info] > git for-each-ref --format=%(refname)%00%(upstream:short)%00%(objectname)%00%(upstream:track)%00%(upstream:remotename)%00%(upstream:remoteref) refs/heads/main refs/remotes/main [1ms]
2023-07-11 01:43:50.134 [info] > git status -z -uall [2ms]
2023-07-11 01:45:03.833 [info] > git config --get commit.template [7ms]
2023-07-11 01:45:03.834 [info] > git for-each-ref --format=%(refname)%00%(upstream:short)%00%(objectname)%00%(upstream:track)%00%(upstream:remotename)%00%(upstream:remoteref) refs/heads/main refs/remotes/main [2ms]
2023-07-11 01:45:03.841 [info] > git status -z -uall [2ms]
2023-07-11 01:48:02.191 [info] > git config --get commit.template [7ms]
2023-07-11 01:48:02.192 [info] > git for-each-ref --format=%(refname)%00%(upstream:short)%00%(objectname)%00%(upstream:track)%00%(upstream:remotename)%00%(upstream:remoteref) refs/heads/main refs/remotes/main [2ms]
2023-07-11 01:48:02.198 [info] > git status -z -uall [2ms]
2023-07-11 01:48:02.342 [info] > git ls-files --stage -- /workspace/Afrik-kitchen/TEMPLATES_DIR/account/allauth/logout.html [7ms]
2023-07-11 01:48:02.347 [info] > git ls-files --stage -- /workspace/Afrik-kitchen/TEMPLATES_DIR/account/allauth/login.html [16ms]
2023-07-11 01:48:02.351 [info] > git ls-files --stage -- /workspace/Afrik-kitchen/static/css/style.css [26ms]
2023-07-11 01:48:02.356 [info] > git ls-files --stage -- /workspace/Afrik-kitchen/home/templates/home/index.html [36ms]
2023-07-11 01:48:02.361 [info] > git cat-file -s 36894305c8a26f8c11be7ea1af7602d12c15be93 [5ms]
2023-07-11 01:48:02.362 [info] > git cat-file -s da8ee50a814e70111ade43dbebe05d7d015e6720 [11ms]
2023-07-11 01:48:02.362 [info] > git cat-file -s 9b50d891ad114081b2e575630c5ce59bed92cc8e [16ms]
2023-07-11 01:48:02.362 [info] > git ls-files --stage -- /workspace/Afrik-kitchen/TEMPLATES_DIR/account/allauth/signup.html [21ms]
2023-07-11 01:48:02.367 [info] > git cat-file -s 773aa8e74f23113229e9c3df50512bba4ae19e60 [7ms]
2023-07-11 01:48:02.368 [info] > git cat-file -s f82828300c3ebf8b8066d9c47fbe1b69b221fbc7 [1ms]
2023-07-11 01:48:02.426 [info] > git show --textconv :static/css/style.css [18ms]
2023-07-11 01:48:02.426 [info] > git show --textconv :TEMPLATES_DIR/account/allauth/login.html [8ms]
2023-07-11 01:48:02.438 [info] > git show --textconv :TEMPLATES_DIR/account/allauth/logout.html [12ms]
2023-07-11 01:48:02.438 [info] > git show --textconv :home/templates/home/index.html [6ms]
2023-07-11 01:48:02.439 [info] > git show --textconv :TEMPLATES_DIR/account/allauth/signup.html [2ms]
2023-07-11 01:48:37.441 [info] > git config --local branch.main.github-pr-owner-number [1ms]
2023-07-11 01:48:37.453 [info] > git config --get commit.template [5ms]
2023-07-11 01:48:37.453 [info] > git for-each-ref --format=%(refname)%00%(upstream:short)%00%(objectname)%00%(upstream:track)%00%(upstream:remotename)%00%(upstream:remoteref) refs/heads/main refs/remotes/main [1ms]
2023-07-11 01:48:37.461 [info] > git status -z -uall [2ms]
2023-07-11 01:48:47.237 [info] > git config --get commit.template [7ms]
2023-07-11 01:48:47.238 [info] > git for-each-ref --format=%(refname)%00%(upstream:short)%00%(objectname)%00%(upstream:track)%00%(upstream:remotename)%00%(upstream:remoteref) refs/heads/main refs/remotes/main [1ms]
2023-07-11 01:48:47.245 [info] > git status -z -uall [2ms]
2023-07-11 01:48:47.397 [info] > git config --local branch.main.github-pr-owner-number [28ms]
2023-07-11 01:48:47.403 [info] > git ls-files --stage -- /workspace/Afrik-kitchen/TEMPLATES_DIR/account/allauth/signup.html [6ms]
2023-07-11 01:48:47.408 [info] > git ls-files --stage -- /workspace/Afrik-kitchen/TEMPLATES_DIR/account/allauth/logout.html [17ms]
2023-07-11 01:48:47.413 [info] > git ls-files --stage -- /workspace/Afrik-kitchen/TEMPLATES_DIR/account/allauth/login.html [27ms]
2023-07-11 01:48:47.418 [info] > git ls-files --stage -- /workspace/Afrik-kitchen/static/css/style.css [37ms]
2023-07-11 01:48:47.424 [info] > git ls-files --stage -- /workspace/Afrik-kitchen/home/templates/home/index.html [48ms]
2023-07-11 01:48:47.430 [info] > git cat-file -s 36894305c8a26f8c11be7ea1af7602d12c15be93 [6ms]
2023-07-11 01:48:47.430 [info] > git cat-file -s da8ee50a814e70111ade43dbebe05d7d015e6720 [12ms]
2023-07-11 01:48:47.431 [info] > git cat-file -s 9b50d891ad114081b2e575630c5ce59bed92cc8e [18ms]
2023-07-11 01:48:47.431 [info] > git cat-file -s f82828300c3ebf8b8066d9c47fbe1b69b221fbc7 [23ms]
2023-07-11 01:48:47.431 [info] > git config --get commit.template [28ms]
2023-07-11 01:48:47.431 [info] > git cat-file -s 773aa8e74f23113229e9c3df50512bba4ae19e60 [2ms]
2023-07-11 01:48:47.438 [info] > git for-each-ref --format=%(refname)%00%(upstream:short)%00%(objectname)%00%(upstream:track)%00%(upstream:remotename)%00%(upstream:remoteref) refs/heads/main refs/remotes/main [1ms]
2023-07-11 01:48:47.445 [info] > git status -z -uall [2ms]
2023-07-11 01:48:47.487 [info] > git show --textconv :static/css/style.css [17ms]
2023-07-11 01:48:47.487 [info] > git show --textconv :TEMPLATES_DIR/account/allauth/login.html [11ms]
2023-07-11 01:48:47.487 [info] > git show --textconv :TEMPLATES_DIR/account/allauth/logout.html [6ms]
2023-07-11 01:48:47.487 [info] > git show --textconv :TEMPLATES_DIR/account/allauth/signup.html [1ms]
2023-07-11 01:48:47.494 [info] > git show --textconv :home/templates/home/index.html [1ms]
2023-07-11 01:49:14.500 [info] > git for-each-ref --format=%(refname)%00%(upstream:short)%00%(objectname)%00%(upstream:track)%00%(upstream:remotename)%00%(upstream:remoteref) refs/heads/main refs/remotes/main [1ms]
2023-07-11 01:49:14.500 [info] > git config --get commit.template [7ms]
2023-07-11 01:49:14.507 [info] > git status -z -uall [1ms]
2023-07-11 01:49:14.558 [info] > git config --local branch.main.github-pr-owner-number [1ms]
2023-07-11 01:49:14.570 [info] > git config --get commit.template [5ms]
2023-07-11 01:49:14.570 [info] > git for-each-ref --format=%(refname)%00%(upstream:short)%00%(objectname)%00%(upstream:track)%00%(upstream:remotename)%00%(upstream:remoteref) refs/heads/main refs/remotes/main [1ms]
2023-07-11 01:49:14.577 [info] > git status -z -uall [2ms]
2023-07-11 01:49:14.648 [info] > git ls-files --stage -- /workspace/Afrik-kitchen/TEMPLATES_DIR/account/allauth/logout.html [6ms]
2023-07-11 01:49:14.653 [info] > git ls-files --stage -- /workspace/Afrik-kitchen/TEMPLATES_DIR/account/allauth/login.html [16ms]
2023-07-11 01:49:14.658 [info] > git ls-files --stage -- /workspace/Afrik-kitchen/static/css/style.css [28ms]
2023-07-11 01:49:14.663 [info] > git ls-files --stage -- /workspace/Afrik-kitchen/home/templates/home/index.html [43ms]
2023-07-11 01:49:14.668 [info] > git cat-file -s 36894305c8a26f8c11be7ea1af7602d12c15be93 [5ms]
2023-07-11 01:49:14.669 [info] > git cat-file -s da8ee50a814e70111ade43dbebe05d7d015e6720 [11ms]
2023-07-11 01:49:14.669 [info] > git cat-file -s 9b50d891ad114081b2e575630c5ce59bed92cc8e [16ms]
2023-07-11 01:49:14.669 [info] > git ls-files --stage -- /workspace/Afrik-kitchen/TEMPLATES_DIR/account/allauth/signup.html [22ms]
2023-07-11 01:49:14.675 [info] > git cat-file -s 773aa8e74f23113229e9c3df50512bba4ae19e60 [7ms]
2023-07-11 01:49:14.676 [info] > git cat-file -s f82828300c3ebf8b8066d9c47fbe1b69b221fbc7 [2ms]
2023-07-11 01:49:14.727 [info] > git show --textconv :static/css/style.css [11ms]
2023-07-11 01:49:14.727 [info] > git show --textconv :TEMPLATES_DIR/account/allauth/login.html [6ms]
2023-07-11 01:49:14.738 [info] > git show --textconv :TEMPLATES_DIR/account/allauth/logout.html [12ms]
2023-07-11 01:49:14.739 [info] > git show --textconv :home/templates/home/index.html [6ms]
2023-07-11 01:49:14.739 [info] > git show --textconv :TEMPLATES_DIR/account/allauth/signup.html [1ms]
2023-07-11 01:53:37.475 [info] > git config --local branch.main.github-pr-owner-number [1ms]
2023-07-11 01:53:37.500 [info] > git config --get commit.template [13ms]
2023-07-11 01:53:37.500 [info] > git for-each-ref --format=%(refname)%00%(upstream:short)%00%(objectname)%00%(upstream:track)%00%(upstream:remotename)%00%(upstream:remoteref) refs/heads/main refs/remotes/main [1ms]
2023-07-11 01:53:37.513 [info] > git status -z -uall [2ms]
2023-07-11 01:58:37.527 [info] > git config --local branch.main.github-pr-owner-number [1ms]
2023-07-11 01:58:37.551 [info] > git config --get commit.template [13ms]
2023-07-11 01:58:37.552 [info] > git for-each-ref --format=%(refname)%00%(upstream:short)%00%(objectname)%00%(upstream:track)%00%(upstream:remotename)%00%(upstream:remoteref) refs/heads/main refs/remotes/main [1ms]
2023-07-11 01:58:37.565 [info] > git status -z -uall [2ms]
2023-07-11 02:03:37.575 [info] > git config --local branch.main.github-pr-owner-number [1ms]
2023-07-11 02:03:37.586 [info] > git config --get commit.template [5ms]
2023-07-11 02:03:37.587 [info] > git for-each-ref --format=%(refname)%00%(upstream:short)%00%(objectname)%00%(upstream:track)%00%(upstream:remotename)%00%(upstream:remoteref) refs/heads/main refs/remotes/main [1ms]
2023-07-11 02:03:37.598 [info] > git status -z -uall [1ms]
2023-07-11 02:08:37.615 [info] > git config --local branch.main.github-pr-owner-number [1ms]
2023-07-11 02:08:37.630 [info] > git config --get commit.template [6ms]
2023-07-11 02:08:37.631 [info] > git for-each-ref --format=%(refname)%00%(upstream:short)%00%(objectname)%00%(upstream:track)%00%(upstream:remotename)%00%(upstream:remoteref) refs/heads/main refs/remotes/main [1ms]
2023-07-11 02:08:37.638 [info] > git status -z -uall [2ms]
2023-07-11 02:13:37.651 [info] > git config --local branch.main.github-pr-owner-number [1ms]
2023-07-11 02:13:37.663 [info] > git config --get commit.template [6ms]
2023-07-11 02:13:37.664 [info] > git for-each-ref --format=%(refname)%00%(upstream:short)%00%(objectname)%00%(upstream:track)%00%(upstream:remotename)%00%(upstream:remoteref) refs/heads/main refs/remotes/main [2ms]
2023-07-11 02:13:37.671 [info] > git status -z -uall [2ms]
2023-07-11 02:18:37.685 [info] > git config --local branch.main.github-pr-owner-number [1ms]
2023-07-11 02:18:37.699 [info] > git config --get commit.template [2ms]
2023-07-11 02:18:37.712 [info] > git for-each-ref --format=%(refname)%00%(upstream:short)%00%(objectname)%00%(upstream:track)%00%(upstream:remotename)%00%(upstream:remoteref) refs/heads/main refs/remotes/main [1ms]
2023-07-11 02:18:37.726 [info] > git status -z -uall [2ms]
2023-07-11 02:23:37.739 [info] > git config --local branch.main.github-pr-owner-number [1ms]
2023-07-11 02:23:37.751 [info] > git config --get commit.template [5ms]
2023-07-11 02:23:37.752 [info] > git for-each-ref --format=%(refname)%00%(upstream:short)%00%(objectname)%00%(upstream:track)%00%(upstream:remotename)%00%(upstream:remoteref) refs/heads/main refs/remotes/main [1ms]
2023-07-11 02:23:37.759 [info] > git status -z -uall [1ms]
2023-07-11 02:28:37.772 [info] > git config --local branch.main.github-pr-owner-number [1ms]
2023-07-11 02:28:37.784 [info] > git config --get commit.template [6ms]
2023-07-11 02:28:37.785 [info] > git for-each-ref --format=%(refname)%00%(upstream:short)%00%(objectname)%00%(upstream:track)%00%(upstream:remotename)%00%(upstream:remoteref) refs/heads/main refs/remotes/main [1ms]
2023-07-11 02:28:37.791 [info] > git status -z -uall [1ms]
2023-07-11 02:33:37.806 [info] > git config --local branch.main.github-pr-owner-number [1ms]
2023-07-11 02:33:37.831 [info] > git config --get commit.template [12ms]
2023-07-11 02:33:37.832 [info] > git for-each-ref --format=%(refname)%00%(upstream:short)%00%(objectname)%00%(upstream:track)%00%(upstream:remotename)%00%(upstream:remoteref) refs/heads/main refs/remotes/main [1ms]
2023-07-11 02:33:37.846 [info] > git status -z -uall [2ms]
2023-07-11 02:38:37.861 [info] > git config --local branch.main.github-pr-owner-number [1ms]
2023-07-11 02:38:37.887 [info] > git config --get commit.template [13ms]
2023-07-11 02:38:37.887 [info] > git for-each-ref --format=%(refname)%00%(upstream:short)%00%(objectname)%00%(upstream:track)%00%(upstream:remotename)%00%(upstream:remoteref) refs/heads/main refs/remotes/main [1ms]
2023-07-11 02:38:37.901 [info] > git status -z -uall [2ms]
2023-07-11 02:43:37.915 [info] > git config --local branch.main.github-pr-owner-number [1ms]
2023-07-11 02:43:37.928 [info] > git config --get commit.template [7ms]
2023-07-11 02:43:37.929 [info] > git for-each-ref --format=%(refname)%00%(upstream:short)%00%(objectname)%00%(upstream:track)%00%(upstream:remotename)%00%(upstream:remoteref) refs/heads/main refs/remotes/main [1ms]
2023-07-11 02:43:37.936 [info] > git status -z -uall [2ms]
2023-07-11 02:48:37.947 [info] > git config --local branch.main.github-pr-owner-number [1ms]
2023-07-11 02:48:37.953 [info] > git config --get commit.template [1ms]
2023-07-11 02:48:37.962 [info] > git for-each-ref --format=%(refname)%00%(upstream:short)%00%(objectname)%00%(upstream:track)%00%(upstream:remotename)%00%(upstream:remoteref) refs/heads/main refs/remotes/main [0ms]
2023-07-11 02:48:37.975 [info] > git status -z -uall [2ms]
