2023-07-09 19:41:15.822 [info] Log level: Info
2023-07-09 19:41:15.822 [info] Validating found git in: "git"
2023-07-09 19:41:15.822 [info] Using git "2.40.0" from "git"
2023-07-09 19:41:15.822 [info] > git rev-parse --show-toplevel [6ms]
2023-07-09 19:41:15.822 [info] > git rev-parse --git-dir --git-common-dir [3ms]
2023-07-09 19:41:15.822 [info] Open repository: /workspace/Afrik-kitchen
2023-07-09 19:41:15.822 [info] > git config --get commit.template [4ms]
2023-07-09 19:41:15.822 [info] > git rev-parse --show-toplevel [12ms]
2023-07-09 19:41:15.822 [info] > git rev-parse --show-toplevel [2ms]
2023-07-09 19:41:15.822 [info] > git rev-parse --show-toplevel [14ms]
2023-07-09 19:41:15.822 [info] > git for-each-ref --format=%(refname)%00%(upstream:short)%00%(objectname)%00%(upstream:track)%00%(upstream:remotename)%00%(upstream:remoteref) refs/heads/main refs/remotes/main [18ms]
2023-07-09 19:41:15.822 [info] > git rev-parse --show-toplevel [12ms]
2023-07-09 19:41:15.822 [info] > git status -z -uall [11ms]
2023-07-09 19:41:15.822 [info] > git rev-parse --show-toplevel [21ms]
2023-07-09 19:41:15.822 [info] > git rev-parse --show-toplevel [9ms]
2023-07-09 19:41:15.822 [info] > git config --get commit.template [27ms]
2023-07-09 19:41:15.822 [info] > git rev-parse --show-toplevel [9ms]
2023-07-09 19:41:15.822 [info] > git for-each-ref --format=%(refname)%00%(upstream:short)%00%(objectname)%00%(upstream:track)%00%(upstream:remotename)%00%(upstream:remoteref) refs/heads/main refs/remotes/main [9ms]
2023-07-09 19:41:15.822 [info] > git rev-parse --show-toplevel [28ms]
2023-07-09 19:41:15.822 [info] > git status -z -uall [33ms]
2023-07-09 19:41:15.822 [info] > git rev-parse --show-toplevel [5ms]
2023-07-09 19:41:15.822 [info] > git rev-parse --show-toplevel [7ms]
2023-07-09 19:41:15.822 [info] > git rev-parse --show-toplevel [6ms]
2023-07-09 19:41:16.464 [info] > git check-ignore -v -z --stdin [1ms]
2023-07-09 19:41:17.643 [info] > git show --textconv :view_menu/views.py [13ms]
2023-07-09 19:41:17.644 [info] > git ls-files --stage -- /workspace/Afrik-kitchen/view_menu/views.py [2ms]
2023-07-09 19:41:17.655 [info] > git cat-file -s 8c3bd19d75c7fb668a4b5d8385e0965bad2264a0 [1ms]
2023-07-09 19:41:18.204 [info] > git config --local branch.main.github-pr-owner-number [2ms]
2023-07-09 19:41:18.225 [info] > git config --get commit.template [11ms]
2023-07-09 19:41:18.233 [info] > git for-each-ref --format=%(refname)%00%(upstream:short)%00%(objectname)%00%(upstream:track)%00%(upstream:remotename)%00%(upstream:remoteref) refs/heads/main refs/remotes/main [8ms]
2023-07-09 19:41:18.245 [info] > git status -z -uall [2ms]
2023-07-09 19:41:18.908 [info] > git check-ignore -v -z --stdin [1ms]
2023-07-09 19:46:18.117 [info] > git config --local branch.main.github-pr-owner-number [1ms]
2023-07-09 19:46:18.131 [info] > git config --get commit.template [6ms]
2023-07-09 19:46:18.131 [info] > git for-each-ref --format=%(refname)%00%(upstream:short)%00%(objectname)%00%(upstream:track)%00%(upstream:remotename)%00%(upstream:remoteref) refs/heads/main refs/remotes/main [1ms]
2023-07-09 19:46:18.139 [info] > git status -z -uall [2ms]
2023-07-09 19:51:18.160 [info] > git config --local branch.main.github-pr-owner-number [1ms]
2023-07-09 19:51:18.177 [info] > git config --get commit.template [9ms]
2023-07-09 19:51:18.178 [info] > git for-each-ref --format=%(refname)%00%(upstream:short)%00%(objectname)%00%(upstream:track)%00%(upstream:remotename)%00%(upstream:remoteref) refs/heads/main refs/remotes/main [1ms]
2023-07-09 19:51:18.191 [info] > git status -z -uall [2ms]
2023-07-09 19:56:18.208 [info] > git config --local branch.main.github-pr-owner-number [3ms]
2023-07-09 19:56:18.227 [info] > git config --get commit.template [9ms]
2023-07-09 19:56:18.229 [info] > git for-each-ref --format=%(refname)%00%(upstream:short)%00%(objectname)%00%(upstream:track)%00%(upstream:remotename)%00%(upstream:remoteref) refs/heads/main refs/remotes/main [2ms]
2023-07-09 19:56:18.240 [info] > git status -z -uall [3ms]
2023-07-09 20:01:18.253 [info] > git config --local branch.main.github-pr-owner-number [1ms]
2023-07-09 20:01:18.273 [info] > git config --get commit.template [8ms]
2023-07-09 20:01:18.273 [info] > git for-each-ref --format=%(refname)%00%(upstream:short)%00%(objectname)%00%(upstream:track)%00%(upstream:remotename)%00%(upstream:remoteref) refs/heads/main refs/remotes/main [1ms]
2023-07-09 20:01:18.280 [info] > git status -z -uall [2ms]
2023-07-09 20:05:02.930 [info] > git show --textconv :booking/templates/booking/booking_success.html [7ms]
2023-07-09 20:05:02.931 [info] > git ls-files --stage -- /workspace/Afrik-kitchen/booking/templates/booking/booking_success.html [1ms]
2023-07-09 20:05:02.938 [info] > git cat-file -s 96f6a5c6b9ab715a6c6dc4d0b6bfea008d6b86b2 [1ms]
2023-07-09 20:05:03.038 [info] > git check-ignore -v -z --stdin [1ms]
2023-07-09 20:05:03.709 [info] > git check-ignore -v -z --stdin [1ms]
2023-07-09 20:05:07.788 [info] > git show --textconv :view_menu/models.py [10ms]
2023-07-09 20:05:07.789 [info] > git ls-files --stage -- /workspace/Afrik-kitchen/view_menu/models.py [1ms]
2023-07-09 20:05:07.799 [info] > git cat-file -s 3438aea7e05ddfc38f6e3f32dfcb2c00d642eb01 [1ms]
2023-07-09 20:06:05.829 [info] > git config --get commit.template [8ms]
2023-07-09 20:06:05.829 [info] > git for-each-ref --format=%(refname)%00%(upstream:short)%00%(objectname)%00%(upstream:track)%00%(upstream:remotename)%00%(upstream:remoteref) refs/heads/main refs/remotes/main [1ms]
2023-07-09 20:06:05.838 [info] > git status -z -uall [2ms]
2023-07-09 20:06:18.295 [info] > git config --local branch.main.github-pr-owner-number [1ms]
2023-07-09 20:06:18.313 [info] > git config --get commit.template [8ms]
2023-07-09 20:06:18.314 [info] > git for-each-ref --format=%(refname)%00%(upstream:short)%00%(objectname)%00%(upstream:track)%00%(upstream:remotename)%00%(upstream:remoteref) refs/heads/main refs/remotes/main [2ms]
2023-07-09 20:06:18.323 [info] > git status -z -uall [2ms]
2023-07-09 20:06:55.134 [info] > git config --get commit.template [8ms]
2023-07-09 20:06:55.135 [info] > git for-each-ref --format=%(refname)%00%(upstream:short)%00%(objectname)%00%(upstream:track)%00%(upstream:remotename)%00%(upstream:remoteref) refs/heads/main refs/remotes/main [1ms]
2023-07-09 20:06:55.142 [info] > git status -z -uall [2ms]
2023-07-09 20:06:55.279 [info] > git ls-files --stage -- /workspace/Afrik-kitchen/booking/templates/booking/booking_success.html [6ms]
2023-07-09 20:06:55.285 [info] > git ls-files --stage -- /workspace/Afrik-kitchen/view_menu/views.py [22ms]
2023-07-09 20:06:55.291 [info] > git cat-file -s 96f6a5c6b9ab715a6c6dc4d0b6bfea008d6b86b2 [6ms]
2023-07-09 20:06:55.291 [info] > git ls-files --stage -- /workspace/Afrik-kitchen/view_menu/models.py [13ms]
2023-07-09 20:06:55.297 [info] > git cat-file -s 726cace6e61ec6b20f83d5525f8cd8e134b1997a [7ms]
2023-07-09 20:06:55.298 [info] > git cat-file -s 141d7a6c027f71f0f6f91db6f41354ccd206b768 [2ms]
2023-07-09 20:06:55.349 [info] > git show --textconv :booking/templates/booking/booking_success.html [15ms]
2023-07-09 20:06:55.349 [info] > git show --textconv :view_menu/views.py [7ms]
2023-07-09 20:06:55.350 [info] > git show --textconv :view_menu/models.py [2ms]
2023-07-09 20:08:37.559 [info] > git config --get commit.template [8ms]
2023-07-09 20:08:37.561 [info] > git for-each-ref --format=%(refname)%00%(upstream:short)%00%(objectname)%00%(upstream:track)%00%(upstream:remotename)%00%(upstream:remoteref) refs/heads/main refs/remotes/main [3ms]
2023-07-09 20:08:37.569 [info] > git status -z -uall [1ms]
2023-07-09 20:08:37.675 [info] > git config --local branch.main.github-pr-owner-number [1ms]
2023-07-09 20:08:37.709 [info] > git ls-files --stage -- /workspace/Afrik-kitchen/booking/templates/booking/booking_success.html [11ms]
2023-07-09 20:08:37.720 [info] > git ls-files --stage -- /workspace/Afrik-kitchen/view_menu/views.py [31ms]
2023-07-09 20:08:37.730 [info] > git config --get commit.template [48ms]
2023-07-09 20:08:37.740 [info] > git cat-file -s 96f6a5c6b9ab715a6c6dc4d0b6bfea008d6b86b2 [20ms]
2023-07-09 20:08:37.741 [info] > git ls-files --stage -- /workspace/Afrik-kitchen/view_menu/models.py [33ms]
2023-07-09 20:08:37.751 [info] > git for-each-ref --format=%(refname)%00%(upstream:short)%00%(objectname)%00%(upstream:track)%00%(upstream:remotename)%00%(upstream:remoteref) refs/heads/main refs/remotes/main [11ms]
2023-07-09 20:08:37.762 [info] > git cat-file -s 726cace6e61ec6b20f83d5525f8cd8e134b1997a [32ms]
2023-07-09 20:08:37.763 [info] > git cat-file -s 141d7a6c027f71f0f6f91db6f41354ccd206b768 [13ms]
2023-07-09 20:08:37.764 [info] > git status -z -uall [3ms]
2023-07-09 20:08:37.821 [info] > git show --textconv :booking/templates/booking/booking_success.html [11ms]
2023-07-09 20:08:37.822 [info] > git show --textconv :view_menu/views.py [2ms]
2023-07-09 20:08:37.836 [info] > git show --textconv :view_menu/models.py [3ms]
2023-07-09 20:09:19.800 [info] > git config --get commit.template [9ms]
2023-07-09 20:09:19.801 [info] > git for-each-ref --format=%(refname)%00%(upstream:short)%00%(objectname)%00%(upstream:track)%00%(upstream:remotename)%00%(upstream:remoteref) refs/heads/main refs/remotes/main [1ms]
2023-07-09 20:09:19.810 [info] > git status -z -uall [2ms]
2023-07-09 20:09:19.859 [info] > git config --local branch.main.github-pr-owner-number [1ms]
2023-07-09 20:09:19.872 [info] > git config --get commit.template [5ms]
2023-07-09 20:09:19.873 [info] > git for-each-ref --format=%(refname)%00%(upstream:short)%00%(objectname)%00%(upstream:track)%00%(upstream:remotename)%00%(upstream:remoteref) refs/heads/main refs/remotes/main [1ms]
2023-07-09 20:09:19.880 [info] > git status -z -uall [2ms]
2023-07-09 20:09:19.935 [info] > git ls-files --stage -- /workspace/Afrik-kitchen/booking/templates/booking/booking_success.html [7ms]
2023-07-09 20:09:19.940 [info] > git ls-files --stage -- /workspace/Afrik-kitchen/view_menu/views.py [19ms]
2023-07-09 20:09:19.947 [info] > git cat-file -s 96f6a5c6b9ab715a6c6dc4d0b6bfea008d6b86b2 [6ms]
2023-07-09 20:09:19.947 [info] > git ls-files --stage -- /workspace/Afrik-kitchen/view_menu/models.py [13ms]
2023-07-09 20:09:19.952 [info] > git cat-file -s 726cace6e61ec6b20f83d5525f8cd8e134b1997a [6ms]
2023-07-09 20:09:19.953 [info] > git cat-file -s 141d7a6c027f71f0f6f91db6f41354ccd206b768 [1ms]
2023-07-09 20:09:20.005 [info] > git show --textconv :booking/templates/booking/booking_success.html [13ms]
2023-07-09 20:09:20.005 [info] > git show --textconv :view_menu/views.py [6ms]
2023-07-09 20:09:20.006 [info] > git show --textconv :view_menu/models.py [2ms]
2023-07-09 20:09:27.801 [info] > git show --textconv :view_menu/forms.py [10ms]
2023-07-09 20:09:27.802 [info] > git ls-files --stage -- /workspace/Afrik-kitchen/view_menu/forms.py [1ms]
2023-07-09 20:09:27.814 [info] > git cat-file -s c8fa724254f4493770e09bb54c840639085275f3 [2ms]
2023-07-09 20:11:18.336 [info] > git config --local branch.main.github-pr-owner-number [1ms]
2023-07-09 20:11:18.348 [info] > git config --get commit.template [7ms]
2023-07-09 20:11:18.349 [info] > git for-each-ref --format=%(refname)%00%(upstream:short)%00%(objectname)%00%(upstream:track)%00%(upstream:remotename)%00%(upstream:remoteref) refs/heads/main refs/remotes/main [0ms]
2023-07-09 20:11:18.356 [info] > git status -z -uall [2ms]
2023-07-09 20:16:18.370 [info] > git config --local branch.main.github-pr-owner-number [1ms]
2023-07-09 20:16:18.394 [info] > git config --get commit.template [12ms]
2023-07-09 20:16:18.395 [info] > git for-each-ref --format=%(refname)%00%(upstream:short)%00%(objectname)%00%(upstream:track)%00%(upstream:remotename)%00%(upstream:remoteref) refs/heads/main refs/remotes/main [1ms]
2023-07-09 20:16:18.408 [info] > git status -z -uall [1ms]
2023-07-09 20:20:57.160 [info] > git for-each-ref --format=%(refname)%00%(upstream:short)%00%(objectname)%00%(upstream:track)%00%(upstream:remotename)%00%(upstream:remoteref) refs/heads/main refs/remotes/main [2ms]
2023-07-09 20:20:57.160 [info] > git config --get commit.template [11ms]
2023-07-09 20:20:57.169 [info] > git status -z -uall [2ms]
2023-07-09 20:21:18.421 [info] > git config --local branch.main.github-pr-owner-number [1ms]
2023-07-09 20:21:18.435 [info] > git config --get commit.template [7ms]
2023-07-09 20:21:18.435 [info] > git for-each-ref --format=%(refname)%00%(upstream:short)%00%(objectname)%00%(upstream:track)%00%(upstream:remotename)%00%(upstream:remoteref) refs/heads/main refs/remotes/main [1ms]
2023-07-09 20:21:18.442 [info] > git status -z -uall [1ms]
2023-07-09 20:21:48.683 [info] > git config --get commit.template [9ms]
2023-07-09 20:21:48.683 [info] > git for-each-ref --format=%(refname)%00%(upstream:short)%00%(objectname)%00%(upstream:track)%00%(upstream:remotename)%00%(upstream:remoteref) refs/heads/main refs/remotes/main [1ms]
2023-07-09 20:21:48.696 [info] > git status -z -uall [3ms]
2023-07-09 20:21:54.855 [info] > git config --get commit.template [10ms]
2023-07-09 20:21:54.855 [info] > git for-each-ref --format=%(refname)%00%(upstream:short)%00%(objectname)%00%(upstream:track)%00%(upstream:remotename)%00%(upstream:remoteref) refs/heads/main refs/remotes/main [1ms]
2023-07-09 20:21:54.863 [info] > git status -z -uall [2ms]
2023-07-09 20:22:09.904 [info] > git config --get commit.template [9ms]
2023-07-09 20:22:09.905 [info] > git for-each-ref --format=%(refname)%00%(upstream:short)%00%(objectname)%00%(upstream:track)%00%(upstream:remotename)%00%(upstream:remoteref) refs/heads/main refs/remotes/main [2ms]
2023-07-09 20:22:09.914 [info] > git status -z -uall [2ms]
2023-07-09 20:22:22.083 [info] > git config --get commit.template [9ms]
2023-07-09 20:22:22.083 [info] > git for-each-ref --format=%(refname)%00%(upstream:short)%00%(objectname)%00%(upstream:track)%00%(upstream:remotename)%00%(upstream:remoteref) refs/heads/main refs/remotes/main [1ms]
2023-07-09 20:22:22.090 [info] > git status -z -uall [1ms]
2023-07-09 20:22:33.129 [info] > git config --get commit.template [6ms]
2023-07-09 20:22:33.130 [info] > git for-each-ref --format=%(refname)%00%(upstream:short)%00%(objectname)%00%(upstream:track)%00%(upstream:remotename)%00%(upstream:remoteref) refs/heads/main refs/remotes/main [1ms]
2023-07-09 20:22:33.137 [info] > git status -z -uall [2ms]
2023-07-09 20:22:44.473 [info] > git config --get commit.template [10ms]
2023-07-09 20:22:44.474 [info] > git for-each-ref --format=%(refname)%00%(upstream:short)%00%(objectname)%00%(upstream:track)%00%(upstream:remotename)%00%(upstream:remoteref) refs/heads/main refs/remotes/main [1ms]
2023-07-09 20:22:44.484 [info] > git status -z -uall [2ms]
2023-07-09 20:23:59.622 [info] > git config --get commit.template [6ms]
2023-07-09 20:23:59.623 [info] > git for-each-ref --format=%(refname)%00%(upstream:short)%00%(objectname)%00%(upstream:track)%00%(upstream:remotename)%00%(upstream:remoteref) refs/heads/main refs/remotes/main [1ms]
2023-07-09 20:23:59.630 [info] > git status -z -uall [2ms]
2023-07-09 20:24:31.879 [info] > git config --get commit.template [7ms]
2023-07-09 20:24:31.880 [info] > git for-each-ref --format=%(refname)%00%(upstream:short)%00%(objectname)%00%(upstream:track)%00%(upstream:remotename)%00%(upstream:remoteref) refs/heads/main refs/remotes/main [2ms]
2023-07-09 20:24:31.887 [info] > git status -z -uall [2ms]
2023-07-09 20:25:49.356 [info] > git config --get commit.template [14ms]
2023-07-09 20:25:49.358 [info] > git for-each-ref --format=%(refname)%00%(upstream:short)%00%(objectname)%00%(upstream:track)%00%(upstream:remotename)%00%(upstream:remoteref) refs/heads/main refs/remotes/main [2ms]
2023-07-09 20:25:49.375 [info] > git status -z -uall [3ms]
2023-07-09 20:25:49.554 [info] > git ls-files --stage -- /workspace/Afrik-kitchen/view_menu/models.py [19ms]
2023-07-09 20:25:49.566 [info] > git ls-files --stage -- /workspace/Afrik-kitchen/booking/templates/booking/booking_success.html [46ms]
2023-07-09 20:25:49.575 [info] > git ls-files --stage -- /workspace/Afrik-kitchen/view_menu/views.py [68ms]
2023-07-09 20:25:49.584 [info] > git cat-file -s 96f6a5c6b9ab715a6c6dc4d0b6bfea008d6b86b2 [9ms]
2023-07-09 20:25:49.585 [info] > git cat-file -s 141d7a6c027f71f0f6f91db6f41354ccd206b768 [19ms]
2023-07-09 20:25:49.585 [info] > git ls-files --stage -- /workspace/Afrik-kitchen/view_menu/forms.py [33ms]
2023-07-09 20:25:49.592 [info] > git cat-file -s 726cace6e61ec6b20f83d5525f8cd8e134b1997a [9ms]
2023-07-09 20:25:49.593 [info] > git cat-file -s 97466989b803bd1bc47cbb54c4e4ed9c5789feef [1ms]
2023-07-09 20:25:49.669 [info] > git show --textconv :booking/templates/booking/booking_success.html [16ms]
2023-07-09 20:25:49.669 [info] > git show --textconv :view_menu/models.py [1ms]
2023-07-09 20:25:49.702 [info] > git show --textconv :view_menu/views.py [17ms]
2023-07-09 20:25:49.704 [info] > git show --textconv :view_menu/forms.py [3ms]
2023-07-09 20:26:18.453 [info] > git config --local branch.main.github-pr-owner-number [1ms]
2023-07-09 20:26:18.464 [info] > git config --get commit.template [5ms]
2023-07-09 20:26:18.465 [info] > git for-each-ref --format=%(refname)%00%(upstream:short)%00%(objectname)%00%(upstream:track)%00%(upstream:remotename)%00%(upstream:remoteref) refs/heads/main refs/remotes/main [1ms]
2023-07-09 20:26:18.472 [info] > git status -z -uall [1ms]
2023-07-09 20:26:52.973 [info] > git config --get commit.template [10ms]
2023-07-09 20:26:52.974 [info] > git for-each-ref --format=%(refname)%00%(upstream:short)%00%(objectname)%00%(upstream:track)%00%(upstream:remotename)%00%(upstream:remoteref) refs/heads/main refs/remotes/main [1ms]
2023-07-09 20:26:52.985 [info] > git status -z -uall [3ms]
2023-07-09 20:26:53.078 [info] > git config --local branch.main.github-pr-owner-number [1ms]
2023-07-09 20:26:53.094 [info] > git config --get commit.template [9ms]
2023-07-09 20:26:53.140 [info] > git ls-files --stage -- /workspace/Afrik-kitchen/view_menu/models.py [11ms]
2023-07-09 20:26:53.148 [info] > git ls-files --stage -- /workspace/Afrik-kitchen/booking/templates/booking/booking_success.html [32ms]
2023-07-09 20:26:53.157 [info] > git ls-files --stage -- /workspace/Afrik-kitchen/view_menu/views.py [51ms]
2023-07-09 20:26:53.168 [info] > git for-each-ref --format=%(refname)%00%(upstream:short)%00%(objectname)%00%(upstream:track)%00%(upstream:remotename)%00%(upstream:remoteref) refs/heads/main refs/remotes/main [74ms]
2023-07-09 20:26:53.181 [info] > git cat-file -s 726cace6e61ec6b20f83d5525f8cd8e134b1997a [13ms]
2023-07-09 20:26:53.181 [info] > git cat-file -s 96f6a5c6b9ab715a6c6dc4d0b6bfea008d6b86b2 [24ms]
2023-07-09 20:26:53.182 [info] > git cat-file -s 141d7a6c027f71f0f6f91db6f41354ccd206b768 [34ms]
2023-07-09 20:26:53.182 [info] > git ls-files --stage -- /workspace/Afrik-kitchen/view_menu/forms.py [43ms]
2023-07-09 20:26:53.195 [info] > git status -z -uall [15ms]
2023-07-09 20:26:53.196 [info] > git cat-file -s 97466989b803bd1bc47cbb54c4e4ed9c5789feef [2ms]
2023-07-09 20:26:53.261 [info] > git show --textconv :view_menu/views.py [12ms]
2023-07-09 20:26:53.261 [info] > git show --textconv :booking/templates/booking/booking_success.html [7ms]
2023-07-09 20:26:53.261 [info] > git show --textconv :view_menu/models.py [1ms]
2023-07-09 20:26:53.270 [info] > git show --textconv :view_menu/forms.py [1ms]
2023-07-09 20:28:42.742 [info] > git config --get commit.template [10ms]
2023-07-09 20:28:42.743 [info] > git for-each-ref --format=%(refname)%00%(upstream:short)%00%(objectname)%00%(upstream:track)%00%(upstream:remotename)%00%(upstream:remoteref) refs/heads/main refs/remotes/main [1ms]
2023-07-09 20:28:42.755 [info] > git status -z -uall [2ms]
2023-07-09 20:28:42.820 [info] > git config --local branch.main.github-pr-owner-number [2ms]
2023-07-09 20:28:42.841 [info] > git config --get commit.template [11ms]
2023-07-09 20:28:42.842 [info] > git for-each-ref --format=%(refname)%00%(upstream:short)%00%(objectname)%00%(upstream:track)%00%(upstream:remotename)%00%(upstream:remoteref) refs/heads/main refs/remotes/main [1ms]
2023-07-09 20:28:42.853 [info] > git status -z -uall [1ms]
2023-07-09 20:28:42.900 [info] > git ls-files --stage -- /workspace/Afrik-kitchen/view_menu/models.py [10ms]
2023-07-09 20:28:42.909 [info] > git ls-files --stage -- /workspace/Afrik-kitchen/booking/templates/booking/booking_success.html [30ms]
2023-07-09 20:28:42.919 [info] > git ls-files --stage -- /workspace/Afrik-kitchen/view_menu/views.py [50ms]
2023-07-09 20:28:42.930 [info] > git cat-file -s 96f6a5c6b9ab715a6c6dc4d0b6bfea008d6b86b2 [11ms]
2023-07-09 20:28:42.930 [info] > git cat-file -s 141d7a6c027f71f0f6f91db6f41354ccd206b768 [21ms]
2023-07-09 20:28:42.931 [info] > git ls-files --stage -- /workspace/Afrik-kitchen/view_menu/forms.py [32ms]
2023-07-09 20:28:42.942 [info] > git cat-file -s 726cace6e61ec6b20f83d5525f8cd8e134b1997a [12ms]
2023-07-09 20:28:42.942 [info] > git cat-file -s 97466989b803bd1bc47cbb54c4e4ed9c5789feef [1ms]
2023-07-09 20:28:43.016 [info] > git show --textconv :booking/templates/booking/booking_success.html [8ms]
2023-07-09 20:28:43.029 [info] > git show --textconv :view_menu/models.py [14ms]
2023-07-09 20:28:43.029 [info] > git show --textconv :view_menu/views.py [6ms]
2023-07-09 20:28:43.030 [info] > git show --textconv :view_menu/forms.py [2ms]
2023-07-09 20:31:18.494 [info] > git config --local branch.main.github-pr-owner-number [2ms]
2023-07-09 20:31:18.524 [info] > git config --get commit.template [15ms]
2023-07-09 20:31:18.525 [info] > git for-each-ref --format=%(refname)%00%(upstream:short)%00%(objectname)%00%(upstream:track)%00%(upstream:remotename)%00%(upstream:remoteref) refs/heads/main refs/remotes/main [2ms]
2023-07-09 20:31:18.540 [info] > git status -z -uall [3ms]
2023-07-09 20:34:36.454 [info] > git show --textconv :view_menu/admin.py [9ms]
2023-07-09 20:34:36.455 [info] > git ls-files --stage -- /workspace/Afrik-kitchen/view_menu/admin.py [1ms]
2023-07-09 20:34:36.462 [info] > git cat-file -s 22a6fed3864d6da28860f500aaea0458aa374b22 [1ms]
2023-07-09 20:35:19.867 [info] > git config --get commit.template [7ms]
2023-07-09 20:35:19.868 [info] > git for-each-ref --format=%(refname)%00%(upstream:short)%00%(objectname)%00%(upstream:track)%00%(upstream:remotename)%00%(upstream:remoteref) refs/heads/main refs/remotes/main [2ms]
2023-07-09 20:35:19.875 [info] > git status -z -uall [2ms]
2023-07-09 20:35:29.024 [info] > git config --get commit.template [8ms]
2023-07-09 20:35:29.025 [info] > git for-each-ref --format=%(refname)%00%(upstream:short)%00%(objectname)%00%(upstream:track)%00%(upstream:remotename)%00%(upstream:remoteref) refs/heads/main refs/remotes/main [1ms]
2023-07-09 20:35:29.032 [info] > git status -z -uall [2ms]
2023-07-09 20:35:42.472 [info] > git config --get commit.template [7ms]
2023-07-09 20:35:42.473 [info] > git for-each-ref --format=%(refname)%00%(upstream:short)%00%(objectname)%00%(upstream:track)%00%(upstream:remotename)%00%(upstream:remoteref) refs/heads/main refs/remotes/main [1ms]
2023-07-09 20:35:42.479 [info] > git status -z -uall [1ms]
2023-07-09 20:35:51.696 [info] > git config --get commit.template [1ms]
2023-07-09 20:35:51.705 [info] > git for-each-ref --format=%(refname)%00%(upstream:short)%00%(objectname)%00%(upstream:track)%00%(upstream:remotename)%00%(upstream:remoteref) refs/heads/main refs/remotes/main [2ms]
2023-07-09 20:35:51.711 [info] > git status -z -uall [1ms]
2023-07-09 20:35:59.982 [info] > git config --get commit.template [5ms]
2023-07-09 20:35:59.983 [info] > git for-each-ref --format=%(refname)%00%(upstream:short)%00%(objectname)%00%(upstream:track)%00%(upstream:remotename)%00%(upstream:remoteref) refs/heads/main refs/remotes/main [1ms]
2023-07-09 20:35:59.990 [info] > git status -z -uall [2ms]
2023-07-09 20:36:08.598 [info] > git config --get commit.template [40ms]
2023-07-09 20:36:08.598 [info] > git for-each-ref --format=%(refname)%00%(upstream:short)%00%(objectname)%00%(upstream:track)%00%(upstream:remotename)%00%(upstream:remoteref) refs/heads/main refs/remotes/main [1ms]
2023-07-09 20:36:08.607 [info] > git status -z -uall [2ms]
2023-07-09 20:36:14.791 [info] > git config --get commit.template [7ms]
2023-07-09 20:36:14.792 [info] > git for-each-ref --format=%(refname)%00%(upstream:short)%00%(objectname)%00%(upstream:track)%00%(upstream:remotename)%00%(upstream:remoteref) refs/heads/main refs/remotes/main [1ms]
2023-07-09 20:36:14.799 [info] > git status -z -uall [2ms]
2023-07-09 20:36:18.580 [info] > git config --local branch.main.github-pr-owner-number [1ms]
2023-07-09 20:36:18.595 [info] > git config --get commit.template [7ms]
2023-07-09 20:36:18.596 [info] > git for-each-ref --format=%(refname)%00%(upstream:short)%00%(objectname)%00%(upstream:track)%00%(upstream:remotename)%00%(upstream:remoteref) refs/heads/main refs/remotes/main [1ms]
2023-07-09 20:36:18.604 [info] > git status -z -uall [2ms]
2023-07-09 20:36:35.076 [info] > git config --get commit.template [6ms]
2023-07-09 20:36:35.076 [info] > git for-each-ref --format=%(refname)%00%(upstream:short)%00%(objectname)%00%(upstream:track)%00%(upstream:remotename)%00%(upstream:remoteref) refs/heads/main refs/remotes/main [1ms]
2023-07-09 20:36:35.083 [info] > git status -z -uall [1ms]
2023-07-09 20:37:11.572 [info] > git config --get commit.template [7ms]
2023-07-09 20:37:11.572 [info] > git for-each-ref --format=%(refname)%00%(upstream:short)%00%(objectname)%00%(upstream:track)%00%(upstream:remotename)%00%(upstream:remoteref) refs/heads/main refs/remotes/main [1ms]
2023-07-09 20:37:11.579 [info] > git status -z -uall [2ms]
2023-07-09 20:40:09.746 [info] > git config --get commit.template [13ms]
2023-07-09 20:40:09.747 [info] > git for-each-ref --format=%(refname)%00%(upstream:short)%00%(objectname)%00%(upstream:track)%00%(upstream:remotename)%00%(upstream:remoteref) refs/heads/main refs/remotes/main [1ms]
2023-07-09 20:40:09.759 [info] > git status -z -uall [2ms]
2023-07-09 20:40:18.415 [info] > git config --get commit.template [5ms]
2023-07-09 20:40:18.416 [info] > git for-each-ref --format=%(refname)%00%(upstream:short)%00%(objectname)%00%(upstream:track)%00%(upstream:remotename)%00%(upstream:remoteref) refs/heads/main refs/remotes/main [1ms]
2023-07-09 20:40:18.422 [info] > git status -z -uall [2ms]
2023-07-09 20:40:30.283 [info] > git config --get commit.template [9ms]
2023-07-09 20:40:30.284 [info] > git for-each-ref --format=%(refname)%00%(upstream:short)%00%(objectname)%00%(upstream:track)%00%(upstream:remotename)%00%(upstream:remoteref) refs/heads/main refs/remotes/main [1ms]
2023-07-09 20:40:30.295 [info] > git status -z -uall [2ms]
2023-07-09 20:41:09.063 [info] > git config --get commit.template [11ms]
2023-07-09 20:41:09.063 [info] > git for-each-ref --format=%(refname)%00%(upstream:short)%00%(objectname)%00%(upstream:track)%00%(upstream:remotename)%00%(upstream:remoteref) refs/heads/main refs/remotes/main [1ms]
2023-07-09 20:41:09.071 [info] > git status -z -uall [1ms]
2023-07-09 20:41:18.617 [info] > git config --local branch.main.github-pr-owner-number [1ms]
2023-07-09 20:41:18.639 [info] > git config --get commit.template [12ms]
2023-07-09 20:41:18.640 [info] > git for-each-ref --format=%(refname)%00%(upstream:short)%00%(objectname)%00%(upstream:track)%00%(upstream:remotename)%00%(upstream:remoteref) refs/heads/main refs/remotes/main [1ms]
2023-07-09 20:41:18.651 [info] > git status -z -uall [1ms]
2023-07-09 20:41:43.661 [info] > git config --get commit.template [6ms]
2023-07-09 20:41:43.661 [info] > git for-each-ref --format=%(refname)%00%(upstream:short)%00%(objectname)%00%(upstream:track)%00%(upstream:remotename)%00%(upstream:remoteref) refs/heads/main refs/remotes/main [1ms]
2023-07-09 20:41:43.668 [info] > git status -z -uall [2ms]
2023-07-09 20:41:59.377 [info] > git config --get commit.template [1ms]
2023-07-09 20:41:59.385 [info] > git for-each-ref --format=%(refname)%00%(upstream:short)%00%(objectname)%00%(upstream:track)%00%(upstream:remotename)%00%(upstream:remoteref) refs/heads/main refs/remotes/main [2ms]
2023-07-09 20:41:59.392 [info] > git status -z -uall [2ms]
2023-07-09 20:42:08.573 [info] > git config --get commit.template [7ms]
2023-07-09 20:42:08.574 [info] > git for-each-ref --format=%(refname)%00%(upstream:short)%00%(objectname)%00%(upstream:track)%00%(upstream:remotename)%00%(upstream:remoteref) refs/heads/main refs/remotes/main [2ms]
2023-07-09 20:42:08.583 [info] > git status -z -uall [3ms]
2023-07-09 20:42:18.495 [info] > git config --get commit.template [8ms]
2023-07-09 20:42:18.496 [info] > git for-each-ref --format=%(refname)%00%(upstream:short)%00%(objectname)%00%(upstream:track)%00%(upstream:remotename)%00%(upstream:remoteref) refs/heads/main refs/remotes/main [2ms]
2023-07-09 20:42:18.503 [info] > git status -z -uall [1ms]
2023-07-09 20:43:05.924 [info] > git config --get commit.template [7ms]
2023-07-09 20:43:05.925 [info] > git for-each-ref --format=%(refname)%00%(upstream:short)%00%(objectname)%00%(upstream:track)%00%(upstream:remotename)%00%(upstream:remoteref) refs/heads/main refs/remotes/main [1ms]
2023-07-09 20:43:05.932 [info] > git status -z -uall [2ms]
2023-07-09 20:43:14.735 [info] > git config --get commit.template [6ms]
2023-07-09 20:43:14.735 [info] > git for-each-ref --format=%(refname)%00%(upstream:short)%00%(objectname)%00%(upstream:track)%00%(upstream:remotename)%00%(upstream:remoteref) refs/heads/main refs/remotes/main [1ms]
2023-07-09 20:43:14.743 [info] > git status -z -uall [2ms]
2023-07-09 20:43:35.073 [info] > git config --get commit.template [8ms]
2023-07-09 20:43:35.073 [info] > git for-each-ref --format=%(refname)%00%(upstream:short)%00%(objectname)%00%(upstream:track)%00%(upstream:remotename)%00%(upstream:remoteref) refs/heads/main refs/remotes/main [1ms]
2023-07-09 20:43:35.081 [info] > git status -z -uall [2ms]
2023-07-09 20:43:57.653 [info] > git config --get commit.template [5ms]
2023-07-09 20:43:57.654 [info] > git for-each-ref --format=%(refname)%00%(upstream:short)%00%(objectname)%00%(upstream:track)%00%(upstream:remotename)%00%(upstream:remoteref) refs/heads/main refs/remotes/main [2ms]
2023-07-09 20:43:57.660 [info] > git status -z -uall [1ms]
2023-07-09 20:44:25.143 [info] > git config --get commit.template [6ms]
2023-07-09 20:44:25.144 [info] > git for-each-ref --format=%(refname)%00%(upstream:short)%00%(objectname)%00%(upstream:track)%00%(upstream:remotename)%00%(upstream:remoteref) refs/heads/main refs/remotes/main [1ms]
2023-07-09 20:44:25.152 [info] > git status -z -uall [1ms]
2023-07-09 20:44:32.343 [info] > git config --get commit.template [7ms]
2023-07-09 20:44:32.344 [info] > git for-each-ref --format=%(refname)%00%(upstream:short)%00%(objectname)%00%(upstream:track)%00%(upstream:remotename)%00%(upstream:remoteref) refs/heads/main refs/remotes/main [1ms]
2023-07-09 20:44:32.351 [info] > git status -z -uall [1ms]
2023-07-09 20:45:06.614 [info] > git config --get commit.template [8ms]
2023-07-09 20:45:06.615 [info] > git for-each-ref --format=%(refname)%00%(upstream:short)%00%(objectname)%00%(upstream:track)%00%(upstream:remotename)%00%(upstream:remoteref) refs/heads/main refs/remotes/main [2ms]
2023-07-09 20:45:06.623 [info] > git status -z -uall [2ms]
2023-07-09 20:45:47.312 [info] > git config --get commit.template [6ms]
2023-07-09 20:45:47.312 [info] > git for-each-ref --format=%(refname)%00%(upstream:short)%00%(objectname)%00%(upstream:track)%00%(upstream:remotename)%00%(upstream:remoteref) refs/heads/main refs/remotes/main [1ms]
2023-07-09 20:45:47.319 [info] > git status -z -uall [2ms]
2023-07-09 20:45:57.881 [info] > git config --get commit.template [6ms]
2023-07-09 20:45:57.882 [info] > git for-each-ref --format=%(refname)%00%(upstream:short)%00%(objectname)%00%(upstream:track)%00%(upstream:remotename)%00%(upstream:remoteref) refs/heads/main refs/remotes/main [2ms]
2023-07-09 20:45:57.892 [info] > git status -z -uall [2ms]
2023-07-09 20:46:02.909 [info] > git config --get commit.template [6ms]
2023-07-09 20:46:02.910 [info] > git for-each-ref --format=%(refname)%00%(upstream:short)%00%(objectname)%00%(upstream:track)%00%(upstream:remotename)%00%(upstream:remoteref) refs/heads/main refs/remotes/main [2ms]
2023-07-09 20:46:02.917 [info] > git status -z -uall [1ms]
2023-07-09 20:46:18.664 [info] > git config --local branch.main.github-pr-owner-number [1ms]
2023-07-09 20:46:18.677 [info] > git config --get commit.template [6ms]
2023-07-09 20:46:18.678 [info] > git for-each-ref --format=%(refname)%00%(upstream:short)%00%(objectname)%00%(upstream:track)%00%(upstream:remotename)%00%(upstream:remoteref) refs/heads/main refs/remotes/main [1ms]
2023-07-09 20:46:18.685 [info] > git status -z -uall [2ms]
2023-07-09 20:46:26.934 [info] > git config --get commit.template [1ms]
2023-07-09 20:46:26.941 [info] > git for-each-ref --format=%(refname)%00%(upstream:short)%00%(objectname)%00%(upstream:track)%00%(upstream:remotename)%00%(upstream:remoteref) refs/heads/main refs/remotes/main [1ms]
2023-07-09 20:46:26.947 [info] > git status -z -uall [1ms]
2023-07-09 20:46:38.489 [info] > git check-ignore -v -z --stdin [1ms]
2023-07-09 20:46:42.959 [info] > git show --textconv :view_menu/templates/menu/side.html [6ms]
2023-07-09 20:46:42.960 [info] > git ls-files --stage -- /workspace/Afrik-kitchen/view_menu/templates/menu/side.html [0ms]
2023-07-09 20:46:42.965 [info] > git cat-file -s 8f049f9527dbc69014da3a028f11fdf6b4b375d0 [1ms]
2023-07-09 20:51:18.696 [info] > git config --local branch.main.github-pr-owner-number [1ms]
2023-07-09 20:51:18.717 [info] > git config --get commit.template [11ms]
2023-07-09 20:51:18.718 [info] > git for-each-ref --format=%(refname)%00%(upstream:short)%00%(objectname)%00%(upstream:track)%00%(upstream:remotename)%00%(upstream:remoteref) refs/heads/main refs/remotes/main [2ms]
2023-07-09 20:51:18.726 [info] > git status -z -uall [2ms]
2023-07-09 20:55:26.321 [info] > git show --textconv :view_menu/templates/menu/breakfast.html [6ms]
2023-07-09 20:55:26.321 [info] > git ls-files --stage -- /workspace/Afrik-kitchen/view_menu/templates/menu/breakfast.html [1ms]
2023-07-09 20:55:26.327 [info] > git cat-file -s fdf6f3f729daeb9d24754408d9aa969435cbd45c [1ms]
2023-07-09 20:56:18.739 [info] > git config --local branch.main.github-pr-owner-number [1ms]
2023-07-09 20:56:18.759 [info] > git config --get commit.template [11ms]
2023-07-09 20:56:18.759 [info] > git for-each-ref --format=%(refname)%00%(upstream:short)%00%(objectname)%00%(upstream:track)%00%(upstream:remotename)%00%(upstream:remoteref) refs/heads/main refs/remotes/main [1ms]
2023-07-09 20:56:18.771 [info] > git status -z -uall [1ms]
2023-07-09 20:59:46.601 [info] > git config --get commit.template [6ms]
2023-07-09 20:59:46.602 [info] > git for-each-ref --format=%(refname)%00%(upstream:short)%00%(objectname)%00%(upstream:track)%00%(upstream:remotename)%00%(upstream:remoteref) refs/heads/main refs/remotes/main [1ms]
2023-07-09 20:59:46.608 [info] > git status -z -uall [2ms]
2023-07-09 20:59:54.189 [info] > git config --get commit.template [9ms]
2023-07-09 20:59:54.190 [info] > git for-each-ref --format=%(refname)%00%(upstream:short)%00%(objectname)%00%(upstream:track)%00%(upstream:remotename)%00%(upstream:remoteref) refs/heads/main refs/remotes/main [2ms]
2023-07-09 20:59:54.206 [info] > git status -z -uall [2ms]
2023-07-09 21:00:14.904 [info] > git config --get commit.template [7ms]
2023-07-09 21:00:14.905 [info] > git for-each-ref --format=%(refname)%00%(upstream:short)%00%(objectname)%00%(upstream:track)%00%(upstream:remotename)%00%(upstream:remoteref) refs/heads/main refs/remotes/main [1ms]
2023-07-09 21:00:14.912 [info] > git status -z -uall [2ms]
2023-07-09 21:00:23.023 [info] > git config --get commit.template [12ms]
2023-07-09 21:00:23.023 [info] > git for-each-ref --format=%(refname)%00%(upstream:short)%00%(objectname)%00%(upstream:track)%00%(upstream:remotename)%00%(upstream:remoteref) refs/heads/main refs/remotes/main [1ms]
2023-07-09 21:00:23.036 [info] > git status -z -uall [2ms]
2023-07-09 21:01:18.783 [info] > git config --local branch.main.github-pr-owner-number [1ms]
2023-07-09 21:01:18.794 [info] > git config --get commit.template [5ms]
2023-07-09 21:01:18.795 [info] > git for-each-ref --format=%(refname)%00%(upstream:short)%00%(objectname)%00%(upstream:track)%00%(upstream:remotename)%00%(upstream:remoteref) refs/heads/main refs/remotes/main [1ms]
2023-07-09 21:01:18.802 [info] > git status -z -uall [2ms]
2023-07-09 21:02:55.325 [info] > git config --get commit.template [10ms]
2023-07-09 21:02:55.326 [info] > git for-each-ref --format=%(refname)%00%(upstream:short)%00%(objectname)%00%(upstream:track)%00%(upstream:remotename)%00%(upstream:remoteref) refs/heads/main refs/remotes/main [2ms]
2023-07-09 21:02:55.334 [info] > git status -z -uall [2ms]
2023-07-09 21:05:51.393 [info] > git config --get commit.template [8ms]
2023-07-09 21:05:51.394 [info] > git for-each-ref --format=%(refname)%00%(upstream:short)%00%(objectname)%00%(upstream:track)%00%(upstream:remotename)%00%(upstream:remoteref) refs/heads/main refs/remotes/main [2ms]
2023-07-09 21:05:51.401 [info] > git status -z -uall [1ms]
2023-07-09 21:06:18.815 [info] > git config --local branch.main.github-pr-owner-number [1ms]
2023-07-09 21:06:18.827 [info] > git config --get commit.template [5ms]
2023-07-09 21:06:18.828 [info] > git for-each-ref --format=%(refname)%00%(upstream:short)%00%(objectname)%00%(upstream:track)%00%(upstream:remotename)%00%(upstream:remoteref) refs/heads/main refs/remotes/main [1ms]
2023-07-09 21:06:18.840 [info] > git status -z -uall [3ms]
2023-07-09 21:07:30.791 [info] > git config --get commit.template [7ms]
2023-07-09 21:07:30.792 [info] > git for-each-ref --format=%(refname)%00%(upstream:short)%00%(objectname)%00%(upstream:track)%00%(upstream:remotename)%00%(upstream:remoteref) refs/heads/main refs/remotes/main [2ms]
2023-07-09 21:07:30.799 [info] > git status -z -uall [2ms]
2023-07-09 21:08:10.610 [info] > git config --get commit.template [10ms]
2023-07-09 21:08:10.611 [info] > git for-each-ref --format=%(refname)%00%(upstream:short)%00%(objectname)%00%(upstream:track)%00%(upstream:remotename)%00%(upstream:remoteref) refs/heads/main refs/remotes/main [1ms]
2023-07-09 21:08:10.623 [info] > git status -z -uall [2ms]
2023-07-09 21:11:18.852 [info] > git config --local branch.main.github-pr-owner-number [1ms]
2023-07-09 21:11:18.861 [info] > git config --get commit.template [2ms]
2023-07-09 21:11:18.867 [info] > git for-each-ref --format=%(refname)%00%(upstream:short)%00%(objectname)%00%(upstream:track)%00%(upstream:remotename)%00%(upstream:remoteref) refs/heads/main refs/remotes/main [1ms]
2023-07-09 21:11:18.875 [info] > git status -z -uall [2ms]
2023-07-09 21:14:11.729 [info] > git config --get commit.template [8ms]
2023-07-09 21:14:11.730 [info] > git for-each-ref --format=%(refname)%00%(upstream:short)%00%(objectname)%00%(upstream:track)%00%(upstream:remotename)%00%(upstream:remoteref) refs/heads/main refs/remotes/main [1ms]
2023-07-09 21:14:11.737 [info] > git status -z -uall [2ms]
2023-07-09 21:16:18.888 [info] > git config --local branch.main.github-pr-owner-number [1ms]
2023-07-09 21:16:18.901 [info] > git config --get commit.template [5ms]
2023-07-09 21:16:18.901 [info] > git for-each-ref --format=%(refname)%00%(upstream:short)%00%(objectname)%00%(upstream:track)%00%(upstream:remotename)%00%(upstream:remoteref) refs/heads/main refs/remotes/main [1ms]
2023-07-09 21:16:18.907 [info] > git status -z -uall [2ms]
2023-07-09 21:16:49.510 [info] > git config --get commit.template [7ms]
2023-07-09 21:16:49.511 [info] > git for-each-ref --format=%(refname)%00%(upstream:short)%00%(objectname)%00%(upstream:track)%00%(upstream:remotename)%00%(upstream:remoteref) refs/heads/main refs/remotes/main [1ms]
2023-07-09 21:16:49.518 [info] > git status -z -uall [2ms]
2023-07-09 21:17:39.998 [info] > git config --get commit.template [7ms]
2023-07-09 21:17:39.999 [info] > git for-each-ref --format=%(refname)%00%(upstream:short)%00%(objectname)%00%(upstream:track)%00%(upstream:remotename)%00%(upstream:remoteref) refs/heads/main refs/remotes/main [1ms]
2023-07-09 21:17:40.006 [info] > git status -z -uall [2ms]
2023-07-09 21:19:16.927 [info] > git config --get commit.template [0ms]
2023-07-09 21:19:16.934 [info] > git for-each-ref --format=%(refname)%00%(upstream:short)%00%(objectname)%00%(upstream:track)%00%(upstream:remotename)%00%(upstream:remoteref) refs/heads/main refs/remotes/main [1ms]
2023-07-09 21:19:16.941 [info] > git status -z -uall [2ms]
2023-07-09 21:21:18.918 [info] > git config --local branch.main.github-pr-owner-number [1ms]
2023-07-09 21:21:18.925 [info] > git config --get commit.template [1ms]
2023-07-09 21:21:18.931 [info] > git for-each-ref --format=%(refname)%00%(upstream:short)%00%(objectname)%00%(upstream:track)%00%(upstream:remotename)%00%(upstream:remoteref) refs/heads/main refs/remotes/main [1ms]
2023-07-09 21:21:18.938 [info] > git status -z -uall [2ms]
2023-07-09 21:26:18.949 [info] > git config --local branch.main.github-pr-owner-number [1ms]
2023-07-09 21:26:18.960 [info] > git config --get commit.template [5ms]
2023-07-09 21:26:18.961 [info] > git for-each-ref --format=%(refname)%00%(upstream:short)%00%(objectname)%00%(upstream:track)%00%(upstream:remotename)%00%(upstream:remoteref) refs/heads/main refs/remotes/main [1ms]
2023-07-09 21:26:18.968 [info] > git status -z -uall [2ms]
2023-07-09 21:28:02.796 [info] > git config --get commit.template [6ms]
2023-07-09 21:28:02.796 [info] > git for-each-ref --format=%(refname)%00%(upstream:short)%00%(objectname)%00%(upstream:track)%00%(upstream:remotename)%00%(upstream:remoteref) refs/heads/main refs/remotes/main [1ms]
2023-07-09 21:28:02.803 [info] > git status -z -uall [2ms]
2023-07-09 21:28:38.755 [info] > git show --textconv :view_menu/templates/menu/baseee.html [7ms]
2023-07-09 21:28:38.755 [info] > git ls-files --stage -- /workspace/Afrik-kitchen/view_menu/templates/menu/baseee.html [1ms]
2023-07-09 21:28:38.761 [info] > git cat-file -s 36bf37bfab7bc2d61158ce8dd44fe420573b54a5 [1ms]
2023-07-09 21:29:18.035 [info] > git check-ignore -v -z --stdin [1ms]
2023-07-09 21:29:19.566 [info] > git show --textconv :TEMPLATES_DIR/base.html [7ms]
2023-07-09 21:29:19.566 [info] > git ls-files --stage -- /workspace/Afrik-kitchen/TEMPLATES_DIR/base.html [1ms]
2023-07-09 21:29:19.573 [info] > git cat-file -s cc1de4be22508af95a0c94991e67cfbc49531ceb [1ms]
2023-07-09 21:29:38.091 [info] > git show --textconv :TEMPLATES_DIR/404.html [6ms]
2023-07-09 21:29:38.092 [info] > git ls-files --stage -- /workspace/Afrik-kitchen/TEMPLATES_DIR/404.html [1ms]
2023-07-09 21:29:38.098 [info] > git cat-file -s 639c32583e7570f8e320aad644c5d13204573bb4 [1ms]
2023-07-09 21:29:57.330 [info] > git show --textconv :TEMPLATES_DIR/403.html [7ms]
2023-07-09 21:29:57.331 [info] > git ls-files --stage -- /workspace/Afrik-kitchen/TEMPLATES_DIR/403.html [1ms]
2023-07-09 21:29:57.337 [info] > git cat-file -s b154fb13c838210bfa3780ae36035279cab263de [1ms]
2023-07-09 21:30:00.872 [info] > git show --textconv :TEMPLATES_DIR/500.html [11ms]
2023-07-09 21:30:00.873 [info] > git ls-files --stage -- /workspace/Afrik-kitchen/TEMPLATES_DIR/500.html [1ms]
2023-07-09 21:30:00.881 [info] > git cat-file -s cf4b0a20656cf01798bf9d63ce44970f9e65cbff [1ms]
2023-07-09 21:30:35.822 [info] > git show --textconv :TEMPLATES_DIR/base.html [12ms]
2023-07-09 21:30:35.823 [info] > git ls-files --stage -- /workspace/Afrik-kitchen/TEMPLATES_DIR/base.html [1ms]
2023-07-09 21:30:35.837 [info] > git cat-file -s cc1de4be22508af95a0c94991e67cfbc49531ceb [1ms]
2023-07-09 21:31:10.064 [info] > git check-ignore -v -z --stdin [1ms]
2023-07-09 21:31:13.380 [info] > git check-ignore -v -z --stdin [2ms]
2023-07-09 21:31:18.980 [info] > git config --local branch.main.github-pr-owner-number [1ms]
2023-07-09 21:31:18.993 [info] > git config --get commit.template [6ms]
2023-07-09 21:31:18.993 [info] > git for-each-ref --format=%(refname)%00%(upstream:short)%00%(objectname)%00%(upstream:track)%00%(upstream:remotename)%00%(upstream:remoteref) refs/heads/main refs/remotes/main [1ms]
2023-07-09 21:31:19.000 [info] > git status -z -uall [2ms]
2023-07-09 21:32:13.707 [info] > git check-ignore -v -z --stdin [1ms]
2023-07-09 21:32:17.719 [info] > git check-ignore -v -z --stdin [0ms]
2023-07-09 21:32:20.344 [info] > git show --textconv :view_menu/static/menu/js/script.js [8ms]
2023-07-09 21:32:20.345 [info] > git ls-files --stage -- /workspace/Afrik-kitchen/view_menu/static/menu/js/script.js [1ms]
2023-07-09 21:32:20.353 [info] > git cat-file -s 203832b5a0c72f53ee4e193f3d8d6a68576bbf50 [2ms]
2023-07-09 21:35:32.985 [info] > git check-ignore -v -z --stdin [1ms]
2023-07-09 21:35:33.378 [info] > git config --get commit.template [5ms]
2023-07-09 21:35:33.379 [info] > git for-each-ref --format=%(refname)%00%(upstream:short)%00%(objectname)%00%(upstream:track)%00%(upstream:remotename)%00%(upstream:remoteref) refs/heads/main refs/remotes/main [1ms]
2023-07-09 21:35:33.386 [info] > git status -z -uall [2ms]
2023-07-09 21:35:54.331 [info] > git show --textconv :static/js/script.js [5ms]
2023-07-09 21:35:54.332 [info] > git ls-files --stage -- /workspace/Afrik-kitchen/static/js/script.js [1ms]
2023-07-09 21:35:54.355 [info] > git check-ignore -v -z --stdin [1ms]
2023-07-09 21:35:54.913 [info] > git config --get commit.template [6ms]
2023-07-09 21:35:54.914 [info] > git for-each-ref --format=%(refname)%00%(upstream:short)%00%(objectname)%00%(upstream:track)%00%(upstream:remotename)%00%(upstream:remoteref) refs/heads/main refs/remotes/main [2ms]
2023-07-09 21:35:54.924 [info] > git status -z -uall [2ms]
2023-07-09 21:36:19.012 [info] > git config --local branch.main.github-pr-owner-number [1ms]
2023-07-09 21:36:19.023 [info] > git config --get commit.template [6ms]
2023-07-09 21:36:19.024 [info] > git for-each-ref --format=%(refname)%00%(upstream:short)%00%(objectname)%00%(upstream:track)%00%(upstream:remotename)%00%(upstream:remoteref) refs/heads/main refs/remotes/main [1ms]
2023-07-09 21:36:19.031 [info] > git status -z -uall [2ms]
2023-07-09 21:37:46.180 [info] > git config --get commit.template [6ms]
2023-07-09 21:37:46.181 [info] > git for-each-ref --format=%(refname)%00%(upstream:short)%00%(objectname)%00%(upstream:track)%00%(upstream:remotename)%00%(upstream:remoteref) refs/heads/main refs/remotes/main [1ms]
2023-07-09 21:37:46.188 [info] > git status -z -uall [1ms]
2023-07-09 21:39:18.706 [info] > git config --get commit.template [5ms]
2023-07-09 21:39:18.707 [info] > git for-each-ref --format=%(refname)%00%(upstream:short)%00%(objectname)%00%(upstream:track)%00%(upstream:remotename)%00%(upstream:remoteref) refs/heads/main refs/remotes/main [1ms]
2023-07-09 21:39:18.714 [info] > git status -z -uall [2ms]
2023-07-09 21:39:23.781 [info] > git config --get commit.template [6ms]
2023-07-09 21:39:23.782 [info] > git for-each-ref --format=%(refname)%00%(upstream:short)%00%(objectname)%00%(upstream:track)%00%(upstream:remotename)%00%(upstream:remoteref) refs/heads/main refs/remotes/main [1ms]
2023-07-09 21:39:23.789 [info] > git status -z -uall [2ms]
2023-07-09 21:39:31.374 [info] > git show --textconv :view_menu/static/menu/js/order.js [7ms]
2023-07-09 21:39:31.375 [info] > git ls-files --stage -- /workspace/Afrik-kitchen/view_menu/static/menu/js/order.js [1ms]
2023-07-09 21:39:31.382 [info] > git cat-file -s fdd783feb1c30deea062f1e16c212ce73d91dd17 [1ms]
2023-07-09 21:40:21.369 [info] > git show --textconv :view_menu/templates/menu/baseee.html [8ms]
2023-07-09 21:40:21.369 [info] > git ls-files --stage -- /workspace/Afrik-kitchen/view_menu/templates/menu/baseee.html [2ms]
2023-07-09 21:40:21.375 [info] > git cat-file -s 36bf37bfab7bc2d61158ce8dd44fe420573b54a5 [1ms]
2023-07-09 21:41:19.043 [info] > git config --local branch.main.github-pr-owner-number [1ms]
2023-07-09 21:41:19.054 [info] > git config --get commit.template [6ms]
2023-07-09 21:41:19.055 [info] > git for-each-ref --format=%(refname)%00%(upstream:short)%00%(objectname)%00%(upstream:track)%00%(upstream:remotename)%00%(upstream:remoteref) refs/heads/main refs/remotes/main [1ms]
2023-07-09 21:41:19.061 [info] > git status -z -uall [1ms]
2023-07-09 21:41:41.898 [info] > git show --textconv :TEMPLATES_DIR/base.html [7ms]
2023-07-09 21:41:41.899 [info] > git ls-files --stage -- /workspace/Afrik-kitchen/TEMPLATES_DIR/base.html [1ms]
2023-07-09 21:41:41.906 [info] > git cat-file -s cc1de4be22508af95a0c94991e67cfbc49531ceb [2ms]
2023-07-09 21:42:22.465 [info] > git config --get commit.template [6ms]
2023-07-09 21:42:22.465 [info] > git for-each-ref --format=%(refname)%00%(upstream:short)%00%(objectname)%00%(upstream:track)%00%(upstream:remotename)%00%(upstream:remoteref) refs/heads/main refs/remotes/main [1ms]
2023-07-09 21:42:22.473 [info] > git status -z -uall [1ms]
2023-07-09 21:46:18.687 [info] > git config --get commit.template [7ms]
2023-07-09 21:46:18.687 [info] > git for-each-ref --format=%(refname)%00%(upstream:short)%00%(objectname)%00%(upstream:track)%00%(upstream:remotename)%00%(upstream:remoteref) refs/heads/main refs/remotes/main [1ms]
2023-07-09 21:46:18.695 [info] > git status -z -uall [2ms]
2023-07-09 21:46:19.073 [info] > git config --local branch.main.github-pr-owner-number [1ms]
2023-07-09 21:46:19.085 [info] > git config --get commit.template [6ms]
2023-07-09 21:46:19.086 [info] > git for-each-ref --format=%(refname)%00%(upstream:short)%00%(objectname)%00%(upstream:track)%00%(upstream:remotename)%00%(upstream:remoteref) refs/heads/main refs/remotes/main [1ms]
2023-07-09 21:46:19.092 [info] > git status -z -uall [1ms]
2023-07-09 21:50:20.991 [info] > git check-ignore -v -z --stdin [1ms]
2023-07-09 21:50:48.849 [info] > git show --textconv :TEMPLATES_DIR/404.html [6ms]
2023-07-09 21:50:48.850 [info] > git ls-files --stage -- /workspace/Afrik-kitchen/TEMPLATES_DIR/404.html [1ms]
2023-07-09 21:50:48.856 [info] > git cat-file -s 639c32583e7570f8e320aad644c5d13204573bb4 [1ms]
2023-07-09 21:51:19.103 [info] > git config --local branch.main.github-pr-owner-number [1ms]
2023-07-09 21:51:19.119 [info] > git config --get commit.template [9ms]
2023-07-09 21:51:19.120 [info] > git for-each-ref --format=%(refname)%00%(upstream:short)%00%(objectname)%00%(upstream:track)%00%(upstream:remotename)%00%(upstream:remoteref) refs/heads/main refs/remotes/main [1ms]
2023-07-09 21:51:19.132 [info] > git status -z -uall [2ms]
2023-07-09 21:56:19.146 [info] > git config --local branch.main.github-pr-owner-number [2ms]
2023-07-09 21:56:19.161 [info] > git config --get commit.template [6ms]
2023-07-09 21:56:19.162 [info] > git for-each-ref --format=%(refname)%00%(upstream:short)%00%(objectname)%00%(upstream:track)%00%(upstream:remotename)%00%(upstream:remoteref) refs/heads/main refs/remotes/main [1ms]
2023-07-09 21:56:19.169 [info] > git status -z -uall [1ms]
2023-07-09 21:57:53.662 [info] > git config --get commit.template [6ms]
2023-07-09 21:57:53.662 [info] > git for-each-ref --format=%(refname)%00%(upstream:short)%00%(objectname)%00%(upstream:track)%00%(upstream:remotename)%00%(upstream:remoteref) refs/heads/main refs/remotes/main [2ms]
2023-07-09 21:57:53.669 [info] > git status -z -uall [2ms]
2023-07-09 21:58:11.228 [info] > git config --get commit.template [8ms]
2023-07-09 21:58:11.228 [info] > git for-each-ref --format=%(refname)%00%(upstream:short)%00%(objectname)%00%(upstream:track)%00%(upstream:remotename)%00%(upstream:remoteref) refs/heads/main refs/remotes/main [1ms]
2023-07-09 21:58:11.238 [info] > git status -z -uall [2ms]
2023-07-09 21:58:16.255 [info] > git config --get commit.template [7ms]
2023-07-09 21:58:16.255 [info] > git for-each-ref --format=%(refname)%00%(upstream:short)%00%(objectname)%00%(upstream:track)%00%(upstream:remotename)%00%(upstream:remoteref) refs/heads/main refs/remotes/main [1ms]
2023-07-09 21:58:16.262 [info] > git status -z -uall [2ms]
2023-07-09 22:01:19.180 [info] > git config --local branch.main.github-pr-owner-number [1ms]
2023-07-09 22:01:19.190 [info] > git config --get commit.template [5ms]
2023-07-09 22:01:19.191 [info] > git for-each-ref --format=%(refname)%00%(upstream:short)%00%(objectname)%00%(upstream:track)%00%(upstream:remotename)%00%(upstream:remoteref) refs/heads/main refs/remotes/main [1ms]
2023-07-09 22:01:19.197 [info] > git status -z -uall [2ms]
2023-07-09 22:04:53.392 [info] > git config --get commit.template [7ms]
2023-07-09 22:04:53.392 [info] > git for-each-ref --format=%(refname)%00%(upstream:short)%00%(objectname)%00%(upstream:track)%00%(upstream:remotename)%00%(upstream:remoteref) refs/heads/main refs/remotes/main [1ms]
2023-07-09 22:04:53.399 [info] > git status -z -uall [2ms]
2023-07-09 22:05:15.212 [info] > git config --get commit.template [6ms]
2023-07-09 22:05:15.212 [info] > git for-each-ref --format=%(refname)%00%(upstream:short)%00%(objectname)%00%(upstream:track)%00%(upstream:remotename)%00%(upstream:remoteref) refs/heads/main refs/remotes/main [1ms]
2023-07-09 22:05:15.220 [info] > git status -z -uall [1ms]
2023-07-09 22:05:20.235 [info] > git config --get commit.template [6ms]
2023-07-09 22:05:20.235 [info] > git for-each-ref --format=%(refname)%00%(upstream:short)%00%(objectname)%00%(upstream:track)%00%(upstream:remotename)%00%(upstream:remoteref) refs/heads/main refs/remotes/main [1ms]
2023-07-09 22:05:20.242 [info] > git status -z -uall [2ms]
2023-07-09 22:05:25.269 [info] > git config --get commit.template [13ms]
2023-07-09 22:05:25.269 [info] > git for-each-ref --format=%(refname)%00%(upstream:short)%00%(objectname)%00%(upstream:track)%00%(upstream:remotename)%00%(upstream:remoteref) refs/heads/main refs/remotes/main [1ms]
2023-07-09 22:05:25.282 [info] > git status -z -uall [2ms]
2023-07-09 22:06:19.210 [info] > git config --local branch.main.github-pr-owner-number [1ms]
2023-07-09 22:06:19.222 [info] > git config --get commit.template [6ms]
2023-07-09 22:06:19.223 [info] > git for-each-ref --format=%(refname)%00%(upstream:short)%00%(objectname)%00%(upstream:track)%00%(upstream:remotename)%00%(upstream:remoteref) refs/heads/main refs/remotes/main [0ms]
2023-07-09 22:06:19.230 [info] > git status -z -uall [2ms]
2023-07-09 22:08:37.318 [info] > git check-ignore -v -z --stdin [1ms]
2023-07-09 22:08:40.434 [info] > git check-ignore -v -z --stdin [1ms]
2023-07-09 22:08:45.499 [info] > git show --textconv :afrik_kitchen/settings.py [7ms]
2023-07-09 22:08:45.499 [info] > git ls-files --stage -- /workspace/Afrik-kitchen/afrik_kitchen/settings.py [1ms]
2023-07-09 22:08:45.505 [info] > git cat-file -s 150f68ba9552dbc0d8f83d1162de08381c1d3fe9 [1ms]
2023-07-09 22:09:33.794 [info] > git config --get commit.template [7ms]
2023-07-09 22:09:33.794 [info] > git for-each-ref --format=%(refname)%00%(upstream:short)%00%(objectname)%00%(upstream:track)%00%(upstream:remotename)%00%(upstream:remoteref) refs/heads/main refs/remotes/main [1ms]
2023-07-09 22:09:33.800 [info] > git status -z -uall [1ms]
2023-07-09 22:11:19.242 [info] > git config --local branch.main.github-pr-owner-number [1ms]
2023-07-09 22:11:19.262 [info] > git for-each-ref --format=%(refname)%00%(upstream:short)%00%(objectname)%00%(upstream:track)%00%(upstream:remotename)%00%(upstream:remoteref) refs/heads/main refs/remotes/main [1ms]
2023-07-09 22:11:19.262 [info] > git config --get commit.template [13ms]
2023-07-09 22:11:19.274 [info] > git status -z -uall [1ms]
2023-07-09 22:16:19.288 [info] > git config --local branch.main.github-pr-owner-number [1ms]
2023-07-09 22:16:19.300 [info] > git config --get commit.template [6ms]
2023-07-09 22:16:19.301 [info] > git for-each-ref --format=%(refname)%00%(upstream:short)%00%(objectname)%00%(upstream:track)%00%(upstream:remotename)%00%(upstream:remoteref) refs/heads/main refs/remotes/main [2ms]
2023-07-09 22:16:19.309 [info] > git status -z -uall [2ms]
2023-07-09 22:21:19.322 [info] > git config --local branch.main.github-pr-owner-number [1ms]
2023-07-09 22:21:19.335 [info] > git config --get commit.template [5ms]
2023-07-09 22:21:19.336 [info] > git for-each-ref --format=%(refname)%00%(upstream:short)%00%(objectname)%00%(upstream:track)%00%(upstream:remotename)%00%(upstream:remoteref) refs/heads/main refs/remotes/main [1ms]
2023-07-09 22:21:19.343 [info] > git status -z -uall [2ms]
2023-07-09 22:26:19.354 [info] > git config --local branch.main.github-pr-owner-number [2ms]
2023-07-09 22:26:19.376 [info] > git config --get commit.template [12ms]
2023-07-09 22:26:19.377 [info] > git for-each-ref --format=%(refname)%00%(upstream:short)%00%(objectname)%00%(upstream:track)%00%(upstream:remotename)%00%(upstream:remoteref) refs/heads/main refs/remotes/main [2ms]
2023-07-09 22:26:19.386 [info] > git status -z -uall [2ms]
2023-07-09 22:31:19.398 [info] > git config --local branch.main.github-pr-owner-number [1ms]
2023-07-09 22:31:19.408 [info] > git config --get commit.template [5ms]
2023-07-09 22:31:19.409 [info] > git for-each-ref --format=%(refname)%00%(upstream:short)%00%(objectname)%00%(upstream:track)%00%(upstream:remotename)%00%(upstream:remoteref) refs/heads/main refs/remotes/main [1ms]
2023-07-09 22:31:19.415 [info] > git status -z -uall [2ms]
2023-07-09 22:36:19.428 [info] > git config --local branch.main.github-pr-owner-number [1ms]
2023-07-09 22:36:19.440 [info] > git config --get commit.template [5ms]
2023-07-09 22:36:19.441 [info] > git for-each-ref --format=%(refname)%00%(upstream:short)%00%(objectname)%00%(upstream:track)%00%(upstream:remotename)%00%(upstream:remoteref) refs/heads/main refs/remotes/main [1ms]
2023-07-09 22:36:19.448 [info] > git status -z -uall [2ms]
2023-07-09 22:41:19.462 [info] > git config --local branch.main.github-pr-owner-number [1ms]
2023-07-09 22:41:19.474 [info] > git config --get commit.template [6ms]
2023-07-09 22:41:19.475 [info] > git for-each-ref --format=%(refname)%00%(upstream:short)%00%(objectname)%00%(upstream:track)%00%(upstream:remotename)%00%(upstream:remoteref) refs/heads/main refs/remotes/main [1ms]
2023-07-09 22:41:19.481 [info] > git status -z -uall [1ms]
2023-07-09 22:46:19.493 [info] > git config --local branch.main.github-pr-owner-number [1ms]
2023-07-09 22:46:19.503 [info] > git config --get commit.template [5ms]
2023-07-09 22:46:19.504 [info] > git for-each-ref --format=%(refname)%00%(upstream:short)%00%(objectname)%00%(upstream:track)%00%(upstream:remotename)%00%(upstream:remoteref) refs/heads/main refs/remotes/main [1ms]
2023-07-09 22:46:19.510 [info] > git status -z -uall [2ms]
2023-07-09 22:51:19.522 [info] > git config --local branch.main.github-pr-owner-number [1ms]
2023-07-09 22:51:19.540 [info] > git config --get commit.template [9ms]
2023-07-09 22:51:19.541 [info] > git for-each-ref --format=%(refname)%00%(upstream:short)%00%(objectname)%00%(upstream:track)%00%(upstream:remotename)%00%(upstream:remoteref) refs/heads/main refs/remotes/main [1ms]
2023-07-09 22:51:19.551 [info] > git status -z -uall [1ms]
2023-07-09 22:56:19.567 [info] > git config --local branch.main.github-pr-owner-number [1ms]
2023-07-09 22:56:19.593 [info] > git config --get commit.template [13ms]
2023-07-09 22:56:19.593 [info] > git for-each-ref --format=%(refname)%00%(upstream:short)%00%(objectname)%00%(upstream:track)%00%(upstream:remotename)%00%(upstream:remoteref) refs/heads/main refs/remotes/main [2ms]
2023-07-09 22:56:19.606 [info] > git status -z -uall [2ms]
2023-07-09 23:01:19.618 [info] > git config --local branch.main.github-pr-owner-number [1ms]
2023-07-09 23:01:19.630 [info] > git config --get commit.template [6ms]
2023-07-09 23:01:19.630 [info] > git for-each-ref --format=%(refname)%00%(upstream:short)%00%(objectname)%00%(upstream:track)%00%(upstream:remotename)%00%(upstream:remoteref) refs/heads/main refs/remotes/main [1ms]
2023-07-09 23:01:19.637 [info] > git status -z -uall [2ms]
2023-07-09 23:06:19.648 [info] > git config --local branch.main.github-pr-owner-number [1ms]
2023-07-09 23:06:19.659 [info] > git config --get commit.template [5ms]
2023-07-09 23:06:19.659 [info] > git for-each-ref --format=%(refname)%00%(upstream:short)%00%(objectname)%00%(upstream:track)%00%(upstream:remotename)%00%(upstream:remoteref) refs/heads/main refs/remotes/main [1ms]
2023-07-09 23:06:19.666 [info] > git status -z -uall [2ms]
2023-07-09 23:11:19.684 [info] > git config --local branch.main.github-pr-owner-number [5ms]
2023-07-09 23:11:19.695 [info] > git config --get commit.template [5ms]
2023-07-09 23:11:19.696 [info] > git for-each-ref --format=%(refname)%00%(upstream:short)%00%(objectname)%00%(upstream:track)%00%(upstream:remotename)%00%(upstream:remoteref) refs/heads/main refs/remotes/main [1ms]
2023-07-09 23:11:19.703 [info] > git status -z -uall [2ms]
2023-07-09 23:16:19.715 [info] > git config --local branch.main.github-pr-owner-number [1ms]
2023-07-09 23:16:19.725 [info] > git config --get commit.template [5ms]
2023-07-09 23:16:19.726 [info] > git for-each-ref --format=%(refname)%00%(upstream:short)%00%(objectname)%00%(upstream:track)%00%(upstream:remotename)%00%(upstream:remoteref) refs/heads/main refs/remotes/main [1ms]
2023-07-09 23:16:19.732 [info] > git status -z -uall [2ms]
