2023-07-11 19:02:07.651 [info] Log level: Info
2023-07-11 19:02:07.651 [info] Validating found git in: "git"
2023-07-11 19:02:07.651 [info] Using git "2.40.0" from "git"
2023-07-11 19:02:07.651 [info] > git rev-parse --show-toplevel [7ms]
2023-07-11 19:02:07.651 [info] > git rev-parse --git-dir --git-common-dir [4ms]
2023-07-11 19:02:07.651 [info] Open repository: /workspace/Afrik-kitchen
2023-07-11 19:02:07.651 [info] > git config --get commit.template [7ms]
2023-07-11 19:02:07.651 [info] > git rev-parse --show-toplevel [22ms]
2023-07-11 19:02:07.651 [info] > git rev-parse --show-toplevel [21ms]
2023-07-11 19:02:07.651 [info] > git rev-parse --show-toplevel [16ms]
2023-07-11 19:02:07.651 [info] > git rev-parse --show-toplevel [7ms]
2023-07-11 19:02:07.651 [info] > git for-each-ref --format=%(refname)%00%(upstream:short)%00%(objectname)%00%(upstream:track)%00%(upstream:remotename)%00%(upstream:remoteref) refs/heads/main refs/remotes/main [30ms]
2023-07-11 19:02:07.651 [info] > git rev-parse --show-toplevel [15ms]
2023-07-11 19:02:07.651 [info] > git rev-parse --show-toplevel [5ms]
2023-07-11 19:02:07.651 [info] > git rev-parse --show-toplevel [10ms]
2023-07-11 19:02:07.651 [info] > git rev-parse --show-toplevel [5ms]
2023-07-11 19:02:07.651 [info] > git status -z -uall [133ms]
2023-07-11 19:02:07.651 [info] > git rev-parse --show-toplevel [14ms]
2023-07-11 19:02:07.651 [info] > git rev-parse --show-toplevel [27ms]
2023-07-11 19:02:07.651 [info] > git config --get commit.template [23ms]
2023-07-11 19:02:07.651 [info] > git rev-parse --show-toplevel [4ms]
2023-07-11 19:02:07.651 [info] > git for-each-ref --format=%(refname)%00%(upstream:short)%00%(objectname)%00%(upstream:track)%00%(upstream:remotename)%00%(upstream:remoteref) refs/heads/main refs/remotes/main [5ms]
2023-07-11 19:02:07.740 [info] > git status -z -uall [106ms]
2023-07-11 19:02:08.249 [info] > git check-ignore -v -z --stdin [2ms]
2023-07-11 19:02:08.292 [info] > git log --format=%H%n%aN%n%aE%n%at%n%ct%n%P%n%D%n%B -z -n120 -- /workspace/Afrik-kitchen/view_menu/views.py [23ms]
2023-07-11 19:02:08.460 [info] > git show --textconv :view_menu/views.py [13ms]
2023-07-11 19:02:08.460 [info] > git ls-files --stage -- /workspace/Afrik-kitchen/view_menu/views.py [2ms]
2023-07-11 19:02:08.509 [info] > git cat-file -s a9a0ac09d85a20ff09aa6431ba73da90703e7e85 [2ms]
2023-07-11 19:02:09.450 [info] > git config --local branch.main.github-pr-owner-number [3ms]
2023-07-11 19:02:09.520 [info] > git config --get commit.template [5ms]
2023-07-11 19:02:09.537 [info] > git for-each-ref --format=%(refname)%00%(upstream:short)%00%(objectname)%00%(upstream:track)%00%(upstream:remotename)%00%(upstream:remoteref) refs/heads/main refs/remotes/main [2ms]
2023-07-11 19:02:09.729 [info] > git status -z -uall [181ms]
2023-07-11 19:02:10.224 [info] > git check-ignore -v -z --stdin [2ms]
2023-07-11 19:07:09.331 [info] > git config --local branch.main.github-pr-owner-number [1ms]
2023-07-11 19:07:09.355 [info] > git config --get commit.template [12ms]
2023-07-11 19:07:09.355 [info] > git for-each-ref --format=%(refname)%00%(upstream:short)%00%(objectname)%00%(upstream:track)%00%(upstream:remotename)%00%(upstream:remoteref) refs/heads/main refs/remotes/main [1ms]
2023-07-11 19:07:09.438 [info] > git status -z -uall [72ms]
2023-07-11 19:12:09.452 [info] > git config --local branch.main.github-pr-owner-number [1ms]
2023-07-11 19:12:09.475 [info] > git config --get commit.template [12ms]
2023-07-11 19:12:09.476 [info] > git for-each-ref --format=%(refname)%00%(upstream:short)%00%(objectname)%00%(upstream:track)%00%(upstream:remotename)%00%(upstream:remoteref) refs/heads/main refs/remotes/main [2ms]
2023-07-11 19:12:09.559 [info] > git status -z -uall [75ms]
2023-07-11 19:16:30.855 [info] > git log --format=%H%n%aN%n%aE%n%at%n%ct%n%P%n%D%n%B -z -n312 -- /workspace/Afrik-kitchen/view_menu/urls.py [4ms]
2023-07-11 19:16:31.230 [info] > git show --textconv :view_menu/urls.py [9ms]
2023-07-11 19:16:31.231 [info] > git ls-files --stage -- /workspace/Afrik-kitchen/view_menu/urls.py [1ms]
2023-07-11 19:16:31.238 [info] > git cat-file -s 0e8ef16352c14c6c6f9a234d3f83204f70d5b006 [1ms]
2023-07-11 19:17:09.575 [info] > git config --local branch.main.github-pr-owner-number [1ms]
2023-07-11 19:17:09.599 [info] > git config --get commit.template [12ms]
2023-07-11 19:17:09.599 [info] > git for-each-ref --format=%(refname)%00%(upstream:short)%00%(objectname)%00%(upstream:track)%00%(upstream:remotename)%00%(upstream:remoteref) refs/heads/main refs/remotes/main [1ms]
2023-07-11 19:17:09.683 [info] > git status -z -uall [73ms]
2023-07-11 19:20:22.278 [info] > git config --get commit.template [14ms]
2023-07-11 19:20:22.279 [info] > git for-each-ref --format=%(refname)%00%(upstream:short)%00%(objectname)%00%(upstream:track)%00%(upstream:remotename)%00%(upstream:remoteref) refs/heads/main refs/remotes/main [2ms]
2023-07-11 19:20:22.370 [info] > git status -z -uall [79ms]
2023-07-11 19:20:36.244 [info] > git config --get commit.template [13ms]
2023-07-11 19:20:36.244 [info] > git for-each-ref --format=%(refname)%00%(upstream:short)%00%(objectname)%00%(upstream:track)%00%(upstream:remotename)%00%(upstream:remoteref) refs/heads/main refs/remotes/main [2ms]
2023-07-11 19:20:36.337 [info] > git status -z -uall [81ms]
2023-07-11 19:20:36.869 [info] > git log --format=%H%n%aN%n%aE%n%at%n%ct%n%P%n%D%n%B -z -n312 -- /workspace/Afrik-kitchen/view_menu/views.py [6ms]
2023-07-11 19:20:41.363 [info] > git config --get commit.template [12ms]
2023-07-11 19:20:41.365 [info] > git for-each-ref --format=%(refname)%00%(upstream:short)%00%(objectname)%00%(upstream:track)%00%(upstream:remotename)%00%(upstream:remoteref) refs/heads/main refs/remotes/main [1ms]
2023-07-11 19:20:41.454 [info] > git status -z -uall [77ms]
2023-07-11 19:22:09.696 [info] > git config --local branch.main.github-pr-owner-number [1ms]
2023-07-11 19:22:09.708 [info] > git config --get commit.template [6ms]
2023-07-11 19:22:09.708 [info] > git for-each-ref --format=%(refname)%00%(upstream:short)%00%(objectname)%00%(upstream:track)%00%(upstream:remotename)%00%(upstream:remoteref) refs/heads/main refs/remotes/main [1ms]
2023-07-11 19:22:09.787 [info] > git status -z -uall [74ms]
2023-07-11 19:23:26.003 [info] > git check-ignore -v -z --stdin [1ms]
2023-07-11 19:23:27.528 [info] > git check-ignore -v -z --stdin [1ms]
2023-07-11 19:23:32.598 [info] > git check-ignore -v -z --stdin [1ms]
2023-07-11 19:23:35.900 [info] > git check-ignore -v -z --stdin [2ms]
2023-07-11 19:24:14.347 [info] > git check-ignore -v -z --stdin [2ms]
2023-07-11 19:24:17.689 [info] > git check-ignore -v -z --stdin [1ms]
2023-07-11 19:24:18.206 [info] > git config --get commit.template [14ms]
2023-07-11 19:24:18.206 [info] > git for-each-ref --format=%(refname)%00%(upstream:short)%00%(objectname)%00%(upstream:track)%00%(upstream:remotename)%00%(upstream:remoteref) refs/heads/main refs/remotes/main [1ms]
2023-07-11 19:24:18.311 [info] > git status -z -uall [92ms]
2023-07-11 19:25:03.595 [info] > git check-ignore -v -z --stdin [1ms]
2023-07-11 19:25:25.584 [info] > git check-ignore -v -z --stdin [1ms]
2023-07-11 19:25:51.206 [info] > git check-ignore -v -z --stdin [1ms]
2023-07-11 19:25:51.730 [info] > git for-each-ref --format=%(refname)%00%(upstream:short)%00%(objectname)%00%(upstream:track)%00%(upstream:remotename)%00%(upstream:remoteref) refs/heads/main refs/remotes/main [2ms]
2023-07-11 19:25:51.730 [info] > git config --get commit.template [10ms]
2023-07-11 19:25:51.818 [info] > git status -z -uall [75ms]
2023-07-11 19:26:01.417 [info] > git check-ignore -v -z --stdin [1ms]
2023-07-11 19:26:01.941 [info] > git config --get commit.template [11ms]
2023-07-11 19:26:01.941 [info] > git for-each-ref --format=%(refname)%00%(upstream:short)%00%(objectname)%00%(upstream:track)%00%(upstream:remotename)%00%(upstream:remoteref) refs/heads/main refs/remotes/main [1ms]
2023-07-11 19:26:02.052 [info] > git status -z -uall [100ms]
2023-07-11 19:26:03.658 [info] > git log --format=%H%n%aN%n%aE%n%at%n%ct%n%P%n%D%n%B -z -n120 -- /workspace/Afrik-kitchen/static/includes/403.html [54ms]
2023-07-11 19:26:03.820 [info] > git show --textconv :static/includes/403.html [12ms]
2023-07-11 19:26:03.821 [info] > git ls-files --stage -- /workspace/Afrik-kitchen/static/includes/403.html [1ms]
2023-07-11 19:27:09.802 [info] > git config --local branch.main.github-pr-owner-number [1ms]
2023-07-11 19:27:09.815 [info] > git config --get commit.template [2ms]
2023-07-11 19:27:09.824 [info] > git for-each-ref --format=%(refname)%00%(upstream:short)%00%(objectname)%00%(upstream:track)%00%(upstream:remotename)%00%(upstream:remoteref) refs/heads/main refs/remotes/main [1ms]
2023-07-11 19:27:09.905 [info] > git status -z -uall [74ms]
2023-07-11 19:28:52.465 [info] > git log --format=%H%n%aN%n%aE%n%at%n%ct%n%P%n%D%n%B -z -n120 -- /workspace/Afrik-kitchen/view_menu/urls.py [5ms]
2023-07-11 19:29:35.494 [info] > git config --get commit.template [12ms]
2023-07-11 19:29:35.495 [info] > git for-each-ref --format=%(refname)%00%(upstream:short)%00%(objectname)%00%(upstream:track)%00%(upstream:remotename)%00%(upstream:remoteref) refs/heads/main refs/remotes/main [2ms]
2023-07-11 19:29:35.583 [info] > git status -z -uall [74ms]
2023-07-11 19:31:28.997 [info] > git config --get commit.template [9ms]
2023-07-11 19:31:28.997 [info] > git for-each-ref --format=%(refname)%00%(upstream:short)%00%(objectname)%00%(upstream:track)%00%(upstream:remotename)%00%(upstream:remoteref) refs/heads/main refs/remotes/main [1ms]
2023-07-11 19:31:29.087 [info] > git status -z -uall [80ms]
2023-07-11 19:32:09.921 [info] > git config --local branch.main.github-pr-owner-number [1ms]
2023-07-11 19:32:09.944 [info] > git config --get commit.template [12ms]
2023-07-11 19:32:09.945 [info] > git for-each-ref --format=%(refname)%00%(upstream:short)%00%(objectname)%00%(upstream:track)%00%(upstream:remotename)%00%(upstream:remoteref) refs/heads/main refs/remotes/main [1ms]
2023-07-11 19:32:10.031 [info] > git status -z -uall [74ms]
2023-07-11 19:32:34.324 [info] > git config --get commit.template [13ms]
2023-07-11 19:32:34.324 [info] > git for-each-ref --format=%(refname)%00%(upstream:short)%00%(objectname)%00%(upstream:track)%00%(upstream:remotename)%00%(upstream:remoteref) refs/heads/main refs/remotes/main [1ms]
2023-07-11 19:32:34.427 [info] > git status -z -uall [90ms]
2023-07-11 19:32:57.151 [info] > git config --get commit.template [12ms]
2023-07-11 19:32:57.151 [info] > git for-each-ref --format=%(refname)%00%(upstream:short)%00%(objectname)%00%(upstream:track)%00%(upstream:remotename)%00%(upstream:remoteref) refs/heads/main refs/remotes/main [1ms]
2023-07-11 19:32:57.239 [info] > git status -z -uall [75ms]
2023-07-11 19:34:41.220 [info] > git config --get commit.template [2ms]
2023-07-11 19:34:41.234 [info] > git for-each-ref --format=%(refname)%00%(upstream:short)%00%(objectname)%00%(upstream:track)%00%(upstream:remotename)%00%(upstream:remoteref) refs/heads/main refs/remotes/main [1ms]
2023-07-11 19:34:41.331 [info] > git status -z -uall [83ms]
2023-07-11 19:35:30.234 [info] > git config --get commit.template [12ms]
2023-07-11 19:35:30.235 [info] > git for-each-ref --format=%(refname)%00%(upstream:short)%00%(objectname)%00%(upstream:track)%00%(upstream:remotename)%00%(upstream:remoteref) refs/heads/main refs/remotes/main [2ms]
2023-07-11 19:35:30.371 [info] > git status -z -uall [125ms]
2023-07-11 19:37:10.047 [info] > git config --local branch.main.github-pr-owner-number [1ms]
2023-07-11 19:37:10.069 [info] > git config --get commit.template [12ms]
2023-07-11 19:37:10.070 [info] > git for-each-ref --format=%(refname)%00%(upstream:short)%00%(objectname)%00%(upstream:track)%00%(upstream:remotename)%00%(upstream:remoteref) refs/heads/main refs/remotes/main [2ms]
2023-07-11 19:37:10.155 [info] > git status -z -uall [74ms]
2023-07-11 19:38:03.629 [info] > git config --get commit.template [12ms]
2023-07-11 19:38:03.629 [info] > git for-each-ref --format=%(refname)%00%(upstream:short)%00%(objectname)%00%(upstream:track)%00%(upstream:remotename)%00%(upstream:remoteref) refs/heads/main refs/remotes/main [1ms]
2023-07-11 19:38:03.721 [info] > git status -z -uall [79ms]
2023-07-11 19:40:57.716 [info] > git config --get commit.template [14ms]
2023-07-11 19:40:57.716 [info] > git for-each-ref --format=%(refname)%00%(upstream:short)%00%(objectname)%00%(upstream:track)%00%(upstream:remotename)%00%(upstream:remoteref) refs/heads/main refs/remotes/main [1ms]
2023-07-11 19:40:57.808 [info] > git status -z -uall [76ms]
2023-07-11 19:42:10.170 [info] > git config --local branch.main.github-pr-owner-number [1ms]
2023-07-11 19:42:10.185 [info] > git config --get commit.template [7ms]
2023-07-11 19:42:10.186 [info] > git for-each-ref --format=%(refname)%00%(upstream:short)%00%(objectname)%00%(upstream:track)%00%(upstream:remotename)%00%(upstream:remoteref) refs/heads/main refs/remotes/main [1ms]
2023-07-11 19:42:10.289 [info] > git status -z -uall [96ms]
2023-07-11 19:45:24.609 [info] > git check-ignore -v -z --stdin [1ms]
2023-07-11 19:46:31.007 [info] > git config --get commit.template [12ms]
2023-07-11 19:46:31.008 [info] > git for-each-ref --format=%(refname)%00%(upstream:short)%00%(objectname)%00%(upstream:track)%00%(upstream:remotename)%00%(upstream:remoteref) refs/heads/main refs/remotes/main [2ms]
2023-07-11 19:46:31.093 [info] > git status -z -uall [73ms]
2023-07-11 19:47:10.305 [info] > git config --local branch.main.github-pr-owner-number [1ms]
2023-07-11 19:47:10.324 [info] > git config --get commit.template [11ms]
2023-07-11 19:47:10.325 [info] > git for-each-ref --format=%(refname)%00%(upstream:short)%00%(objectname)%00%(upstream:track)%00%(upstream:remotename)%00%(upstream:remoteref) refs/heads/main refs/remotes/main [2ms]
2023-07-11 19:47:10.433 [info] > git status -z -uall [96ms]
2023-07-11 19:52:10.450 [info] > git config --local branch.main.github-pr-owner-number [1ms]
2023-07-11 19:52:10.468 [info] > git config --get commit.template [8ms]
2023-07-11 19:52:10.468 [info] > git for-each-ref --format=%(refname)%00%(upstream:short)%00%(objectname)%00%(upstream:track)%00%(upstream:remotename)%00%(upstream:remoteref) refs/heads/main refs/remotes/main [1ms]
2023-07-11 19:52:10.549 [info] > git status -z -uall [73ms]
2023-07-11 19:57:10.563 [info] > git config --local branch.main.github-pr-owner-number [1ms]
2023-07-11 19:57:10.578 [info] > git config --get commit.template [7ms]
2023-07-11 19:57:10.578 [info] > git for-each-ref --format=%(refname)%00%(upstream:short)%00%(objectname)%00%(upstream:track)%00%(upstream:remotename)%00%(upstream:remoteref) refs/heads/main refs/remotes/main [1ms]
2023-07-11 19:57:10.671 [info] > git status -z -uall [86ms]
2023-07-11 20:00:02.332 [info] > git config --get commit.template [16ms]
2023-07-11 20:00:02.332 [info] > git for-each-ref --format=%(refname)%00%(upstream:short)%00%(objectname)%00%(upstream:track)%00%(upstream:remotename)%00%(upstream:remoteref) refs/heads/main refs/remotes/main [1ms]
2023-07-11 20:00:02.433 [info] > git status -z -uall [87ms]
2023-07-11 20:00:07.460 [info] > git config --get commit.template [12ms]
2023-07-11 20:00:07.461 [info] > git for-each-ref --format=%(refname)%00%(upstream:short)%00%(objectname)%00%(upstream:track)%00%(upstream:remotename)%00%(upstream:remoteref) refs/heads/main refs/remotes/main [1ms]
2023-07-11 20:00:07.544 [info] > git status -z -uall [76ms]
2023-07-11 20:00:25.473 [info] > git check-ignore -v -z --stdin [1ms]
2023-07-11 20:00:27.853 [info] > git log --format=%H%n%aN%n%aE%n%at%n%ct%n%P%n%D%n%B -z -n120 -- /workspace/Afrik-kitchen/afrik_kitchen/urls.py [17ms]
2023-07-11 20:00:28.103 [info] > git show --textconv :afrik_kitchen/urls.py [8ms]
2023-07-11 20:00:28.104 [info] > git ls-files --stage -- /workspace/Afrik-kitchen/afrik_kitchen/urls.py [3ms]
2023-07-11 20:00:28.119 [info] > git cat-file -s d9b7ccfde0e780c5f8d21d9315d368065f219454 [3ms]
2023-07-11 20:01:24.158 [info] > git config --get commit.template [9ms]
2023-07-11 20:01:24.160 [info] > git for-each-ref --format=%(refname)%00%(upstream:short)%00%(objectname)%00%(upstream:track)%00%(upstream:remotename)%00%(upstream:remoteref) refs/heads/main refs/remotes/main [2ms]
2023-07-11 20:01:24.251 [info] > git status -z -uall [80ms]
2023-07-11 20:02:10.703 [info] > git config --local branch.main.github-pr-owner-number [18ms]
2023-07-11 20:02:10.730 [info] > git config --get commit.template [14ms]
2023-07-11 20:02:10.732 [info] > git for-each-ref --format=%(refname)%00%(upstream:short)%00%(objectname)%00%(upstream:track)%00%(upstream:remotename)%00%(upstream:remoteref) refs/heads/main refs/remotes/main [3ms]
2023-07-11 20:02:10.816 [info] > git status -z -uall [73ms]
2023-07-11 20:06:42.062 [info] > git check-ignore -v -z --stdin [1ms]
2023-07-11 20:07:10.830 [info] > git config --local branch.main.github-pr-owner-number [1ms]
2023-07-11 20:07:10.851 [info] > git config --get commit.template [8ms]
2023-07-11 20:07:10.851 [info] > git for-each-ref --format=%(refname)%00%(upstream:short)%00%(objectname)%00%(upstream:track)%00%(upstream:remotename)%00%(upstream:remoteref) refs/heads/main refs/remotes/main [1ms]
2023-07-11 20:07:10.935 [info] > git status -z -uall [74ms]
2023-07-11 20:08:46.647 [info] > git check-ignore -v -z --stdin [1ms]
2023-07-11 20:08:47.064 [info] > git config --get commit.template [13ms]
2023-07-11 20:08:47.065 [info] > git for-each-ref --format=%(refname)%00%(upstream:short)%00%(objectname)%00%(upstream:track)%00%(upstream:remotename)%00%(upstream:remoteref) refs/heads/main refs/remotes/main [1ms]
2023-07-11 20:08:47.152 [info] > git status -z -uall [78ms]
2023-07-11 20:09:47.714 [info] > git check-ignore -v -z --stdin [1ms]
2023-07-11 20:09:48.233 [info] > git config --get commit.template [14ms]
2023-07-11 20:09:48.234 [info] > git for-each-ref --format=%(refname)%00%(upstream:short)%00%(objectname)%00%(upstream:track)%00%(upstream:remotename)%00%(upstream:remoteref) refs/heads/main refs/remotes/main [1ms]
2023-07-11 20:09:48.325 [info] > git status -z -uall [78ms]
2023-07-11 20:10:27.885 [info] > git check-ignore -v -z --stdin [1ms]
2023-07-11 20:10:28.398 [info] > git config --get commit.template [9ms]
2023-07-11 20:10:28.398 [info] > git for-each-ref --format=%(refname)%00%(upstream:short)%00%(objectname)%00%(upstream:track)%00%(upstream:remotename)%00%(upstream:remoteref) refs/heads/main refs/remotes/main [1ms]
2023-07-11 20:10:28.484 [info] > git status -z -uall [78ms]
2023-07-11 20:11:12.049 [info] > git log --format=%H%n%aN%n%aE%n%at%n%ct%n%P%n%D%n%B -z -n120 -- /workspace/Afrik-kitchen/static/view_menu/create-menu/includes/403.html [4ms]
2023-07-11 20:11:12.279 [info] > git show --textconv :static/view_menu/create-menu/includes/403.html [13ms]
2023-07-11 20:11:12.280 [info] > git ls-files --stage -- /workspace/Afrik-kitchen/static/view_menu/create-menu/includes/403.html [2ms]
2023-07-11 20:11:12.360 [info] > git check-ignore -v -z --stdin [1ms]
2023-07-11 20:11:12.873 [info] > git config --get commit.template [11ms]
2023-07-11 20:11:12.874 [info] > git for-each-ref --format=%(refname)%00%(upstream:short)%00%(objectname)%00%(upstream:track)%00%(upstream:remotename)%00%(upstream:remoteref) refs/heads/main refs/remotes/main [1ms]
2023-07-11 20:11:12.977 [info] > git status -z -uall [93ms]
2023-07-11 20:11:21.719 [info] > git log --format=%H%n%aN%n%aE%n%at%n%ct%n%P%n%D%n%B -z -n120 -- /workspace/Afrik-kitchen/afrik_kitchen/urls.py [24ms]
2023-07-11 20:11:41.116 [info] > git log --format=%H%n%aN%n%aE%n%at%n%ct%n%P%n%D%n%B -z -n120 -- /workspace/Afrik-kitchen/static/includes/403.html [4ms]
2023-07-11 20:11:41.359 [info] > git show --textconv :static/includes/403.html [13ms]
2023-07-11 20:11:41.360 [info] > git ls-files --stage -- /workspace/Afrik-kitchen/static/includes/403.html [2ms]
2023-07-11 20:11:48.102 [info] > git check-ignore -v -z --stdin [2ms]
2023-07-11 20:11:58.219 [info] > git log --format=%H%n%aN%n%aE%n%at%n%ct%n%P%n%D%n%B -z -n120 -- /workspace/Afrik-kitchen/static/view_menu/create-menu/includes/403.html [5ms]
2023-07-11 20:12:10.954 [info] > git config --local branch.main.github-pr-owner-number [2ms]
2023-07-11 20:12:10.982 [info] > git config --get commit.template [13ms]
2023-07-11 20:12:10.983 [info] > git for-each-ref --format=%(refname)%00%(upstream:short)%00%(objectname)%00%(upstream:track)%00%(upstream:remotename)%00%(upstream:remoteref) refs/heads/main refs/remotes/main [2ms]
2023-07-11 20:12:11.091 [info] > git status -z -uall [94ms]
2023-07-11 20:12:32.378 [info] > git log --format=%H%n%aN%n%aE%n%at%n%ct%n%P%n%D%n%B -z -n120 -- /workspace/Afrik-kitchen/afrik_kitchen/urls.py [4ms]
2023-07-11 20:12:49.271 [info] > git config --get commit.template [9ms]
2023-07-11 20:12:49.272 [info] > git for-each-ref --format=%(refname)%00%(upstream:short)%00%(objectname)%00%(upstream:track)%00%(upstream:remotename)%00%(upstream:remoteref) refs/heads/main refs/remotes/main [2ms]
2023-07-11 20:12:49.355 [info] > git status -z -uall [76ms]
2023-07-11 20:12:51.128 [info] > git log --format=%H%n%aN%n%aE%n%at%n%ct%n%P%n%D%n%B -z -n120 -- /workspace/Afrik-kitchen/static/view_menu/create-menu/includes/403.html [4ms]
2023-07-11 20:13:07.141 [info] > git config --get commit.template [11ms]
2023-07-11 20:13:07.142 [info] > git for-each-ref --format=%(refname)%00%(upstream:short)%00%(objectname)%00%(upstream:track)%00%(upstream:remotename)%00%(upstream:remoteref) refs/heads/main refs/remotes/main [1ms]
2023-07-11 20:13:07.227 [info] > git status -z -uall [77ms]
2023-07-11 20:14:39.825 [info] > git log --format=%H%n%aN%n%aE%n%at%n%ct%n%P%n%D%n%B -z -n120 -- /workspace/Afrik-kitchen/afrik_kitchen/urls.py [4ms]
2023-07-11 20:14:56.881 [info] > git log --format=%H%n%aN%n%aE%n%at%n%ct%n%P%n%D%n%B -z -n120 -- /workspace/Afrik-kitchen/view_menu/urls.py [7ms]
2023-07-11 20:17:11.110 [info] > git config --local branch.main.github-pr-owner-number [2ms]
2023-07-11 20:17:11.137 [info] > git config --get commit.template [15ms]
2023-07-11 20:17:11.138 [info] > git for-each-ref --format=%(refname)%00%(upstream:short)%00%(objectname)%00%(upstream:track)%00%(upstream:remotename)%00%(upstream:remoteref) refs/heads/main refs/remotes/main [2ms]
2023-07-11 20:17:11.224 [info] > git status -z -uall [76ms]
2023-07-11 20:18:11.799 [info] > git log --format=%H%n%aN%n%aE%n%at%n%ct%n%P%n%D%n%B -z -n120 -- /workspace/Afrik-kitchen/view_menu/templates/menu/breakfast.html [19ms]
2023-07-11 20:18:12.175 [info] > git show --textconv :view_menu/templates/menu/breakfast.html [15ms]
2023-07-11 20:18:12.176 [info] > git ls-files --stage -- /workspace/Afrik-kitchen/view_menu/templates/menu/breakfast.html [2ms]
2023-07-11 20:18:12.192 [info] > git cat-file -s a067cad6422a7038b22783bced85e5deb6677116 [1ms]
2023-07-11 20:20:30.679 [info] > git log --format=%H%n%aN%n%aE%n%at%n%ct%n%P%n%D%n%B -z -n120 -- /workspace/Afrik-kitchen/TEMPLATES_DIR/includes/nav.html [9ms]
2023-07-11 20:20:30.940 [info] > git show --textconv :TEMPLATES_DIR/includes/nav.html [11ms]
2023-07-11 20:20:30.941 [info] > git ls-files --stage -- /workspace/Afrik-kitchen/TEMPLATES_DIR/includes/nav.html [1ms]
2023-07-11 20:20:30.951 [info] > git cat-file -s fe75222ac082eb782e5d4993f0666192ddddeff2 [1ms]
2023-07-11 20:22:11.242 [info] > git config --local branch.main.github-pr-owner-number [1ms]
2023-07-11 20:22:11.271 [info] > git config --get commit.template [13ms]
2023-07-11 20:22:11.271 [info] > git for-each-ref --format=%(refname)%00%(upstream:short)%00%(objectname)%00%(upstream:track)%00%(upstream:remotename)%00%(upstream:remoteref) refs/heads/main refs/remotes/main [1ms]
2023-07-11 20:22:11.357 [info] > git status -z -uall [73ms]
2023-07-11 20:23:54.868 [info] > git config --get commit.template [12ms]
2023-07-11 20:23:54.869 [info] > git for-each-ref --format=%(refname)%00%(upstream:short)%00%(objectname)%00%(upstream:track)%00%(upstream:remotename)%00%(upstream:remoteref) refs/heads/main refs/remotes/main [1ms]
2023-07-11 20:23:54.972 [info] > git status -z -uall [91ms]
2023-07-11 20:27:11.374 [info] > git config --local branch.main.github-pr-owner-number [2ms]
2023-07-11 20:27:11.397 [info] > git config --get commit.template [11ms]
2023-07-11 20:27:11.398 [info] > git for-each-ref --format=%(refname)%00%(upstream:short)%00%(objectname)%00%(upstream:track)%00%(upstream:remotename)%00%(upstream:remoteref) refs/heads/main refs/remotes/main [1ms]
2023-07-11 20:27:11.485 [info] > git status -z -uall [74ms]
2023-07-11 20:28:45.673 [info] > git config --get commit.template [2ms]
2023-07-11 20:28:45.684 [info] > git for-each-ref --format=%(refname)%00%(upstream:short)%00%(objectname)%00%(upstream:track)%00%(upstream:remotename)%00%(upstream:remoteref) refs/heads/main refs/remotes/main [1ms]
2023-07-11 20:28:45.774 [info] > git status -z -uall [81ms]
2023-07-11 20:29:55.005 [info] > git config --get commit.template [9ms]
2023-07-11 20:29:55.005 [info] > git for-each-ref --format=%(refname)%00%(upstream:short)%00%(objectname)%00%(upstream:track)%00%(upstream:remotename)%00%(upstream:remoteref) refs/heads/main refs/remotes/main [1ms]
2023-07-11 20:29:55.087 [info] > git status -z -uall [73ms]
2023-07-11 20:32:11.504 [info] > git config --local branch.main.github-pr-owner-number [1ms]
2023-07-11 20:32:11.532 [info] > git config --get commit.template [15ms]
2023-07-11 20:32:11.533 [info] > git for-each-ref --format=%(refname)%00%(upstream:short)%00%(objectname)%00%(upstream:track)%00%(upstream:remotename)%00%(upstream:remoteref) refs/heads/main refs/remotes/main [1ms]
2023-07-11 20:32:11.620 [info] > git status -z -uall [75ms]
2023-07-11 20:37:11.637 [info] > git config --local branch.main.github-pr-owner-number [1ms]
2023-07-11 20:37:11.664 [info] > git config --get commit.template [14ms]
2023-07-11 20:37:11.664 [info] > git for-each-ref --format=%(refname)%00%(upstream:short)%00%(objectname)%00%(upstream:track)%00%(upstream:remotename)%00%(upstream:remoteref) refs/heads/main refs/remotes/main [3ms]
2023-07-11 20:37:11.763 [info] > git status -z -uall [86ms]
2023-07-11 20:42:11.778 [info] > git config --local branch.main.github-pr-owner-number [2ms]
2023-07-11 20:42:11.795 [info] > git config --get commit.template [10ms]
2023-07-11 20:42:11.796 [info] > git for-each-ref --format=%(refname)%00%(upstream:short)%00%(objectname)%00%(upstream:track)%00%(upstream:remotename)%00%(upstream:remoteref) refs/heads/main refs/remotes/main [2ms]
2023-07-11 20:42:11.909 [info] > git status -z -uall [104ms]
2023-07-11 20:45:11.034 [info] > git config --get commit.template [9ms]
2023-07-11 20:45:11.035 [info] > git for-each-ref --format=%(refname)%00%(upstream:short)%00%(objectname)%00%(upstream:track)%00%(upstream:remotename)%00%(upstream:remoteref) refs/heads/main refs/remotes/main [2ms]
2023-07-11 20:45:11.123 [info] > git status -z -uall [78ms]
2023-07-11 20:46:38.956 [info] > git config --get commit.template [9ms]
2023-07-11 20:46:38.957 [info] > git for-each-ref --format=%(refname)%00%(upstream:short)%00%(objectname)%00%(upstream:track)%00%(upstream:remotename)%00%(upstream:remoteref) refs/heads/main refs/remotes/main [2ms]
2023-07-11 20:46:39.043 [info] > git status -z -uall [79ms]
2023-07-11 20:47:11.929 [info] > git config --local branch.main.github-pr-owner-number [2ms]
2023-07-11 20:47:11.957 [info] > git config --get commit.template [14ms]
2023-07-11 20:47:11.958 [info] > git for-each-ref --format=%(refname)%00%(upstream:short)%00%(objectname)%00%(upstream:track)%00%(upstream:remotename)%00%(upstream:remoteref) refs/heads/main refs/remotes/main [1ms]
2023-07-11 20:47:12.058 [info] > git status -z -uall [85ms]
2023-07-11 20:52:12.075 [info] > git config --local branch.main.github-pr-owner-number [1ms]
2023-07-11 20:52:12.104 [info] > git config --get commit.template [15ms]
2023-07-11 20:52:12.105 [info] > git for-each-ref --format=%(refname)%00%(upstream:short)%00%(objectname)%00%(upstream:track)%00%(upstream:remotename)%00%(upstream:remoteref) refs/heads/main refs/remotes/main [2ms]
2023-07-11 20:52:12.195 [info] > git status -z -uall [78ms]
2023-07-11 20:57:12.209 [info] > git config --local branch.main.github-pr-owner-number [1ms]
2023-07-11 20:57:12.231 [info] > git config --get commit.template [9ms]
2023-07-11 20:57:12.232 [info] > git for-each-ref --format=%(refname)%00%(upstream:short)%00%(objectname)%00%(upstream:track)%00%(upstream:remotename)%00%(upstream:remoteref) refs/heads/main refs/remotes/main [2ms]
2023-07-11 20:57:12.326 [info] > git status -z -uall [87ms]
2023-07-11 20:59:38.208 [info] > git config --get commit.template [12ms]
2023-07-11 20:59:38.209 [info] > git for-each-ref --format=%(refname)%00%(upstream:short)%00%(objectname)%00%(upstream:track)%00%(upstream:remotename)%00%(upstream:remoteref) refs/heads/main refs/remotes/main [1ms]
2023-07-11 20:59:38.300 [info] > git status -z -uall [80ms]
2023-07-11 21:02:12.346 [info] > git config --local branch.main.github-pr-owner-number [1ms]
2023-07-11 21:02:12.373 [info] > git config --get commit.template [14ms]
2023-07-11 21:02:12.374 [info] > git for-each-ref --format=%(refname)%00%(upstream:short)%00%(objectname)%00%(upstream:track)%00%(upstream:remotename)%00%(upstream:remoteref) refs/heads/main refs/remotes/main [2ms]
2023-07-11 21:02:12.463 [info] > git status -z -uall [78ms]
2023-07-11 21:05:42.884 [info] > git config --get commit.template [9ms]
2023-07-11 21:05:42.884 [info] > git for-each-ref --format=%(refname)%00%(upstream:short)%00%(objectname)%00%(upstream:track)%00%(upstream:remotename)%00%(upstream:remoteref) refs/heads/main refs/remotes/main [1ms]
2023-07-11 21:05:42.977 [info] > git status -z -uall [84ms]
2023-07-11 21:07:12.477 [info] > git config --local branch.main.github-pr-owner-number [1ms]
2023-07-11 21:07:12.494 [info] > git config --get commit.template [10ms]
2023-07-11 21:07:12.495 [info] > git for-each-ref --format=%(refname)%00%(upstream:short)%00%(objectname)%00%(upstream:track)%00%(upstream:remotename)%00%(upstream:remoteref) refs/heads/main refs/remotes/main [1ms]
2023-07-11 21:07:12.603 [info] > git status -z -uall [98ms]
2023-07-11 21:12:12.620 [info] > git config --local branch.main.github-pr-owner-number [1ms]
2023-07-11 21:12:12.644 [info] > git config --get commit.template [12ms]
2023-07-11 21:12:12.645 [info] > git for-each-ref --format=%(refname)%00%(upstream:short)%00%(objectname)%00%(upstream:track)%00%(upstream:remotename)%00%(upstream:remoteref) refs/heads/main refs/remotes/main [2ms]
2023-07-11 21:12:12.733 [info] > git status -z -uall [77ms]
2023-07-11 21:13:24.948 [info] > git config --get commit.template [14ms]
2023-07-11 21:13:24.949 [info] > git for-each-ref --format=%(refname)%00%(upstream:short)%00%(objectname)%00%(upstream:track)%00%(upstream:remotename)%00%(upstream:remoteref) refs/heads/main refs/remotes/main [2ms]
2023-07-11 21:13:25.045 [info] > git status -z -uall [89ms]
2023-07-11 21:15:02.337 [info] > git config --get commit.template [9ms]
2023-07-11 21:15:02.338 [info] > git for-each-ref --format=%(refname)%00%(upstream:short)%00%(objectname)%00%(upstream:track)%00%(upstream:remotename)%00%(upstream:remoteref) refs/heads/main refs/remotes/main [2ms]
2023-07-11 21:15:02.432 [info] > git status -z -uall [81ms]
2023-07-11 21:16:58.389 [info] > git config --get commit.template [8ms]
2023-07-11 21:16:58.390 [info] > git for-each-ref --format=%(refname)%00%(upstream:short)%00%(objectname)%00%(upstream:track)%00%(upstream:remotename)%00%(upstream:remoteref) refs/heads/main refs/remotes/main [1ms]
2023-07-11 21:16:58.479 [info] > git status -z -uall [80ms]
2023-07-11 21:17:12.756 [info] > git config --local branch.main.github-pr-owner-number [4ms]
2023-07-11 21:17:12.779 [info] > git config --get commit.template [10ms]
2023-07-11 21:17:12.780 [info] > git for-each-ref --format=%(refname)%00%(upstream:short)%00%(objectname)%00%(upstream:track)%00%(upstream:remotename)%00%(upstream:remoteref) refs/heads/main refs/remotes/main [1ms]
2023-07-11 21:17:12.876 [info] > git status -z -uall [87ms]
2023-07-11 21:22:12.891 [info] > git config --local branch.main.github-pr-owner-number [1ms]
2023-07-11 21:22:12.915 [info] > git config --get commit.template [13ms]
2023-07-11 21:22:12.916 [info] > git for-each-ref --format=%(refname)%00%(upstream:short)%00%(objectname)%00%(upstream:track)%00%(upstream:remotename)%00%(upstream:remoteref) refs/heads/main refs/remotes/main [1ms]
2023-07-11 21:22:12.999 [info] > git status -z -uall [73ms]
2023-07-11 21:22:22.832 [info] > git config --get commit.template [9ms]
2023-07-11 21:22:22.833 [info] > git for-each-ref --format=%(refname)%00%(upstream:short)%00%(objectname)%00%(upstream:track)%00%(upstream:remotename)%00%(upstream:remoteref) refs/heads/main refs/remotes/main [1ms]
2023-07-11 21:22:22.916 [info] > git status -z -uall [73ms]
2023-07-11 21:23:10.344 [info] > git config --get commit.template [18ms]
2023-07-11 21:23:10.346 [info] > git for-each-ref --format=%(refname)%00%(upstream:short)%00%(objectname)%00%(upstream:track)%00%(upstream:remotename)%00%(upstream:remoteref) refs/heads/main refs/remotes/main [3ms]
2023-07-11 21:23:10.479 [info] > git status -z -uall [117ms]
2023-07-11 21:27:13.017 [info] > git config --local branch.main.github-pr-owner-number [1ms]
2023-07-11 21:27:13.043 [info] > git config --get commit.template [13ms]
2023-07-11 21:27:13.044 [info] > git for-each-ref --format=%(refname)%00%(upstream:short)%00%(objectname)%00%(upstream:track)%00%(upstream:remotename)%00%(upstream:remoteref) refs/heads/main refs/remotes/main [1ms]
2023-07-11 21:27:13.137 [info] > git status -z -uall [79ms]
2023-07-11 21:29:56.470 [info] > git log --format=%H%n%aN%n%aE%n%at%n%ct%n%P%n%D%n%B -z -n120 -- /workspace/Afrik-kitchen/static/css/style.css [45ms]
2023-07-11 21:29:56.659 [info] > git show --textconv :static/css/style.css [11ms]
2023-07-11 21:29:56.660 [info] > git ls-files --stage -- /workspace/Afrik-kitchen/static/css/style.css [2ms]
2023-07-11 21:29:56.669 [info] > git cat-file -s 36894305c8a26f8c11be7ea1af7602d12c15be93 [1ms]
2023-07-11 21:30:13.017 [info] > git config --get commit.template [14ms]
2023-07-11 21:30:13.017 [info] > git for-each-ref --format=%(refname)%00%(upstream:short)%00%(objectname)%00%(upstream:track)%00%(upstream:remotename)%00%(upstream:remoteref) refs/heads/main refs/remotes/main [1ms]
2023-07-11 21:30:13.100 [info] > git status -z -uall [74ms]
2023-07-11 21:30:13.844 [info] > git log --format=%H%n%aN%n%aE%n%at%n%ct%n%P%n%D%n%B -z -n120 -- /workspace/Afrik-kitchen/TEMPLATES_DIR/includes/nav.html [5ms]
2023-07-11 21:32:13.155 [info] > git config --local branch.main.github-pr-owner-number [1ms]
2023-07-11 21:32:13.171 [info] > git config --get commit.template [7ms]
2023-07-11 21:32:13.172 [info] > git for-each-ref --format=%(refname)%00%(upstream:short)%00%(objectname)%00%(upstream:track)%00%(upstream:remotename)%00%(upstream:remoteref) refs/heads/main refs/remotes/main [1ms]
2023-07-11 21:32:13.259 [info] > git status -z -uall [81ms]
2023-07-11 21:33:52.588 [info] > git config --get commit.template [10ms]
2023-07-11 21:33:52.590 [info] > git for-each-ref --format=%(refname)%00%(upstream:short)%00%(objectname)%00%(upstream:track)%00%(upstream:remotename)%00%(upstream:remoteref) refs/heads/main refs/remotes/main [1ms]
2023-07-11 21:33:52.674 [info] > git status -z -uall [75ms]
2023-07-11 21:34:43.329 [info] > git config --get commit.template [14ms]
2023-07-11 21:34:43.329 [info] > git for-each-ref --format=%(refname)%00%(upstream:short)%00%(objectname)%00%(upstream:track)%00%(upstream:remotename)%00%(upstream:remoteref) refs/heads/main refs/remotes/main [1ms]
2023-07-11 21:34:43.423 [info] > git status -z -uall [81ms]
2023-07-11 21:37:13.277 [info] > git config --local branch.main.github-pr-owner-number [1ms]
2023-07-11 21:37:13.301 [info] > git config --get commit.template [12ms]
2023-07-11 21:37:13.302 [info] > git for-each-ref --format=%(refname)%00%(upstream:short)%00%(objectname)%00%(upstream:track)%00%(upstream:remotename)%00%(upstream:remoteref) refs/heads/main refs/remotes/main [2ms]
2023-07-11 21:37:13.391 [info] > git status -z -uall [77ms]
2023-07-11 21:42:13.408 [info] > git config --local branch.main.github-pr-owner-number [1ms]
2023-07-11 21:42:13.428 [info] > git config --get commit.template [7ms]
2023-07-11 21:42:13.428 [info] > git for-each-ref --format=%(refname)%00%(upstream:short)%00%(objectname)%00%(upstream:track)%00%(upstream:remotename)%00%(upstream:remoteref) refs/heads/main refs/remotes/main [1ms]
2023-07-11 21:42:13.509 [info] > git status -z -uall [75ms]
2023-07-11 21:43:43.073 [info] > git log --format=%H%n%aN%n%aE%n%at%n%ct%n%P%n%D%n%B -z -n120 -- /workspace/Afrik-kitchen/TEMPLATES_DIR/base.html [4ms]
2023-07-11 21:43:43.307 [info] > git show --textconv :TEMPLATES_DIR/base.html [11ms]
2023-07-11 21:43:43.308 [info] > git ls-files --stage -- /workspace/Afrik-kitchen/TEMPLATES_DIR/base.html [2ms]
2023-07-11 21:43:43.320 [info] > git cat-file -s beddb6d4307875b54c9a83bfd9ead3d6f6a03c44 [2ms]
2023-07-11 21:45:49.779 [info] > git config --get commit.template [10ms]
2023-07-11 21:45:49.779 [info] > git for-each-ref --format=%(refname)%00%(upstream:short)%00%(objectname)%00%(upstream:track)%00%(upstream:remotename)%00%(upstream:remoteref) refs/heads/main refs/remotes/main [1ms]
2023-07-11 21:45:49.863 [info] > git status -z -uall [75ms]
2023-07-11 21:46:00.062 [info] > git log --format=%H%n%aN%n%aE%n%at%n%ct%n%P%n%D%n%B -z -n120 -- /workspace/Afrik-kitchen/TEMPLATES_DIR/includes/nav.html [5ms]
2023-07-11 21:47:09.278 [info] > git config --get commit.template [9ms]
2023-07-11 21:47:09.278 [info] > git for-each-ref --format=%(refname)%00%(upstream:short)%00%(objectname)%00%(upstream:track)%00%(upstream:remotename)%00%(upstream:remoteref) refs/heads/main refs/remotes/main [2ms]
2023-07-11 21:47:09.363 [info] > git status -z -uall [74ms]
2023-07-11 21:47:13.522 [info] > git config --local branch.main.github-pr-owner-number [1ms]
2023-07-11 21:47:13.544 [info] > git config --get commit.template [9ms]
2023-07-11 21:47:13.544 [info] > git for-each-ref --format=%(refname)%00%(upstream:short)%00%(objectname)%00%(upstream:track)%00%(upstream:remotename)%00%(upstream:remoteref) refs/heads/main refs/remotes/main [1ms]
2023-07-11 21:47:13.624 [info] > git status -z -uall [73ms]
2023-07-11 21:48:14.762 [info] > git config --get commit.template [8ms]
2023-07-11 21:48:14.762 [info] > git for-each-ref --format=%(refname)%00%(upstream:short)%00%(objectname)%00%(upstream:track)%00%(upstream:remotename)%00%(upstream:remoteref) refs/heads/main refs/remotes/main [1ms]
2023-07-11 21:48:14.855 [info] > git status -z -uall [82ms]
2023-07-11 21:49:02.001 [info] > git log --format=%H%n%aN%n%aE%n%at%n%ct%n%P%n%D%n%B -z -n120 -- /workspace/Afrik-kitchen/view_menu/templates/menu/breakfast.html [5ms]
2023-07-11 21:49:02.225 [info] > git show --textconv :view_menu/templates/menu/breakfast.html [11ms]
2023-07-11 21:49:02.225 [info] > git ls-files --stage -- /workspace/Afrik-kitchen/view_menu/templates/menu/breakfast.html [1ms]
2023-07-11 21:49:02.234 [info] > git cat-file -s a067cad6422a7038b22783bced85e5deb6677116 [2ms]
2023-07-11 21:49:46.493 [info] > git log --format=%H%n%aN%n%aE%n%at%n%ct%n%P%n%D%n%B -z -n120 -- /workspace/Afrik-kitchen/TEMPLATES_DIR/includes/nav.html [4ms]
2023-07-11 21:50:09.920 [info] > git config --get commit.template [11ms]
2023-07-11 21:50:09.921 [info] > git for-each-ref --format=%(refname)%00%(upstream:short)%00%(objectname)%00%(upstream:track)%00%(upstream:remotename)%00%(upstream:remoteref) refs/heads/main refs/remotes/main [2ms]
2023-07-11 21:50:10.003 [info] > git status -z -uall [74ms]
2023-07-11 21:52:13.642 [info] > git config --local branch.main.github-pr-owner-number [1ms]
2023-07-11 21:52:13.665 [info] > git config --get commit.template [9ms]
2023-07-11 21:52:13.666 [info] > git for-each-ref --format=%(refname)%00%(upstream:short)%00%(objectname)%00%(upstream:track)%00%(upstream:remotename)%00%(upstream:remoteref) refs/heads/main refs/remotes/main [2ms]
2023-07-11 21:52:13.777 [info] > git status -z -uall [105ms]
2023-07-11 21:53:49.053 [info] > git config --get commit.template [8ms]
2023-07-11 21:53:49.053 [info] > git for-each-ref --format=%(refname)%00%(upstream:short)%00%(objectname)%00%(upstream:track)%00%(upstream:remotename)%00%(upstream:remoteref) refs/heads/main refs/remotes/main [1ms]
2023-07-11 21:53:49.133 [info] > git status -z -uall [72ms]
2023-07-11 21:57:13.793 [info] > git config --local branch.main.github-pr-owner-number [2ms]
2023-07-11 21:57:13.819 [info] > git config --get commit.template [13ms]
2023-07-11 21:57:13.819 [info] > git for-each-ref --format=%(refname)%00%(upstream:short)%00%(objectname)%00%(upstream:track)%00%(upstream:remotename)%00%(upstream:remoteref) refs/heads/main refs/remotes/main [1ms]
2023-07-11 21:57:13.905 [info] > git status -z -uall [73ms]
2023-07-11 21:57:28.280 [info] > git log --format=%H%n%aN%n%aE%n%at%n%ct%n%P%n%D%n%B -z -n120 -- /workspace/Afrik-kitchen/TEMPLATES_DIR/base.html [3ms]
2023-07-11 22:01:04.456 [info] > git config --get commit.template [7ms]
2023-07-11 22:01:04.457 [info] > git for-each-ref --format=%(refname)%00%(upstream:short)%00%(objectname)%00%(upstream:track)%00%(upstream:remotename)%00%(upstream:remoteref) refs/heads/main refs/remotes/main [1ms]
2023-07-11 22:01:04.538 [info] > git status -z -uall [75ms]
2023-07-11 22:01:43.924 [info] > git log --format=%H%n%aN%n%aE%n%at%n%ct%n%P%n%D%n%B -z -n120 -- /workspace/Afrik-kitchen/view_menu/templates/menu/breakfast.html [5ms]
2023-07-11 22:02:13.920 [info] > git config --local branch.main.github-pr-owner-number [1ms]
2023-07-11 22:02:13.937 [info] > git config --get commit.template [7ms]
2023-07-11 22:02:13.937 [info] > git for-each-ref --format=%(refname)%00%(upstream:short)%00%(objectname)%00%(upstream:track)%00%(upstream:remotename)%00%(upstream:remoteref) refs/heads/main refs/remotes/main [1ms]
2023-07-11 22:02:14.017 [info] > git status -z -uall [73ms]
2023-07-11 22:04:03.739 [info] > git log --format=%H%n%aN%n%aE%n%at%n%ct%n%P%n%D%n%B -z -n120 -- /workspace/Afrik-kitchen/TEMPLATES_DIR/includes/nav.html [4ms]
2023-07-11 22:04:14.550 [info] > git log --format=%H%n%aN%n%aE%n%at%n%ct%n%P%n%D%n%B -z -n120 -- /workspace/Afrik-kitchen/TEMPLATES_DIR/base.html [4ms]
2023-07-11 22:04:35.149 [info] > git config --get commit.template [9ms]
2023-07-11 22:04:35.149 [info] > git for-each-ref --format=%(refname)%00%(upstream:short)%00%(objectname)%00%(upstream:track)%00%(upstream:remotename)%00%(upstream:remoteref) refs/heads/main refs/remotes/main [1ms]
2023-07-11 22:04:35.234 [info] > git status -z -uall [73ms]
2023-07-11 22:05:12.903 [info] > git log --format=%H%n%aN%n%aE%n%at%n%ct%n%P%n%D%n%B -z -n120 -- /workspace/Afrik-kitchen/TEMPLATES_DIR/includes/nav.html [4ms]
2023-07-11 22:07:14.032 [info] > git config --local branch.main.github-pr-owner-number [1ms]
2023-07-11 22:07:14.047 [info] > git config --get commit.template [7ms]
2023-07-11 22:07:14.048 [info] > git for-each-ref --format=%(refname)%00%(upstream:short)%00%(objectname)%00%(upstream:track)%00%(upstream:remotename)%00%(upstream:remoteref) refs/heads/main refs/remotes/main [1ms]
2023-07-11 22:07:14.129 [info] > git status -z -uall [75ms]
2023-07-11 22:07:30.849 [info] > git config --get commit.template [6ms]
2023-07-11 22:07:30.850 [info] > git for-each-ref --format=%(refname)%00%(upstream:short)%00%(objectname)%00%(upstream:track)%00%(upstream:remotename)%00%(upstream:remoteref) refs/heads/main refs/remotes/main [1ms]
2023-07-11 22:07:30.927 [info] > git status -z -uall [72ms]
2023-07-11 22:07:52.513 [info] > git config --get commit.template [7ms]
2023-07-11 22:07:52.514 [info] > git for-each-ref --format=%(refname)%00%(upstream:short)%00%(objectname)%00%(upstream:track)%00%(upstream:remotename)%00%(upstream:remoteref) refs/heads/main refs/remotes/main [1ms]
2023-07-11 22:07:52.591 [info] > git status -z -uall [72ms]
2023-07-11 22:08:30.183 [info] > git config --get commit.template [13ms]
2023-07-11 22:08:30.183 [info] > git for-each-ref --format=%(refname)%00%(upstream:short)%00%(objectname)%00%(upstream:track)%00%(upstream:remotename)%00%(upstream:remoteref) refs/heads/main refs/remotes/main [1ms]
2023-07-11 22:08:30.263 [info] > git status -z -uall [74ms]
2023-07-11 22:09:40.619 [info] > git config --get commit.template [14ms]
2023-07-11 22:09:40.620 [info] > git for-each-ref --format=%(refname)%00%(upstream:short)%00%(objectname)%00%(upstream:track)%00%(upstream:remotename)%00%(upstream:remoteref) refs/heads/main refs/remotes/main [2ms]
2023-07-11 22:09:40.723 [info] > git status -z -uall [91ms]
2023-07-11 22:12:14.143 [info] > git config --local branch.main.github-pr-owner-number [1ms]
2023-07-11 22:12:14.164 [info] > git config --get commit.template [13ms]
2023-07-11 22:12:14.164 [info] > git for-each-ref --format=%(refname)%00%(upstream:short)%00%(objectname)%00%(upstream:track)%00%(upstream:remotename)%00%(upstream:remoteref) refs/heads/main refs/remotes/main [1ms]
2023-07-11 22:12:14.250 [info] > git status -z -uall [74ms]
2023-07-11 22:15:00.973 [info] > git config --get commit.template [13ms]
2023-07-11 22:15:00.975 [info] > git for-each-ref --format=%(refname)%00%(upstream:short)%00%(objectname)%00%(upstream:track)%00%(upstream:remotename)%00%(upstream:remoteref) refs/heads/main refs/remotes/main [3ms]
2023-07-11 22:15:01.061 [info] > git status -z -uall [74ms]
2023-07-11 22:17:14.264 [info] > git config --local branch.main.github-pr-owner-number [1ms]
2023-07-11 22:17:14.277 [info] > git config --get commit.template [6ms]
2023-07-11 22:17:14.278 [info] > git for-each-ref --format=%(refname)%00%(upstream:short)%00%(objectname)%00%(upstream:track)%00%(upstream:remotename)%00%(upstream:remoteref) refs/heads/main refs/remotes/main [1ms]
2023-07-11 22:17:14.356 [info] > git status -z -uall [73ms]
2023-07-11 22:19:33.395 [info] > git log --format=%H%n%aN%n%aE%n%at%n%ct%n%P%n%D%n%B -z -n120 -- /workspace/Afrik-kitchen/view_menu/templates/menu/create_menu.html [6ms]
2023-07-11 22:19:33.673 [info] > git show --textconv :view_menu/templates/menu/create_menu.html [7ms]
2023-07-11 22:19:33.674 [info] > git ls-files --stage -- /workspace/Afrik-kitchen/view_menu/templates/menu/create_menu.html [2ms]
2023-07-11 22:19:33.680 [info] > git cat-file -s dd78a8f5b65c75a08bcb96469c9a78f5acddd5d6 [1ms]
2023-07-11 22:22:14.371 [info] > git config --local branch.main.github-pr-owner-number [1ms]
2023-07-11 22:22:14.386 [info] > git config --get commit.template [7ms]
2023-07-11 22:22:14.387 [info] > git for-each-ref --format=%(refname)%00%(upstream:short)%00%(objectname)%00%(upstream:track)%00%(upstream:remotename)%00%(upstream:remoteref) refs/heads/main refs/remotes/main [1ms]
2023-07-11 22:22:14.467 [info] > git status -z -uall [75ms]
2023-07-11 22:26:51.640 [info] > git rev-list --count 041b2cc2b18c1bdfda44fbb42b52a8eeed2f8928.. -- /workspace/Afrik-kitchen/view_menu/templates/menu/create_menu.html [4ms]
2023-07-11 22:26:51.655 [info] > git log --format=%H%n%aN%n%aE%n%at%n%ct%n%P%n%D%n%B -z -n3 -- /workspace/Afrik-kitchen/view_menu/templates/menu/create_menu.html [5ms]
2023-07-11 22:26:52.108 [info] > git config --get commit.template [8ms]
2023-07-11 22:26:52.109 [info] > git for-each-ref --format=%(refname)%00%(upstream:short)%00%(objectname)%00%(upstream:track)%00%(upstream:remotename)%00%(upstream:remoteref) refs/heads/main refs/remotes/main [1ms]
2023-07-11 22:26:52.117 [info] > git status -z -uall [2ms]
2023-07-11 22:26:52.299 [info] > git ls-files --stage -- /workspace/Afrik-kitchen/TEMPLATES_DIR/base.html [9ms]
2023-07-11 22:26:52.306 [info] > git ls-files --stage -- /workspace/Afrik-kitchen/static/css/style.css [32ms]
2023-07-11 22:26:52.312 [info] > git ls-files --stage -- /workspace/Afrik-kitchen/TEMPLATES_DIR/includes/nav.html [46ms]
2023-07-11 22:26:52.323 [info] > git ls-files --stage -- /workspace/Afrik-kitchen/static/view_menu/create-menu/includes/403.html [61ms]
2023-07-11 22:26:52.323 [info] > git ls-files --stage -- /workspace/Afrik-kitchen/afrik_kitchen/urls.py [68ms]
2023-07-11 22:26:52.335 [info] > git ls-files --stage -- /workspace/Afrik-kitchen/view_menu/urls.py [86ms]
2023-07-11 22:26:52.346 [info] > git ls-files --stage -- /workspace/Afrik-kitchen/view_menu/views.py [103ms]
2023-07-11 22:26:52.358 [info] > git cat-file -s 0e8ef16352c14c6c6f9a234d3f83204f70d5b006 [12ms]
2023-07-11 22:26:52.359 [info] > git cat-file -s d9b7ccfde0e780c5f8d21d9315d368065f219454 [24ms]
2023-07-11 22:26:52.359 [info] > git cat-file -s fe75222ac082eb782e5d4993f0666192ddddeff2 [37ms]
2023-07-11 22:26:52.359 [info] > git cat-file -s 36894305c8a26f8c11be7ea1af7602d12c15be93 [47ms]
2023-07-11 22:26:52.359 [info] > git cat-file -s beddb6d4307875b54c9a83bfd9ead3d6f6a03c44 [53ms]
2023-07-11 22:26:52.360 [info] > git ls-files --stage -- /workspace/Afrik-kitchen/view_menu/templates/menu/create_menu.html [63ms]
2023-07-11 22:26:52.371 [info] > git cat-file -s a9a0ac09d85a20ff09aa6431ba73da90703e7e85 [14ms]
2023-07-11 22:26:52.372 [info] > git cat-file -s dd78a8f5b65c75a08bcb96469c9a78f5acddd5d6 [2ms]
2023-07-11 22:26:52.473 [info] > git show --textconv :static/view_menu/create-menu/includes/403.html [56ms]
2023-07-11 22:26:52.473 [info] > git show --textconv :view_menu/urls.py [43ms]
2023-07-11 22:26:52.473 [info] > git show --textconv :afrik_kitchen/urls.py [33ms]
2023-07-11 22:26:52.473 [info] > git show --textconv :TEMPLATES_DIR/includes/nav.html [22ms]
2023-07-11 22:26:52.473 [info] > git show --textconv :static/css/style.css [11ms]
2023-07-11 22:26:52.475 [info] > git show --textconv :TEMPLATES_DIR/base.html [3ms]
2023-07-11 22:26:52.497 [info] > git show --textconv :view_menu/views.py [11ms]
2023-07-11 22:26:52.498 [info] > git show --textconv :view_menu/templates/menu/create_menu.html [1ms]
2023-07-11 22:27:14.480 [info] > git config --local branch.main.github-pr-owner-number [1ms]
2023-07-11 22:27:14.501 [info] > git config --get commit.template [8ms]
2023-07-11 22:27:14.502 [info] > git for-each-ref --format=%(refname)%00%(upstream:short)%00%(objectname)%00%(upstream:track)%00%(upstream:remotename)%00%(upstream:remoteref) refs/heads/main refs/remotes/main [2ms]
2023-07-11 22:27:14.509 [info] > git status -z -uall [2ms]
2023-07-11 22:27:42.071 [info] > git rev-list --count 041b2cc2b18c1bdfda44fbb42b52a8eeed2f8928.. -- /workspace/Afrik-kitchen/view_menu/templates/menu/create_menu.html [3ms]
2023-07-11 22:27:42.088 [info] > git log --format=%H%n%aN%n%aE%n%at%n%ct%n%P%n%D%n%B -z -n3 -- /workspace/Afrik-kitchen/view_menu/templates/menu/create_menu.html [5ms]
2023-07-11 22:27:42.543 [info] > git config --get commit.template [12ms]
2023-07-11 22:27:42.544 [info] > git for-each-ref --format=%(refname)%00%(upstream:short)%00%(objectname)%00%(upstream:track)%00%(upstream:remotename)%00%(upstream:remoteref) refs/heads/main refs/remotes/main [1ms]
2023-07-11 22:27:42.558 [info] > git status -z -uall [3ms]
2023-07-11 22:27:42.742 [info] > git ls-files --stage -- /workspace/Afrik-kitchen/view_menu/templates/menu/create_menu.html [3ms]
2023-07-11 22:27:42.749 [info] > git ls-files --stage -- /workspace/Afrik-kitchen/TEMPLATES_DIR/base.html [17ms]
2023-07-11 22:27:42.761 [info] > git ls-files --stage -- /workspace/Afrik-kitchen/static/css/style.css [37ms]
2023-07-11 22:27:42.774 [info] > git ls-files --stage -- /workspace/Afrik-kitchen/TEMPLATES_DIR/includes/nav.html [64ms]
2023-07-11 22:27:42.787 [info] > git ls-files --stage -- /workspace/Afrik-kitchen/static/view_menu/create-menu/includes/403.html [83ms]
2023-07-11 22:27:42.798 [info] > git ls-files --stage -- /workspace/Afrik-kitchen/afrik_kitchen/urls.py [106ms]
2023-07-11 22:27:42.805 [info] > git ls-files --stage -- /workspace/Afrik-kitchen/view_menu/urls.py [124ms]
2023-07-11 22:27:42.811 [info] > git ls-files --stage -- /workspace/Afrik-kitchen/view_menu/views.py [143ms]
2023-07-11 22:27:42.818 [info] > git cat-file -s 53e8ee798e399239ede30fff23860574dce4770c [6ms]
2023-07-11 22:27:42.818 [info] > git cat-file -s 6aea9c1d32c3af87187053909472f21332bc00d4 [13ms]
2023-07-11 22:27:42.818 [info] > git cat-file -s e69de29bb2d1d6434b8b29ae775ad8c2e48c5391 [20ms]
2023-07-11 22:27:42.819 [info] > git cat-file -s 87be07710c81b42e4730f75a4317dae115c91fbb [32ms]
2023-07-11 22:27:42.819 [info] > git cat-file -s 2949b8691dcf2695916ca97b27a8528f0edd4153 [45ms]
2023-07-11 22:27:42.820 [info] > git cat-file -s c28018bc7b1459ed7564076e1053284c969484aa [59ms]
2023-07-11 22:27:42.821 [info] > git cat-file -s dd78a8f5b65c75a08bcb96469c9a78f5acddd5d6 [73ms]
2023-07-11 22:27:42.821 [info] > git cat-file -s 2b5014bccff6b44d9970e520288c1a1c674c9181 [4ms]
2023-07-11 22:27:42.932 [info] > git show --textconv :view_menu/urls.py [40ms]
2023-07-11 22:27:42.932 [info] > git show --textconv :afrik_kitchen/urls.py [31ms]
2023-07-11 22:27:42.932 [info] > git show --textconv :static/view_menu/create-menu/includes/403.html [22ms]
2023-07-11 22:27:42.932 [info] > git show --textconv :TEMPLATES_DIR/includes/nav.html [17ms]
2023-07-11 22:27:42.932 [info] > git show --textconv :static/css/style.css [12ms]
2023-07-11 22:27:42.932 [info] > git show --textconv :TEMPLATES_DIR/base.html [7ms]
2023-07-11 22:27:42.933 [info] > git show --textconv :view_menu/templates/menu/create_menu.html [2ms]
2023-07-11 22:27:42.945 [info] > git show --textconv :view_menu/views.py [1ms]
2023-07-11 22:28:52.798 [info] > git rev-list --count 041b2cc2b18c1bdfda44fbb42b52a8eeed2f8928.. -- /workspace/Afrik-kitchen/view_menu/templates/menu/create_menu.html [3ms]
2023-07-11 22:28:52.810 [info] > git log --format=%H%n%aN%n%aE%n%at%n%ct%n%P%n%D%n%B -z -n3 -- /workspace/Afrik-kitchen/view_menu/templates/menu/create_menu.html [5ms]
2023-07-11 22:28:53.269 [info] > git config --get commit.template [8ms]
2023-07-11 22:28:53.270 [info] > git for-each-ref --format=%(refname)%00%(upstream:short)%00%(objectname)%00%(upstream:track)%00%(upstream:remotename)%00%(upstream:remoteref) refs/heads/main refs/remotes/main [2ms]
2023-07-11 22:28:53.279 [info] > git status -z -uall [2ms]
2023-07-11 22:28:53.373 [info] > git config --local branch.main.github-pr-owner-number [1ms]
2023-07-11 22:28:53.399 [info] > git config --get commit.template [14ms]
2023-07-11 22:28:53.399 [info] > git for-each-ref --format=%(refname)%00%(upstream:short)%00%(objectname)%00%(upstream:track)%00%(upstream:remotename)%00%(upstream:remoteref) refs/heads/main refs/remotes/main [1ms]
2023-07-11 22:28:53.504 [info] > git status -z -uall [93ms]
2023-07-11 22:28:53.505 [info] > git ls-files --stage -- /workspace/Afrik-kitchen/TEMPLATES_DIR/base.html [13ms]
2023-07-11 22:28:53.517 [info] > git ls-files --stage -- /workspace/Afrik-kitchen/static/css/style.css [37ms]
2023-07-11 22:28:53.528 [info] > git ls-files --stage -- /workspace/Afrik-kitchen/TEMPLATES_DIR/includes/nav.html [59ms]
2023-07-11 22:28:53.540 [info] > git ls-files --stage -- /workspace/Afrik-kitchen/static/view_menu/create-menu/includes/403.html [82ms]
2023-07-11 22:28:53.551 [info] > git ls-files --stage -- /workspace/Afrik-kitchen/afrik_kitchen/urls.py [105ms]
2023-07-11 22:28:53.562 [info] > git ls-files --stage -- /workspace/Afrik-kitchen/view_menu/urls.py [127ms]
2023-07-11 22:28:53.573 [info] > git ls-files --stage -- /workspace/Afrik-kitchen/view_menu/views.py [150ms]
2023-07-11 22:28:53.587 [info] > git cat-file -s 2b5014bccff6b44d9970e520288c1a1c674c9181 [3ms]
2023-07-11 22:28:53.587 [info] > git cat-file -s 53e8ee798e399239ede30fff23860574dce4770c [14ms]
2023-07-11 22:28:53.587 [info] > git cat-file -s 6aea9c1d32c3af87187053909472f21332bc00d4 [25ms]
2023-07-11 22:28:53.587 [info] > git cat-file -s e69de29bb2d1d6434b8b29ae775ad8c2e48c5391 [36ms]
2023-07-11 22:28:53.587 [info] > git cat-file -s 87be07710c81b42e4730f75a4317dae115c91fbb [48ms]
2023-07-11 22:28:53.588 [info] > git cat-file -s 2949b8691dcf2695916ca97b27a8528f0edd4153 [60ms]
2023-07-11 22:28:53.589 [info] > git cat-file -s c28018bc7b1459ed7564076e1053284c969484aa [72ms]
2023-07-11 22:28:53.589 [info] > git ls-files --stage -- /workspace/Afrik-kitchen/view_menu/templates/menu/create_menu.html [85ms]
2023-07-11 22:28:53.601 [info] > git cat-file -s dd78a8f5b65c75a08bcb96469c9a78f5acddd5d6 [1ms]
2023-07-11 22:28:53.704 [info] > git show --textconv :view_menu/views.py [51ms]
2023-07-11 22:28:53.704 [info] > git show --textconv :view_menu/urls.py [40ms]
2023-07-11 22:28:53.704 [info] > git show --textconv :afrik_kitchen/urls.py [28ms]
2023-07-11 22:28:53.704 [info] > git show --textconv :static/view_menu/create-menu/includes/403.html [20ms]
2023-07-11 22:28:53.704 [info] > git show --textconv :TEMPLATES_DIR/includes/nav.html [13ms]
2023-07-11 22:28:53.704 [info] > git show --textconv :static/css/style.css [7ms]
2023-07-11 22:28:53.706 [info] > git show --textconv :TEMPLATES_DIR/base.html [3ms]
2023-07-11 22:28:53.719 [info] > git show --textconv :view_menu/templates/menu/create_menu.html [2ms]
2023-07-11 22:29:15.037 [info] > git rev-list --count 041b2cc2b18c1bdfda44fbb42b52a8eeed2f8928.. -- /workspace/Afrik-kitchen/view_menu/templates/menu/create_menu.html [3ms]
2023-07-11 22:29:15.051 [info] > git log --format=%H%n%aN%n%aE%n%at%n%ct%n%P%n%D%n%B -z -n3 -- /workspace/Afrik-kitchen/view_menu/templates/menu/create_menu.html [5ms]
2023-07-11 22:29:15.511 [info] > git config --get commit.template [12ms]
2023-07-11 22:29:15.513 [info] > git for-each-ref --format=%(refname)%00%(upstream:short)%00%(objectname)%00%(upstream:track)%00%(upstream:remotename)%00%(upstream:remoteref) refs/heads/main refs/remotes/main [1ms]
2023-07-11 22:29:15.527 [info] > git status -z -uall [1ms]
2023-07-11 22:29:15.608 [info] > git config --local branch.main.github-pr-owner-number [1ms]
2023-07-11 22:29:15.620 [info] > git config --get commit.template [6ms]
2023-07-11 22:29:15.621 [info] > git for-each-ref --format=%(refname)%00%(upstream:short)%00%(objectname)%00%(upstream:track)%00%(upstream:remotename)%00%(upstream:remoteref) refs/heads/main refs/remotes/main [1ms]
2023-07-11 22:29:15.701 [info] > git status -z -uall [74ms]
2023-07-11 22:29:15.701 [info] > git ls-files --stage -- /workspace/Afrik-kitchen/TEMPLATES_DIR/base.html [12ms]
2023-07-11 22:29:15.713 [info] > git ls-files --stage -- /workspace/Afrik-kitchen/static/css/style.css [34ms]
2023-07-11 22:29:15.724 [info] > git ls-files --stage -- /workspace/Afrik-kitchen/TEMPLATES_DIR/includes/nav.html [55ms]
2023-07-11 22:29:15.735 [info] > git ls-files --stage -- /workspace/Afrik-kitchen/static/view_menu/create-menu/includes/403.html [77ms]
2023-07-11 22:29:15.746 [info] > git ls-files --stage -- /workspace/Afrik-kitchen/afrik_kitchen/urls.py [99ms]
2023-07-11 22:29:15.757 [info] > git ls-files --stage -- /workspace/Afrik-kitchen/view_menu/urls.py [119ms]
2023-07-11 22:29:15.769 [info] > git ls-files --stage -- /workspace/Afrik-kitchen/view_menu/views.py [136ms]
2023-07-11 22:29:15.782 [info] > git cat-file -s 2b5014bccff6b44d9970e520288c1a1c674c9181 [2ms]
2023-07-11 22:29:15.782 [info] > git cat-file -s 53e8ee798e399239ede30fff23860574dce4770c [13ms]
2023-07-11 22:29:15.783 [info] > git cat-file -s 6aea9c1d32c3af87187053909472f21332bc00d4 [26ms]
2023-07-11 22:29:15.783 [info] > git cat-file -s e69de29bb2d1d6434b8b29ae775ad8c2e48c5391 [37ms]
2023-07-11 22:29:15.783 [info] > git cat-file -s 87be07710c81b42e4730f75a4317dae115c91fbb [48ms]
2023-07-11 22:29:15.783 [info] > git cat-file -s 2949b8691dcf2695916ca97b27a8528f0edd4153 [59ms]
2023-07-11 22:29:15.783 [info] > git cat-file -s c28018bc7b1459ed7564076e1053284c969484aa [70ms]
2023-07-11 22:29:15.783 [info] > git ls-files --stage -- /workspace/Afrik-kitchen/view_menu/templates/menu/create_menu.html [83ms]
2023-07-11 22:29:15.796 [info] > git cat-file -s dd78a8f5b65c75a08bcb96469c9a78f5acddd5d6 [2ms]
2023-07-11 22:29:15.909 [info] > git show --textconv :view_menu/views.py [36ms]
2023-07-11 22:29:15.909 [info] > git show --textconv :view_menu/urls.py [28ms]
2023-07-11 22:29:15.909 [info] > git show --textconv :afrik_kitchen/urls.py [22ms]
2023-07-11 22:29:15.909 [info] > git show --textconv :static/view_menu/create-menu/includes/403.html [16ms]
2023-07-11 22:29:15.909 [info] > git show --textconv :TEMPLATES_DIR/includes/nav.html [11ms]
2023-07-11 22:29:15.909 [info] > git show --textconv :static/css/style.css [6ms]
2023-07-11 22:29:15.909 [info] > git show --textconv :TEMPLATES_DIR/base.html [1ms]
2023-07-11 22:29:15.918 [info] > git show --textconv :view_menu/templates/menu/create_menu.html [1ms]
2023-07-11 22:32:14.523 [info] > git config --local branch.main.github-pr-owner-number [1ms]
2023-07-11 22:32:14.547 [info] > git config --get commit.template [11ms]
2023-07-11 22:32:14.547 [info] > git for-each-ref --format=%(refname)%00%(upstream:short)%00%(objectname)%00%(upstream:track)%00%(upstream:remotename)%00%(upstream:remoteref) refs/heads/main refs/remotes/main [1ms]
2023-07-11 22:32:14.560 [info] > git status -z -uall [2ms]
2023-07-11 22:37:14.571 [info] > git config --local branch.main.github-pr-owner-number [1ms]
2023-07-11 22:37:14.582 [info] > git config --get commit.template [5ms]
2023-07-11 22:37:14.583 [info] > git for-each-ref --format=%(refname)%00%(upstream:short)%00%(objectname)%00%(upstream:track)%00%(upstream:remotename)%00%(upstream:remoteref) refs/heads/main refs/remotes/main [1ms]
2023-07-11 22:37:14.589 [info] > git status -z -uall [2ms]
2023-07-11 22:42:14.601 [info] > git config --local branch.main.github-pr-owner-number [1ms]
2023-07-11 22:42:14.612 [info] > git config --get commit.template [5ms]
2023-07-11 22:42:14.613 [info] > git for-each-ref --format=%(refname)%00%(upstream:short)%00%(objectname)%00%(upstream:track)%00%(upstream:remotename)%00%(upstream:remoteref) refs/heads/main refs/remotes/main [1ms]
2023-07-11 22:42:14.620 [info] > git status -z -uall [2ms]
2023-07-11 22:46:39.993 [info] > git check-ignore -v -z --stdin [1ms]
2023-07-11 22:46:47.047 [info] > git log --format=%H%n%aN%n%aE%n%at%n%ct%n%P%n%D%n%B -z -n120 -- /workspace/Afrik-kitchen/TEMPLATES_DIR/account/allauth/login.html [4ms]
2023-07-11 22:46:47.252 [info] > git show --textconv :TEMPLATES_DIR/account/allauth/login.html [7ms]
2023-07-11 22:46:47.253 [info] > git ls-files --stage -- /workspace/Afrik-kitchen/TEMPLATES_DIR/account/allauth/login.html [2ms]
2023-07-11 22:46:47.259 [info] > git cat-file -s da8ee50a814e70111ade43dbebe05d7d015e6720 [1ms]
2023-07-11 22:46:48.269 [info] > git log --format=%H%n%aN%n%aE%n%at%n%ct%n%P%n%D%n%B -z -n120 -- /workspace/Afrik-kitchen/TEMPLATES_DIR/account/allauth/logout.html [4ms]
2023-07-11 22:46:48.514 [info] > git show --textconv :TEMPLATES_DIR/account/allauth/logout.html [5ms]
2023-07-11 22:46:48.515 [info] > git ls-files --stage -- /workspace/Afrik-kitchen/TEMPLATES_DIR/account/allauth/logout.html [1ms]
2023-07-11 22:46:48.520 [info] > git cat-file -s 9b50d891ad114081b2e575630c5ce59bed92cc8e [1ms]
2023-07-11 22:46:49.283 [info] > git log --format=%H%n%aN%n%aE%n%at%n%ct%n%P%n%D%n%B -z -n120 -- /workspace/Afrik-kitchen/TEMPLATES_DIR/account/allauth/signup.html [3ms]
2023-07-11 22:46:49.488 [info] > git show --textconv :TEMPLATES_DIR/account/allauth/signup.html [6ms]
2023-07-11 22:46:49.489 [info] > git ls-files --stage -- /workspace/Afrik-kitchen/TEMPLATES_DIR/account/allauth/signup.html [1ms]
2023-07-11 22:46:49.494 [info] > git cat-file -s f82828300c3ebf8b8066d9c47fbe1b69b221fbc7 [1ms]
2023-07-11 22:47:14.633 [info] > git config --local branch.main.github-pr-owner-number [1ms]
2023-07-11 22:47:14.646 [info] > git config --get commit.template [6ms]
2023-07-11 22:47:14.647 [info] > git for-each-ref --format=%(refname)%00%(upstream:short)%00%(objectname)%00%(upstream:track)%00%(upstream:remotename)%00%(upstream:remoteref) refs/heads/main refs/remotes/main [1ms]
2023-07-11 22:47:14.654 [info] > git status -z -uall [2ms]
2023-07-11 22:47:34.117 [info] > git config --get commit.template [7ms]
2023-07-11 22:47:34.118 [info] > git for-each-ref --format=%(refname)%00%(upstream:short)%00%(objectname)%00%(upstream:track)%00%(upstream:remotename)%00%(upstream:remoteref) refs/heads/main refs/remotes/main [1ms]
2023-07-11 22:47:34.147 [info] > git status -z -uall [24ms]
