2023-07-11 12:23:04.941 [info] Extension host with pid 2084 started
2023-07-11 12:23:04.961 [info] Lock '/workspace/.vscode-remote/data/User/workspaceStorage/-2f942137/vscode.lock': Lock acquired.
2023-07-11 12:23:05.201 [info] ExtensionService#_doActivateExtension vscode.github-authentication, startup: false, activationEvent: 'onView:pr:github', root cause: GitHub.vscode-pull-request-github
2023-07-11 12:23:05.203 [info] ExtensionService#_doActivateExtension vscode.html-language-features, startup: false, activationEvent: 'onLanguage:html'
2023-07-11 12:23:05.203 [info] ExtensionService#_doActivateExtension vscode.emmet, startup: false, activationEvent: 'onLanguage'
2023-07-11 12:23:05.453 [info] ExtensionService#_doActivateExtension GitHub.vscode-pull-request-github, startup: false, activationEvent: 'onView:pr:github'
2023-07-11 12:23:05.881 [info] ExtensionService#_doActivateExtension gitpod.gitpod-web, startup: false, activationEvent: 'onAuthenticationRequest:github'
2023-07-11 12:23:06.216 [info] ExtensionService#_doActivateExtension vscode.git-base, startup: true, activationEvent: '*', root cause: vscode.git
2023-07-11 12:23:06.217 [info] ExtensionService#_doActivateExtension formulahendry.auto-close-tag, startup: true, activationEvent: '*'
2023-07-11 12:23:06.217 [info] ExtensionService#_doActivateExtension HookyQR.beautify, startup: true, activationEvent: '*'
2023-07-11 12:23:06.311 [info] ExtensionService#_doActivateExtension ms-python.python, startup: true, activationEvent: 'workspaceContains:Pipfile'
2023-07-11 12:23:07.350 [info] ExtensionService#_doActivateExtension vscode.git, startup: true, activationEvent: '*'
2023-07-11 12:23:07.350 [info] ExtensionService#_doActivateExtension vscode.github, startup: true, activationEvent: '*'
2023-07-11 12:23:09.207 [info] ExtensionService#_doActivateExtension redhat.vscode-yaml, startup: false, activationEvent: 'onLanguage:yaml'
2023-07-11 12:23:09.349 [info] Eager extensions activated
2023-07-11 12:23:09.350 [info] ExtensionService#_doActivateExtension vscode.debug-auto-launch, startup: false, activationEvent: 'onStartupFinished'
2023-07-11 12:23:09.351 [info] ExtensionService#_doActivateExtension vscode.merge-conflict, startup: false, activationEvent: 'onStartupFinished'
2023-07-11 12:23:10.079 [warning] [redhat.vscode-yaml] Accessing a resource scoped configuration without providing a resource is not expected. To get the effective value for '[yaml]', provide the URI of a resource or 'null' for any resource.
2023-07-11 12:23:10.081 [warning] [redhat.vscode-yaml] Accessing a resource scoped configuration without providing a resource is not expected. To get the effective value for '[yaml]', provide the URI of a resource or 'null' for any resource.
2023-07-11 13:34:34.619 [info] ExtensionService#_doActivateExtension ms-toolsai.jupyter, startup: false, activationEvent: 'onLanguage:python'
2023-07-11 13:34:35.566 [info] ExtensionService#_doActivateExtension ms-toolsai.jupyter-renderers, startup: false, activationEvent: 'api', root cause: ms-toolsai.jupyter
2023-07-11 15:01:03.822 [error] [ms-python.python] provider FAILED
2023-07-11 15:01:03.823 [error] Error: UnboundLocalError: local variable 'start_index' referenced before assignment
	at /workspace/.vscode-remote/extensions/ms-python.python-2023.12.0-universal/out/client/extension.js:2:2254118
	at re (/workspace/.vscode-remote/extensions/ms-python.python-2023.12.0-universal/out/client/extension.js:2:2254412)
	at /workspace/.vscode-remote/extensions/ms-python.python-2023.12.0-universal/out/client/extension.js:2:2249196
	at Immediate.<anonymous> (/workspace/.vscode-remote/extensions/ms-python.python-2023.12.0-universal/out/client/extension.js:2:2249216)
	at processImmediate (node:internal/timers:466:21)
2023-07-11 15:01:05.194 [error] [ms-python.python] provider FAILED
2023-07-11 15:01:05.194 [error] Error: UnboundLocalError: local variable 'start_index' referenced before assignment
	at /workspace/.vscode-remote/extensions/ms-python.python-2023.12.0-universal/out/client/extension.js:2:2254118
	at re (/workspace/.vscode-remote/extensions/ms-python.python-2023.12.0-universal/out/client/extension.js:2:2254412)
	at /workspace/.vscode-remote/extensions/ms-python.python-2023.12.0-universal/out/client/extension.js:2:2249196
	at Immediate.<anonymous> (/workspace/.vscode-remote/extensions/ms-python.python-2023.12.0-universal/out/client/extension.js:2:2249216)
	at processImmediate (node:internal/timers:466:21)
2023-07-11 15:01:05.867 [error] [ms-python.python] provider FAILED
2023-07-11 15:01:05.867 [error] Error: UnboundLocalError: local variable 'start_index' referenced before assignment
	at /workspace/.vscode-remote/extensions/ms-python.python-2023.12.0-universal/out/client/extension.js:2:2254118
	at re (/workspace/.vscode-remote/extensions/ms-python.python-2023.12.0-universal/out/client/extension.js:2:2254412)
	at /workspace/.vscode-remote/extensions/ms-python.python-2023.12.0-universal/out/client/extension.js:2:2249196
	at Immediate.<anonymous> (/workspace/.vscode-remote/extensions/ms-python.python-2023.12.0-universal/out/client/extension.js:2:2249216)
	at processImmediate (node:internal/timers:466:21)
2023-07-11 15:01:06.555 [error] [ms-python.python] provider FAILED
2023-07-11 15:01:06.555 [error] Error: UnboundLocalError: local variable 'start_index' referenced before assignment
	at /workspace/.vscode-remote/extensions/ms-python.python-2023.12.0-universal/out/client/extension.js:2:2254118
	at re (/workspace/.vscode-remote/extensions/ms-python.python-2023.12.0-universal/out/client/extension.js:2:2254412)
	at /workspace/.vscode-remote/extensions/ms-python.python-2023.12.0-universal/out/client/extension.js:2:2249196
	at Immediate.<anonymous> (/workspace/.vscode-remote/extensions/ms-python.python-2023.12.0-universal/out/client/extension.js:2:2249216)
	at processImmediate (node:internal/timers:466:21)
2023-07-11 15:01:07.202 [error] [ms-python.python] provider FAILED
2023-07-11 15:01:07.202 [error] Error: UnboundLocalError: local variable 'start_index' referenced before assignment
	at /workspace/.vscode-remote/extensions/ms-python.python-2023.12.0-universal/out/client/extension.js:2:2254118
	at re (/workspace/.vscode-remote/extensions/ms-python.python-2023.12.0-universal/out/client/extension.js:2:2254412)
	at /workspace/.vscode-remote/extensions/ms-python.python-2023.12.0-universal/out/client/extension.js:2:2249196
	at Immediate.<anonymous> (/workspace/.vscode-remote/extensions/ms-python.python-2023.12.0-universal/out/client/extension.js:2:2249216)
	at processImmediate (node:internal/timers:466:21)
2023-07-11 15:01:08.409 [error] [ms-python.python] provider FAILED
2023-07-11 15:01:08.409 [error] Error: UnboundLocalError: local variable 'start_index' referenced before assignment
	at /workspace/.vscode-remote/extensions/ms-python.python-2023.12.0-universal/out/client/extension.js:2:2254118
	at re (/workspace/.vscode-remote/extensions/ms-python.python-2023.12.0-universal/out/client/extension.js:2:2254412)
	at /workspace/.vscode-remote/extensions/ms-python.python-2023.12.0-universal/out/client/extension.js:2:2249196
	at Immediate.<anonymous> (/workspace/.vscode-remote/extensions/ms-python.python-2023.12.0-universal/out/client/extension.js:2:2249216)
	at processImmediate (node:internal/timers:466:21)
2023-07-11 15:01:09.550 [error] [ms-python.python] provider FAILED
2023-07-11 15:01:09.550 [error] Error: UnboundLocalError: local variable 'start_index' referenced before assignment
	at /workspace/.vscode-remote/extensions/ms-python.python-2023.12.0-universal/out/client/extension.js:2:2254118
	at re (/workspace/.vscode-remote/extensions/ms-python.python-2023.12.0-universal/out/client/extension.js:2:2254412)
	at /workspace/.vscode-remote/extensions/ms-python.python-2023.12.0-universal/out/client/extension.js:2:2249196
	at Immediate.<anonymous> (/workspace/.vscode-remote/extensions/ms-python.python-2023.12.0-universal/out/client/extension.js:2:2249216)
	at processImmediate (node:internal/timers:466:21)
2023-07-11 15:01:10.481 [error] [ms-python.python] provider FAILED
2023-07-11 15:01:10.481 [error] Error: UnboundLocalError: local variable 'start_index' referenced before assignment
	at /workspace/.vscode-remote/extensions/ms-python.python-2023.12.0-universal/out/client/extension.js:2:2254118
	at re (/workspace/.vscode-remote/extensions/ms-python.python-2023.12.0-universal/out/client/extension.js:2:2254412)
	at /workspace/.vscode-remote/extensions/ms-python.python-2023.12.0-universal/out/client/extension.js:2:2249196
	at Immediate.<anonymous> (/workspace/.vscode-remote/extensions/ms-python.python-2023.12.0-universal/out/client/extension.js:2:2249216)
	at processImmediate (node:internal/timers:466:21)
