2023-07-08 13:46:06.926 [info] Extension host with pid 1777 started
2023-07-08 13:46:06.931 [error] Error: EEXIST: file already exists, open '/workspace/.vscode-remote/data/User/workspaceStorage/-2f942137/vscode.lock'
2023-07-08 13:46:06.942 [info] Lock '/workspace/.vscode-remote/data/User/workspaceStorage/-2f942137/vscode.lock': Could not acquire lock, checking if the file is stale.
2023-07-08 13:46:06.943 [info] Lock '/workspace/.vscode-remote/data/User/workspaceStorage/-2f942137/vscode.lock': The lock does not look stale, elapsed: 598 ms, giving up.
2023-07-08 13:46:06.943 [error] Error: EEXIST: file already exists, open '/workspace/.vscode-remote/data/User/workspaceStorage/-2f942137-1/vscode.lock'
2023-07-08 13:46:06.944 [info] Lock '/workspace/.vscode-remote/data/User/workspaceStorage/-2f942137-1/vscode.lock': Could not acquire lock, checking if the file is stale.
2023-07-08 13:46:06.945 [info] Lock '/workspace/.vscode-remote/data/User/workspaceStorage/-2f942137-1/vscode.lock': The pid 5108 appears to be gone.
2023-07-08 13:46:06.945 [info] Lock '/workspace/.vscode-remote/data/User/workspaceStorage/-2f942137-1/vscode.lock': Deleting a stale lock.
2023-07-08 13:46:06.953 [info] Lock '/workspace/.vscode-remote/data/User/workspaceStorage/-2f942137-1/vscode.lock': Lock acquired.
2023-07-08 13:46:07.328 [info] ExtensionService#_doActivateExtension vscode.emmet, startup: false, activationEvent: 'onLanguage'
2023-07-08 13:46:07.329 [info] ExtensionService#_doActivateExtension ms-python.python, startup: false, activationEvent: 'onLanguage:python'
2023-07-08 13:46:07.329 [info] ExtensionService#_doActivateExtension ms-toolsai.jupyter, startup: false, activationEvent: 'onLanguage:python'
2023-07-08 13:46:07.329 [info] ExtensionService#_doActivateExtension vscode.github-authentication, startup: false, activationEvent: 'onView:pr:github', root cause: GitHub.vscode-pull-request-github
2023-07-08 13:46:08.371 [info] ExtensionService#_doActivateExtension ms-toolsai.jupyter-renderers, startup: false, activationEvent: 'api', root cause: ms-toolsai.jupyter
2023-07-08 13:46:08.430 [info] ExtensionService#_doActivateExtension GitHub.vscode-pull-request-github, startup: false, activationEvent: 'onView:pr:github'
2023-07-08 13:46:08.570 [info] ExtensionService#_doActivateExtension vscode.git-base, startup: true, activationEvent: '*', root cause: vscode.git
2023-07-08 13:46:08.570 [info] ExtensionService#_doActivateExtension gitpod.gitpod-web, startup: true, activationEvent: '*'
2023-07-08 13:46:08.570 [info] ExtensionService#_doActivateExtension formulahendry.auto-close-tag, startup: true, activationEvent: '*'
2023-07-08 13:46:08.570 [info] ExtensionService#_doActivateExtension HookyQR.beautify, startup: true, activationEvent: '*'
2023-07-08 13:46:09.218 [info] ExtensionService#_doActivateExtension vscode.git, startup: true, activationEvent: '*'
2023-07-08 13:46:09.218 [info] ExtensionService#_doActivateExtension vscode.github, startup: true, activationEvent: '*'
2023-07-08 13:46:10.624 [info] ExtensionService#_doActivateExtension redhat.vscode-yaml, startup: false, activationEvent: 'onLanguage:yaml'
2023-07-08 13:46:10.746 [info] Eager extensions activated
2023-07-08 13:46:10.746 [info] ExtensionService#_doActivateExtension vscode.debug-auto-launch, startup: false, activationEvent: 'onStartupFinished'
2023-07-08 13:46:10.746 [info] ExtensionService#_doActivateExtension vscode.merge-conflict, startup: false, activationEvent: 'onStartupFinished'
2023-07-08 13:46:11.526 [warning] [redhat.vscode-yaml] Accessing a resource scoped configuration without providing a resource is not expected. To get the effective value for '[yaml]', provide the URI of a resource or 'null' for any resource.
2023-07-08 13:46:11.528 [warning] [redhat.vscode-yaml] Accessing a resource scoped configuration without providing a resource is not expected. To get the effective value for '[yaml]', provide the URI of a resource or 'null' for any resource.
2023-07-08 13:46:14.571 [info] ExtensionService#_doActivateExtension vscode.json-language-features, startup: false, activationEvent: 'onLanguage:jsonc'
2023-07-08 13:46:14.572 [info] ExtensionService#_doActivateExtension vscode.typescript-language-features, startup: false, activationEvent: 'onLanguage:jsonc'
2023-07-08 15:09:06.987 [info] ExtensionService#_doActivateExtension vscode.html-language-features, startup: false, activationEvent: 'onLanguage:html'
2023-07-08 17:53:23.688 [error] [ms-python.python] provider FAILED
2023-07-08 17:53:23.689 [error] Error: ValueError: `column` parameter (1) is not in a valid range (0-0) for line 152 ('\n').
	at /workspace/.vscode-remote/extensions/ms-python.python-2023.12.0-universal/out/client/extension.js:2:2254118
	at re (/workspace/.vscode-remote/extensions/ms-python.python-2023.12.0-universal/out/client/extension.js:2:2254412)
	at /workspace/.vscode-remote/extensions/ms-python.python-2023.12.0-universal/out/client/extension.js:2:2249196
	at Immediate.<anonymous> (/workspace/.vscode-remote/extensions/ms-python.python-2023.12.0-universal/out/client/extension.js:2:2249216)
	at processImmediate (node:internal/timers:466:21)
2023-07-08 19:36:22.789 [error] [ms-python.python] provider FAILED
2023-07-08 19:36:22.790 [error] Error: ValueError: `column` parameter (1) is not in a valid range (0-0) for line 26 ('\n').
	at /workspace/.vscode-remote/extensions/ms-python.python-2023.12.0-universal/out/client/extension.js:2:2254118
	at re (/workspace/.vscode-remote/extensions/ms-python.python-2023.12.0-universal/out/client/extension.js:2:2254412)
	at /workspace/.vscode-remote/extensions/ms-python.python-2023.12.0-universal/out/client/extension.js:2:2249196
	at Immediate.<anonymous> (/workspace/.vscode-remote/extensions/ms-python.python-2023.12.0-universal/out/client/extension.js:2:2249216)
	at processImmediate (node:internal/timers:466:21)
