2023-07-10 20:18:30.030 [info] Extension host with pid 998 started
2023-07-10 20:18:30.034 [error] Error: EEXIST: file already exists, open '/workspace/.vscode-remote/data/User/workspaceStorage/-2f942137/vscode.lock'
2023-07-10 20:18:30.044 [info] Lock '/workspace/.vscode-remote/data/User/workspaceStorage/-2f942137/vscode.lock': Could not acquire lock, checking if the file is stale.
2023-07-10 20:18:30.045 [info] Lock '/workspace/.vscode-remote/data/User/workspaceStorage/-2f942137/vscode.lock': The pid 6523 appears to be gone.
2023-07-10 20:18:30.045 [info] Lock '/workspace/.vscode-remote/data/User/workspaceStorage/-2f942137/vscode.lock': Deleting a stale lock.
2023-07-10 20:18:30.053 [info] Lock '/workspace/.vscode-remote/data/User/workspaceStorage/-2f942137/vscode.lock': Lock acquired.
2023-07-10 20:18:30.248 [info] ExtensionService#_doActivateExtension vscode.emmet, startup: false, activationEvent: 'onLanguage'
2023-07-10 20:18:30.249 [info] ExtensionService#_doActivateExtension vscode.html-language-features, startup: false, activationEvent: 'onLanguage:html'
2023-07-10 20:18:30.249 [info] ExtensionService#_doActivateExtension vscode.github-authentication, startup: false, activationEvent: 'onView:pr:github', root cause: GitHub.vscode-pull-request-github
2023-07-10 20:18:30.773 [info] ExtensionService#_doActivateExtension GitHub.vscode-pull-request-github, startup: false, activationEvent: 'onView:pr:github'
2023-07-10 20:18:31.092 [info] ExtensionService#_doActivateExtension gitpod.gitpod-web, startup: false, activationEvent: 'onAuthenticationRequest:github'
2023-07-10 20:18:31.271 [info] ExtensionService#_doActivateExtension vscode.git-base, startup: true, activationEvent: '*', root cause: vscode.git
2023-07-10 20:18:31.271 [info] ExtensionService#_doActivateExtension formulahendry.auto-close-tag, startup: true, activationEvent: '*'
2023-07-10 20:18:31.271 [info] ExtensionService#_doActivateExtension HookyQR.beautify, startup: true, activationEvent: '*'
2023-07-10 20:18:31.298 [info] ExtensionService#_doActivateExtension ms-python.python, startup: true, activationEvent: 'workspaceContains:Pipfile'
2023-07-10 20:18:31.798 [info] ExtensionService#_doActivateExtension vscode.git, startup: true, activationEvent: '*'
2023-07-10 20:18:31.798 [info] ExtensionService#_doActivateExtension vscode.github, startup: true, activationEvent: '*'
2023-07-10 20:18:33.346 [info] ExtensionService#_doActivateExtension redhat.vscode-yaml, startup: false, activationEvent: 'onLanguage:yaml'
2023-07-10 20:18:33.470 [info] Eager extensions activated
2023-07-10 20:18:33.471 [info] ExtensionService#_doActivateExtension vscode.debug-auto-launch, startup: false, activationEvent: 'onStartupFinished'
2023-07-10 20:18:33.471 [info] ExtensionService#_doActivateExtension vscode.merge-conflict, startup: false, activationEvent: 'onStartupFinished'
2023-07-10 20:18:34.281 [warning] [redhat.vscode-yaml] Accessing a resource scoped configuration without providing a resource is not expected. To get the effective value for '[yaml]', provide the URI of a resource or 'null' for any resource.
2023-07-10 20:18:34.284 [warning] [redhat.vscode-yaml] Accessing a resource scoped configuration without providing a resource is not expected. To get the effective value for '[yaml]', provide the URI of a resource or 'null' for any resource.
2023-07-10 20:18:36.976 [info] ExtensionService#_doActivateExtension vscode.json-language-features, startup: false, activationEvent: 'onLanguage:jsonc'
2023-07-10 20:18:36.976 [info] ExtensionService#_doActivateExtension vscode.typescript-language-features, startup: false, activationEvent: 'onLanguage:jsonc'
2023-07-10 20:21:48.860 [info] ExtensionService#_doActivateExtension vscode.css-language-features, startup: false, activationEvent: 'onLanguage:css'
2023-07-10 22:49:36.896 [info] ExtensionService#_doActivateExtension vscode.simple-browser, startup: false, activationEvent: 'onOpenExternalUri:https'
2023-07-10 23:14:11.466 [info] ExtensionService#_doActivateExtension ms-toolsai.jupyter, startup: false, activationEvent: 'onLanguage:python'
2023-07-10 23:14:12.256 [info] ExtensionService#_doActivateExtension ms-toolsai.jupyter-renderers, startup: false, activationEvent: 'api', root cause: ms-toolsai.jupyter
2023-07-11 00:07:55.692 [info] ExtensionService#_doActivateExtension vscode.media-preview, startup: false, activationEvent: 'onCustomEditor:imagePreview.previewEditor'
