2023-07-07 12:19:47.743 [info] Log level: Info
2023-07-07 12:19:47.744 [info] Validating found git in: "git"
2023-07-07 12:19:47.744 [info] Using git "2.40.0" from "git"
2023-07-07 12:19:47.744 [info] > git rev-parse --show-toplevel [6ms]
2023-07-07 12:19:47.744 [info] > git rev-parse --git-dir --git-common-dir [1ms]
2023-07-07 12:19:47.744 [info] Open repository: /workspace/Afrik-kitchen
2023-07-07 12:19:47.744 [info] > git rev-parse --show-toplevel [8ms]
2023-07-07 12:19:47.744 [info] > git config --get commit.template [58ms]
2023-07-07 12:19:47.744 [info] > git rev-parse --show-toplevel [64ms]
2023-07-07 12:19:47.744 [info] > git for-each-ref --format=%(refname)%00%(upstream:short)%00%(objectname)%00%(upstream:track)%00%(upstream:remotename)%00%(upstream:remoteref) refs/heads/main refs/remotes/main [9ms]
2023-07-07 12:19:47.744 [info] > git rev-parse --show-toplevel [10ms]
2023-07-07 12:19:47.744 [info] > git rev-parse --show-toplevel [1ms]
2023-07-07 12:19:47.744 [info] > git rev-parse --show-toplevel [1ms]
2023-07-07 12:19:47.744 [info] > git rev-parse --show-toplevel [2ms]
2023-07-07 12:19:47.744 [info] > git rev-parse --show-toplevel [34ms]
2023-07-07 12:19:47.744 [info] > git rev-parse --show-toplevel [2ms]
2023-07-07 12:19:47.744 [info] > git rev-parse --show-toplevel [1ms]
2023-07-07 12:19:47.744 [info] > git rev-parse --show-toplevel [1ms]
2023-07-07 12:19:47.744 [info] > git status -z -uall [92ms]
2023-07-07 12:19:47.744 [info] > git rev-parse --show-toplevel [22ms]
2023-07-07 12:19:47.744 [info] > git config --get commit.template [4ms]
2023-07-07 12:19:47.744 [info] > git for-each-ref --format=%(refname)%00%(upstream:short)%00%(objectname)%00%(upstream:track)%00%(upstream:remotename)%00%(upstream:remoteref) refs/heads/main refs/remotes/main [2ms]
2023-07-07 12:19:47.861 [info] > git status -z -uall [125ms]
2023-07-07 12:19:48.146 [info] > git config --local branch.main.github-pr-owner-number [1ms]
2023-07-07 12:19:48.167 [info] > git config --get commit.template [12ms]
2023-07-07 12:19:48.184 [info] > git for-each-ref --format=%(refname)%00%(upstream:short)%00%(objectname)%00%(upstream:track)%00%(upstream:remotename)%00%(upstream:remoteref) refs/heads/main refs/remotes/main [17ms]
2023-07-07 12:19:48.263 [info] > git check-ignore -v -z --stdin [4ms]
2023-07-07 12:19:48.276 [info] > git status -z -uall [82ms]
2023-07-07 12:19:48.776 [info] > git check-ignore -v -z --stdin [1ms]
2023-07-07 12:19:49.252 [info] > git show --textconv :TEMPLATES_DIR/includes/nav.html [11ms]
2023-07-07 12:19:49.253 [info] > git ls-files --stage -- /workspace/Afrik-kitchen/TEMPLATES_DIR/includes/nav.html [1ms]
2023-07-07 12:19:49.263 [info] > git cat-file -s b3ee0abe6a7cfaac1740c48fab7976883d4de1c4 [1ms]
2023-07-07 12:24:48.006 [info] > git config --local branch.main.github-pr-owner-number [2ms]
2023-07-07 12:24:48.038 [info] > git config --get commit.template [17ms]
2023-07-07 12:24:48.039 [info] > git for-each-ref --format=%(refname)%00%(upstream:short)%00%(objectname)%00%(upstream:track)%00%(upstream:remotename)%00%(upstream:remoteref) refs/heads/main refs/remotes/main [3ms]
2023-07-07 12:24:48.201 [info] > git status -z -uall [147ms]
2023-07-07 12:29:48.216 [info] > git config --local branch.main.github-pr-owner-number [2ms]
2023-07-07 12:29:48.230 [info] > git config --get commit.template [7ms]
2023-07-07 12:29:48.233 [info] > git for-each-ref --format=%(refname)%00%(upstream:short)%00%(objectname)%00%(upstream:track)%00%(upstream:remotename)%00%(upstream:remoteref) refs/heads/main refs/remotes/main [4ms]
2023-07-07 12:29:48.395 [info] > git status -z -uall [155ms]
2023-07-07 12:33:29.880 [info] > git check-ignore -v -z --stdin [1ms]
2023-07-07 12:33:40.441 [info] > git check-ignore -v -z --stdin [1ms]
2023-07-07 12:34:24.696 [info] > git check-ignore -v -z --stdin [1ms]
2023-07-07 12:34:31.739 [info] > git show --textconv :booking/templates/booking/managebookings.html [47ms]
2023-07-07 12:34:31.743 [info] > git ls-files --stage -- /workspace/Afrik-kitchen/booking/templates/booking/managebookings.html [4ms]
2023-07-07 12:34:31.752 [info] > git cat-file -s 097f3c1b4f5114e6d2c5b1e5c84f48d5f989104e [2ms]
2023-07-07 12:34:48.410 [info] > git config --local branch.main.github-pr-owner-number [1ms]
2023-07-07 12:34:48.431 [info] > git config --get commit.template [12ms]
2023-07-07 12:34:48.432 [info] > git for-each-ref --format=%(refname)%00%(upstream:short)%00%(objectname)%00%(upstream:track)%00%(upstream:remotename)%00%(upstream:remoteref) refs/heads/main refs/remotes/main [1ms]
2023-07-07 12:34:48.556 [info] > git status -z -uall [112ms]
2023-07-07 12:35:17.682 [info] > git show --textconv :booking/templates/booking/cancel_booking.html [11ms]
2023-07-07 12:35:17.683 [info] > git ls-files --stage -- /workspace/Afrik-kitchen/booking/templates/booking/cancel_booking.html [2ms]
2023-07-07 12:35:17.695 [info] > git cat-file -s 549b4d8e0c9fc59ea5d60a6e1c1b784d033419bb [1ms]
2023-07-07 12:35:47.612 [info] > git show --textconv :booking/templates/booking/create_booking.html [6ms]
2023-07-07 12:35:47.613 [info] > git ls-files --stage -- /workspace/Afrik-kitchen/booking/templates/booking/create_booking.html [1ms]
2023-07-07 12:35:47.620 [info] > git cat-file -s 867fb77b0895a8983fc30396f57fe233c855e7cb [1ms]
2023-07-07 12:35:51.561 [info] > git show --textconv :booking/templates/booking/edit_booking.html [11ms]
2023-07-07 12:35:51.562 [info] > git ls-files --stage -- /workspace/Afrik-kitchen/booking/templates/booking/edit_booking.html [2ms]
2023-07-07 12:35:51.572 [info] > git cat-file -s 205c200dce29c5a957daccbb9c982ce5656ab477 [1ms]
2023-07-07 12:36:32.381 [info] > git show --textconv :booking/templates/booking/managebookings.html [7ms]
2023-07-07 12:36:32.382 [info] > git ls-files --stage -- /workspace/Afrik-kitchen/booking/templates/booking/managebookings.html [2ms]
2023-07-07 12:36:32.389 [info] > git cat-file -s 097f3c1b4f5114e6d2c5b1e5c84f48d5f989104e [2ms]
2023-07-07 12:37:10.627 [info] > git show --textconv :booking/templates/booking/rebook_booking.html [7ms]
2023-07-07 12:37:10.628 [info] > git ls-files --stage -- /workspace/Afrik-kitchen/booking/templates/booking/rebook_booking.html [1ms]
2023-07-07 12:37:10.635 [info] > git cat-file -s 699c694ab7c196fe483dacc0d4f2b1a41105ded5 [1ms]
2023-07-07 12:37:14.848 [info] > git show --textconv :booking/templates/booking/managebookings.html [6ms]
2023-07-07 12:37:14.849 [info] > git ls-files --stage -- /workspace/Afrik-kitchen/booking/templates/booking/managebookings.html [2ms]
2023-07-07 12:37:14.856 [info] > git cat-file -s 097f3c1b4f5114e6d2c5b1e5c84f48d5f989104e [2ms]
2023-07-07 12:39:48.577 [info] > git config --local branch.main.github-pr-owner-number [2ms]
2023-07-07 12:39:48.609 [info] > git config --get commit.template [17ms]
2023-07-07 12:39:48.612 [info] > git for-each-ref --format=%(refname)%00%(upstream:short)%00%(objectname)%00%(upstream:track)%00%(upstream:remotename)%00%(upstream:remoteref) refs/heads/main refs/remotes/main [4ms]
2023-07-07 12:39:48.811 [info] > git status -z -uall [185ms]
2023-07-07 12:44:39.978 [info] > git show --textconv :booking/templates/booking/edit_booking.html [8ms]
2023-07-07 12:44:39.979 [info] > git ls-files --stage -- /workspace/Afrik-kitchen/booking/templates/booking/edit_booking.html [2ms]
2023-07-07 12:44:39.987 [info] > git cat-file -s 205c200dce29c5a957daccbb9c982ce5656ab477 [1ms]
2023-07-07 12:44:48.825 [info] > git config --local branch.main.github-pr-owner-number [1ms]
2023-07-07 12:44:48.837 [info] > git config --get commit.template [6ms]
2023-07-07 12:44:48.839 [info] > git for-each-ref --format=%(refname)%00%(upstream:short)%00%(objectname)%00%(upstream:track)%00%(upstream:remotename)%00%(upstream:remoteref) refs/heads/main refs/remotes/main [3ms]
2023-07-07 12:44:49.009 [info] > git status -z -uall [165ms]
2023-07-07 12:44:50.573 [info] > git show --textconv :booking/templates/booking/booking_manager.html [9ms]
2023-07-07 12:44:50.574 [info] > git ls-files --stage -- /workspace/Afrik-kitchen/booking/templates/booking/booking_manager.html [2ms]
2023-07-07 12:44:50.582 [info] > git cat-file -s 023cdaa24cc3b27a85ca26615c0a12966503aae7 [2ms]
2023-07-07 12:47:53.965 [info] > git show --textconv :booking/templates/table_list.html [9ms]
2023-07-07 12:47:53.966 [info] > git ls-files --stage -- /workspace/Afrik-kitchen/booking/templates/table_list.html [1ms]
2023-07-07 12:47:53.973 [info] > git cat-file -s 78548c6724e4a4bea18cf33a5bc241b9ca0ed6e9 [1ms]
2023-07-07 12:48:05.837 [info] > git show --textconv :booking/views.py [60ms]
2023-07-07 12:48:05.840 [info] > git ls-files --stage -- /workspace/Afrik-kitchen/booking/views.py [12ms]
2023-07-07 12:48:05.865 [info] > git cat-file -s 6fb5aca25b564faa82892ec7b4109ec64755c50f [5ms]
2023-07-07 12:48:25.333 [info] > git show --textconv :booking/table_avaliable.py [9ms]
2023-07-07 12:48:25.333 [info] > git ls-files --stage -- /workspace/Afrik-kitchen/booking/table_avaliable.py [1ms]
2023-07-07 12:48:25.345 [info] > git cat-file -s a2653fe1f4a0a21ba377711a0df6d8474acdefeb [2ms]
2023-07-07 12:48:33.128 [info] > git show --textconv :booking/templates/table_list.html [19ms]
2023-07-07 12:48:33.129 [info] > git ls-files --stage -- /workspace/Afrik-kitchen/booking/templates/table_list.html [2ms]
2023-07-07 12:48:33.150 [info] > git cat-file -s 78548c6724e4a4bea18cf33a5bc241b9ca0ed6e9 [2ms]
2023-07-07 12:48:34.416 [info] > git show --textconv :booking/templates/success.html [11ms]
2023-07-07 12:48:34.417 [info] > git ls-files --stage -- /workspace/Afrik-kitchen/booking/templates/success.html [2ms]
2023-07-07 12:48:34.428 [info] > git cat-file -s 0ee68db5b845bfa4301d1610b965d9ca765b3720 [2ms]
2023-07-07 12:48:38.155 [info] > git show --textconv :booking/templates/home_detail.html [16ms]
2023-07-07 12:48:38.158 [info] > git ls-files --stage -- /workspace/Afrik-kitchen/booking/templates/home_detail.html [2ms]
2023-07-07 12:48:38.174 [info] > git cat-file -s c46a64aa8ff84a2e71e71912db94dc9e4e513315 [1ms]
2023-07-07 12:49:49.024 [info] > git config --local branch.main.github-pr-owner-number [1ms]
2023-07-07 12:49:49.039 [info] > git config --get commit.template [7ms]
2023-07-07 12:49:49.040 [info] > git for-each-ref --format=%(refname)%00%(upstream:short)%00%(objectname)%00%(upstream:track)%00%(upstream:remotename)%00%(upstream:remoteref) refs/heads/main refs/remotes/main [2ms]
2023-07-07 12:49:49.131 [info] > git status -z -uall [84ms]
2023-07-07 12:54:49.145 [info] > git config --local branch.main.github-pr-owner-number [1ms]
2023-07-07 12:54:49.160 [info] > git config --get commit.template [7ms]
2023-07-07 12:54:49.161 [info] > git for-each-ref --format=%(refname)%00%(upstream:short)%00%(objectname)%00%(upstream:track)%00%(upstream:remotename)%00%(upstream:remoteref) refs/heads/main refs/remotes/main [1ms]
2023-07-07 12:54:49.242 [info] > git status -z -uall [75ms]
2023-07-07 12:59:49.254 [info] > git config --local branch.main.github-pr-owner-number [1ms]
2023-07-07 12:59:49.266 [info] > git config --get commit.template [5ms]
2023-07-07 12:59:49.266 [info] > git for-each-ref --format=%(refname)%00%(upstream:short)%00%(objectname)%00%(upstream:track)%00%(upstream:remotename)%00%(upstream:remoteref) refs/heads/main refs/remotes/main [1ms]
2023-07-07 12:59:49.344 [info] > git status -z -uall [73ms]
2023-07-07 13:04:49.355 [info] > git config --local branch.main.github-pr-owner-number [1ms]
2023-07-07 13:04:49.367 [info] > git config --get commit.template [5ms]
2023-07-07 13:04:49.368 [info] > git for-each-ref --format=%(refname)%00%(upstream:short)%00%(objectname)%00%(upstream:track)%00%(upstream:remotename)%00%(upstream:remoteref) refs/heads/main refs/remotes/main [1ms]
2023-07-07 13:04:49.449 [info] > git status -z -uall [76ms]
2023-07-07 13:09:49.466 [info] > git config --local branch.main.github-pr-owner-number [1ms]
2023-07-07 13:09:49.497 [info] > git config --get commit.template [16ms]
2023-07-07 13:09:49.499 [info] > git for-each-ref --format=%(refname)%00%(upstream:short)%00%(objectname)%00%(upstream:track)%00%(upstream:remotename)%00%(upstream:remoteref) refs/heads/main refs/remotes/main [2ms]
2023-07-07 13:09:49.593 [info] > git status -z -uall [80ms]
2023-07-07 13:14:49.609 [info] > git config --local branch.main.github-pr-owner-number [1ms]
2023-07-07 13:14:49.639 [info] > git config --get commit.template [15ms]
2023-07-07 13:14:49.641 [info] > git for-each-ref --format=%(refname)%00%(upstream:short)%00%(objectname)%00%(upstream:track)%00%(upstream:remotename)%00%(upstream:remoteref) refs/heads/main refs/remotes/main [3ms]
2023-07-07 13:14:49.766 [info] > git status -z -uall [111ms]
2023-07-07 13:19:29.517 [info] > git show --textconv :booking/views.py [6ms]
2023-07-07 13:19:29.519 [info] > git ls-files --stage -- /workspace/Afrik-kitchen/booking/views.py [2ms]
2023-07-07 13:19:29.526 [info] > git cat-file -s 6fb5aca25b564faa82892ec7b4109ec64755c50f [1ms]
2023-07-07 13:19:49.779 [info] > git config --local branch.main.github-pr-owner-number [1ms]
2023-07-07 13:19:49.793 [info] > git config --get commit.template [6ms]
2023-07-07 13:19:49.793 [info] > git for-each-ref --format=%(refname)%00%(upstream:short)%00%(objectname)%00%(upstream:track)%00%(upstream:remotename)%00%(upstream:remoteref) refs/heads/main refs/remotes/main [1ms]
2023-07-07 13:19:49.874 [info] > git status -z -uall [74ms]
2023-07-07 13:21:01.757 [info] > git config --get commit.template [10ms]
2023-07-07 13:21:01.757 [info] > git for-each-ref --format=%(refname)%00%(upstream:short)%00%(objectname)%00%(upstream:track)%00%(upstream:remotename)%00%(upstream:remoteref) refs/heads/main refs/remotes/main [2ms]
2023-07-07 13:21:01.843 [info] > git status -z -uall [77ms]
2023-07-07 13:21:06.865 [info] > git config --get commit.template [9ms]
2023-07-07 13:21:06.866 [info] > git for-each-ref --format=%(refname)%00%(upstream:short)%00%(objectname)%00%(upstream:track)%00%(upstream:remotename)%00%(upstream:remoteref) refs/heads/main refs/remotes/main [1ms]
2023-07-07 13:21:06.947 [info] > git status -z -uall [73ms]
2023-07-07 13:22:07.010 [info] > git show --textconv :booking/templates/booking/hide_booking.html [8ms]
2023-07-07 13:22:07.011 [info] > git ls-files --stage -- /workspace/Afrik-kitchen/booking/templates/booking/hide_booking.html [1ms]
2023-07-07 13:22:07.186 [info] > git check-ignore -v -z --stdin [2ms]
2023-07-07 13:22:07.701 [info] > git config --get commit.template [14ms]
2023-07-07 13:22:07.702 [info] > git for-each-ref --format=%(refname)%00%(upstream:short)%00%(objectname)%00%(upstream:track)%00%(upstream:remotename)%00%(upstream:remoteref) refs/heads/main refs/remotes/main [1ms]
2023-07-07 13:22:07.793 [info] > git status -z -uall [78ms]
2023-07-07 13:23:03.347 [info] > git show --textconv :booking/urls.py [14ms]
2023-07-07 13:23:03.349 [info] > git ls-files --stage -- /workspace/Afrik-kitchen/booking/urls.py [1ms]
2023-07-07 13:23:03.363 [info] > git cat-file -s 7ed05af71db458690d0351fe8a0490400e49b34e [1ms]
2023-07-07 13:23:53.393 [info] > git config --get commit.template [2ms]
2023-07-07 13:23:53.406 [info] > git for-each-ref --format=%(refname)%00%(upstream:short)%00%(objectname)%00%(upstream:track)%00%(upstream:remotename)%00%(upstream:remoteref) refs/heads/main refs/remotes/main [1ms]
2023-07-07 13:23:53.501 [info] > git status -z -uall [84ms]
2023-07-07 13:24:29.554 [info] > git config --get commit.template [2ms]
2023-07-07 13:24:29.568 [info] > git for-each-ref --format=%(refname)%00%(upstream:short)%00%(objectname)%00%(upstream:track)%00%(upstream:remotename)%00%(upstream:remoteref) refs/heads/main refs/remotes/main [2ms]
2023-07-07 13:24:29.666 [info] > git status -z -uall [91ms]
2023-07-07 13:24:36.605 [info] > git show --textconv :view_menu/views.py [10ms]
2023-07-07 13:24:36.606 [info] > git ls-files --stage -- /workspace/Afrik-kitchen/view_menu/views.py [2ms]
2023-07-07 13:24:36.613 [info] > git cat-file -s 3bb282ace9b8e3960e0861280dbd7f96d9682a2c [2ms]
2023-07-07 13:24:37.020 [info] > git check-ignore -v -z --stdin [1ms]
2023-07-07 13:24:49.888 [info] > git config --local branch.main.github-pr-owner-number [1ms]
2023-07-07 13:24:49.901 [info] > git config --get commit.template [6ms]
2023-07-07 13:24:49.901 [info] > git for-each-ref --format=%(refname)%00%(upstream:short)%00%(objectname)%00%(upstream:track)%00%(upstream:remotename)%00%(upstream:remoteref) refs/heads/main refs/remotes/main [1ms]
2023-07-07 13:24:49.983 [info] > git status -z -uall [76ms]
2023-07-07 13:25:30.318 [info] > git config --get commit.template [7ms]
2023-07-07 13:25:30.320 [info] > git for-each-ref --format=%(refname)%00%(upstream:short)%00%(objectname)%00%(upstream:track)%00%(upstream:remotename)%00%(upstream:remoteref) refs/heads/main refs/remotes/main [1ms]
2023-07-07 13:25:30.399 [info] > git status -z -uall [73ms]
2023-07-07 13:25:53.367 [info] > git config --get commit.template [16ms]
2023-07-07 13:25:53.369 [info] > git for-each-ref --format=%(refname)%00%(upstream:short)%00%(objectname)%00%(upstream:track)%00%(upstream:remotename)%00%(upstream:remoteref) refs/heads/main refs/remotes/main [2ms]
2023-07-07 13:25:53.508 [info] > git status -z -uall [123ms]
2023-07-07 13:26:10.362 [info] > git config --get commit.template [1ms]
2023-07-07 13:26:10.376 [info] > git for-each-ref --format=%(refname)%00%(upstream:short)%00%(objectname)%00%(upstream:track)%00%(upstream:remotename)%00%(upstream:remoteref) refs/heads/main refs/remotes/main [1ms]
2023-07-07 13:26:10.507 [info] > git status -z -uall [122ms]
2023-07-07 13:26:27.312 [info] > git config --get commit.template [17ms]
2023-07-07 13:26:27.313 [info] > git for-each-ref --format=%(refname)%00%(upstream:short)%00%(objectname)%00%(upstream:track)%00%(upstream:remotename)%00%(upstream:remoteref) refs/heads/main refs/remotes/main [2ms]
2023-07-07 13:26:27.433 [info] > git status -z -uall [111ms]
2023-07-07 13:29:20.385 [info] > git config --get commit.template [12ms]
2023-07-07 13:29:20.386 [info] > git for-each-ref --format=%(refname)%00%(upstream:short)%00%(objectname)%00%(upstream:track)%00%(upstream:remotename)%00%(upstream:remoteref) refs/heads/main refs/remotes/main [2ms]
2023-07-07 13:29:20.482 [info] > git status -z -uall [89ms]
2023-07-07 13:29:50.001 [info] > git config --local branch.main.github-pr-owner-number [2ms]
2023-07-07 13:29:50.014 [info] > git config --get commit.template [1ms]
2023-07-07 13:29:50.023 [info] > git for-each-ref --format=%(refname)%00%(upstream:short)%00%(objectname)%00%(upstream:track)%00%(upstream:remotename)%00%(upstream:remoteref) refs/heads/main refs/remotes/main [2ms]
2023-07-07 13:29:50.126 [info] > git status -z -uall [90ms]
2023-07-07 13:30:18.556 [info] > git config --get commit.template [6ms]
2023-07-07 13:30:18.556 [info] > git for-each-ref --format=%(refname)%00%(upstream:short)%00%(objectname)%00%(upstream:track)%00%(upstream:remotename)%00%(upstream:remoteref) refs/heads/main refs/remotes/main [1ms]
2023-07-07 13:30:18.636 [info] > git status -z -uall [75ms]
2023-07-07 13:30:35.760 [info] > git config --get commit.template [15ms]
2023-07-07 13:30:35.761 [info] > git for-each-ref --format=%(refname)%00%(upstream:short)%00%(objectname)%00%(upstream:track)%00%(upstream:remotename)%00%(upstream:remoteref) refs/heads/main refs/remotes/main [2ms]
2023-07-07 13:30:35.861 [info] > git status -z -uall [86ms]
2023-07-07 13:31:11.119 [info] > git config --get commit.template [6ms]
2023-07-07 13:31:11.120 [info] > git for-each-ref --format=%(refname)%00%(upstream:short)%00%(objectname)%00%(upstream:track)%00%(upstream:remotename)%00%(upstream:remoteref) refs/heads/main refs/remotes/main [1ms]
2023-07-07 13:31:11.211 [info] > git status -z -uall [82ms]
2023-07-07 13:31:21.022 [info] > git show --textconv :booking/templates/booking_list.html [7ms]
2023-07-07 13:31:21.022 [info] > git ls-files --stage -- /workspace/Afrik-kitchen/booking/templates/booking_list.html [1ms]
2023-07-07 13:31:21.029 [info] > git cat-file -s b4e7fb562695f59618dadae39005be8117893a0f [1ms]
2023-07-07 13:34:50.146 [info] > git config --local branch.main.github-pr-owner-number [2ms]
2023-07-07 13:34:50.172 [info] > git config --get commit.template [11ms]
2023-07-07 13:34:50.173 [info] > git for-each-ref --format=%(refname)%00%(upstream:short)%00%(objectname)%00%(upstream:track)%00%(upstream:remotename)%00%(upstream:remoteref) refs/heads/main refs/remotes/main [2ms]
2023-07-07 13:34:50.304 [info] > git status -z -uall [117ms]
2023-07-07 13:39:50.318 [info] > git config --local branch.main.github-pr-owner-number [1ms]
2023-07-07 13:39:50.331 [info] > git config --get commit.template [5ms]
2023-07-07 13:39:50.331 [info] > git for-each-ref --format=%(refname)%00%(upstream:short)%00%(objectname)%00%(upstream:track)%00%(upstream:remotename)%00%(upstream:remoteref) refs/heads/main refs/remotes/main [1ms]
2023-07-07 13:39:50.410 [info] > git status -z -uall [73ms]
2023-07-07 13:40:40.505 [info] > git config --get commit.template [12ms]
2023-07-07 13:40:40.506 [info] > git for-each-ref --format=%(refname)%00%(upstream:short)%00%(objectname)%00%(upstream:track)%00%(upstream:remotename)%00%(upstream:remoteref) refs/heads/main refs/remotes/main [2ms]
2023-07-07 13:40:40.593 [info] > git status -z -uall [75ms]
2023-07-07 13:43:11.424 [info] > git check-ignore -v -z --stdin [1ms]
2023-07-07 13:43:11.786 [info] > git config --get commit.template [6ms]
2023-07-07 13:43:11.787 [info] > git for-each-ref --format=%(refname)%00%(upstream:short)%00%(objectname)%00%(upstream:track)%00%(upstream:remotename)%00%(upstream:remoteref) refs/heads/main refs/remotes/main [1ms]
2023-07-07 13:43:11.881 [info] > git status -z -uall [89ms]
2023-07-07 13:44:50.425 [info] > git config --local branch.main.github-pr-owner-number [1ms]
2023-07-07 13:44:50.439 [info] > git config --get commit.template [7ms]
2023-07-07 13:44:50.440 [info] > git for-each-ref --format=%(refname)%00%(upstream:short)%00%(objectname)%00%(upstream:track)%00%(upstream:remotename)%00%(upstream:remoteref) refs/heads/main refs/remotes/main [1ms]
2023-07-07 13:44:50.518 [info] > git status -z -uall [72ms]
2023-07-07 13:46:15.020 [info] > git show --textconv :booking/templates/table_list.html [7ms]
2023-07-07 13:46:15.021 [info] > git ls-files --stage -- /workspace/Afrik-kitchen/booking/templates/table_list.html [1ms]
2023-07-07 13:46:15.029 [info] > git cat-file -s 78548c6724e4a4bea18cf33a5bc241b9ca0ed6e9 [2ms]
2023-07-07 13:49:50.534 [info] > git config --local branch.main.github-pr-owner-number [1ms]
2023-07-07 13:49:50.556 [info] > git config --get commit.template [10ms]
2023-07-07 13:49:50.557 [info] > git for-each-ref --format=%(refname)%00%(upstream:short)%00%(objectname)%00%(upstream:track)%00%(upstream:remotename)%00%(upstream:remoteref) refs/heads/main refs/remotes/main [1ms]
2023-07-07 13:49:50.646 [info] > git status -z -uall [79ms]
2023-07-07 13:54:50.662 [info] > git config --local branch.main.github-pr-owner-number [2ms]
2023-07-07 13:54:50.678 [info] > git config --get commit.template [7ms]
2023-07-07 13:54:50.678 [info] > git for-each-ref --format=%(refname)%00%(upstream:short)%00%(objectname)%00%(upstream:track)%00%(upstream:remotename)%00%(upstream:remoteref) refs/heads/main refs/remotes/main [1ms]
2023-07-07 13:54:50.758 [info] > git status -z -uall [74ms]
2023-07-07 13:59:50.773 [info] > git config --local branch.main.github-pr-owner-number [1ms]
2023-07-07 13:59:50.789 [info] > git config --get commit.template [6ms]
2023-07-07 13:59:50.789 [info] > git for-each-ref --format=%(refname)%00%(upstream:short)%00%(objectname)%00%(upstream:track)%00%(upstream:remotename)%00%(upstream:remoteref) refs/heads/main refs/remotes/main [1ms]
2023-07-07 13:59:50.869 [info] > git status -z -uall [73ms]
2023-07-07 14:00:47.365 [info] > git config --get commit.template [12ms]
2023-07-07 14:00:47.366 [info] > git for-each-ref --format=%(refname)%00%(upstream:short)%00%(objectname)%00%(upstream:track)%00%(upstream:remotename)%00%(upstream:remoteref) refs/heads/main refs/remotes/main [2ms]
2023-07-07 14:00:47.456 [info] > git status -z -uall [78ms]
2023-07-07 14:00:52.478 [info] > git config --get commit.template [9ms]
2023-07-07 14:00:52.479 [info] > git for-each-ref --format=%(refname)%00%(upstream:short)%00%(objectname)%00%(upstream:track)%00%(upstream:remotename)%00%(upstream:remoteref) refs/heads/main refs/remotes/main [2ms]
2023-07-07 14:00:52.576 [info] > git status -z -uall [87ms]
2023-07-07 14:02:59.506 [info] > git config --get commit.template [12ms]
2023-07-07 14:02:59.506 [info] > git for-each-ref --format=%(refname)%00%(upstream:short)%00%(objectname)%00%(upstream:track)%00%(upstream:remotename)%00%(upstream:remoteref) refs/heads/main refs/remotes/main [1ms]
2023-07-07 14:02:59.598 [info] > git status -z -uall [80ms]
2023-07-07 14:03:55.714 [info] > git show --textconv :booking/templates/booking/cancel_booking.html [9ms]
2023-07-07 14:03:55.715 [info] > git ls-files --stage -- /workspace/Afrik-kitchen/booking/templates/booking/cancel_booking.html [1ms]
2023-07-07 14:03:55.727 [info] > git cat-file -s 549b4d8e0c9fc59ea5d60a6e1c1b784d033419bb [1ms]
2023-07-07 14:04:50.884 [info] > git config --local branch.main.github-pr-owner-number [2ms]
2023-07-07 14:04:50.899 [info] > git config --get commit.template [7ms]
2023-07-07 14:04:50.900 [info] > git for-each-ref --format=%(refname)%00%(upstream:short)%00%(objectname)%00%(upstream:track)%00%(upstream:remotename)%00%(upstream:remoteref) refs/heads/main refs/remotes/main [1ms]
2023-07-07 14:04:50.986 [info] > git status -z -uall [77ms]
2023-07-07 14:06:08.118 [info] > git config --get commit.template [12ms]
2023-07-07 14:06:08.119 [info] > git for-each-ref --format=%(refname)%00%(upstream:short)%00%(objectname)%00%(upstream:track)%00%(upstream:remotename)%00%(upstream:remoteref) refs/heads/main refs/remotes/main [2ms]
2023-07-07 14:06:08.206 [info] > git status -z -uall [76ms]
2023-07-07 14:06:22.538 [info] > git show --textconv :booking/templates/booking/edit_booking.html [10ms]
2023-07-07 14:06:22.540 [info] > git ls-files --stage -- /workspace/Afrik-kitchen/booking/templates/booking/edit_booking.html [2ms]
2023-07-07 14:06:22.554 [info] > git cat-file -s 205c200dce29c5a957daccbb9c982ce5656ab477 [2ms]
2023-07-07 14:07:29.034 [info] > git show --textconv :booking/templates/booking/rebook_booking.html [9ms]
2023-07-07 14:07:29.035 [info] > git ls-files --stage -- /workspace/Afrik-kitchen/booking/templates/booking/rebook_booking.html [1ms]
2023-07-07 14:07:29.043 [info] > git cat-file -s 699c694ab7c196fe483dacc0d4f2b1a41105ded5 [2ms]
2023-07-07 14:09:17.882 [info] > git show --textconv :booking/templates/booking/delect_booking.html [17ms]
2023-07-07 14:09:17.883 [info] > git ls-files --stage -- /workspace/Afrik-kitchen/booking/templates/booking/delect_booking.html [2ms]
2023-07-07 14:09:18.016 [info] > git check-ignore -v -z --stdin [1ms]
2023-07-07 14:09:18.568 [info] > git config --get commit.template [15ms]
2023-07-07 14:09:18.569 [info] > git for-each-ref --format=%(refname)%00%(upstream:short)%00%(objectname)%00%(upstream:track)%00%(upstream:remotename)%00%(upstream:remoteref) refs/heads/main refs/remotes/main [3ms]
2023-07-07 14:09:18.728 [info] > git status -z -uall [140ms]
2023-07-07 14:09:51.002 [info] > git config --local branch.main.github-pr-owner-number [2ms]
2023-07-07 14:09:51.018 [info] > git config --get commit.template [7ms]
2023-07-07 14:09:51.019 [info] > git for-each-ref --format=%(refname)%00%(upstream:short)%00%(objectname)%00%(upstream:track)%00%(upstream:remotename)%00%(upstream:remoteref) refs/heads/main refs/remotes/main [1ms]
2023-07-07 14:09:51.107 [info] > git status -z -uall [79ms]
2023-07-07 14:09:51.496 [info] > git show --textconv :booking/templates/booking/create_booking.html [9ms]
2023-07-07 14:09:51.497 [info] > git ls-files --stage -- /workspace/Afrik-kitchen/booking/templates/booking/create_booking.html [1ms]
2023-07-07 14:09:51.508 [info] > git cat-file -s 867fb77b0895a8983fc30396f57fe233c855e7cb [1ms]
2023-07-07 14:10:27.666 [info] > git config --get commit.template [12ms]
2023-07-07 14:10:27.666 [info] > git for-each-ref --format=%(refname)%00%(upstream:short)%00%(objectname)%00%(upstream:track)%00%(upstream:remotename)%00%(upstream:remoteref) refs/heads/main refs/remotes/main [2ms]
2023-07-07 14:10:27.757 [info] > git status -z -uall [78ms]
2023-07-07 14:10:35.689 [info] > git config --get commit.template [8ms]
2023-07-07 14:10:35.690 [info] > git for-each-ref --format=%(refname)%00%(upstream:short)%00%(objectname)%00%(upstream:track)%00%(upstream:remotename)%00%(upstream:remoteref) refs/heads/main refs/remotes/main [1ms]
2023-07-07 14:10:35.774 [info] > git status -z -uall [78ms]
2023-07-07 14:10:43.080 [info] > git config --get commit.template [10ms]
2023-07-07 14:10:43.081 [info] > git for-each-ref --format=%(refname)%00%(upstream:short)%00%(objectname)%00%(upstream:track)%00%(upstream:remotename)%00%(upstream:remoteref) refs/heads/main refs/remotes/main [1ms]
2023-07-07 14:10:43.166 [info] > git status -z -uall [79ms]
2023-07-07 14:10:47.965 [info] > git show --textconv :booking/templates/booking/update_booking.html [9ms]
2023-07-07 14:10:47.966 [info] > git ls-files --stage -- /workspace/Afrik-kitchen/booking/templates/booking/update_booking.html [2ms]
2023-07-07 14:11:26.982 [info] > git config --get commit.template [12ms]
2023-07-07 14:11:26.983 [info] > git for-each-ref --format=%(refname)%00%(upstream:short)%00%(objectname)%00%(upstream:track)%00%(upstream:remotename)%00%(upstream:remoteref) refs/heads/main refs/remotes/main [2ms]
2023-07-07 14:11:27.068 [info] > git status -z -uall [74ms]
2023-07-07 14:12:32.556 [info] > git config --get commit.template [14ms]
2023-07-07 14:12:32.557 [info] > git for-each-ref --format=%(refname)%00%(upstream:short)%00%(objectname)%00%(upstream:track)%00%(upstream:remotename)%00%(upstream:remoteref) refs/heads/main refs/remotes/main [1ms]
2023-07-07 14:12:32.688 [info] > git status -z -uall [115ms]
2023-07-07 14:12:37.726 [info] > git config --get commit.template [17ms]
2023-07-07 14:12:37.727 [info] > git for-each-ref --format=%(refname)%00%(upstream:short)%00%(objectname)%00%(upstream:track)%00%(upstream:remotename)%00%(upstream:remoteref) refs/heads/main refs/remotes/main [2ms]
2023-07-07 14:12:37.862 [info] > git status -z -uall [119ms]
2023-07-07 14:12:42.898 [info] > git config --get commit.template [16ms]
2023-07-07 14:12:42.898 [info] > git for-each-ref --format=%(refname)%00%(upstream:short)%00%(objectname)%00%(upstream:track)%00%(upstream:remotename)%00%(upstream:remoteref) refs/heads/main refs/remotes/main [3ms]
2023-07-07 14:12:43.035 [info] > git status -z -uall [121ms]
2023-07-07 14:13:31.482 [info] > git show --textconv :booking/templates/booking/delete_booking.html [17ms]
2023-07-07 14:13:31.484 [info] > git ls-files --stage -- /workspace/Afrik-kitchen/booking/templates/booking/delete_booking.html [2ms]
2023-07-07 14:13:31.684 [info] > git check-ignore -v -z --stdin [2ms]
2023-07-07 14:13:32.210 [info] > git config --get commit.template [16ms]
2023-07-07 14:13:32.211 [info] > git for-each-ref --format=%(refname)%00%(upstream:short)%00%(objectname)%00%(upstream:track)%00%(upstream:remotename)%00%(upstream:remoteref) refs/heads/main refs/remotes/main [1ms]
2023-07-07 14:13:32.332 [info] > git status -z -uall [109ms]
2023-07-07 14:14:17.710 [info] > git config --get commit.template [12ms]
2023-07-07 14:14:17.710 [info] > git for-each-ref --format=%(refname)%00%(upstream:short)%00%(objectname)%00%(upstream:track)%00%(upstream:remotename)%00%(upstream:remoteref) refs/heads/main refs/remotes/main [1ms]
2023-07-07 14:14:17.803 [info] > git status -z -uall [79ms]
2023-07-07 14:14:51.120 [info] > git config --local branch.main.github-pr-owner-number [1ms]
2023-07-07 14:14:51.134 [info] > git config --get commit.template [6ms]
2023-07-07 14:14:51.135 [info] > git for-each-ref --format=%(refname)%00%(upstream:short)%00%(objectname)%00%(upstream:track)%00%(upstream:remotename)%00%(upstream:remoteref) refs/heads/main refs/remotes/main [1ms]
2023-07-07 14:14:51.212 [info] > git status -z -uall [72ms]
2023-07-07 14:19:51.225 [info] > git config --local branch.main.github-pr-owner-number [1ms]
2023-07-07 14:19:51.238 [info] > git config --get commit.template [6ms]
2023-07-07 14:19:51.238 [info] > git for-each-ref --format=%(refname)%00%(upstream:short)%00%(objectname)%00%(upstream:track)%00%(upstream:remotename)%00%(upstream:remoteref) refs/heads/main refs/remotes/main [1ms]
2023-07-07 14:19:51.316 [info] > git status -z -uall [73ms]
2023-07-07 14:24:51.330 [info] > git config --local branch.main.github-pr-owner-number [1ms]
2023-07-07 14:24:51.344 [info] > git config --get commit.template [6ms]
2023-07-07 14:24:51.344 [info] > git for-each-ref --format=%(refname)%00%(upstream:short)%00%(objectname)%00%(upstream:track)%00%(upstream:remotename)%00%(upstream:remoteref) refs/heads/main refs/remotes/main [1ms]
2023-07-07 14:24:51.431 [info] > git status -z -uall [81ms]
2023-07-07 14:29:51.451 [info] > git config --local branch.main.github-pr-owner-number [1ms]
2023-07-07 14:29:51.466 [info] > git config --get commit.template [1ms]
2023-07-07 14:29:51.479 [info] > git for-each-ref --format=%(refname)%00%(upstream:short)%00%(objectname)%00%(upstream:track)%00%(upstream:remotename)%00%(upstream:remoteref) refs/heads/main refs/remotes/main [1ms]
2023-07-07 14:29:51.570 [info] > git status -z -uall [79ms]
2023-07-07 14:34:51.583 [info] > git config --local branch.main.github-pr-owner-number [1ms]
2023-07-07 14:34:51.596 [info] > git config --get commit.template [6ms]
2023-07-07 14:34:51.597 [info] > git for-each-ref --format=%(refname)%00%(upstream:short)%00%(objectname)%00%(upstream:track)%00%(upstream:remotename)%00%(upstream:remoteref) refs/heads/main refs/remotes/main [1ms]
2023-07-07 14:34:51.676 [info] > git status -z -uall [74ms]
2023-07-07 14:39:51.726 [info] > git config --local branch.main.github-pr-owner-number [36ms]
2023-07-07 14:39:51.749 [info] > git config --get commit.template [10ms]
2023-07-07 14:39:51.750 [info] > git for-each-ref --format=%(refname)%00%(upstream:short)%00%(objectname)%00%(upstream:track)%00%(upstream:remotename)%00%(upstream:remoteref) refs/heads/main refs/remotes/main [2ms]
2023-07-07 14:39:51.836 [info] > git status -z -uall [75ms]
2023-07-07 14:44:51.851 [info] > git config --local branch.main.github-pr-owner-number [1ms]
2023-07-07 14:44:51.876 [info] > git config --get commit.template [13ms]
2023-07-07 14:44:51.877 [info] > git for-each-ref --format=%(refname)%00%(upstream:short)%00%(objectname)%00%(upstream:track)%00%(upstream:remotename)%00%(upstream:remoteref) refs/heads/main refs/remotes/main [2ms]
2023-07-07 14:44:51.962 [info] > git status -z -uall [76ms]
2023-07-07 14:49:51.975 [info] > git config --local branch.main.github-pr-owner-number [1ms]
2023-07-07 14:49:51.986 [info] > git config --get commit.template [6ms]
2023-07-07 14:49:51.987 [info] > git for-each-ref --format=%(refname)%00%(upstream:short)%00%(objectname)%00%(upstream:track)%00%(upstream:remotename)%00%(upstream:remoteref) refs/heads/main refs/remotes/main [1ms]
2023-07-07 14:49:52.065 [info] > git status -z -uall [73ms]
2023-07-07 14:54:52.079 [info] > git config --local branch.main.github-pr-owner-number [1ms]
2023-07-07 14:54:52.103 [info] > git config --get commit.template [12ms]
2023-07-07 14:54:52.104 [info] > git for-each-ref --format=%(refname)%00%(upstream:short)%00%(objectname)%00%(upstream:track)%00%(upstream:remotename)%00%(upstream:remoteref) refs/heads/main refs/remotes/main [1ms]
2023-07-07 14:54:52.189 [info] > git status -z -uall [73ms]
2023-07-07 14:59:52.201 [info] > git config --local branch.main.github-pr-owner-number [1ms]
2023-07-07 14:59:52.210 [info] > git config --get commit.template [1ms]
2023-07-07 14:59:52.218 [info] > git for-each-ref --format=%(refname)%00%(upstream:short)%00%(objectname)%00%(upstream:track)%00%(upstream:remotename)%00%(upstream:remoteref) refs/heads/main refs/remotes/main [1ms]
2023-07-07 14:59:52.297 [info] > git status -z -uall [73ms]
2023-07-07 15:04:52.313 [info] > git config --local branch.main.github-pr-owner-number [1ms]
2023-07-07 15:04:52.329 [info] > git config --get commit.template [8ms]
2023-07-07 15:04:52.329 [info] > git for-each-ref --format=%(refname)%00%(upstream:short)%00%(objectname)%00%(upstream:track)%00%(upstream:remotename)%00%(upstream:remoteref) refs/heads/main refs/remotes/main [1ms]
2023-07-07 15:04:52.413 [info] > git status -z -uall [77ms]
2023-07-07 15:09:52.433 [info] > git config --local branch.main.github-pr-owner-number [1ms]
2023-07-07 15:09:52.454 [info] > git config --get commit.template [11ms]
2023-07-07 15:09:52.455 [info] > git for-each-ref --format=%(refname)%00%(upstream:short)%00%(objectname)%00%(upstream:track)%00%(upstream:remotename)%00%(upstream:remoteref) refs/heads/main refs/remotes/main [2ms]
2023-07-07 15:09:52.551 [info] > git status -z -uall [84ms]
2023-07-07 15:14:52.570 [info] > git config --local branch.main.github-pr-owner-number [2ms]
2023-07-07 15:14:52.589 [info] > git config --get commit.template [6ms]
2023-07-07 15:14:52.590 [info] > git for-each-ref --format=%(refname)%00%(upstream:short)%00%(objectname)%00%(upstream:track)%00%(upstream:remotename)%00%(upstream:remoteref) refs/heads/main refs/remotes/main [2ms]
2023-07-07 15:14:52.692 [info] > git status -z -uall [88ms]
