2023-07-11 10:26:35.046 [info] Log level: Info
2023-07-11 10:26:35.046 [info] Validating found git in: "git"
2023-07-11 10:26:35.046 [info] Using git "2.40.0" from "git"
2023-07-11 10:26:35.046 [info] > git rev-parse --show-toplevel [8ms]
2023-07-11 10:26:35.046 [info] > git rev-parse --git-dir --git-common-dir [2ms]
2023-07-11 10:26:35.046 [info] Open repository: /workspace/Afrik-kitchen
2023-07-11 10:26:35.046 [info] > git config --get commit.template [29ms]
2023-07-11 10:26:35.046 [info] > git rev-parse --show-toplevel [81ms]
2023-07-11 10:26:35.046 [info] > git rev-parse --show-toplevel [5ms]
2023-07-11 10:26:35.046 [info] > git for-each-ref --format=%(refname)%00%(upstream:short)%00%(objectname)%00%(upstream:track)%00%(upstream:remotename)%00%(upstream:remoteref) refs/heads/main refs/remotes/main [24ms]
2023-07-11 10:26:35.046 [info] > git rev-parse --show-toplevel [47ms]
2023-07-11 10:26:35.046 [info] > git rev-parse --show-toplevel [6ms]
2023-07-11 10:26:35.046 [info] > git rev-parse --show-toplevel [40ms]
2023-07-11 10:26:35.046 [info] > git status -z -uall [79ms]
2023-07-11 10:26:35.046 [info] > git rev-parse --show-toplevel [14ms]
2023-07-11 10:26:35.046 [info] > git config --get commit.template [13ms]
2023-07-11 10:26:35.046 [info] > git rev-parse --show-toplevel [23ms]
2023-07-11 10:26:35.078 [info] > git rev-parse --show-toplevel [32ms]
2023-07-11 10:26:35.092 [info] > git for-each-ref --format=%(refname)%00%(upstream:short)%00%(objectname)%00%(upstream:track)%00%(upstream:remotename)%00%(upstream:remoteref) refs/heads/main refs/remotes/main [29ms]
2023-07-11 10:26:35.107 [info] > git rev-parse --show-toplevel [17ms]
2023-07-11 10:26:35.121 [info] > git rev-parse --show-toplevel [4ms]
2023-07-11 10:26:35.132 [info] > git rev-parse --show-toplevel [1ms]
2023-07-11 10:26:35.177 [info] > git status -z -uall [75ms]
2023-07-11 10:26:35.575 [info] > git check-ignore -v -z --stdin [6ms]
2023-07-11 10:26:35.824 [info] > git log --format=%H%n%aN%n%aE%n%at%n%ct%n%P%n%D%n%B -z -n120 -- /workspace/Afrik-kitchen/home/templates/home/index.html [46ms]
2023-07-11 10:26:35.895 [info] > git show --textconv :home/templates/home/index.html [14ms]
2023-07-11 10:26:35.896 [info] > git ls-files --stage -- /workspace/Afrik-kitchen/home/templates/home/index.html [2ms]
2023-07-11 10:26:35.912 [info] > git cat-file -s 773aa8e74f23113229e9c3df50512bba4ae19e60 [2ms]
2023-07-11 10:26:36.286 [info] > git config --local branch.main.github-pr-owner-number [1ms]
2023-07-11 10:26:36.312 [info] > git config --get commit.template [13ms]
2023-07-11 10:26:36.313 [info] > git for-each-ref --format=%(refname)%00%(upstream:short)%00%(objectname)%00%(upstream:track)%00%(upstream:remotename)%00%(upstream:remoteref) refs/heads/main refs/remotes/main [1ms]
2023-07-11 10:26:36.399 [info] > git status -z -uall [75ms]
2023-07-11 10:26:36.999 [info] > git check-ignore -v -z --stdin [16ms]
2023-07-11 10:31:36.230 [info] > git config --local branch.main.github-pr-owner-number [2ms]
2023-07-11 10:31:36.262 [info] > git config --get commit.template [17ms]
2023-07-11 10:31:36.262 [info] > git for-each-ref --format=%(refname)%00%(upstream:short)%00%(objectname)%00%(upstream:track)%00%(upstream:remotename)%00%(upstream:remoteref) refs/heads/main refs/remotes/main [3ms]
2023-07-11 10:31:36.364 [info] > git status -z -uall [88ms]
2023-07-11 10:36:36.393 [info] > git config --local branch.main.github-pr-owner-number [6ms]
2023-07-11 10:36:36.420 [info] > git config --get commit.template [14ms]
2023-07-11 10:36:36.421 [info] > git for-each-ref --format=%(refname)%00%(upstream:short)%00%(objectname)%00%(upstream:track)%00%(upstream:remotename)%00%(upstream:remoteref) refs/heads/main refs/remotes/main [1ms]
2023-07-11 10:36:36.522 [info] > git status -z -uall [90ms]
2023-07-11 10:41:36.536 [info] > git config --local branch.main.github-pr-owner-number [1ms]
2023-07-11 10:41:36.549 [info] > git config --get commit.template [6ms]
2023-07-11 10:41:36.550 [info] > git for-each-ref --format=%(refname)%00%(upstream:short)%00%(objectname)%00%(upstream:track)%00%(upstream:remotename)%00%(upstream:remoteref) refs/heads/main refs/remotes/main [1ms]
2023-07-11 10:41:36.625 [info] > git status -z -uall [70ms]
2023-07-11 10:46:36.640 [info] > git config --local branch.main.github-pr-owner-number [1ms]
2023-07-11 10:46:36.659 [info] > git config --get commit.template [9ms]
2023-07-11 10:46:36.660 [info] > git for-each-ref --format=%(refname)%00%(upstream:short)%00%(objectname)%00%(upstream:track)%00%(upstream:remotename)%00%(upstream:remoteref) refs/heads/main refs/remotes/main [1ms]
2023-07-11 10:46:36.741 [info] > git status -z -uall [71ms]
