2023-07-08 13:46:10.158 [info] Log level: Info
2023-07-08 13:46:10.158 [info] Validating found git in: "git"
2023-07-08 13:46:10.158 [info] Using git "2.40.0" from "git"
2023-07-08 13:46:10.158 [info] > git rev-parse --show-toplevel [10ms]
2023-07-08 13:46:10.158 [info] > git rev-parse --git-dir --git-common-dir [28ms]
2023-07-08 13:46:10.158 [info] Open repository: /workspace/Afrik-kitchen
2023-07-08 13:46:10.158 [info] > git config --get commit.template [12ms]
2023-07-08 13:46:10.158 [info] > git rev-parse --show-toplevel [30ms]
2023-07-08 13:46:10.158 [info] > git rev-parse --show-toplevel [6ms]
2023-07-08 13:46:10.158 [info] > git for-each-ref --format=%(refname)%00%(upstream:short)%00%(objectname)%00%(upstream:track)%00%(upstream:remotename)%00%(upstream:remoteref) refs/heads/main refs/remotes/main [2ms]
2023-07-08 13:46:10.158 [info] > git rev-parse --show-toplevel [25ms]
2023-07-08 13:46:10.158 [info] > git rev-parse --show-toplevel [14ms]
2023-07-08 13:46:10.158 [info] > git rev-parse --show-toplevel [13ms]
2023-07-08 13:46:10.158 [info] > git status -z -uall [88ms]
2023-07-08 13:46:10.158 [info] > git rev-parse --show-toplevel [22ms]
2023-07-08 13:46:10.158 [info] > git config --get commit.template [4ms]
2023-07-08 13:46:10.158 [info] > git rev-parse --show-toplevel [17ms]
2023-07-08 13:46:10.158 [info] > git rev-parse --show-toplevel [14ms]
2023-07-08 13:46:10.158 [info] > git for-each-ref --format=%(refname)%00%(upstream:short)%00%(objectname)%00%(upstream:track)%00%(upstream:remotename)%00%(upstream:remoteref) refs/heads/main refs/remotes/main [17ms]
2023-07-08 13:46:10.158 [info] > git rev-parse --show-toplevel [22ms]
2023-07-08 13:46:10.158 [info] > git rev-parse --show-toplevel [17ms]
2023-07-08 13:46:10.158 [info] > git rev-parse --show-toplevel [1ms]
2023-07-08 13:46:10.158 [info] > git status -z -uall [83ms]
2023-07-08 13:46:10.740 [info] > git check-ignore -v -z --stdin [2ms]
2023-07-08 13:46:10.933 [info] > git show --textconv :booking/models.py [15ms]
2023-07-08 13:46:10.935 [info] > git ls-files --stage -- /workspace/Afrik-kitchen/booking/models.py [3ms]
2023-07-08 13:46:11.010 [info] > git cat-file -s d145e93a68383a3bab600f403ddef55df13fbb9e [3ms]
2023-07-08 13:46:11.426 [info] > git config --local branch.main.github-pr-owner-number [1ms]
2023-07-08 13:46:11.460 [info] > git config --get commit.template [17ms]
2023-07-08 13:46:11.461 [info] > git for-each-ref --format=%(refname)%00%(upstream:short)%00%(objectname)%00%(upstream:track)%00%(upstream:remotename)%00%(upstream:remoteref) refs/heads/main refs/remotes/main [2ms]
2023-07-08 13:46:11.623 [info] > git status -z -uall [109ms]
2023-07-08 13:46:12.120 [info] > git check-ignore -v -z --stdin [1ms]
2023-07-08 13:47:29.775 [info] > git show --textconv :booking/views.py [9ms]
2023-07-08 13:47:29.776 [info] > git ls-files --stage -- /workspace/Afrik-kitchen/booking/views.py [2ms]
2023-07-08 13:47:29.783 [info] > git cat-file -s 6fb5aca25b564faa82892ec7b4109ec64755c50f [2ms]
2023-07-08 13:50:35.860 [info] > git check-ignore -v -z --stdin [2ms]
2023-07-08 13:51:11.357 [info] > git config --local branch.main.github-pr-owner-number [2ms]
2023-07-08 13:51:11.384 [info] > git config --get commit.template [11ms]
2023-07-08 13:51:11.385 [info] > git for-each-ref --format=%(refname)%00%(upstream:short)%00%(objectname)%00%(upstream:track)%00%(upstream:remotename)%00%(upstream:remoteref) refs/heads/main refs/remotes/main [2ms]
2023-07-08 13:51:11.518 [info] > git status -z -uall [118ms]
2023-07-08 13:51:13.958 [info] > git config --get commit.template [16ms]
2023-07-08 13:51:13.959 [info] > git for-each-ref --format=%(refname)%00%(upstream:short)%00%(objectname)%00%(upstream:track)%00%(upstream:remotename)%00%(upstream:remoteref) refs/heads/main refs/remotes/main [2ms]
2023-07-08 13:51:14.104 [info] > git status -z -uall [132ms]
2023-07-08 13:51:28.605 [info] > git show --textconv :booking/urls.py [16ms]
2023-07-08 13:51:28.607 [info] > git ls-files --stage -- /workspace/Afrik-kitchen/booking/urls.py [3ms]
2023-07-08 13:51:28.621 [info] > git cat-file -s 7ed05af71db458690d0351fe8a0490400e49b34e [2ms]
2023-07-08 13:56:11.535 [info] > git config --local branch.main.github-pr-owner-number [1ms]
2023-07-08 13:56:11.564 [info] > git config --get commit.template [14ms]
2023-07-08 13:56:11.565 [info] > git for-each-ref --format=%(refname)%00%(upstream:short)%00%(objectname)%00%(upstream:track)%00%(upstream:remotename)%00%(upstream:remoteref) refs/heads/main refs/remotes/main [2ms]
2023-07-08 13:56:11.654 [info] > git status -z -uall [75ms]
2023-07-08 14:01:11.674 [info] > git config --local branch.main.github-pr-owner-number [2ms]
2023-07-08 14:01:11.702 [info] > git config --get commit.template [13ms]
2023-07-08 14:01:11.703 [info] > git for-each-ref --format=%(refname)%00%(upstream:short)%00%(objectname)%00%(upstream:track)%00%(upstream:remotename)%00%(upstream:remoteref) refs/heads/main refs/remotes/main [2ms]
2023-07-08 14:01:11.860 [info] > git status -z -uall [137ms]
2023-07-08 14:06:11.877 [info] > git config --local branch.main.github-pr-owner-number [1ms]
2023-07-08 14:06:11.906 [info] > git config --get commit.template [16ms]
2023-07-08 14:06:11.907 [info] > git for-each-ref --format=%(refname)%00%(upstream:short)%00%(objectname)%00%(upstream:track)%00%(upstream:remotename)%00%(upstream:remoteref) refs/heads/main refs/remotes/main [1ms]
2023-07-08 14:06:12.000 [info] > git status -z -uall [78ms]
2023-07-08 14:11:12.017 [info] > git config --local branch.main.github-pr-owner-number [2ms]
2023-07-08 14:11:12.038 [info] > git config --get commit.template [11ms]
2023-07-08 14:11:12.039 [info] > git for-each-ref --format=%(refname)%00%(upstream:short)%00%(objectname)%00%(upstream:track)%00%(upstream:remotename)%00%(upstream:remoteref) refs/heads/main refs/remotes/main [1ms]
2023-07-08 14:11:12.145 [info] > git status -z -uall [94ms]
2023-07-08 14:16:12.165 [info] > git config --local branch.main.github-pr-owner-number [1ms]
2023-07-08 14:16:12.192 [info] > git config --get commit.template [14ms]
2023-07-08 14:16:12.193 [info] > git for-each-ref --format=%(refname)%00%(upstream:short)%00%(objectname)%00%(upstream:track)%00%(upstream:remotename)%00%(upstream:remoteref) refs/heads/main refs/remotes/main [2ms]
2023-07-08 14:16:12.290 [info] > git status -z -uall [83ms]
2023-07-08 14:18:20.771 [info] > git config --get commit.template [8ms]
2023-07-08 14:18:20.772 [info] > git for-each-ref --format=%(refname)%00%(upstream:short)%00%(objectname)%00%(upstream:track)%00%(upstream:remotename)%00%(upstream:remoteref) refs/heads/main refs/remotes/main [1ms]
2023-07-08 14:18:20.858 [info] > git status -z -uall [77ms]
2023-07-08 14:21:12.305 [info] > git config --local branch.main.github-pr-owner-number [1ms]
2023-07-08 14:21:12.319 [info] > git config --get commit.template [7ms]
2023-07-08 14:21:12.322 [info] > git for-each-ref --format=%(refname)%00%(upstream:short)%00%(objectname)%00%(upstream:track)%00%(upstream:remotename)%00%(upstream:remoteref) refs/heads/main refs/remotes/main [3ms]
2023-07-08 14:21:12.405 [info] > git status -z -uall [73ms]
2023-07-08 14:21:14.471 [info] > git config --get commit.template [9ms]
2023-07-08 14:21:14.472 [info] > git for-each-ref --format=%(refname)%00%(upstream:short)%00%(objectname)%00%(upstream:track)%00%(upstream:remotename)%00%(upstream:remoteref) refs/heads/main refs/remotes/main [2ms]
2023-07-08 14:21:14.574 [info] > git status -z -uall [88ms]
2023-07-08 14:21:34.058 [info] > git config --get commit.template [10ms]
2023-07-08 14:21:34.059 [info] > git for-each-ref --format=%(refname)%00%(upstream:short)%00%(objectname)%00%(upstream:track)%00%(upstream:remotename)%00%(upstream:remoteref) refs/heads/main refs/remotes/main [2ms]
2023-07-08 14:21:34.143 [info] > git status -z -uall [78ms]
2023-07-08 14:21:57.712 [info] > git config --get commit.template [11ms]
2023-07-08 14:21:57.712 [info] > git for-each-ref --format=%(refname)%00%(upstream:short)%00%(objectname)%00%(upstream:track)%00%(upstream:remotename)%00%(upstream:remoteref) refs/heads/main refs/remotes/main [1ms]
2023-07-08 14:21:57.799 [info] > git status -z -uall [76ms]
2023-07-08 14:22:11.765 [info] > git config --get commit.template [10ms]
2023-07-08 14:22:11.766 [info] > git for-each-ref --format=%(refname)%00%(upstream:short)%00%(objectname)%00%(upstream:track)%00%(upstream:remotename)%00%(upstream:remoteref) refs/heads/main refs/remotes/main [2ms]
2023-07-08 14:22:11.868 [info] > git status -z -uall [91ms]
2023-07-08 14:22:25.676 [info] > git config --get commit.template [12ms]
2023-07-08 14:22:25.677 [info] > git for-each-ref --format=%(refname)%00%(upstream:short)%00%(objectname)%00%(upstream:track)%00%(upstream:remotename)%00%(upstream:remoteref) refs/heads/main refs/remotes/main [1ms]
2023-07-08 14:22:25.776 [info] > git status -z -uall [87ms]
2023-07-08 14:23:03.338 [info] > git config --get commit.template [12ms]
2023-07-08 14:23:03.339 [info] > git for-each-ref --format=%(refname)%00%(upstream:short)%00%(objectname)%00%(upstream:track)%00%(upstream:remotename)%00%(upstream:remoteref) refs/heads/main refs/remotes/main [2ms]
2023-07-08 14:23:03.427 [info] > git status -z -uall [77ms]
2023-07-08 14:24:24.787 [info] > git config --get commit.template [7ms]
2023-07-08 14:24:24.788 [info] > git for-each-ref --format=%(refname)%00%(upstream:short)%00%(objectname)%00%(upstream:track)%00%(upstream:remotename)%00%(upstream:remoteref) refs/heads/main refs/remotes/main [1ms]
2023-07-08 14:24:24.881 [info] > git status -z -uall [87ms]
2023-07-08 14:25:12.605 [info] > git config --get commit.template [8ms]
2023-07-08 14:25:12.606 [info] > git for-each-ref --format=%(refname)%00%(upstream:short)%00%(objectname)%00%(upstream:track)%00%(upstream:remotename)%00%(upstream:remoteref) refs/heads/main refs/remotes/main [1ms]
2023-07-08 14:25:12.691 [info] > git status -z -uall [79ms]
2023-07-08 14:25:50.813 [info] > git config --get commit.template [14ms]
2023-07-08 14:25:50.814 [info] > git for-each-ref --format=%(refname)%00%(upstream:short)%00%(objectname)%00%(upstream:track)%00%(upstream:remotename)%00%(upstream:remoteref) refs/heads/main refs/remotes/main [2ms]
2023-07-08 14:25:50.901 [info] > git status -z -uall [75ms]
2023-07-08 14:26:12.421 [info] > git config --local branch.main.github-pr-owner-number [1ms]
2023-07-08 14:26:12.443 [info] > git config --get commit.template [11ms]
2023-07-08 14:26:12.444 [info] > git for-each-ref --format=%(refname)%00%(upstream:short)%00%(objectname)%00%(upstream:track)%00%(upstream:remotename)%00%(upstream:remoteref) refs/heads/main refs/remotes/main [2ms]
2023-07-08 14:26:12.530 [info] > git status -z -uall [77ms]
2023-07-08 14:31:12.544 [info] > git config --local branch.main.github-pr-owner-number [1ms]
2023-07-08 14:31:12.559 [info] > git config --get commit.template [7ms]
2023-07-08 14:31:12.560 [info] > git for-each-ref --format=%(refname)%00%(upstream:short)%00%(objectname)%00%(upstream:track)%00%(upstream:remotename)%00%(upstream:remoteref) refs/heads/main refs/remotes/main [1ms]
2023-07-08 14:31:12.648 [info] > git status -z -uall [82ms]
2023-07-08 14:35:49.520 [info] > git config --get commit.template [2ms]
2023-07-08 14:35:49.530 [info] > git for-each-ref --format=%(refname)%00%(upstream:short)%00%(objectname)%00%(upstream:track)%00%(upstream:remotename)%00%(upstream:remoteref) refs/heads/main refs/remotes/main [1ms]
2023-07-08 14:35:49.615 [info] > git status -z -uall [79ms]
2023-07-08 14:36:12.664 [info] > git config --local branch.main.github-pr-owner-number [1ms]
2023-07-08 14:36:12.682 [info] > git config --get commit.template [9ms]
2023-07-08 14:36:12.683 [info] > git for-each-ref --format=%(refname)%00%(upstream:short)%00%(objectname)%00%(upstream:track)%00%(upstream:remotename)%00%(upstream:remoteref) refs/heads/main refs/remotes/main [1ms]
2023-07-08 14:36:12.766 [info] > git status -z -uall [77ms]
2023-07-08 14:36:22.657 [info] > git config --get commit.template [10ms]
2023-07-08 14:36:22.658 [info] > git for-each-ref --format=%(refname)%00%(upstream:short)%00%(objectname)%00%(upstream:track)%00%(upstream:remotename)%00%(upstream:remoteref) refs/heads/main refs/remotes/main [2ms]
2023-07-08 14:36:22.738 [info] > git status -z -uall [73ms]
2023-07-08 14:36:59.171 [info] > git config --get commit.template [8ms]
2023-07-08 14:36:59.172 [info] > git for-each-ref --format=%(refname)%00%(upstream:short)%00%(objectname)%00%(upstream:track)%00%(upstream:remotename)%00%(upstream:remoteref) refs/heads/main refs/remotes/main [1ms]
2023-07-08 14:36:59.251 [info] > git status -z -uall [73ms]
2023-07-08 14:37:08.192 [info] > git config --get commit.template [1ms]
2023-07-08 14:37:08.200 [info] > git for-each-ref --format=%(refname)%00%(upstream:short)%00%(objectname)%00%(upstream:track)%00%(upstream:remotename)%00%(upstream:remoteref) refs/heads/main refs/remotes/main [1ms]
2023-07-08 14:37:08.283 [info] > git status -z -uall [77ms]
2023-07-08 14:37:39.844 [info] > git config --get commit.template [7ms]
2023-07-08 14:37:39.844 [info] > git for-each-ref --format=%(refname)%00%(upstream:short)%00%(objectname)%00%(upstream:track)%00%(upstream:remotename)%00%(upstream:remoteref) refs/heads/main refs/remotes/main [2ms]
2023-07-08 14:37:39.925 [info] > git status -z -uall [73ms]
2023-07-08 14:41:11.866 [info] > git config --get commit.template [9ms]
2023-07-08 14:41:11.866 [info] > git for-each-ref --format=%(refname)%00%(upstream:short)%00%(objectname)%00%(upstream:track)%00%(upstream:remotename)%00%(upstream:remoteref) refs/heads/main refs/remotes/main [1ms]
2023-07-08 14:41:11.948 [info] > git status -z -uall [75ms]
2023-07-08 14:41:12.782 [info] > git config --local branch.main.github-pr-owner-number [1ms]
2023-07-08 14:41:12.792 [info] > git config --get commit.template [2ms]
2023-07-08 14:41:12.801 [info] > git for-each-ref --format=%(refname)%00%(upstream:short)%00%(objectname)%00%(upstream:track)%00%(upstream:remotename)%00%(upstream:remoteref) refs/heads/main refs/remotes/main [1ms]
2023-07-08 14:41:12.884 [info] > git status -z -uall [77ms]
2023-07-08 14:41:27.227 [info] > git check-ignore -v -z --stdin [1ms]
2023-07-08 14:44:41.013 [info] > git config --get commit.template [11ms]
2023-07-08 14:44:41.014 [info] > git for-each-ref --format=%(refname)%00%(upstream:short)%00%(objectname)%00%(upstream:track)%00%(upstream:remotename)%00%(upstream:remoteref) refs/heads/main refs/remotes/main [2ms]
2023-07-08 14:44:41.105 [info] > git status -z -uall [83ms]
2023-07-08 14:44:46.136 [info] > git config --get commit.template [13ms]
2023-07-08 14:44:46.137 [info] > git for-each-ref --format=%(refname)%00%(upstream:short)%00%(objectname)%00%(upstream:track)%00%(upstream:remotename)%00%(upstream:remoteref) refs/heads/main refs/remotes/main [1ms]
2023-07-08 14:44:46.235 [info] > git status -z -uall [86ms]
2023-07-08 14:46:12.898 [info] > git config --local branch.main.github-pr-owner-number [1ms]
2023-07-08 14:46:12.911 [info] > git config --get commit.template [7ms]
2023-07-08 14:46:12.912 [info] > git for-each-ref --format=%(refname)%00%(upstream:short)%00%(objectname)%00%(upstream:track)%00%(upstream:remotename)%00%(upstream:remoteref) refs/heads/main refs/remotes/main [1ms]
2023-07-08 14:46:12.993 [info] > git status -z -uall [74ms]
2023-07-08 14:48:10.595 [info] > git show --textconv :booking/urls.py [7ms]
2023-07-08 14:48:10.596 [info] > git ls-files --stage -- /workspace/Afrik-kitchen/booking/urls.py [1ms]
2023-07-08 14:48:10.603 [info] > git cat-file -s 7ed05af71db458690d0351fe8a0490400e49b34e [2ms]
2023-07-08 14:48:22.728 [info] > git config --get commit.template [14ms]
2023-07-08 14:48:22.729 [info] > git for-each-ref --format=%(refname)%00%(upstream:short)%00%(objectname)%00%(upstream:track)%00%(upstream:remotename)%00%(upstream:remoteref) refs/heads/main refs/remotes/main [2ms]
2023-07-08 14:48:22.815 [info] > git status -z -uall [78ms]
2023-07-08 14:49:24.537 [info] > git show --textconv :booking/views.py [14ms]
2023-07-08 14:49:24.538 [info] > git ls-files --stage -- /workspace/Afrik-kitchen/booking/views.py [2ms]
2023-07-08 14:49:24.555 [info] > git cat-file -s 6fb5aca25b564faa82892ec7b4109ec64755c50f [4ms]
2023-07-08 14:51:13.011 [info] > git config --local branch.main.github-pr-owner-number [1ms]
2023-07-08 14:51:13.032 [info] > git config --get commit.template [9ms]
2023-07-08 14:51:13.032 [info] > git for-each-ref --format=%(refname)%00%(upstream:short)%00%(objectname)%00%(upstream:track)%00%(upstream:remotename)%00%(upstream:remoteref) refs/heads/main refs/remotes/main [1ms]
2023-07-08 14:51:13.117 [info] > git status -z -uall [77ms]
2023-07-08 14:51:40.620 [info] > git config --get commit.template [10ms]
2023-07-08 14:51:40.620 [info] > git for-each-ref --format=%(refname)%00%(upstream:short)%00%(objectname)%00%(upstream:track)%00%(upstream:remotename)%00%(upstream:remoteref) refs/heads/main refs/remotes/main [1ms]
2023-07-08 14:51:40.715 [info] > git status -z -uall [82ms]
2023-07-08 14:51:49.310 [info] > git config --get commit.template [15ms]
2023-07-08 14:51:49.311 [info] > git for-each-ref --format=%(refname)%00%(upstream:short)%00%(objectname)%00%(upstream:track)%00%(upstream:remotename)%00%(upstream:remoteref) refs/heads/main refs/remotes/main [2ms]
2023-07-08 14:51:49.412 [info] > git status -z -uall [91ms]
2023-07-08 14:56:13.132 [info] > git config --local branch.main.github-pr-owner-number [1ms]
2023-07-08 14:56:13.158 [info] > git config --get commit.template [12ms]
2023-07-08 14:56:13.159 [info] > git for-each-ref --format=%(refname)%00%(upstream:short)%00%(objectname)%00%(upstream:track)%00%(upstream:remotename)%00%(upstream:remoteref) refs/heads/main refs/remotes/main [2ms]
2023-07-08 14:56:13.244 [info] > git status -z -uall [76ms]
2023-07-08 14:59:23.462 [info] > git check-ignore -v -z --stdin [2ms]
2023-07-08 14:59:30.153 [info] > git check-ignore -v -z --stdin [2ms]
2023-07-08 15:00:30.898 [info] > git config --get commit.template [9ms]
2023-07-08 15:00:30.899 [info] > git for-each-ref --format=%(refname)%00%(upstream:short)%00%(objectname)%00%(upstream:track)%00%(upstream:remotename)%00%(upstream:remoteref) refs/heads/main refs/remotes/main [1ms]
2023-07-08 15:00:31.004 [info] > git status -z -uall [99ms]
2023-07-08 15:01:13.260 [info] > git config --local branch.main.github-pr-owner-number [1ms]
2023-07-08 15:01:13.285 [info] > git config --get commit.template [12ms]
2023-07-08 15:01:13.286 [info] > git for-each-ref --format=%(refname)%00%(upstream:short)%00%(objectname)%00%(upstream:track)%00%(upstream:remotename)%00%(upstream:remoteref) refs/heads/main refs/remotes/main [1ms]
2023-07-08 15:01:13.380 [info] > git status -z -uall [81ms]
2023-07-08 15:06:13.395 [info] > git config --local branch.main.github-pr-owner-number [1ms]
2023-07-08 15:06:13.409 [info] > git config --get commit.template [7ms]
2023-07-08 15:06:13.410 [info] > git for-each-ref --format=%(refname)%00%(upstream:short)%00%(objectname)%00%(upstream:track)%00%(upstream:remotename)%00%(upstream:remoteref) refs/heads/main refs/remotes/main [1ms]
2023-07-08 15:06:13.491 [info] > git status -z -uall [74ms]
2023-07-08 15:09:07.319 [info] > git show --textconv :booking/templates/booking_list.html [14ms]
2023-07-08 15:09:07.319 [info] > git ls-files --stage -- /workspace/Afrik-kitchen/booking/templates/booking_list.html [1ms]
2023-07-08 15:09:07.330 [info] > git cat-file -s b4e7fb562695f59618dadae39005be8117893a0f [1ms]
2023-07-08 15:09:13.615 [info] > git show --textconv :booking/templates/table_list.html [8ms]
2023-07-08 15:09:13.616 [info] > git ls-files --stage -- /workspace/Afrik-kitchen/booking/templates/table_list.html [1ms]
2023-07-08 15:09:13.623 [info] > git cat-file -s 78548c6724e4a4bea18cf33a5bc241b9ca0ed6e9 [1ms]
2023-07-08 15:09:16.118 [info] > git show --textconv :booking/templates/home_detail.html [9ms]
2023-07-08 15:09:16.118 [info] > git ls-files --stage -- /workspace/Afrik-kitchen/booking/templates/home_detail.html [1ms]
2023-07-08 15:09:16.126 [info] > git cat-file -s c46a64aa8ff84a2e71e71912db94dc9e4e513315 [1ms]
2023-07-08 15:09:47.630 [info] > git show --textconv :booking/templates/booking/cancel_booking.html [8ms]
2023-07-08 15:09:47.631 [info] > git ls-files --stage -- /workspace/Afrik-kitchen/booking/templates/booking/cancel_booking.html [1ms]
2023-07-08 15:09:47.638 [info] > git cat-file -s 549b4d8e0c9fc59ea5d60a6e1c1b784d033419bb [1ms]
2023-07-08 15:11:13.507 [info] > git config --local branch.main.github-pr-owner-number [1ms]
2023-07-08 15:11:13.534 [info] > git config --get commit.template [14ms]
2023-07-08 15:11:13.536 [info] > git for-each-ref --format=%(refname)%00%(upstream:short)%00%(objectname)%00%(upstream:track)%00%(upstream:remotename)%00%(upstream:remoteref) refs/heads/main refs/remotes/main [3ms]
2023-07-08 15:11:13.626 [info] > git status -z -uall [76ms]
2023-07-08 15:15:09.398 [info] > git show --textconv :booking/templates/home_detail.html [9ms]
2023-07-08 15:15:09.399 [info] > git ls-files --stage -- /workspace/Afrik-kitchen/booking/templates/home_detail.html [1ms]
2023-07-08 15:15:09.407 [info] > git cat-file -s c46a64aa8ff84a2e71e71912db94dc9e4e513315 [1ms]
2023-07-08 15:16:13.642 [info] > git config --local branch.main.github-pr-owner-number [2ms]
2023-07-08 15:16:13.665 [info] > git config --get commit.template [11ms]
2023-07-08 15:16:13.666 [info] > git for-each-ref --format=%(refname)%00%(upstream:short)%00%(objectname)%00%(upstream:track)%00%(upstream:remotename)%00%(upstream:remoteref) refs/heads/main refs/remotes/main [2ms]
2023-07-08 15:16:13.767 [info] > git status -z -uall [87ms]
2023-07-08 15:20:00.463 [info] > git config --get commit.template [14ms]
2023-07-08 15:20:00.463 [info] > git for-each-ref --format=%(refname)%00%(upstream:short)%00%(objectname)%00%(upstream:track)%00%(upstream:remotename)%00%(upstream:remoteref) refs/heads/main refs/remotes/main [1ms]
2023-07-08 15:20:00.549 [info] > git status -z -uall [74ms]
2023-07-08 15:21:13.784 [info] > git config --local branch.main.github-pr-owner-number [1ms]
2023-07-08 15:21:13.808 [info] > git config --get commit.template [12ms]
2023-07-08 15:21:13.809 [info] > git for-each-ref --format=%(refname)%00%(upstream:short)%00%(objectname)%00%(upstream:track)%00%(upstream:remotename)%00%(upstream:remoteref) refs/heads/main refs/remotes/main [2ms]
2023-07-08 15:21:13.893 [info] > git status -z -uall [76ms]
2023-07-08 15:26:13.908 [info] > git config --local branch.main.github-pr-owner-number [1ms]
2023-07-08 15:26:13.932 [info] > git config --get commit.template [12ms]
2023-07-08 15:26:13.933 [info] > git for-each-ref --format=%(refname)%00%(upstream:short)%00%(objectname)%00%(upstream:track)%00%(upstream:remotename)%00%(upstream:remoteref) refs/heads/main refs/remotes/main [1ms]
2023-07-08 15:26:14.021 [info] > git status -z -uall [77ms]
2023-07-08 15:31:14.037 [info] > git config --local branch.main.github-pr-owner-number [1ms]
2023-07-08 15:31:14.063 [info] > git config --get commit.template [12ms]
2023-07-08 15:31:14.064 [info] > git for-each-ref --format=%(refname)%00%(upstream:short)%00%(objectname)%00%(upstream:track)%00%(upstream:remotename)%00%(upstream:remoteref) refs/heads/main refs/remotes/main [1ms]
2023-07-08 15:31:14.150 [info] > git status -z -uall [73ms]
2023-07-08 15:31:58.368 [info] > git config --get commit.template [9ms]
2023-07-08 15:31:58.368 [info] > git for-each-ref --format=%(refname)%00%(upstream:short)%00%(objectname)%00%(upstream:track)%00%(upstream:remotename)%00%(upstream:remoteref) refs/heads/main refs/remotes/main [2ms]
2023-07-08 15:31:58.448 [info] > git status -z -uall [74ms]
2023-07-08 15:34:15.585 [info] > git config --get commit.template [9ms]
2023-07-08 15:34:15.586 [info] > git for-each-ref --format=%(refname)%00%(upstream:short)%00%(objectname)%00%(upstream:track)%00%(upstream:remotename)%00%(upstream:remoteref) refs/heads/main refs/remotes/main [2ms]
2023-07-08 15:34:15.667 [info] > git status -z -uall [75ms]
2023-07-08 15:34:41.656 [info] > git config --get commit.template [13ms]
2023-07-08 15:34:41.657 [info] > git for-each-ref --format=%(refname)%00%(upstream:short)%00%(objectname)%00%(upstream:track)%00%(upstream:remotename)%00%(upstream:remoteref) refs/heads/main refs/remotes/main [2ms]
2023-07-08 15:34:41.744 [info] > git status -z -uall [77ms]
2023-07-08 15:36:14.163 [info] > git config --local branch.main.github-pr-owner-number [1ms]
2023-07-08 15:36:14.177 [info] > git config --get commit.template [6ms]
2023-07-08 15:36:14.178 [info] > git for-each-ref --format=%(refname)%00%(upstream:short)%00%(objectname)%00%(upstream:track)%00%(upstream:remotename)%00%(upstream:remoteref) refs/heads/main refs/remotes/main [1ms]
2023-07-08 15:36:14.259 [info] > git status -z -uall [75ms]
2023-07-08 15:37:48.997 [info] > git config --get commit.template [8ms]
2023-07-08 15:37:48.998 [info] > git for-each-ref --format=%(refname)%00%(upstream:short)%00%(objectname)%00%(upstream:track)%00%(upstream:remotename)%00%(upstream:remoteref) refs/heads/main refs/remotes/main [1ms]
2023-07-08 15:37:49.094 [info] > git status -z -uall [90ms]
2023-07-08 15:40:00.417 [info] > git config --get commit.template [11ms]
2023-07-08 15:40:00.418 [info] > git for-each-ref --format=%(refname)%00%(upstream:short)%00%(objectname)%00%(upstream:track)%00%(upstream:remotename)%00%(upstream:remoteref) refs/heads/main refs/remotes/main [1ms]
2023-07-08 15:40:00.505 [info] > git status -z -uall [74ms]
2023-07-08 15:41:14.276 [info] > git config --local branch.main.github-pr-owner-number [2ms]
2023-07-08 15:41:14.293 [info] > git config --get commit.template [7ms]
2023-07-08 15:41:14.293 [info] > git for-each-ref --format=%(refname)%00%(upstream:short)%00%(objectname)%00%(upstream:track)%00%(upstream:remotename)%00%(upstream:remoteref) refs/heads/main refs/remotes/main [1ms]
2023-07-08 15:41:14.375 [info] > git status -z -uall [76ms]
2023-07-08 15:41:43.943 [info] > git show --textconv :booking/templates/booking/delete_booking.html [6ms]
2023-07-08 15:41:43.944 [info] > git ls-files --stage -- /workspace/Afrik-kitchen/booking/templates/booking/delete_booking.html [1ms]
2023-07-08 15:41:48.855 [info] > git show --textconv :booking/templates/booking/edit_booking.html [8ms]
2023-07-08 15:41:48.855 [info] > git ls-files --stage -- /workspace/Afrik-kitchen/booking/templates/booking/edit_booking.html [1ms]
2023-07-08 15:41:48.862 [info] > git cat-file -s 205c200dce29c5a957daccbb9c982ce5656ab477 [1ms]
2023-07-08 15:41:52.665 [info] > git show --textconv :booking/templates/booking/managebookings.html [7ms]
2023-07-08 15:41:52.666 [info] > git ls-files --stage -- /workspace/Afrik-kitchen/booking/templates/booking/managebookings.html [1ms]
2023-07-08 15:41:52.672 [info] > git cat-file -s 097f3c1b4f5114e6d2c5b1e5c84f48d5f989104e [1ms]
2023-07-08 15:41:55.307 [info] > git show --textconv :booking/templates/booking/rebook_booking.html [10ms]
2023-07-08 15:41:55.308 [info] > git ls-files --stage -- /workspace/Afrik-kitchen/booking/templates/booking/rebook_booking.html [1ms]
2023-07-08 15:41:55.316 [info] > git cat-file -s 699c694ab7c196fe483dacc0d4f2b1a41105ded5 [2ms]
2023-07-08 15:42:18.259 [info] > git show --textconv :booking/templates/booking_list.html [13ms]
2023-07-08 15:42:18.260 [info] > git ls-files --stage -- /workspace/Afrik-kitchen/booking/templates/booking_list.html [2ms]
2023-07-08 15:42:18.268 [info] > git cat-file -s b4e7fb562695f59618dadae39005be8117893a0f [1ms]
2023-07-08 15:46:14.387 [info] > git config --local branch.main.github-pr-owner-number [1ms]
2023-07-08 15:46:14.406 [info] > git config --get commit.template [8ms]
2023-07-08 15:46:14.406 [info] > git for-each-ref --format=%(refname)%00%(upstream:short)%00%(objectname)%00%(upstream:track)%00%(upstream:remotename)%00%(upstream:remoteref) refs/heads/main refs/remotes/main [2ms]
2023-07-08 15:46:14.495 [info] > git status -z -uall [76ms]
2023-07-08 15:47:24.163 [info] > git check-ignore -v -z --stdin [2ms]
2023-07-08 15:47:24.685 [info] > git config --get commit.template [7ms]
2023-07-08 15:47:24.685 [info] > git for-each-ref --format=%(refname)%00%(upstream:short)%00%(objectname)%00%(upstream:track)%00%(upstream:remotename)%00%(upstream:remoteref) refs/heads/main refs/remotes/main [1ms]
2023-07-08 15:47:24.773 [info] > git status -z -uall [76ms]
2023-07-08 15:47:41.720 [info] > git check-ignore -v -z --stdin [1ms]
2023-07-08 15:47:42.250 [info] > git config --get commit.template [7ms]
2023-07-08 15:47:42.251 [info] > git for-each-ref --format=%(refname)%00%(upstream:short)%00%(objectname)%00%(upstream:track)%00%(upstream:remotename)%00%(upstream:remoteref) refs/heads/main refs/remotes/main [1ms]
2023-07-08 15:47:42.341 [info] > git status -z -uall [84ms]
2023-07-08 15:47:47.266 [info] > git show --textconv :booking/templates/booking/booking_cancel_view.html [8ms]
2023-07-08 15:47:47.267 [info] > git ls-files --stage -- /workspace/Afrik-kitchen/booking/templates/booking/booking_cancel_view.html [1ms]
2023-07-08 15:49:03.999 [info] > git config --get commit.template [6ms]
2023-07-08 15:49:04.000 [info] > git for-each-ref --format=%(refname)%00%(upstream:short)%00%(objectname)%00%(upstream:track)%00%(upstream:remotename)%00%(upstream:remoteref) refs/heads/main refs/remotes/main [1ms]
2023-07-08 15:49:04.080 [info] > git status -z -uall [75ms]
2023-07-08 15:51:14.512 [info] > git config --local branch.main.github-pr-owner-number [1ms]
2023-07-08 15:51:14.529 [info] > git config --get commit.template [8ms]
2023-07-08 15:51:14.529 [info] > git for-each-ref --format=%(refname)%00%(upstream:short)%00%(objectname)%00%(upstream:track)%00%(upstream:remotename)%00%(upstream:remoteref) refs/heads/main refs/remotes/main [1ms]
2023-07-08 15:51:14.609 [info] > git status -z -uall [74ms]
2023-07-08 15:56:14.624 [info] > git config --local branch.main.github-pr-owner-number [1ms]
2023-07-08 15:56:14.644 [info] > git config --get commit.template [9ms]
2023-07-08 15:56:14.645 [info] > git for-each-ref --format=%(refname)%00%(upstream:short)%00%(objectname)%00%(upstream:track)%00%(upstream:remotename)%00%(upstream:remoteref) refs/heads/main refs/remotes/main [1ms]
2023-07-08 15:56:14.729 [info] > git status -z -uall [77ms]
2023-07-08 16:01:14.744 [info] > git config --local branch.main.github-pr-owner-number [1ms]
2023-07-08 16:01:14.762 [info] > git config --get commit.template [10ms]
2023-07-08 16:01:14.763 [info] > git for-each-ref --format=%(refname)%00%(upstream:short)%00%(objectname)%00%(upstream:track)%00%(upstream:remotename)%00%(upstream:remoteref) refs/heads/main refs/remotes/main [2ms]
2023-07-08 16:01:14.850 [info] > git status -z -uall [79ms]
2023-07-08 16:06:14.866 [info] > git config --local branch.main.github-pr-owner-number [1ms]
2023-07-08 16:06:14.879 [info] > git config --get commit.template [6ms]
2023-07-08 16:06:14.879 [info] > git for-each-ref --format=%(refname)%00%(upstream:short)%00%(objectname)%00%(upstream:track)%00%(upstream:remotename)%00%(upstream:remoteref) refs/heads/main refs/remotes/main [1ms]
2023-07-08 16:06:14.960 [info] > git status -z -uall [75ms]
2023-07-08 16:10:10.766 [info] > git for-each-ref --format=%(refname)%00%(upstream:short)%00%(objectname)%00%(upstream:track)%00%(upstream:remotename)%00%(upstream:remoteref) refs/heads/main refs/remotes/main [2ms]
2023-07-08 16:10:10.767 [info] > git config --get commit.template [19ms]
2023-07-08 16:10:10.862 [info] > git status -z -uall [78ms]
2023-07-08 16:10:15.885 [info] > git config --get commit.template [8ms]
2023-07-08 16:10:15.886 [info] > git for-each-ref --format=%(refname)%00%(upstream:short)%00%(objectname)%00%(upstream:track)%00%(upstream:remotename)%00%(upstream:remoteref) refs/heads/main refs/remotes/main [2ms]
2023-07-08 16:10:15.966 [info] > git status -z -uall [75ms]
2023-07-08 16:11:14.978 [info] > git config --local branch.main.github-pr-owner-number [3ms]
2023-07-08 16:11:15.001 [info] > git config --get commit.template [13ms]
2023-07-08 16:11:15.003 [info] > git for-each-ref --format=%(refname)%00%(upstream:short)%00%(objectname)%00%(upstream:track)%00%(upstream:remotename)%00%(upstream:remoteref) refs/heads/main refs/remotes/main [2ms]
2023-07-08 16:11:15.097 [info] > git status -z -uall [80ms]
2023-07-08 16:12:25.179 [info] > git config --get commit.template [17ms]
2023-07-08 16:12:25.180 [info] > git for-each-ref --format=%(refname)%00%(upstream:short)%00%(objectname)%00%(upstream:track)%00%(upstream:remotename)%00%(upstream:remoteref) refs/heads/main refs/remotes/main [2ms]
2023-07-08 16:12:25.281 [info] > git status -z -uall [84ms]
2023-07-08 16:16:15.119 [info] > git config --local branch.main.github-pr-owner-number [2ms]
2023-07-08 16:16:15.147 [info] > git config --get commit.template [14ms]
2023-07-08 16:16:15.150 [info] > git for-each-ref --format=%(refname)%00%(upstream:short)%00%(objectname)%00%(upstream:track)%00%(upstream:remotename)%00%(upstream:remoteref) refs/heads/main refs/remotes/main [3ms]
2023-07-08 16:16:15.425 [info] > git status -z -uall [265ms]
2023-07-08 16:16:50.692 [info] > git config --get commit.template [10ms]
2023-07-08 16:16:50.693 [info] > git for-each-ref --format=%(refname)%00%(upstream:short)%00%(objectname)%00%(upstream:track)%00%(upstream:remotename)%00%(upstream:remoteref) refs/heads/main refs/remotes/main [1ms]
2023-07-08 16:16:50.809 [info] > git status -z -uall [107ms]
2023-07-08 16:19:23.150 [info] > git config --get commit.template [2ms]
2023-07-08 16:19:23.164 [info] > git for-each-ref --format=%(refname)%00%(upstream:short)%00%(objectname)%00%(upstream:track)%00%(upstream:remotename)%00%(upstream:remoteref) refs/heads/main refs/remotes/main [1ms]
2023-07-08 16:19:23.255 [info] > git status -z -uall [78ms]
2023-07-08 16:21:15.439 [info] > git config --local branch.main.github-pr-owner-number [1ms]
2023-07-08 16:21:15.455 [info] > git config --get commit.template [7ms]
2023-07-08 16:21:15.455 [info] > git for-each-ref --format=%(refname)%00%(upstream:short)%00%(objectname)%00%(upstream:track)%00%(upstream:remotename)%00%(upstream:remoteref) refs/heads/main refs/remotes/main [1ms]
2023-07-08 16:21:15.575 [info] > git status -z -uall [112ms]
2023-07-08 16:23:05.393 [info] > git config --get commit.template [10ms]
2023-07-08 16:23:05.393 [info] > git for-each-ref --format=%(refname)%00%(upstream:short)%00%(objectname)%00%(upstream:track)%00%(upstream:remotename)%00%(upstream:remoteref) refs/heads/main refs/remotes/main [1ms]
2023-07-08 16:23:05.481 [info] > git status -z -uall [79ms]
2023-07-08 16:26:15.593 [info] > git config --local branch.main.github-pr-owner-number [2ms]
2023-07-08 16:26:15.665 [info] > git config --get commit.template [18ms]
2023-07-08 16:26:15.666 [info] > git for-each-ref --format=%(refname)%00%(upstream:short)%00%(objectname)%00%(upstream:track)%00%(upstream:remotename)%00%(upstream:remoteref) refs/heads/main refs/remotes/main [2ms]
2023-07-08 16:26:15.769 [info] > git status -z -uall [85ms]
2023-07-08 16:31:15.787 [info] > git config --local branch.main.github-pr-owner-number [2ms]
2023-07-08 16:31:15.800 [info] > git config --get commit.template [1ms]
2023-07-08 16:31:15.816 [info] > git for-each-ref --format=%(refname)%00%(upstream:short)%00%(objectname)%00%(upstream:track)%00%(upstream:remotename)%00%(upstream:remoteref) refs/heads/main refs/remotes/main [3ms]
2023-07-08 16:31:16.081 [info] > git status -z -uall [252ms]
2023-07-08 16:36:16.097 [info] > git config --local branch.main.github-pr-owner-number [1ms]
2023-07-08 16:36:16.112 [info] > git config --get commit.template [1ms]
2023-07-08 16:36:16.127 [info] > git for-each-ref --format=%(refname)%00%(upstream:short)%00%(objectname)%00%(upstream:track)%00%(upstream:remotename)%00%(upstream:remoteref) refs/heads/main refs/remotes/main [2ms]
2023-07-08 16:36:16.217 [info] > git status -z -uall [77ms]
2023-07-08 16:41:16.234 [info] > git config --local branch.main.github-pr-owner-number [1ms]
2023-07-08 16:41:16.259 [info] > git config --get commit.template [12ms]
2023-07-08 16:41:16.260 [info] > git for-each-ref --format=%(refname)%00%(upstream:short)%00%(objectname)%00%(upstream:track)%00%(upstream:remotename)%00%(upstream:remoteref) refs/heads/main refs/remotes/main [1ms]
2023-07-08 16:41:16.347 [info] > git status -z -uall [75ms]
2023-07-08 16:45:58.692 [info] > git config --get commit.template [9ms]
2023-07-08 16:45:58.692 [info] > git for-each-ref --format=%(refname)%00%(upstream:short)%00%(objectname)%00%(upstream:track)%00%(upstream:remotename)%00%(upstream:remoteref) refs/heads/main refs/remotes/main [1ms]
2023-07-08 16:45:58.776 [info] > git status -z -uall [76ms]
2023-07-08 16:46:03.803 [info] > git config --get commit.template [11ms]
2023-07-08 16:46:03.804 [info] > git for-each-ref --format=%(refname)%00%(upstream:short)%00%(objectname)%00%(upstream:track)%00%(upstream:remotename)%00%(upstream:remoteref) refs/heads/main refs/remotes/main [2ms]
2023-07-08 16:46:03.893 [info] > git status -z -uall [76ms]
2023-07-08 16:46:16.363 [info] > git config --local branch.main.github-pr-owner-number [1ms]
2023-07-08 16:46:16.378 [info] > git config --get commit.template [6ms]
2023-07-08 16:46:16.379 [info] > git for-each-ref --format=%(refname)%00%(upstream:short)%00%(objectname)%00%(upstream:track)%00%(upstream:remotename)%00%(upstream:remoteref) refs/heads/main refs/remotes/main [1ms]
2023-07-08 16:46:16.461 [info] > git status -z -uall [75ms]
2023-07-08 16:51:16.476 [info] > git config --local branch.main.github-pr-owner-number [1ms]
2023-07-08 16:51:16.491 [info] > git config --get commit.template [7ms]
2023-07-08 16:51:16.492 [info] > git for-each-ref --format=%(refname)%00%(upstream:short)%00%(objectname)%00%(upstream:track)%00%(upstream:remotename)%00%(upstream:remoteref) refs/heads/main refs/remotes/main [1ms]
2023-07-08 16:51:16.573 [info] > git status -z -uall [76ms]
2023-07-08 16:52:51.178 [info] > git config --get commit.template [11ms]
2023-07-08 16:52:51.179 [info] > git for-each-ref --format=%(refname)%00%(upstream:short)%00%(objectname)%00%(upstream:track)%00%(upstream:remotename)%00%(upstream:remoteref) refs/heads/main refs/remotes/main [1ms]
2023-07-08 16:52:51.270 [info] > git status -z -uall [79ms]
2023-07-08 16:56:16.588 [info] > git config --local branch.main.github-pr-owner-number [1ms]
2023-07-08 16:56:16.614 [info] > git config --get commit.template [12ms]
2023-07-08 16:56:16.615 [info] > git for-each-ref --format=%(refname)%00%(upstream:short)%00%(objectname)%00%(upstream:track)%00%(upstream:remotename)%00%(upstream:remoteref) refs/heads/main refs/remotes/main [2ms]
2023-07-08 16:56:16.695 [info] > git status -z -uall [74ms]
2023-07-08 16:58:25.054 [info] > git config --get commit.template [18ms]
2023-07-08 16:58:25.055 [info] > git for-each-ref --format=%(refname)%00%(upstream:short)%00%(objectname)%00%(upstream:track)%00%(upstream:remotename)%00%(upstream:remoteref) refs/heads/main refs/remotes/main [2ms]
2023-07-08 16:58:25.150 [info] > git status -z -uall [75ms]
2023-07-08 16:58:30.207 [info] > git config --get commit.template [25ms]
2023-07-08 16:58:30.208 [info] > git for-each-ref --format=%(refname)%00%(upstream:short)%00%(objectname)%00%(upstream:track)%00%(upstream:remotename)%00%(upstream:remoteref) refs/heads/main refs/remotes/main [2ms]
2023-07-08 16:58:30.307 [info] > git status -z -uall [80ms]
2023-07-08 16:59:24.860 [info] > git config --get commit.template [25ms]
2023-07-08 16:59:24.861 [info] > git for-each-ref --format=%(refname)%00%(upstream:short)%00%(objectname)%00%(upstream:track)%00%(upstream:remotename)%00%(upstream:remoteref) refs/heads/main refs/remotes/main [2ms]
2023-07-08 16:59:24.968 [info] > git status -z -uall [91ms]
2023-07-08 17:01:16.716 [info] > git config --local branch.main.github-pr-owner-number [1ms]
2023-07-08 17:01:16.775 [info] > git config --get commit.template [41ms]
2023-07-08 17:01:16.776 [info] > git for-each-ref --format=%(refname)%00%(upstream:short)%00%(objectname)%00%(upstream:track)%00%(upstream:remotename)%00%(upstream:remoteref) refs/heads/main refs/remotes/main [2ms]
2023-07-08 17:01:16.883 [info] > git status -z -uall [87ms]
2023-07-08 17:06:16.903 [info] > git config --local branch.main.github-pr-owner-number [1ms]
2023-07-08 17:06:16.923 [info] > git config --get commit.template [9ms]
2023-07-08 17:06:16.923 [info] > git for-each-ref --format=%(refname)%00%(upstream:short)%00%(objectname)%00%(upstream:track)%00%(upstream:remotename)%00%(upstream:remoteref) refs/heads/main refs/remotes/main [1ms]
2023-07-08 17:06:17.012 [info] > git status -z -uall [78ms]
2023-07-08 17:11:17.027 [info] > git config --local branch.main.github-pr-owner-number [1ms]
2023-07-08 17:11:17.041 [info] > git config --get commit.template [7ms]
2023-07-08 17:11:17.042 [info] > git for-each-ref --format=%(refname)%00%(upstream:short)%00%(objectname)%00%(upstream:track)%00%(upstream:remotename)%00%(upstream:remoteref) refs/heads/main refs/remotes/main [1ms]
2023-07-08 17:11:17.127 [info] > git status -z -uall [77ms]
2023-07-08 17:11:21.712 [info] > git config --get commit.template [8ms]
2023-07-08 17:11:21.712 [info] > git for-each-ref --format=%(refname)%00%(upstream:short)%00%(objectname)%00%(upstream:track)%00%(upstream:remotename)%00%(upstream:remoteref) refs/heads/main refs/remotes/main [1ms]
2023-07-08 17:11:21.801 [info] > git status -z -uall [77ms]
2023-07-08 17:11:47.721 [info] > git show --textconv :booking/templates/booking/create_booking.html [9ms]
2023-07-08 17:11:47.722 [info] > git ls-files --stage -- /workspace/Afrik-kitchen/booking/templates/booking/create_booking.html [1ms]
2023-07-08 17:11:47.729 [info] > git cat-file -s 867fb77b0895a8983fc30396f57fe233c855e7cb [1ms]
2023-07-08 17:15:34.601 [info] > git config --get commit.template [22ms]
2023-07-08 17:15:34.602 [info] > git for-each-ref --format=%(refname)%00%(upstream:short)%00%(objectname)%00%(upstream:track)%00%(upstream:remotename)%00%(upstream:remoteref) refs/heads/main refs/remotes/main [3ms]
2023-07-08 17:15:34.699 [info] > git status -z -uall [78ms]
2023-07-08 17:16:15.452 [info] > git config --get commit.template [15ms]
2023-07-08 17:16:15.452 [info] > git for-each-ref --format=%(refname)%00%(upstream:short)%00%(objectname)%00%(upstream:track)%00%(upstream:remotename)%00%(upstream:remoteref) refs/heads/main refs/remotes/main [1ms]
2023-07-08 17:16:15.647 [info] > git status -z -uall [179ms]
2023-07-08 17:16:17.142 [info] > git config --local branch.main.github-pr-owner-number [1ms]
2023-07-08 17:16:17.160 [info] > git config --get commit.template [8ms]
2023-07-08 17:16:17.161 [info] > git for-each-ref --format=%(refname)%00%(upstream:short)%00%(objectname)%00%(upstream:track)%00%(upstream:remotename)%00%(upstream:remoteref) refs/heads/main refs/remotes/main [1ms]
2023-07-08 17:16:17.304 [info] > git status -z -uall [134ms]
2023-07-08 17:17:29.750 [info] > git check-ignore -v -z --stdin [1ms]
2023-07-08 17:17:30.739 [info] > git check-ignore -v -z --stdin [2ms]
2023-07-08 17:17:32.054 [info] > git check-ignore -v -z --stdin [2ms]
2023-07-08 17:17:33.405 [info] > git check-ignore -v -z --stdin [2ms]
2023-07-08 17:17:35.013 [info] > git show --textconv :home/templates/contact.html [14ms]
2023-07-08 17:17:35.014 [info] > git ls-files --stage -- /workspace/Afrik-kitchen/home/templates/contact.html [1ms]
2023-07-08 17:17:35.031 [info] > git cat-file -s 673856fedf3bc049bc3c01c1255c5269badd6c1e [1ms]
2023-07-08 17:17:50.314 [info] > git check-ignore -v -z --stdin [3ms]
2023-07-08 17:17:51.513 [info] > git show --textconv :home/templates/home/index.html [19ms]
2023-07-08 17:17:51.514 [info] > git ls-files --stage -- /workspace/Afrik-kitchen/home/templates/home/index.html [2ms]
2023-07-08 17:17:51.529 [info] > git cat-file -s 56fbd85db308c710e886b59ff94604f86616f015 [2ms]
2023-07-08 17:19:57.285 [info] > git config --get commit.template [14ms]
2023-07-08 17:19:57.286 [info] > git for-each-ref --format=%(refname)%00%(upstream:short)%00%(objectname)%00%(upstream:track)%00%(upstream:remotename)%00%(upstream:remoteref) refs/heads/main refs/remotes/main [1ms]
2023-07-08 17:19:57.374 [info] > git status -z -uall [75ms]
2023-07-08 17:20:02.399 [info] > git config --get commit.template [9ms]
2023-07-08 17:20:02.399 [info] > git for-each-ref --format=%(refname)%00%(upstream:short)%00%(objectname)%00%(upstream:track)%00%(upstream:remotename)%00%(upstream:remoteref) refs/heads/main refs/remotes/main [1ms]
2023-07-08 17:20:02.480 [info] > git status -z -uall [74ms]
2023-07-08 17:21:17.328 [info] > git config --local branch.main.github-pr-owner-number [1ms]
2023-07-08 17:21:17.357 [info] > git config --get commit.template [15ms]
2023-07-08 17:21:17.358 [info] > git for-each-ref --format=%(refname)%00%(upstream:short)%00%(objectname)%00%(upstream:track)%00%(upstream:remotename)%00%(upstream:remoteref) refs/heads/main refs/remotes/main [1ms]
2023-07-08 17:21:17.456 [info] > git status -z -uall [83ms]
2023-07-08 17:26:17.476 [info] > git config --local branch.main.github-pr-owner-number [2ms]
2023-07-08 17:26:17.492 [info] > git config --get commit.template [7ms]
2023-07-08 17:26:17.493 [info] > git for-each-ref --format=%(refname)%00%(upstream:short)%00%(objectname)%00%(upstream:track)%00%(upstream:remotename)%00%(upstream:remoteref) refs/heads/main refs/remotes/main [1ms]
2023-07-08 17:26:17.575 [info] > git status -z -uall [75ms]
2023-07-08 17:30:21.663 [info] > git check-ignore -v -z --stdin [2ms]
2023-07-08 17:30:29.651 [info] > git check-ignore -v -z --stdin [2ms]
2023-07-08 17:30:30.167 [info] > git check-ignore -v -z --stdin [2ms]
2023-07-08 17:30:31.945 [info] > git show --textconv :TEMPLATES_DIR/404.html [20ms]
2023-07-08 17:30:31.945 [info] > git ls-files --stage -- /workspace/Afrik-kitchen/TEMPLATES_DIR/404.html [2ms]
2023-07-08 17:30:31.960 [info] > git cat-file -s 639c32583e7570f8e320aad644c5d13204573bb4 [2ms]
2023-07-08 17:31:17.590 [info] > git config --local branch.main.github-pr-owner-number [2ms]
2023-07-08 17:31:17.612 [info] > git config --get commit.template [13ms]
2023-07-08 17:31:17.614 [info] > git for-each-ref --format=%(refname)%00%(upstream:short)%00%(objectname)%00%(upstream:track)%00%(upstream:remotename)%00%(upstream:remoteref) refs/heads/main refs/remotes/main [2ms]
2023-07-08 17:31:17.704 [info] > git status -z -uall [78ms]
2023-07-08 17:32:47.889 [info] > git config --get commit.template [12ms]
2023-07-08 17:32:47.890 [info] > git for-each-ref --format=%(refname)%00%(upstream:short)%00%(objectname)%00%(upstream:track)%00%(upstream:remotename)%00%(upstream:remoteref) refs/heads/main refs/remotes/main [2ms]
2023-07-08 17:32:47.981 [info] > git status -z -uall [80ms]
2023-07-08 17:32:53.018 [info] > git config --get commit.template [13ms]
2023-07-08 17:32:53.019 [info] > git for-each-ref --format=%(refname)%00%(upstream:short)%00%(objectname)%00%(upstream:track)%00%(upstream:remotename)%00%(upstream:remoteref) refs/heads/main refs/remotes/main [2ms]
2023-07-08 17:32:53.109 [info] > git status -z -uall [75ms]
2023-07-08 17:34:45.512 [info] > git config --get commit.template [16ms]
2023-07-08 17:34:45.513 [info] > git for-each-ref --format=%(refname)%00%(upstream:short)%00%(objectname)%00%(upstream:track)%00%(upstream:remotename)%00%(upstream:remoteref) refs/heads/main refs/remotes/main [2ms]
2023-07-08 17:34:45.635 [info] > git status -z -uall [107ms]
2023-07-08 17:36:17.720 [info] > git config --local branch.main.github-pr-owner-number [1ms]
2023-07-08 17:36:17.743 [info] > git config --get commit.template [12ms]
2023-07-08 17:36:17.744 [info] > git for-each-ref --format=%(refname)%00%(upstream:short)%00%(objectname)%00%(upstream:track)%00%(upstream:remotename)%00%(upstream:remoteref) refs/heads/main refs/remotes/main [1ms]
2023-07-08 17:36:17.844 [info] > git status -z -uall [90ms]
2023-07-08 17:37:52.335 [info] > git show --textconv :booking/templates/booking/delete_booking.html [16ms]
2023-07-08 17:37:52.335 [info] > git ls-files --stage -- /workspace/Afrik-kitchen/booking/templates/booking/delete_booking.html [2ms]
2023-07-08 17:40:57.068 [info] > git config --get commit.template [8ms]
2023-07-08 17:40:57.069 [info] > git for-each-ref --format=%(refname)%00%(upstream:short)%00%(objectname)%00%(upstream:track)%00%(upstream:remotename)%00%(upstream:remoteref) refs/heads/main refs/remotes/main [1ms]
2023-07-08 17:40:57.149 [info] > git status -z -uall [74ms]
2023-07-08 17:41:11.347 [info] > git show --textconv :booking/templates/table_list.html [13ms]
2023-07-08 17:41:11.348 [info] > git ls-files --stage -- /workspace/Afrik-kitchen/booking/templates/table_list.html [1ms]
2023-07-08 17:41:11.366 [info] > git cat-file -s 78548c6724e4a4bea18cf33a5bc241b9ca0ed6e9 [2ms]
2023-07-08 17:41:14.032 [info] > git show --textconv :booking/templates/home_detail.html [10ms]
2023-07-08 17:41:14.033 [info] > git ls-files --stage -- /workspace/Afrik-kitchen/booking/templates/home_detail.html [2ms]
2023-07-08 17:41:14.042 [info] > git cat-file -s c46a64aa8ff84a2e71e71912db94dc9e4e513315 [2ms]
2023-07-08 17:41:17.860 [info] > git config --local branch.main.github-pr-owner-number [1ms]
2023-07-08 17:41:17.883 [info] > git config --get commit.template [14ms]
2023-07-08 17:41:17.884 [info] > git for-each-ref --format=%(refname)%00%(upstream:short)%00%(objectname)%00%(upstream:track)%00%(upstream:remotename)%00%(upstream:remoteref) refs/heads/main refs/remotes/main [2ms]
2023-07-08 17:41:18.007 [info] > git status -z -uall [110ms]
2023-07-08 17:42:45.683 [info] > git config --get commit.template [12ms]
2023-07-08 17:42:45.684 [info] > git for-each-ref --format=%(refname)%00%(upstream:short)%00%(objectname)%00%(upstream:track)%00%(upstream:remotename)%00%(upstream:remoteref) refs/heads/main refs/remotes/main [1ms]
2023-07-08 17:42:45.773 [info] > git status -z -uall [81ms]
2023-07-08 17:43:51.184 [info] > git config --get commit.template [8ms]
2023-07-08 17:43:51.185 [info] > git for-each-ref --format=%(refname)%00%(upstream:short)%00%(objectname)%00%(upstream:track)%00%(upstream:remotename)%00%(upstream:remoteref) refs/heads/main refs/remotes/main [2ms]
2023-07-08 17:43:51.269 [info] > git status -z -uall [76ms]
2023-07-08 17:46:07.231 [info] > git config --get commit.template [17ms]
2023-07-08 17:46:07.232 [info] > git for-each-ref --format=%(refname)%00%(upstream:short)%00%(objectname)%00%(upstream:track)%00%(upstream:remotename)%00%(upstream:remoteref) refs/heads/main refs/remotes/main [2ms]
2023-07-08 17:46:07.338 [info] > git status -z -uall [90ms]
2023-07-08 17:46:18.022 [info] > git config --local branch.main.github-pr-owner-number [2ms]
2023-07-08 17:46:18.046 [info] > git config --get commit.template [12ms]
2023-07-08 17:46:18.047 [info] > git for-each-ref --format=%(refname)%00%(upstream:short)%00%(objectname)%00%(upstream:track)%00%(upstream:remotename)%00%(upstream:remoteref) refs/heads/main refs/remotes/main [1ms]
2023-07-08 17:46:18.133 [info] > git status -z -uall [73ms]
2023-07-08 17:46:46.511 [info] > git config --get commit.template [12ms]
2023-07-08 17:46:46.512 [info] > git for-each-ref --format=%(refname)%00%(upstream:short)%00%(objectname)%00%(upstream:track)%00%(upstream:remotename)%00%(upstream:remoteref) refs/heads/main refs/remotes/main [1ms]
2023-07-08 17:46:46.600 [info] > git status -z -uall [75ms]
2023-07-08 17:51:18.148 [info] > git config --local branch.main.github-pr-owner-number [1ms]
2023-07-08 17:51:18.175 [info] > git config --get commit.template [14ms]
2023-07-08 17:51:18.176 [info] > git for-each-ref --format=%(refname)%00%(upstream:short)%00%(objectname)%00%(upstream:track)%00%(upstream:remotename)%00%(upstream:remoteref) refs/heads/main refs/remotes/main [1ms]
2023-07-08 17:51:18.267 [info] > git status -z -uall [79ms]
2023-07-08 17:53:12.643 [info] > git config --get commit.template [8ms]
2023-07-08 17:53:12.643 [info] > git for-each-ref --format=%(refname)%00%(upstream:short)%00%(objectname)%00%(upstream:track)%00%(upstream:remotename)%00%(upstream:remoteref) refs/heads/main refs/remotes/main [1ms]
2023-07-08 17:53:12.727 [info] > git status -z -uall [77ms]
2023-07-08 17:53:48.058 [info] > git config --get commit.template [9ms]
2023-07-08 17:53:48.059 [info] > git for-each-ref --format=%(refname)%00%(upstream:short)%00%(objectname)%00%(upstream:track)%00%(upstream:remotename)%00%(upstream:remoteref) refs/heads/main refs/remotes/main [2ms]
2023-07-08 17:53:48.142 [info] > git status -z -uall [76ms]
2023-07-08 17:56:18.283 [info] > git config --local branch.main.github-pr-owner-number [1ms]
2023-07-08 17:56:18.304 [info] > git config --get commit.template [11ms]
2023-07-08 17:56:18.307 [info] > git for-each-ref --format=%(refname)%00%(upstream:short)%00%(objectname)%00%(upstream:track)%00%(upstream:remotename)%00%(upstream:remoteref) refs/heads/main refs/remotes/main [3ms]
2023-07-08 17:56:18.415 [info] > git status -z -uall [93ms]
2023-07-08 18:01:06.320 [info] > git config --get commit.template [21ms]
2023-07-08 18:01:06.327 [info] > git for-each-ref --format=%(refname)%00%(upstream:short)%00%(objectname)%00%(upstream:track)%00%(upstream:remotename)%00%(upstream:remoteref) refs/heads/main refs/remotes/main [8ms]
2023-07-08 18:01:06.641 [info] > git status -z -uall [294ms]
2023-07-08 18:01:18.436 [info] > git config --local branch.main.github-pr-owner-number [1ms]
2023-07-08 18:01:18.475 [info] > git config --get commit.template [21ms]
2023-07-08 18:01:18.477 [info] > git for-each-ref --format=%(refname)%00%(upstream:short)%00%(objectname)%00%(upstream:track)%00%(upstream:remotename)%00%(upstream:remoteref) refs/heads/main refs/remotes/main [2ms]
2023-07-08 18:01:18.624 [info] > git status -z -uall [130ms]
2023-07-08 18:01:27.233 [info] > git config --get commit.template [21ms]
2023-07-08 18:01:27.234 [info] > git for-each-ref --format=%(refname)%00%(upstream:short)%00%(objectname)%00%(upstream:track)%00%(upstream:remotename)%00%(upstream:remoteref) refs/heads/main refs/remotes/main [2ms]
2023-07-08 18:01:27.379 [info] > git status -z -uall [127ms]
2023-07-08 18:03:32.142 [info] > git show --textconv :booking/templates/booking/cancel_booking.html [10ms]
2023-07-08 18:03:32.143 [info] > git ls-files --stage -- /workspace/Afrik-kitchen/booking/templates/booking/cancel_booking.html [2ms]
2023-07-08 18:03:32.153 [info] > git cat-file -s 549b4d8e0c9fc59ea5d60a6e1c1b784d033419bb [1ms]
2023-07-08 18:03:32.651 [info] > git config --get commit.template [14ms]
2023-07-08 18:03:32.654 [info] > git for-each-ref --format=%(refname)%00%(upstream:short)%00%(objectname)%00%(upstream:track)%00%(upstream:remotename)%00%(upstream:remoteref) refs/heads/main refs/remotes/main [4ms]
2023-07-08 18:03:32.743 [info] > git status -z -uall [76ms]
2023-07-08 18:03:40.577 [info] > git config --get commit.template [13ms]
2023-07-08 18:03:40.578 [info] > git for-each-ref --format=%(refname)%00%(upstream:short)%00%(objectname)%00%(upstream:track)%00%(upstream:remotename)%00%(upstream:remoteref) refs/heads/main refs/remotes/main [1ms]
2023-07-08 18:03:40.669 [info] > git status -z -uall [77ms]
2023-07-08 18:04:44.119 [info] > git config --get commit.template [8ms]
2023-07-08 18:04:44.120 [info] > git for-each-ref --format=%(refname)%00%(upstream:short)%00%(objectname)%00%(upstream:track)%00%(upstream:remotename)%00%(upstream:remoteref) refs/heads/main refs/remotes/main [1ms]
2023-07-08 18:04:44.201 [info] > git status -z -uall [76ms]
2023-07-08 18:05:57.654 [info] > git config --get commit.template [8ms]
2023-07-08 18:05:57.655 [info] > git for-each-ref --format=%(refname)%00%(upstream:short)%00%(objectname)%00%(upstream:track)%00%(upstream:remotename)%00%(upstream:remoteref) refs/heads/main refs/remotes/main [1ms]
2023-07-08 18:05:57.737 [info] > git status -z -uall [76ms]
2023-07-08 18:06:02.766 [info] > git config --get commit.template [13ms]
2023-07-08 18:06:02.767 [info] > git for-each-ref --format=%(refname)%00%(upstream:short)%00%(objectname)%00%(upstream:track)%00%(upstream:remotename)%00%(upstream:remoteref) refs/heads/main refs/remotes/main [2ms]
2023-07-08 18:06:02.852 [info] > git status -z -uall [74ms]
2023-07-08 18:06:18.642 [info] > git config --local branch.main.github-pr-owner-number [2ms]
2023-07-08 18:06:18.663 [info] > git config --get commit.template [12ms]
2023-07-08 18:06:18.663 [info] > git for-each-ref --format=%(refname)%00%(upstream:short)%00%(objectname)%00%(upstream:track)%00%(upstream:remotename)%00%(upstream:remoteref) refs/heads/main refs/remotes/main [2ms]
2023-07-08 18:06:18.753 [info] > git status -z -uall [78ms]
2023-07-08 18:07:33.563 [info] > git config --get commit.template [7ms]
2023-07-08 18:07:33.563 [info] > git for-each-ref --format=%(refname)%00%(upstream:short)%00%(objectname)%00%(upstream:track)%00%(upstream:remotename)%00%(upstream:remoteref) refs/heads/main refs/remotes/main [1ms]
2023-07-08 18:07:33.665 [info] > git status -z -uall [96ms]
2023-07-08 18:11:18.771 [info] > git config --local branch.main.github-pr-owner-number [1ms]
2023-07-08 18:11:18.798 [info] > git config --get commit.template [13ms]
2023-07-08 18:11:18.799 [info] > git for-each-ref --format=%(refname)%00%(upstream:short)%00%(objectname)%00%(upstream:track)%00%(upstream:remotename)%00%(upstream:remoteref) refs/heads/main refs/remotes/main [1ms]
2023-07-08 18:11:18.896 [info] > git status -z -uall [83ms]
2023-07-08 18:12:30.134 [info] > git config --get commit.template [8ms]
2023-07-08 18:12:30.134 [info] > git for-each-ref --format=%(refname)%00%(upstream:short)%00%(objectname)%00%(upstream:track)%00%(upstream:remotename)%00%(upstream:remoteref) refs/heads/main refs/remotes/main [1ms]
2023-07-08 18:12:30.217 [info] > git status -z -uall [76ms]
2023-07-08 18:13:02.159 [info] > git config --get commit.template [8ms]
2023-07-08 18:13:02.159 [info] > git for-each-ref --format=%(refname)%00%(upstream:short)%00%(objectname)%00%(upstream:track)%00%(upstream:remotename)%00%(upstream:remoteref) refs/heads/main refs/remotes/main [1ms]
2023-07-08 18:13:02.256 [info] > git status -z -uall [90ms]
2023-07-08 18:16:18.914 [info] > git config --local branch.main.github-pr-owner-number [2ms]
2023-07-08 18:16:18.944 [info] > git for-each-ref --format=%(refname)%00%(upstream:short)%00%(objectname)%00%(upstream:track)%00%(upstream:remotename)%00%(upstream:remoteref) refs/heads/main refs/remotes/main [3ms]
2023-07-08 18:16:18.944 [info] > git config --get commit.template [18ms]
2023-07-08 18:16:19.048 [info] > git status -z -uall [90ms]
2023-07-08 18:18:16.487 [info] > git config --get commit.template [12ms]
2023-07-08 18:18:16.488 [info] > git for-each-ref --format=%(refname)%00%(upstream:short)%00%(objectname)%00%(upstream:track)%00%(upstream:remotename)%00%(upstream:remoteref) refs/heads/main refs/remotes/main [1ms]
2023-07-08 18:18:16.588 [info] > git status -z -uall [93ms]
2023-07-08 18:18:21.625 [info] > git for-each-ref --format=%(refname)%00%(upstream:short)%00%(objectname)%00%(upstream:track)%00%(upstream:remotename)%00%(upstream:remoteref) refs/heads/main refs/remotes/main [1ms]
2023-07-08 18:18:21.625 [info] > git config --get commit.template [18ms]
2023-07-08 18:18:21.744 [info] > git status -z -uall [100ms]
2023-07-08 18:19:18.749 [info] > git show --textconv :booking/templates/booking/managebookings.html [17ms]
2023-07-08 18:19:18.752 [info] > git ls-files --stage -- /workspace/Afrik-kitchen/booking/templates/booking/managebookings.html [4ms]
2023-07-08 18:19:18.765 [info] > git cat-file -s 097f3c1b4f5114e6d2c5b1e5c84f48d5f989104e [2ms]
2023-07-08 18:21:19.062 [info] > git config --local branch.main.github-pr-owner-number [1ms]
2023-07-08 18:21:19.085 [info] > git config --get commit.template [12ms]
2023-07-08 18:21:19.086 [info] > git for-each-ref --format=%(refname)%00%(upstream:short)%00%(objectname)%00%(upstream:track)%00%(upstream:remotename)%00%(upstream:remoteref) refs/heads/main refs/remotes/main [1ms]
2023-07-08 18:21:19.183 [info] > git status -z -uall [87ms]
2023-07-08 18:25:03.937 [info] > git check-ignore -v -z --stdin [1ms]
2023-07-08 18:25:04.989 [info] > git show --textconv :TEMPLATES_DIR/includes/nav.html [12ms]
2023-07-08 18:25:04.990 [info] > git ls-files --stage -- /workspace/Afrik-kitchen/TEMPLATES_DIR/includes/nav.html [2ms]
2023-07-08 18:25:05.002 [info] > git cat-file -s b3ee0abe6a7cfaac1740c48fab7976883d4de1c4 [2ms]
2023-07-08 18:26:19.201 [info] > git config --local branch.main.github-pr-owner-number [1ms]
2023-07-08 18:26:19.227 [info] > git config --get commit.template [12ms]
2023-07-08 18:26:19.228 [info] > git for-each-ref --format=%(refname)%00%(upstream:short)%00%(objectname)%00%(upstream:track)%00%(upstream:remotename)%00%(upstream:remoteref) refs/heads/main refs/remotes/main [2ms]
2023-07-08 18:26:19.339 [info] > git status -z -uall [100ms]
2023-07-08 18:26:34.372 [info] > git show --textconv :booking/templates/booking/managebookings.html [12ms]
2023-07-08 18:26:34.373 [info] > git ls-files --stage -- /workspace/Afrik-kitchen/booking/templates/booking/managebookings.html [2ms]
2023-07-08 18:26:34.386 [info] > git cat-file -s 097f3c1b4f5114e6d2c5b1e5c84f48d5f989104e [1ms]
2023-07-08 18:31:19.356 [info] > git config --local branch.main.github-pr-owner-number [2ms]
2023-07-08 18:31:19.378 [info] > git config --get commit.template [10ms]
2023-07-08 18:31:19.379 [info] > git for-each-ref --format=%(refname)%00%(upstream:short)%00%(objectname)%00%(upstream:track)%00%(upstream:remotename)%00%(upstream:remoteref) refs/heads/main refs/remotes/main [2ms]
2023-07-08 18:31:19.510 [info] > git status -z -uall [117ms]
2023-07-08 18:36:19.527 [info] > git config --local branch.main.github-pr-owner-number [1ms]
2023-07-08 18:36:19.557 [info] > git config --get commit.template [15ms]
2023-07-08 18:36:19.558 [info] > git for-each-ref --format=%(refname)%00%(upstream:short)%00%(objectname)%00%(upstream:track)%00%(upstream:remotename)%00%(upstream:remoteref) refs/heads/main refs/remotes/main [1ms]
2023-07-08 18:36:19.649 [info] > git status -z -uall [75ms]
2023-07-08 18:41:19.665 [info] > git config --local branch.main.github-pr-owner-number [1ms]
2023-07-08 18:41:19.682 [info] > git config --get commit.template [7ms]
2023-07-08 18:41:19.683 [info] > git for-each-ref --format=%(refname)%00%(upstream:short)%00%(objectname)%00%(upstream:track)%00%(upstream:remotename)%00%(upstream:remoteref) refs/heads/main refs/remotes/main [1ms]
2023-07-08 18:41:19.769 [info] > git status -z -uall [75ms]
2023-07-08 18:43:42.252 [info] > git show --textconv :booking/templates/booking/create_booking.html [16ms]
2023-07-08 18:43:42.252 [info] > git ls-files --stage -- /workspace/Afrik-kitchen/booking/templates/booking/create_booking.html [2ms]
2023-07-08 18:43:42.261 [info] > git cat-file -s 867fb77b0895a8983fc30396f57fe233c855e7cb [1ms]
2023-07-08 18:44:41.720 [info] > git config --get commit.template [13ms]
2023-07-08 18:44:41.721 [info] > git for-each-ref --format=%(refname)%00%(upstream:short)%00%(objectname)%00%(upstream:track)%00%(upstream:remotename)%00%(upstream:remoteref) refs/heads/main refs/remotes/main [2ms]
2023-07-08 18:44:41.804 [info] > git status -z -uall [75ms]
2023-07-08 18:46:19.784 [info] > git config --local branch.main.github-pr-owner-number [1ms]
2023-07-08 18:46:19.808 [info] > git config --get commit.template [12ms]
2023-07-08 18:46:19.809 [info] > git for-each-ref --format=%(refname)%00%(upstream:short)%00%(objectname)%00%(upstream:track)%00%(upstream:remotename)%00%(upstream:remoteref) refs/heads/main refs/remotes/main [2ms]
2023-07-08 18:46:19.903 [info] > git status -z -uall [85ms]
2023-07-08 18:49:24.581 [info] > git config --get commit.template [12ms]
2023-07-08 18:49:24.583 [info] > git for-each-ref --format=%(refname)%00%(upstream:short)%00%(objectname)%00%(upstream:track)%00%(upstream:remotename)%00%(upstream:remoteref) refs/heads/main refs/remotes/main [2ms]
2023-07-08 18:49:24.692 [info] > git status -z -uall [82ms]
2023-07-08 18:50:01.985 [info] > git config --get commit.template [9ms]
2023-07-08 18:50:01.986 [info] > git for-each-ref --format=%(refname)%00%(upstream:short)%00%(objectname)%00%(upstream:track)%00%(upstream:remotename)%00%(upstream:remoteref) refs/heads/main refs/remotes/main [2ms]
2023-07-08 18:50:02.069 [info] > git status -z -uall [76ms]
2023-07-08 18:50:27.980 [info] > git config --get commit.template [10ms]
2023-07-08 18:50:27.980 [info] > git for-each-ref --format=%(refname)%00%(upstream:short)%00%(objectname)%00%(upstream:track)%00%(upstream:remotename)%00%(upstream:remoteref) refs/heads/main refs/remotes/main [1ms]
2023-07-08 18:50:28.065 [info] > git status -z -uall [75ms]
2023-07-08 18:51:19.923 [info] > git config --local branch.main.github-pr-owner-number [2ms]
2023-07-08 18:51:19.955 [info] > git config --get commit.template [17ms]
2023-07-08 18:51:19.957 [info] > git for-each-ref --format=%(refname)%00%(upstream:short)%00%(objectname)%00%(upstream:track)%00%(upstream:remotename)%00%(upstream:remoteref) refs/heads/main refs/remotes/main [2ms]
2023-07-08 18:51:20.046 [info] > git status -z -uall [75ms]
2023-07-08 18:52:30.883 [info] > git config --get commit.template [9ms]
2023-07-08 18:52:30.883 [info] > git for-each-ref --format=%(refname)%00%(upstream:short)%00%(objectname)%00%(upstream:track)%00%(upstream:remotename)%00%(upstream:remoteref) refs/heads/main refs/remotes/main [2ms]
2023-07-08 18:52:30.963 [info] > git status -z -uall [74ms]
2023-07-08 18:56:20.063 [info] > git config --local branch.main.github-pr-owner-number [2ms]
2023-07-08 18:56:20.080 [info] > git config --get commit.template [9ms]
2023-07-08 18:56:20.081 [info] > git for-each-ref --format=%(refname)%00%(upstream:short)%00%(objectname)%00%(upstream:track)%00%(upstream:remotename)%00%(upstream:remoteref) refs/heads/main refs/remotes/main [1ms]
2023-07-08 18:56:20.177 [info] > git status -z -uall [85ms]
2023-07-08 18:59:25.417 [info] > git config --get commit.template [9ms]
2023-07-08 18:59:25.418 [info] > git for-each-ref --format=%(refname)%00%(upstream:short)%00%(objectname)%00%(upstream:track)%00%(upstream:remotename)%00%(upstream:remoteref) refs/heads/main refs/remotes/main [2ms]
2023-07-08 18:59:25.523 [info] > git status -z -uall [99ms]
2023-07-08 18:59:56.482 [info] > git show --textconv :booking/templates/home_detail.html [9ms]
2023-07-08 18:59:56.483 [info] > git ls-files --stage -- /workspace/Afrik-kitchen/booking/templates/home_detail.html [1ms]
2023-07-08 18:59:56.490 [info] > git cat-file -s c46a64aa8ff84a2e71e71912db94dc9e4e513315 [2ms]
2023-07-08 19:00:41.837 [info] > git config --get commit.template [9ms]
2023-07-08 19:00:41.837 [info] > git for-each-ref --format=%(refname)%00%(upstream:short)%00%(objectname)%00%(upstream:track)%00%(upstream:remotename)%00%(upstream:remoteref) refs/heads/main refs/remotes/main [1ms]
2023-07-08 19:00:41.920 [info] > git status -z -uall [74ms]
2023-07-08 19:01:20.195 [info] > git config --local branch.main.github-pr-owner-number [1ms]
2023-07-08 19:01:20.219 [info] > git config --get commit.template [11ms]
2023-07-08 19:01:20.220 [info] > git for-each-ref --format=%(refname)%00%(upstream:short)%00%(objectname)%00%(upstream:track)%00%(upstream:remotename)%00%(upstream:remoteref) refs/heads/main refs/remotes/main [1ms]
2023-07-08 19:01:20.307 [info] > git status -z -uall [77ms]
2023-07-08 19:01:43.138 [info] > git config --get commit.template [12ms]
2023-07-08 19:01:43.139 [info] > git for-each-ref --format=%(refname)%00%(upstream:short)%00%(objectname)%00%(upstream:track)%00%(upstream:remotename)%00%(upstream:remoteref) refs/heads/main refs/remotes/main [2ms]
2023-07-08 19:01:43.230 [info] > git status -z -uall [84ms]
2023-07-08 19:03:24.971 [info] > git config --get commit.template [16ms]
2023-07-08 19:03:24.972 [info] > git for-each-ref --format=%(refname)%00%(upstream:short)%00%(objectname)%00%(upstream:track)%00%(upstream:remotename)%00%(upstream:remoteref) refs/heads/main refs/remotes/main [1ms]
2023-07-08 19:03:25.060 [info] > git status -z -uall [76ms]
2023-07-08 19:05:23.106 [info] > git config --get commit.template [11ms]
2023-07-08 19:05:23.107 [info] > git for-each-ref --format=%(refname)%00%(upstream:short)%00%(objectname)%00%(upstream:track)%00%(upstream:remotename)%00%(upstream:remoteref) refs/heads/main refs/remotes/main [2ms]
2023-07-08 19:05:23.215 [info] > git status -z -uall [99ms]
2023-07-08 19:06:20.320 [info] > git config --local branch.main.github-pr-owner-number [1ms]
2023-07-08 19:06:20.336 [info] > git config --get commit.template [7ms]
2023-07-08 19:06:20.337 [info] > git for-each-ref --format=%(refname)%00%(upstream:short)%00%(objectname)%00%(upstream:track)%00%(upstream:remotename)%00%(upstream:remoteref) refs/heads/main refs/remotes/main [2ms]
2023-07-08 19:06:20.419 [info] > git status -z -uall [76ms]
2023-07-08 19:07:36.882 [info] > git config --get commit.template [13ms]
2023-07-08 19:07:36.883 [info] > git for-each-ref --format=%(refname)%00%(upstream:short)%00%(objectname)%00%(upstream:track)%00%(upstream:remotename)%00%(upstream:remoteref) refs/heads/main refs/remotes/main [2ms]
2023-07-08 19:07:36.970 [info] > git status -z -uall [74ms]
2023-07-08 19:10:27.054 [info] > git show --textconv :booking/templates/booking/booking_confirm_delete.html [21ms]
2023-07-08 19:10:27.056 [info] > git ls-files --stage -- /workspace/Afrik-kitchen/booking/templates/booking/booking_confirm_delete.html [2ms]
2023-07-08 19:10:27.111 [info] > git check-ignore -v -z --stdin [1ms]
2023-07-08 19:10:27.654 [info] > git config --get commit.template [11ms]
2023-07-08 19:10:27.655 [info] > git for-each-ref --format=%(refname)%00%(upstream:short)%00%(objectname)%00%(upstream:track)%00%(upstream:remotename)%00%(upstream:remoteref) refs/heads/main refs/remotes/main [1ms]
2023-07-08 19:10:27.788 [info] > git status -z -uall [117ms]
2023-07-08 19:10:33.141 [info] > git show --textconv :booking/templates/booking/booking_cancel_view.html [10ms]
2023-07-08 19:10:33.142 [info] > git ls-files --stage -- /workspace/Afrik-kitchen/booking/templates/booking/booking_cancel_view.html [2ms]
2023-07-08 19:10:54.305 [info] > git config --get commit.template [9ms]
2023-07-08 19:10:54.306 [info] > git for-each-ref --format=%(refname)%00%(upstream:short)%00%(objectname)%00%(upstream:track)%00%(upstream:remotename)%00%(upstream:remoteref) refs/heads/main refs/remotes/main [1ms]
2023-07-08 19:10:54.393 [info] > git status -z -uall [81ms]
2023-07-08 19:11:20.433 [info] > git config --local branch.main.github-pr-owner-number [1ms]
2023-07-08 19:11:20.451 [info] > git config --get commit.template [8ms]
2023-07-08 19:11:20.451 [info] > git for-each-ref --format=%(refname)%00%(upstream:short)%00%(objectname)%00%(upstream:track)%00%(upstream:remotename)%00%(upstream:remoteref) refs/heads/main refs/remotes/main [1ms]
2023-07-08 19:11:20.530 [info] > git status -z -uall [73ms]
2023-07-08 19:16:20.549 [info] > git config --local branch.main.github-pr-owner-number [2ms]
2023-07-08 19:16:20.564 [info] > git config --get commit.template [7ms]
2023-07-08 19:16:20.565 [info] > git for-each-ref --format=%(refname)%00%(upstream:short)%00%(objectname)%00%(upstream:track)%00%(upstream:remotename)%00%(upstream:remoteref) refs/heads/main refs/remotes/main [1ms]
2023-07-08 19:16:20.653 [info] > git status -z -uall [75ms]
2023-07-08 19:20:55.647 [info] > git show --textconv :booking/templates/home_detail.html [13ms]
2023-07-08 19:20:55.650 [info] > git ls-files --stage -- /workspace/Afrik-kitchen/booking/templates/home_detail.html [3ms]
2023-07-08 19:20:55.663 [info] > git cat-file -s c46a64aa8ff84a2e71e71912db94dc9e4e513315 [2ms]
2023-07-08 19:21:20.670 [info] > git config --local branch.main.github-pr-owner-number [2ms]
2023-07-08 19:21:20.695 [info] > git config --get commit.template [12ms]
2023-07-08 19:21:20.696 [info] > git for-each-ref --format=%(refname)%00%(upstream:short)%00%(objectname)%00%(upstream:track)%00%(upstream:remotename)%00%(upstream:remoteref) refs/heads/main refs/remotes/main [2ms]
2023-07-08 19:21:20.782 [info] > git status -z -uall [74ms]
2023-07-08 19:26:05.595 [info] > git config --get commit.template [9ms]
2023-07-08 19:26:05.595 [info] > git for-each-ref --format=%(refname)%00%(upstream:short)%00%(objectname)%00%(upstream:track)%00%(upstream:remotename)%00%(upstream:remoteref) refs/heads/main refs/remotes/main [1ms]
2023-07-08 19:26:05.678 [info] > git status -z -uall [77ms]
2023-07-08 19:26:20.797 [info] > git config --local branch.main.github-pr-owner-number [1ms]
2023-07-08 19:26:20.812 [info] > git config --get commit.template [6ms]
2023-07-08 19:26:20.813 [info] > git for-each-ref --format=%(refname)%00%(upstream:short)%00%(objectname)%00%(upstream:track)%00%(upstream:remotename)%00%(upstream:remoteref) refs/heads/main refs/remotes/main [1ms]
2023-07-08 19:26:20.891 [info] > git status -z -uall [73ms]
2023-07-08 19:27:15.852 [info] > git config --get commit.template [7ms]
2023-07-08 19:27:15.853 [info] > git for-each-ref --format=%(refname)%00%(upstream:short)%00%(objectname)%00%(upstream:track)%00%(upstream:remotename)%00%(upstream:remoteref) refs/heads/main refs/remotes/main [1ms]
2023-07-08 19:27:15.932 [info] > git status -z -uall [74ms]
2023-07-08 19:31:20.905 [info] > git config --local branch.main.github-pr-owner-number [1ms]
2023-07-08 19:31:20.931 [info] > git config --get commit.template [12ms]
2023-07-08 19:31:20.932 [info] > git for-each-ref --format=%(refname)%00%(upstream:short)%00%(objectname)%00%(upstream:track)%00%(upstream:remotename)%00%(upstream:remoteref) refs/heads/main refs/remotes/main [1ms]
2023-07-08 19:31:21.018 [info] > git status -z -uall [76ms]
2023-07-08 19:32:02.115 [info] > git config --get commit.template [17ms]
2023-07-08 19:32:02.116 [info] > git for-each-ref --format=%(refname)%00%(upstream:short)%00%(objectname)%00%(upstream:track)%00%(upstream:remotename)%00%(upstream:remoteref) refs/heads/main refs/remotes/main [2ms]
2023-07-08 19:32:02.239 [info] > git status -z -uall [107ms]
2023-07-08 19:32:07.272 [info] > git config --get commit.template [15ms]
2023-07-08 19:32:07.273 [info] > git for-each-ref --format=%(refname)%00%(upstream:short)%00%(objectname)%00%(upstream:track)%00%(upstream:remotename)%00%(upstream:remoteref) refs/heads/main refs/remotes/main [2ms]
2023-07-08 19:32:07.366 [info] > git status -z -uall [82ms]
2023-07-08 19:36:21.036 [info] > git config --local branch.main.github-pr-owner-number [2ms]
2023-07-08 19:36:21.047 [info] > git config --get commit.template [5ms]
2023-07-08 19:36:21.048 [info] > git for-each-ref --format=%(refname)%00%(upstream:short)%00%(objectname)%00%(upstream:track)%00%(upstream:remotename)%00%(upstream:remoteref) refs/heads/main refs/remotes/main [1ms]
2023-07-08 19:36:21.138 [info] > git status -z -uall [85ms]
2023-07-08 19:36:29.595 [info] > git config --get commit.template [7ms]
2023-07-08 19:36:29.596 [info] > git for-each-ref --format=%(refname)%00%(upstream:short)%00%(objectname)%00%(upstream:track)%00%(upstream:remotename)%00%(upstream:remoteref) refs/heads/main refs/remotes/main [1ms]
2023-07-08 19:36:29.686 [info] > git status -z -uall [84ms]
2023-07-08 19:36:34.722 [info] > git config --get commit.template [19ms]
2023-07-08 19:36:34.723 [info] > git for-each-ref --format=%(refname)%00%(upstream:short)%00%(objectname)%00%(upstream:track)%00%(upstream:remotename)%00%(upstream:remoteref) refs/heads/main refs/remotes/main [2ms]
2023-07-08 19:36:34.831 [info] > git status -z -uall [92ms]
2023-07-08 19:41:21.156 [info] > git config --local branch.main.github-pr-owner-number [2ms]
2023-07-08 19:41:21.187 [info] > git config --get commit.template [16ms]
2023-07-08 19:41:21.188 [info] > git for-each-ref --format=%(refname)%00%(upstream:short)%00%(objectname)%00%(upstream:track)%00%(upstream:remotename)%00%(upstream:remoteref) refs/heads/main refs/remotes/main [2ms]
2023-07-08 19:41:21.285 [info] > git status -z -uall [82ms]
2023-07-08 19:41:23.118 [info] > git show --textconv :booking/templates/booking/delete_booking.html [15ms]
2023-07-08 19:41:23.119 [info] > git ls-files --stage -- /workspace/Afrik-kitchen/booking/templates/booking/delete_booking.html [2ms]
2023-07-08 19:41:57.076 [info] > git config --get commit.template [22ms]
2023-07-08 19:41:57.076 [info] > git for-each-ref --format=%(refname)%00%(upstream:short)%00%(objectname)%00%(upstream:track)%00%(upstream:remotename)%00%(upstream:remoteref) refs/heads/main refs/remotes/main [3ms]
2023-07-08 19:41:57.230 [info] > git status -z -uall [136ms]
2023-07-08 19:44:28.179 [info] > git config --get commit.template [12ms]
2023-07-08 19:44:28.179 [info] > git for-each-ref --format=%(refname)%00%(upstream:short)%00%(objectname)%00%(upstream:track)%00%(upstream:remotename)%00%(upstream:remoteref) refs/heads/main refs/remotes/main [1ms]
2023-07-08 19:44:28.275 [info] > git status -z -uall [88ms]
2023-07-08 19:44:33.298 [info] > git config --get commit.template [9ms]
2023-07-08 19:44:33.300 [info] > git for-each-ref --format=%(refname)%00%(upstream:short)%00%(objectname)%00%(upstream:track)%00%(upstream:remotename)%00%(upstream:remoteref) refs/heads/main refs/remotes/main [1ms]
2023-07-08 19:44:33.396 [info] > git status -z -uall [79ms]
2023-07-08 19:44:47.047 [info] > git show --textconv :booking/models.py [14ms]
2023-07-08 19:44:47.049 [info] > git ls-files --stage -- /workspace/Afrik-kitchen/booking/models.py [2ms]
2023-07-08 19:44:47.063 [info] > git cat-file -s d145e93a68383a3bab600f403ddef55df13fbb9e [2ms]
2023-07-08 19:46:21.309 [info] > git config --local branch.main.github-pr-owner-number [0ms]
2023-07-08 19:46:21.348 [info] > git config --get commit.template [13ms]
2023-07-08 19:46:21.349 [info] > git for-each-ref --format=%(refname)%00%(upstream:short)%00%(objectname)%00%(upstream:track)%00%(upstream:remotename)%00%(upstream:remoteref) refs/heads/main refs/remotes/main [2ms]
2023-07-08 19:46:21.448 [info] > git status -z -uall [89ms]
2023-07-08 19:48:41.573 [info] > git config --get commit.template [7ms]
2023-07-08 19:48:41.574 [info] > git for-each-ref --format=%(refname)%00%(upstream:short)%00%(objectname)%00%(upstream:track)%00%(upstream:remotename)%00%(upstream:remoteref) refs/heads/main refs/remotes/main [1ms]
2023-07-08 19:48:41.664 [info] > git status -z -uall [84ms]
2023-07-08 19:51:21.465 [info] > git config --local branch.main.github-pr-owner-number [1ms]
2023-07-08 19:51:21.482 [info] > git config --get commit.template [7ms]
2023-07-08 19:51:21.483 [info] > git for-each-ref --format=%(refname)%00%(upstream:short)%00%(objectname)%00%(upstream:track)%00%(upstream:remotename)%00%(upstream:remoteref) refs/heads/main refs/remotes/main [2ms]
2023-07-08 19:51:21.567 [info] > git status -z -uall [78ms]
2023-07-08 19:52:20.301 [info] > git config --get commit.template [2ms]
2023-07-08 19:52:20.310 [info] > git for-each-ref --format=%(refname)%00%(upstream:short)%00%(objectname)%00%(upstream:track)%00%(upstream:remotename)%00%(upstream:remoteref) refs/heads/main refs/remotes/main [1ms]
2023-07-08 19:52:20.390 [info] > git status -z -uall [74ms]
2023-07-08 19:54:01.815 [info] > git show --textconv :booking/templates/booking/booking_manager.html [44ms]
2023-07-08 19:54:01.816 [info] > git ls-files --stage -- /workspace/Afrik-kitchen/booking/templates/booking/booking_manager.html [1ms]
2023-07-08 19:54:01.828 [info] > git cat-file -s 023cdaa24cc3b27a85ca26615c0a12966503aae7 [3ms]
2023-07-08 19:54:02.527 [info] > git show --textconv :booking/templates/booking/booking_edit.html [11ms]
2023-07-08 19:54:02.529 [info] > git ls-files --stage -- /workspace/Afrik-kitchen/booking/templates/booking/booking_edit.html [2ms]
2023-07-08 19:54:02.576 [info] > git check-ignore -v -z --stdin [3ms]
2023-07-08 19:54:03.156 [info] > git config --get commit.template [10ms]
2023-07-08 19:54:03.156 [info] > git for-each-ref --format=%(refname)%00%(upstream:short)%00%(objectname)%00%(upstream:track)%00%(upstream:remotename)%00%(upstream:remoteref) refs/heads/main refs/remotes/main [1ms]
2023-07-08 19:54:03.258 [info] > git status -z -uall [94ms]
2023-07-08 19:54:09.109 [info] > git show --textconv :booking/templates/booking/edit_booking.html [8ms]
2023-07-08 19:54:09.110 [info] > git ls-files --stage -- /workspace/Afrik-kitchen/booking/templates/booking/edit_booking.html [1ms]
2023-07-08 19:54:09.120 [info] > git cat-file -s 205c200dce29c5a957daccbb9c982ce5656ab477 [2ms]
2023-07-08 19:54:52.245 [info] > git config --get commit.template [16ms]
2023-07-08 19:54:52.246 [info] > git for-each-ref --format=%(refname)%00%(upstream:short)%00%(objectname)%00%(upstream:track)%00%(upstream:remotename)%00%(upstream:remoteref) refs/heads/main refs/remotes/main [2ms]
2023-07-08 19:54:52.336 [info] > git status -z -uall [78ms]
2023-07-08 19:56:09.088 [info] > git show --textconv :booking/templates/booking_edit.html [8ms]
2023-07-08 19:56:09.089 [info] > git ls-files --stage -- /workspace/Afrik-kitchen/booking/templates/booking_edit.html [1ms]
2023-07-08 19:56:09.311 [info] > git check-ignore -v -z --stdin [9ms]
2023-07-08 19:56:09.835 [info] > git config --get commit.template [23ms]
2023-07-08 19:56:09.836 [info] > git for-each-ref --format=%(refname)%00%(upstream:short)%00%(objectname)%00%(upstream:track)%00%(upstream:remotename)%00%(upstream:remoteref) refs/heads/main refs/remotes/main [1ms]
2023-07-08 19:56:09.934 [info] > git status -z -uall [86ms]
2023-07-08 19:56:21.581 [info] > git config --local branch.main.github-pr-owner-number [1ms]
2023-07-08 19:56:21.595 [info] > git config --get commit.template [7ms]
2023-07-08 19:56:21.595 [info] > git for-each-ref --format=%(refname)%00%(upstream:short)%00%(objectname)%00%(upstream:track)%00%(upstream:remotename)%00%(upstream:remoteref) refs/heads/main refs/remotes/main [1ms]
2023-07-08 19:56:21.687 [info] > git status -z -uall [62ms]
2023-07-08 20:00:25.234 [info] > git config --get commit.template [14ms]
2023-07-08 20:00:25.235 [info] > git for-each-ref --format=%(refname)%00%(upstream:short)%00%(objectname)%00%(upstream:track)%00%(upstream:remotename)%00%(upstream:remoteref) refs/heads/main refs/remotes/main [1ms]
2023-07-08 20:00:25.332 [info] > git status -z -uall [86ms]
2023-07-08 20:01:21.709 [info] > git config --local branch.main.github-pr-owner-number [2ms]
2023-07-08 20:01:21.752 [info] > git config --get commit.template [17ms]
2023-07-08 20:01:21.754 [info] > git for-each-ref --format=%(refname)%00%(upstream:short)%00%(objectname)%00%(upstream:track)%00%(upstream:remotename)%00%(upstream:remoteref) refs/heads/main refs/remotes/main [2ms]
2023-07-08 20:01:21.896 [info] > git status -z -uall [124ms]
2023-07-08 20:06:21.912 [info] > git config --local branch.main.github-pr-owner-number [1ms]
2023-07-08 20:06:21.925 [info] > git config --get commit.template [6ms]
2023-07-08 20:06:21.925 [info] > git for-each-ref --format=%(refname)%00%(upstream:short)%00%(objectname)%00%(upstream:track)%00%(upstream:remotename)%00%(upstream:remoteref) refs/heads/main refs/remotes/main [1ms]
2023-07-08 20:06:22.008 [info] > git status -z -uall [77ms]
2023-07-08 20:11:22.025 [info] > git config --local branch.main.github-pr-owner-number [1ms]
2023-07-08 20:11:22.039 [info] > git config --get commit.template [6ms]
2023-07-08 20:11:22.040 [info] > git for-each-ref --format=%(refname)%00%(upstream:short)%00%(objectname)%00%(upstream:track)%00%(upstream:remotename)%00%(upstream:remoteref) refs/heads/main refs/remotes/main [2ms]
2023-07-08 20:11:22.121 [info] > git status -z -uall [75ms]
2023-07-08 20:16:22.136 [info] > git config --local branch.main.github-pr-owner-number [1ms]
2023-07-08 20:16:22.151 [info] > git config --get commit.template [6ms]
2023-07-08 20:16:22.152 [info] > git for-each-ref --format=%(refname)%00%(upstream:short)%00%(objectname)%00%(upstream:track)%00%(upstream:remotename)%00%(upstream:remoteref) refs/heads/main refs/remotes/main [1ms]
2023-07-08 20:16:22.230 [info] > git status -z -uall [73ms]
2023-07-08 20:21:22.246 [info] > git config --local branch.main.github-pr-owner-number [1ms]
2023-07-08 20:21:22.264 [info] > git config --get commit.template [9ms]
2023-07-08 20:21:22.265 [info] > git for-each-ref --format=%(refname)%00%(upstream:short)%00%(objectname)%00%(upstream:track)%00%(upstream:remotename)%00%(upstream:remoteref) refs/heads/main refs/remotes/main [1ms]
2023-07-08 20:21:22.346 [info] > git status -z -uall [75ms]
2023-07-08 20:26:22.363 [info] > git config --local branch.main.github-pr-owner-number [1ms]
2023-07-08 20:26:22.379 [info] > git config --get commit.template [7ms]
2023-07-08 20:26:22.379 [info] > git for-each-ref --format=%(refname)%00%(upstream:short)%00%(objectname)%00%(upstream:track)%00%(upstream:remotename)%00%(upstream:remoteref) refs/heads/main refs/remotes/main [1ms]
2023-07-08 20:26:22.461 [info] > git status -z -uall [75ms]
2023-07-08 20:31:22.478 [info] > git config --local branch.main.github-pr-owner-number [1ms]
2023-07-08 20:31:22.499 [info] > git config --get commit.template [8ms]
2023-07-08 20:31:22.499 [info] > git for-each-ref --format=%(refname)%00%(upstream:short)%00%(objectname)%00%(upstream:track)%00%(upstream:remotename)%00%(upstream:remoteref) refs/heads/main refs/remotes/main [1ms]
2023-07-08 20:31:22.580 [info] > git status -z -uall [74ms]
2023-07-08 20:36:22.596 [info] > git config --local branch.main.github-pr-owner-number [1ms]
2023-07-08 20:36:22.610 [info] > git config --get commit.template [7ms]
2023-07-08 20:36:22.611 [info] > git for-each-ref --format=%(refname)%00%(upstream:short)%00%(objectname)%00%(upstream:track)%00%(upstream:remotename)%00%(upstream:remoteref) refs/heads/main refs/remotes/main [1ms]
2023-07-08 20:36:22.693 [info] > git status -z -uall [76ms]
2023-07-08 20:41:22.708 [info] > git config --local branch.main.github-pr-owner-number [1ms]
2023-07-08 20:41:22.737 [info] > git config --get commit.template [15ms]
2023-07-08 20:41:22.738 [info] > git for-each-ref --format=%(refname)%00%(upstream:short)%00%(objectname)%00%(upstream:track)%00%(upstream:remotename)%00%(upstream:remoteref) refs/heads/main refs/remotes/main [2ms]
2023-07-08 20:41:22.824 [info] > git status -z -uall [74ms]
2023-07-08 20:46:22.839 [info] > git config --local branch.main.github-pr-owner-number [1ms]
2023-07-08 20:46:22.858 [info] > git config --get commit.template [9ms]
2023-07-08 20:46:22.859 [info] > git for-each-ref --format=%(refname)%00%(upstream:short)%00%(objectname)%00%(upstream:track)%00%(upstream:remotename)%00%(upstream:remoteref) refs/heads/main refs/remotes/main [1ms]
2023-07-08 20:46:22.950 [info] > git status -z -uall [80ms]
2023-07-08 20:51:22.965 [info] > git config --local branch.main.github-pr-owner-number [2ms]
2023-07-08 20:51:22.982 [info] > git config --get commit.template [8ms]
2023-07-08 20:51:22.983 [info] > git for-each-ref --format=%(refname)%00%(upstream:short)%00%(objectname)%00%(upstream:track)%00%(upstream:remotename)%00%(upstream:remoteref) refs/heads/main refs/remotes/main [1ms]
2023-07-08 20:51:23.063 [info] > git status -z -uall [74ms]
2023-07-08 20:56:23.079 [info] > git config --local branch.main.github-pr-owner-number [1ms]
2023-07-08 20:56:23.099 [info] > git config --get commit.template [12ms]
2023-07-08 20:56:23.099 [info] > git for-each-ref --format=%(refname)%00%(upstream:short)%00%(objectname)%00%(upstream:track)%00%(upstream:remotename)%00%(upstream:remoteref) refs/heads/main refs/remotes/main [1ms]
2023-07-08 20:56:23.188 [info] > git status -z -uall [77ms]
