2023-07-11 11:52:13.575 [info] Log level: Info
2023-07-11 11:52:13.575 [info] Validating found git in: "git"
2023-07-11 11:52:13.575 [info] Using git "2.40.0" from "git"
2023-07-11 11:52:13.575 [info] > git rev-parse --show-toplevel [8ms]
2023-07-11 11:52:13.575 [info] > git rev-parse --git-dir --git-common-dir [6ms]
2023-07-11 11:52:13.575 [info] Open repository: /workspace/Afrik-kitchen
2023-07-11 11:52:13.575 [info] > git config --get commit.template [106ms]
2023-07-11 11:52:13.575 [info] > git rev-parse --show-toplevel [117ms]
2023-07-11 11:52:13.575 [info] > git rev-parse --show-toplevel [8ms]
2023-07-11 11:52:13.575 [info] > git for-each-ref --format=%(refname)%00%(upstream:short)%00%(objectname)%00%(upstream:track)%00%(upstream:remotename)%00%(upstream:remoteref) refs/heads/main refs/remotes/main [10ms]
2023-07-11 11:52:13.575 [info] > git rev-parse --show-toplevel [48ms]
2023-07-11 11:52:13.575 [info] > git rev-parse --show-toplevel [17ms]
2023-07-11 11:52:13.575 [info] > git rev-parse --show-toplevel [9ms]
2023-07-11 11:52:13.575 [info] > git rev-parse --show-toplevel [5ms]
2023-07-11 11:52:13.575 [info] > git rev-parse --show-toplevel [23ms]
2023-07-11 11:52:13.575 [info] > git status -z -uall [115ms]
2023-07-11 11:52:13.575 [info] > git rev-parse --show-toplevel [4ms]
2023-07-11 11:52:13.575 [info] > git rev-parse --show-toplevel [23ms]
2023-07-11 11:52:13.575 [info] > git config --get commit.template [15ms]
2023-07-11 11:52:13.575 [info] > git rev-parse --show-toplevel [5ms]
2023-07-11 11:52:13.575 [info] > git rev-parse --show-toplevel [19ms]
2023-07-11 11:52:13.575 [info] > git for-each-ref --format=%(refname)%00%(upstream:short)%00%(objectname)%00%(upstream:track)%00%(upstream:remotename)%00%(upstream:remoteref) refs/heads/main refs/remotes/main [6ms]
2023-07-11 11:52:13.744 [info] > git status -z -uall [190ms]
2023-07-11 11:52:13.956 [info] > git log --format=%H%n%aN%n%aE%n%at%n%ct%n%P%n%D%n%B -z -n120 -- /workspace/Afrik-kitchen/TEMPLATES_DIR/includes/nav.html [72ms]
2023-07-11 11:52:14.130 [info] > git check-ignore -v -z --stdin [3ms]
2023-07-11 11:52:14.344 [info] > git show --textconv :TEMPLATES_DIR/includes/nav.html [11ms]
2023-07-11 11:52:14.345 [info] > git ls-files --stage -- /workspace/Afrik-kitchen/TEMPLATES_DIR/includes/nav.html [2ms]
2023-07-11 11:52:14.354 [info] > git cat-file -s fe75222ac082eb782e5d4993f0666192ddddeff2 [2ms]
2023-07-11 11:52:14.657 [info] > git config --local branch.main.github-pr-owner-number [1ms]
2023-07-11 11:52:14.668 [info] > git config --get commit.template [1ms]
2023-07-11 11:52:14.714 [info] > git for-each-ref --format=%(refname)%00%(upstream:short)%00%(objectname)%00%(upstream:track)%00%(upstream:remotename)%00%(upstream:remoteref) refs/heads/main refs/remotes/main [2ms]
2023-07-11 11:52:14.862 [info] > git status -z -uall [137ms]
2023-07-11 11:52:15.343 [info] > git check-ignore -v -z --stdin [2ms]
2023-07-11 11:55:20.542 [info] > git config --get commit.template [11ms]
2023-07-11 11:55:20.543 [info] > git for-each-ref --format=%(refname)%00%(upstream:short)%00%(objectname)%00%(upstream:track)%00%(upstream:remotename)%00%(upstream:remoteref) refs/heads/main refs/remotes/main [3ms]
2023-07-11 11:55:20.634 [info] > git status -z -uall [82ms]
