2023-07-07 12:00:04.582 [info] Log level: Info
2023-07-07 12:00:04.582 [info] Validating found git in: "git"
2023-07-07 12:00:04.582 [info] Using git "2.40.0" from "git"
2023-07-07 12:00:04.582 [info] > git rev-parse --show-toplevel [7ms]
2023-07-07 12:00:04.582 [info] > git rev-parse --git-dir --git-common-dir [52ms]
2023-07-07 12:00:04.582 [info] Open repository: /workspace/Afrik-kitchen
2023-07-07 12:00:04.582 [info] > git rev-parse --show-toplevel [31ms]
2023-07-07 12:00:04.582 [info] > git rev-parse --show-toplevel [6ms]
2023-07-07 12:00:04.582 [info] > git config --get commit.template [19ms]
2023-07-07 12:00:04.582 [info] > git rev-parse --show-toplevel [29ms]
2023-07-07 12:00:04.582 [info] > git for-each-ref --format=%(refname)%00%(upstream:short)%00%(objectname)%00%(upstream:track)%00%(upstream:remotename)%00%(upstream:remoteref) refs/heads/main refs/remotes/main [8ms]
2023-07-07 12:00:04.582 [info] > git rev-parse --show-toplevel [21ms]
2023-07-07 12:00:04.582 [info] > git rev-parse --show-toplevel [8ms]
2023-07-07 12:00:04.582 [info] > git rev-parse --show-toplevel [1ms]
2023-07-07 12:00:04.582 [info] > git rev-parse --show-toplevel [2ms]
2023-07-07 12:00:04.582 [info] > git rev-parse --show-toplevel [1ms]
2023-07-07 12:00:04.582 [info] > git rev-parse --show-toplevel [1ms]
2023-07-07 12:00:04.582 [info] > git status -z -uall [102ms]
2023-07-07 12:00:04.582 [info] > git rev-parse --show-toplevel [62ms]
2023-07-07 12:00:04.582 [info] > git rev-parse --show-toplevel [19ms]
2023-07-07 12:00:04.582 [info] > git config --get commit.template [4ms]
2023-07-07 12:00:04.613 [info] > git for-each-ref --format=%(refname)%00%(upstream:short)%00%(objectname)%00%(upstream:track)%00%(upstream:remotename)%00%(upstream:remoteref) refs/heads/main refs/remotes/main [22ms]
2023-07-07 12:00:04.708 [info] > git status -z -uall [86ms]
2023-07-07 12:00:05.103 [info] > git check-ignore -v -z --stdin [2ms]
2023-07-07 12:00:06.490 [info] > git show --textconv :TEMPLATES_DIR/includes/nav.html [7ms]
2023-07-07 12:00:06.491 [info] > git ls-files --stage -- /workspace/Afrik-kitchen/TEMPLATES_DIR/includes/nav.html [2ms]
2023-07-07 12:00:06.497 [info] > git cat-file -s b3ee0abe6a7cfaac1740c48fab7976883d4de1c4 [1ms]
2023-07-07 12:00:07.811 [info] > git config --local branch.main.github-pr-owner-number [1ms]
2023-07-07 12:00:07.819 [info] > git config --get commit.template [1ms]
2023-07-07 12:00:07.825 [info] > git for-each-ref --format=%(refname)%00%(upstream:short)%00%(objectname)%00%(upstream:track)%00%(upstream:remotename)%00%(upstream:remoteref) refs/heads/main refs/remotes/main [1ms]
2023-07-07 12:00:07.907 [info] > git status -z -uall [77ms]
2023-07-07 12:00:08.763 [info] > git check-ignore -v -z --stdin [1ms]
2023-07-07 12:05:07.009 [info] > git config --local branch.main.github-pr-owner-number [2ms]
2023-07-07 12:05:07.025 [info] > git config --get commit.template [10ms]
2023-07-07 12:05:07.026 [info] > git for-each-ref --format=%(refname)%00%(upstream:short)%00%(objectname)%00%(upstream:track)%00%(upstream:remotename)%00%(upstream:remoteref) refs/heads/main refs/remotes/main [2ms]
2023-07-07 12:05:07.118 [info] > git status -z -uall [82ms]
