2023-07-11 19:02:07.012 [info] Test server listening.
2023-07-11 19:02:07.033 [info] > conda info --json
2023-07-11 19:02:07.038 [info] Python interpreter path: ~/.pyenv/versions/3.8.11/bin/python
2023-07-11 19:02:07.061 [info] Found: /bin/python3 --> /bin/python3.10
2023-07-11 19:02:07.063 [info] Found: /bin/python3.10 --> /bin/python3.10
2023-07-11 19:02:07.123 [info] Found: /usr/bin/python3 --> /usr/bin/python3.10
2023-07-11 19:02:07.123 [info] Found: /usr/bin/python3.10 --> /usr/bin/python3.10
2023-07-11 19:02:07.136 [info] > ~/.pyenv/versions/3.8.11/bin/python -I /workspace/.vscode-remote/extensions/ms-python.python-2023.12.0-universal/pythonFiles/get_output_via_markers.py /workspace/.vscode-remote/extensions/ms-python.python-2023.12.0-universal/pythonFiles/interpreterInfo.py
2023-07-11 19:02:07.666 [info] > /bin/python3 -I /workspace/.vscode-remote/extensions/ms-python.python-2023.12.0-universal/pythonFiles/get_output_via_markers.py /workspace/.vscode-remote/extensions/ms-python.python-2023.12.0-universal/pythonFiles/interpreterInfo.py
2023-07-11 19:02:07.731 [info] > /usr/bin/python3 -I /workspace/.vscode-remote/extensions/ms-python.python-2023.12.0-universal/pythonFiles/get_output_via_markers.py /workspace/.vscode-remote/extensions/ms-python.python-2023.12.0-universal/pythonFiles/interpreterInfo.py
2023-07-11 19:02:09.728 [info] > ~/.pyenv/versions/3.8.11/bin/python /workspace/.vscode-remote/extensions/ms-python.python-2023.12.0-universal/pythonFiles/linter.py -m pycodestyle ./view_menu/views.py
2023-07-11 19:02:09.728 [info] cwd: .
2023-07-11 19:02:09.843 [info] ##########Linting Output - pycodestyle##########

2023-07-11 19:02:09.843 [info] 12,51,W,W291:trailing whitespace
27,80,E,E501:line too long (103 > 79 characters)
32,1,E,E303:too many blank lines (3)
51,1,E,E305:expected 2 blank lines after class or function definition, found 1
52,1,E,E302:expected 2 blank lines, found 0
52,77,W,W291:trailing whitespace
81,1,W,W293:blank line contains whitespace
84,17,E,E128:continuation line under-indented for visual indent
84,29,E,E231:missing whitespace after ':'
87,1,W,W293:blank line contains whitespace
105,1,E,E302:expected 2 blank lines, found 1
108,14,E,E111:indentation is not a multiple of 4
108,14,E,E117:over-indented
112,1,W,W293:blank line contains whitespace
116,1,W,W293:blank line contains whitespace
117,1,W,W391:blank line at end of file

2023-07-11 19:02:09.860 [info] Starting Jedi language server for Afrik-kitchen.
2023-07-11 19:16:30.908 [info] > ~/.pyenv/versions/3.8.11/bin/python /workspace/.vscode-remote/extensions/ms-python.python-2023.12.0-universal/pythonFiles/linter.py -m pycodestyle ./view_menu/urls.py
2023-07-11 19:16:30.908 [info] cwd: .
2023-07-11 19:16:31.008 [info] ##########Linting Output - pycodestyle##########

2023-07-11 19:16:31.008 [info] 9,1,E,E303:too many blank lines (3)
12,44,W,W291:trailing whitespace
20,1,W,W293:blank line contains whitespace
24,1,W,W391:blank line at end of file

2023-07-11 19:20:21.280 [info] > ~/.pyenv/versions/3.8.11/bin/python /workspace/.vscode-remote/extensions/ms-python.python-2023.12.0-universal/pythonFiles/linter.py -m pycodestyle ./view_menu/urls.py
2023-07-11 19:20:21.280 [info] cwd: .
2023-07-11 19:20:21.364 [info] ##########Linting Output - pycodestyle##########

2023-07-11 19:20:21.364 [info] 9,1,E,E303:too many blank lines (3)
12,44,W,W291:trailing whitespace
18,80,E,E501:line too long (83 > 79 characters)
20,1,W,W293:blank line contains whitespace
25,1,E,E402:module level import not at top of file
26,1,E,E402:module level import not at top of file
30,80,E,E501:line too long (83 > 79 characters)

2023-07-11 19:20:21.501 [info] Discover tests for workspace name: Afrik-kitchen - uri: /workspace/Afrik-kitchen/view_menu/urls.py
2023-07-11 19:20:34.320 [info] > ~/.pyenv/versions/3.8.11/bin/python /workspace/.vscode-remote/extensions/ms-python.python-2023.12.0-universal/pythonFiles/linter.py -m pycodestyle ./view_menu/urls.py
2023-07-11 19:20:34.320 [info] cwd: .
2023-07-11 19:20:34.414 [info] ##########Linting Output - pycodestyle##########

2023-07-11 19:20:34.414 [info] 9,1,E,E303:too many blank lines (3)
12,44,W,W291:trailing whitespace
18,80,E,E501:line too long (83 > 79 characters)
20,1,W,W293:blank line contains whitespace
25,1,W,W391:blank line at end of file

2023-07-11 19:20:34.533 [info] Discover tests for workspace name: Afrik-kitchen - uri: /workspace/Afrik-kitchen/view_menu/urls.py
2023-07-11 19:20:39.463 [info] > ~/.pyenv/versions/3.8.11/bin/python /workspace/.vscode-remote/extensions/ms-python.python-2023.12.0-universal/pythonFiles/linter.py -m pycodestyle ./view_menu/views.py
2023-07-11 19:20:39.463 [info] cwd: .
2023-07-11 19:20:39.557 [info] ##########Linting Output - pycodestyle##########

2023-07-11 19:20:39.557 [info] 12,51,W,W291:trailing whitespace
27,80,E,E501:line too long (103 > 79 characters)
32,1,E,E303:too many blank lines (3)
51,1,E,E305:expected 2 blank lines after class or function definition, found 1
52,1,E,E302:expected 2 blank lines, found 0
52,77,W,W291:trailing whitespace
81,1,W,W293:blank line contains whitespace
84,17,E,E128:continuation line under-indented for visual indent
84,29,E,E231:missing whitespace after ':'
87,1,W,W293:blank line contains whitespace
109,1,W,W293:blank line contains whitespace
110,1,W,W391:blank line at end of file

2023-07-11 19:20:39.661 [info] Discover tests for workspace name: Afrik-kitchen - uri: /workspace/Afrik-kitchen/view_menu/views.py
2023-07-11 19:29:33.859 [info] > ~/.pyenv/versions/3.8.11/bin/python /workspace/.vscode-remote/extensions/ms-python.python-2023.12.0-universal/pythonFiles/linter.py -m pycodestyle ./view_menu/urls.py
2023-07-11 19:29:33.859 [info] cwd: .
2023-07-11 19:29:33.937 [info] ##########Linting Output - pycodestyle##########

2023-07-11 19:29:33.937 [info] 9,1,E,E303:too many blank lines (3)
12,44,W,W291:trailing whitespace
18,80,E,E501:line too long (121 > 79 characters)
20,1,W,W293:blank line contains whitespace
25,1,W,W391:blank line at end of file

2023-07-11 19:29:34.085 [info] Discover tests for workspace name: Afrik-kitchen - uri: /workspace/Afrik-kitchen/view_menu/urls.py
2023-07-11 19:31:28.064 [info] > ~/.pyenv/versions/3.8.11/bin/python /workspace/.vscode-remote/extensions/ms-python.python-2023.12.0-universal/pythonFiles/linter.py -m pycodestyle ./view_menu/urls.py
2023-07-11 19:31:28.064 [info] cwd: .
2023-07-11 19:31:28.151 [info] ##########Linting Output - pycodestyle##########

2023-07-11 19:31:28.151 [info] 10,1,E,E303:too many blank lines (3)
13,44,W,W291:trailing whitespace
19,80,E,E501:line too long (121 > 79 characters)
21,1,W,W293:blank line contains whitespace
26,1,W,W391:blank line at end of file

2023-07-11 19:31:28.225 [info] Discover tests for workspace name: Afrik-kitchen - uri: /workspace/Afrik-kitchen/view_menu/urls.py
2023-07-11 19:32:56.140 [info] > ~/.pyenv/versions/3.8.11/bin/python /workspace/.vscode-remote/extensions/ms-python.python-2023.12.0-universal/pythonFiles/linter.py -m pycodestyle ./view_menu/urls.py
2023-07-11 19:32:56.140 [info] cwd: .
2023-07-11 19:32:56.232 [info] ##########Linting Output - pycodestyle##########

2023-07-11 19:32:56.232 [info] 10,1,E,E303:too many blank lines (3)
13,44,W,W291:trailing whitespace
19,80,E,E501:line too long (99 > 79 characters)
21,1,W,W293:blank line contains whitespace
26,1,W,W391:blank line at end of file

2023-07-11 19:32:56.376 [info] Discover tests for workspace name: Afrik-kitchen - uri: /workspace/Afrik-kitchen/view_menu/urls.py
2023-07-11 19:34:40.455 [info] Discover tests for workspace name: Afrik-kitchen - uri: /workspace/Afrik-kitchen/view_menu/urls.py
2023-07-11 19:34:40.821 [info] > ~/.pyenv/versions/3.8.11/bin/python /workspace/.vscode-remote/extensions/ms-python.python-2023.12.0-universal/pythonFiles/linter.py -m pycodestyle ./view_menu/urls.py
2023-07-11 19:34:40.821 [info] cwd: .
2023-07-11 19:34:40.933 [info] ##########Linting Output - pycodestyle##########

2023-07-11 19:34:40.933 [info] 10,1,E,E303:too many blank lines (3)
13,44,W,W291:trailing whitespace
19,80,E,E501:line too long (94 > 79 characters)
21,1,W,W293:blank line contains whitespace
26,1,W,W391:blank line at end of file

2023-07-11 19:38:01.894 [info] > ~/.pyenv/versions/3.8.11/bin/python /workspace/.vscode-remote/extensions/ms-python.python-2023.12.0-universal/pythonFiles/linter.py -m pycodestyle ./view_menu/urls.py
2023-07-11 19:38:01.894 [info] cwd: .
2023-07-11 19:38:01.971 [info] ##########Linting Output - pycodestyle##########

2023-07-11 19:38:01.971 [info] 10,1,E,E303:too many blank lines (3)
13,44,W,W291:trailing whitespace
19,80,E,E501:line too long (117 > 79 characters)
21,1,W,W293:blank line contains whitespace
26,1,W,W391:blank line at end of file

2023-07-11 19:38:02.098 [info] Discover tests for workspace name: Afrik-kitchen - uri: /workspace/Afrik-kitchen/view_menu/urls.py
2023-07-11 19:40:56.056 [info] > ~/.pyenv/versions/3.8.11/bin/python /workspace/.vscode-remote/extensions/ms-python.python-2023.12.0-universal/pythonFiles/linter.py -m pycodestyle ./view_menu/urls.py
2023-07-11 19:40:56.056 [info] cwd: .
2023-07-11 19:40:56.144 [info] ##########Linting Output - pycodestyle##########

2023-07-11 19:40:56.144 [info] 10,1,E,E303:too many blank lines (3)
13,44,W,W291:trailing whitespace
19,80,E,E501:line too long (117 > 79 characters)
20,80,E,E501:line too long (117 > 79 characters)
22,1,W,W293:blank line contains whitespace
27,1,W,W391:blank line at end of file

2023-07-11 19:40:56.265 [info] Discover tests for workspace name: Afrik-kitchen - uri: /workspace/Afrik-kitchen/view_menu/urls.py
2023-07-11 19:46:29.438 [info] > ~/.pyenv/versions/3.8.11/bin/python /workspace/.vscode-remote/extensions/ms-python.python-2023.12.0-universal/pythonFiles/linter.py -m pycodestyle ./view_menu/urls.py
2023-07-11 19:46:29.438 [info] cwd: .
2023-07-11 19:46:29.528 [info] ##########Linting Output - pycodestyle##########

2023-07-11 19:46:29.528 [info] 10,1,E,E303:too many blank lines (3)
13,44,W,W291:trailing whitespace
19,80,E,E501:line too long (117 > 79 characters)
20,80,E,E501:line too long (117 > 79 characters)
22,1,W,W293:blank line contains whitespace
27,1,W,W391:blank line at end of file

2023-07-11 19:46:29.661 [info] Discover tests for workspace name: Afrik-kitchen - uri: /workspace/Afrik-kitchen/view_menu/urls.py
2023-07-11 20:00:01.332 [info] > ~/.pyenv/versions/3.8.11/bin/python /workspace/.vscode-remote/extensions/ms-python.python-2023.12.0-universal/pythonFiles/linter.py -m pycodestyle ./view_menu/urls.py
2023-07-11 20:00:01.332 [info] cwd: .
2023-07-11 20:00:01.419 [info] ##########Linting Output - pycodestyle##########

2023-07-11 20:00:01.419 [info] 10,1,E,E303:too many blank lines (3)
13,44,W,W291:trailing whitespace
19,80,E,E501:line too long (117 > 79 characters)
20,1,W,W293:blank line contains whitespace
22,1,W,W293:blank line contains whitespace
27,1,W,W391:blank line at end of file

2023-07-11 20:00:01.550 [info] Discover tests for workspace name: Afrik-kitchen - uri: /workspace/Afrik-kitchen/view_menu/urls.py
2023-07-11 20:00:27.936 [info] > ~/.pyenv/versions/3.8.11/bin/python /workspace/.vscode-remote/extensions/ms-python.python-2023.12.0-universal/pythonFiles/linter.py -m pycodestyle ./afrik_kitchen/urls.py
2023-07-11 20:00:27.936 [info] cwd: .
2023-07-11 20:00:28.037 [info] ##########Linting Output - pycodestyle##########

2023-07-11 20:00:28.038 [info] 37,1,E,E303:too many blank lines (3)
45,80,E,E501:line too long (83 > 79 characters)
47,80,E,E501:line too long (82 > 79 characters)
52,1,W,W293:blank line contains whitespace
54,1,W,W293:blank line contains whitespace
69,5,E,E265:block comment should start with '# '
71,1,W,W293:blank line contains whitespace
74,4,E,E131:continuation line unaligned for hanging indent

2023-07-11 20:01:22.236 [info] > ~/.pyenv/versions/3.8.11/bin/python /workspace/.vscode-remote/extensions/ms-python.python-2023.12.0-universal/pythonFiles/linter.py -m pycodestyle ./afrik_kitchen/urls.py
2023-07-11 20:01:22.237 [info] cwd: .
2023-07-11 20:01:22.319 [info] ##########Linting Output - pycodestyle##########

2023-07-11 20:01:22.319 [info] 37,1,E,E303:too many blank lines (3)
45,80,E,E501:line too long (83 > 79 characters)
47,80,E,E501:line too long (82 > 79 characters)
52,1,W,W293:blank line contains whitespace
54,1,W,W293:blank line contains whitespace
70,5,E,E265:block comment should start with '# '
72,1,W,W293:blank line contains whitespace
75,4,E,E131:continuation line unaligned for hanging indent
76,80,E,E501:line too long (117 > 79 characters)

2023-07-11 20:01:22.461 [info] Discover tests for workspace name: Afrik-kitchen - uri: /workspace/Afrik-kitchen/afrik_kitchen/urls.py
2023-07-11 20:12:47.514 [info] > ~/.pyenv/versions/3.8.11/bin/python /workspace/.vscode-remote/extensions/ms-python.python-2023.12.0-universal/pythonFiles/linter.py -m pycodestyle ./afrik_kitchen/urls.py
2023-07-11 20:12:47.514 [info] cwd: .
2023-07-11 20:12:47.654 [info] ##########Linting Output - pycodestyle##########

2023-07-11 20:12:47.654 [info] 37,1,E,E303:too many blank lines (3)
45,80,E,E501:line too long (83 > 79 characters)
47,80,E,E501:line too long (82 > 79 characters)
52,1,W,W293:blank line contains whitespace
54,1,W,W293:blank line contains whitespace
70,5,E,E265:block comment should start with '# '
72,1,W,W293:blank line contains whitespace
75,4,E,E131:continuation line unaligned for hanging indent
76,80,E,E501:line too long (117 > 79 characters)
86,1,W,W391:blank line at end of file

2023-07-11 20:12:47.725 [info] Discover tests for workspace name: Afrik-kitchen - uri: /workspace/Afrik-kitchen/afrik_kitchen/urls.py
