2023-07-11 10:48:21.987 [info] Log level: Info
2023-07-11 10:48:21.987 [info] Validating found git in: "git"
2023-07-11 10:48:21.987 [info] Using git "2.40.0" from "git"
2023-07-11 10:48:21.987 [info] > git rev-parse --show-toplevel [11ms]
2023-07-11 10:48:21.987 [info] > git rev-parse --git-dir --git-common-dir [4ms]
2023-07-11 10:48:21.987 [info] Open repository: /workspace/Afrik-kitchen
2023-07-11 10:48:21.987 [info] > git config --get commit.template [5ms]
2023-07-11 10:48:21.987 [info] > git rev-parse --show-toplevel [12ms]
2023-07-11 10:48:21.987 [info] > git for-each-ref --format=%(refname)%00%(upstream:short)%00%(objectname)%00%(upstream:track)%00%(upstream:remotename)%00%(upstream:remoteref) refs/heads/main refs/remotes/main [2ms]
2023-07-11 10:48:21.987 [info] > git rev-parse --show-toplevel [16ms]
2023-07-11 10:48:21.987 [info] > git rev-parse --show-toplevel [2ms]
2023-07-11 10:48:21.987 [info] > git rev-parse --show-toplevel [9ms]
2023-07-11 10:48:21.988 [info] > git rev-parse --show-toplevel [3ms]
2023-07-11 10:48:21.988 [info] > git rev-parse --show-toplevel [2ms]
2023-07-11 10:48:21.988 [info] > git status -z -uall [92ms]
2023-07-11 10:48:21.988 [info] > git rev-parse --show-toplevel [43ms]
2023-07-11 10:48:21.988 [info] > git rev-parse --show-toplevel [19ms]
2023-07-11 10:48:21.988 [info] > git config --get commit.template [6ms]
2023-07-11 10:48:21.988 [info] > git rev-parse --show-toplevel [30ms]
2023-07-11 10:48:21.988 [info] > git rev-parse --show-toplevel [26ms]
2023-07-11 10:48:21.988 [info] > git for-each-ref --format=%(refname)%00%(upstream:short)%00%(objectname)%00%(upstream:track)%00%(upstream:remotename)%00%(upstream:remoteref) refs/heads/main refs/remotes/main [11ms]
2023-07-11 10:48:21.988 [info] > git rev-parse --show-toplevel [9ms]
2023-07-11 10:48:22.041 [info] > git status -z -uall [84ms]
2023-07-11 10:48:22.505 [info] > git check-ignore -v -z --stdin [2ms]
2023-07-11 10:48:23.106 [info] > git log --format=%H%n%aN%n%aE%n%at%n%ct%n%P%n%D%n%B -z -n120 -- /workspace/Afrik-kitchen/home/templates/home/index.html [20ms]
2023-07-11 10:48:23.164 [info] > git show --textconv :home/templates/home/index.html [15ms]
2023-07-11 10:48:23.165 [info] > git ls-files --stage -- /workspace/Afrik-kitchen/home/templates/home/index.html [5ms]
2023-07-11 10:48:23.183 [info] > git cat-file -s 773aa8e74f23113229e9c3df50512bba4ae19e60 [8ms]
2023-07-11 10:48:23.675 [info] > git config --local branch.main.github-pr-owner-number [12ms]
2023-07-11 10:48:23.692 [info] > git config --get commit.template [7ms]
2023-07-11 10:48:23.703 [info] > git for-each-ref --format=%(refname)%00%(upstream:short)%00%(objectname)%00%(upstream:track)%00%(upstream:remotename)%00%(upstream:remoteref) refs/heads/main refs/remotes/main [2ms]
2023-07-11 10:48:23.812 [info] > git status -z -uall [100ms]
2023-07-11 10:48:24.392 [info] > git check-ignore -v -z --stdin [3ms]
2023-07-11 10:48:33.374 [info] > git check-ignore -v -z --stdin [2ms]
2023-07-11 10:48:39.513 [info] > git check-ignore -v -z --stdin [2ms]
2023-07-11 10:48:47.289 [info] > git check-ignore -v -z --stdin [2ms]
2023-07-11 10:49:29.861 [info] > git check-ignore -v -z --stdin [2ms]
2023-07-11 10:49:30.614 [info] > git log --format=%H%n%aN%n%aE%n%at%n%ct%n%P%n%D%n%B -z -n120 -- /workspace/Afrik-kitchen/TEMPLATES_DIR/includes/nav.html [24ms]
2023-07-11 10:49:31.072 [info] > git show --textconv :TEMPLATES_DIR/includes/nav.html [37ms]
2023-07-11 10:49:31.073 [info] > git ls-files --stage -- /workspace/Afrik-kitchen/TEMPLATES_DIR/includes/nav.html [4ms]
2023-07-11 10:49:31.089 [info] > git cat-file -s fe75222ac082eb782e5d4993f0666192ddddeff2 [2ms]
2023-07-11 10:50:20.771 [info] > git config --get commit.template [10ms]
2023-07-11 10:50:20.771 [info] > git for-each-ref --format=%(refname)%00%(upstream:short)%00%(objectname)%00%(upstream:track)%00%(upstream:remotename)%00%(upstream:remoteref) refs/heads/main refs/remotes/main [2ms]
2023-07-11 10:50:20.872 [info] > git status -z -uall [90ms]
2023-07-11 10:53:23.591 [info] > git config --local branch.main.github-pr-owner-number [1ms]
2023-07-11 10:53:23.613 [info] > git config --get commit.template [11ms]
2023-07-11 10:53:23.613 [info] > git for-each-ref --format=%(refname)%00%(upstream:short)%00%(objectname)%00%(upstream:track)%00%(upstream:remotename)%00%(upstream:remoteref) refs/heads/main refs/remotes/main [1ms]
2023-07-11 10:53:23.699 [info] > git status -z -uall [75ms]
2023-07-11 10:53:32.808 [info] > git config --get commit.template [12ms]
2023-07-11 10:53:32.808 [info] > git for-each-ref --format=%(refname)%00%(upstream:short)%00%(objectname)%00%(upstream:track)%00%(upstream:remotename)%00%(upstream:remoteref) refs/heads/main refs/remotes/main [2ms]
2023-07-11 10:53:32.896 [info] > git status -z -uall [77ms]
2023-07-11 10:58:23.714 [info] > git config --local branch.main.github-pr-owner-number [1ms]
2023-07-11 10:58:23.733 [info] > git config --get commit.template [10ms]
2023-07-11 10:58:23.734 [info] > git for-each-ref --format=%(refname)%00%(upstream:short)%00%(objectname)%00%(upstream:track)%00%(upstream:remotename)%00%(upstream:remoteref) refs/heads/main refs/remotes/main [1ms]
2023-07-11 10:58:23.811 [info] > git status -z -uall [69ms]
2023-07-11 10:58:25.744 [info] > git config --get commit.template [9ms]
2023-07-11 10:58:25.744 [info] > git for-each-ref --format=%(refname)%00%(upstream:short)%00%(objectname)%00%(upstream:track)%00%(upstream:remotename)%00%(upstream:remoteref) refs/heads/main refs/remotes/main [1ms]
2023-07-11 10:58:25.822 [info] > git status -z -uall [71ms]
2023-07-11 10:59:19.427 [info] > git config --get commit.template [10ms]
2023-07-11 10:59:19.427 [info] > git for-each-ref --format=%(refname)%00%(upstream:short)%00%(objectname)%00%(upstream:track)%00%(upstream:remotename)%00%(upstream:remoteref) refs/heads/main refs/remotes/main [1ms]
2023-07-11 10:59:19.512 [info] > git status -z -uall [76ms]
2023-07-11 11:03:23.828 [info] > git config --local branch.main.github-pr-owner-number [1ms]
2023-07-11 11:03:23.846 [info] > git config --get commit.template [9ms]
2023-07-11 11:03:23.848 [info] > git for-each-ref --format=%(refname)%00%(upstream:short)%00%(objectname)%00%(upstream:track)%00%(upstream:remotename)%00%(upstream:remoteref) refs/heads/main refs/remotes/main [1ms]
2023-07-11 11:03:23.944 [info] > git status -z -uall [88ms]
2023-07-11 11:08:23.955 [info] > git config --local branch.main.github-pr-owner-number [1ms]
2023-07-11 11:08:23.966 [info] > git config --get commit.template [5ms]
2023-07-11 11:08:23.967 [info] > git for-each-ref --format=%(refname)%00%(upstream:short)%00%(objectname)%00%(upstream:track)%00%(upstream:remotename)%00%(upstream:remoteref) refs/heads/main refs/remotes/main [1ms]
2023-07-11 11:08:24.062 [info] > git status -z -uall [88ms]
2023-07-11 11:12:03.503 [info] > git config --get commit.template [14ms]
2023-07-11 11:12:03.504 [info] > git for-each-ref --format=%(refname)%00%(upstream:short)%00%(objectname)%00%(upstream:track)%00%(upstream:remotename)%00%(upstream:remoteref) refs/heads/main refs/remotes/main [2ms]
2023-07-11 11:12:03.639 [info] > git status -z -uall [123ms]
2023-07-11 11:13:24.077 [info] > git config --local branch.main.github-pr-owner-number [1ms]
2023-07-11 11:13:24.100 [info] > git config --get commit.template [12ms]
2023-07-11 11:13:24.101 [info] > git for-each-ref --format=%(refname)%00%(upstream:short)%00%(objectname)%00%(upstream:track)%00%(upstream:remotename)%00%(upstream:remoteref) refs/heads/main refs/remotes/main [1ms]
2023-07-11 11:13:24.198 [info] > git status -z -uall [86ms]
2023-07-11 11:18:24.212 [info] > git config --local branch.main.github-pr-owner-number [3ms]
2023-07-11 11:18:24.228 [info] > git config --get commit.template [7ms]
2023-07-11 11:18:24.232 [info] > git for-each-ref --format=%(refname)%00%(upstream:short)%00%(objectname)%00%(upstream:track)%00%(upstream:remotename)%00%(upstream:remoteref) refs/heads/main refs/remotes/main [3ms]
2023-07-11 11:18:24.441 [info] > git status -z -uall [203ms]
2023-07-11 11:23:24.453 [info] > git config --local branch.main.github-pr-owner-number [1ms]
2023-07-11 11:23:24.465 [info] > git config --get commit.template [6ms]
2023-07-11 11:23:24.466 [info] > git for-each-ref --format=%(refname)%00%(upstream:short)%00%(objectname)%00%(upstream:track)%00%(upstream:remotename)%00%(upstream:remoteref) refs/heads/main refs/remotes/main [1ms]
2023-07-11 11:23:24.540 [info] > git status -z -uall [69ms]
2023-07-11 11:28:24.553 [info] > git config --local branch.main.github-pr-owner-number [1ms]
2023-07-11 11:28:24.579 [info] > git config --get commit.template [17ms]
2023-07-11 11:28:24.580 [info] > git for-each-ref --format=%(refname)%00%(upstream:short)%00%(objectname)%00%(upstream:track)%00%(upstream:remotename)%00%(upstream:remoteref) refs/heads/main refs/remotes/main [3ms]
2023-07-11 11:28:24.673 [info] > git status -z -uall [80ms]
2023-07-11 11:33:24.688 [info] > git config --local branch.main.github-pr-owner-number [1ms]
2023-07-11 11:33:24.711 [info] > git config --get commit.template [11ms]
2023-07-11 11:33:24.712 [info] > git for-each-ref --format=%(refname)%00%(upstream:short)%00%(objectname)%00%(upstream:track)%00%(upstream:remotename)%00%(upstream:remoteref) refs/heads/main refs/remotes/main [2ms]
2023-07-11 11:33:24.805 [info] > git status -z -uall [85ms]
2023-07-11 11:38:24.817 [info] > git config --local branch.main.github-pr-owner-number [1ms]
2023-07-11 11:38:24.838 [info] > git for-each-ref --format=%(refname)%00%(upstream:short)%00%(objectname)%00%(upstream:track)%00%(upstream:remotename)%00%(upstream:remoteref) refs/heads/main refs/remotes/main [1ms]
2023-07-11 11:38:24.838 [info] > git config --get commit.template [12ms]
2023-07-11 11:38:24.916 [info] > git status -z -uall [70ms]
