2023-07-11 12:23:09.100 [info] Log level: Info
2023-07-11 12:23:09.101 [info] Validating found git in: "git"
2023-07-11 12:23:09.101 [info] Using git "2.40.0" from "git"
2023-07-11 12:23:09.101 [info] > git rev-parse --show-toplevel [8ms]
2023-07-11 12:23:09.101 [info] > git rev-parse --git-dir --git-common-dir [2ms]
2023-07-11 12:23:09.101 [info] Open repository: /workspace/Afrik-kitchen
2023-07-11 12:23:09.101 [info] > git rev-parse --show-toplevel [44ms]
2023-07-11 12:23:09.101 [info] > git rev-parse --show-toplevel [7ms]
2023-07-11 12:23:09.101 [info] > git config --get commit.template [79ms]
2023-07-11 12:23:09.101 [info] > git rev-parse --show-toplevel [3ms]
2023-07-11 12:23:09.101 [info] > git for-each-ref --format=%(refname)%00%(upstream:short)%00%(objectname)%00%(upstream:track)%00%(upstream:remotename)%00%(upstream:remoteref) refs/heads/main refs/remotes/main [6ms]
2023-07-11 12:23:09.101 [info] > git rev-parse --show-toplevel [32ms]
2023-07-11 12:23:09.101 [info] > git rev-parse --show-toplevel [51ms]
2023-07-11 12:23:09.101 [info] > git status -z -uall [84ms]
2023-07-11 12:23:09.101 [info] > git rev-parse --show-toplevel [8ms]
2023-07-11 12:23:09.101 [info] > git rev-parse --show-toplevel [25ms]
2023-07-11 12:23:09.101 [info] > git rev-parse --show-toplevel [5ms]
2023-07-11 12:23:09.101 [info] > git config --get commit.template [31ms]
2023-07-11 12:23:09.101 [info] > git rev-parse --show-toplevel [10ms]
2023-07-11 12:23:09.101 [info] > git for-each-ref --format=%(refname)%00%(upstream:short)%00%(objectname)%00%(upstream:track)%00%(upstream:remotename)%00%(upstream:remoteref) refs/heads/main refs/remotes/main [9ms]
2023-07-11 12:23:09.101 [info] > git rev-parse --show-toplevel [9ms]
2023-07-11 12:23:09.101 [info] > git rev-parse --show-toplevel [4ms]
2023-07-11 12:23:09.101 [info] > git rev-parse --show-toplevel [11ms]
2023-07-11 12:23:09.101 [info] > git status -z -uall [93ms]
2023-07-11 12:23:09.665 [info] > git check-ignore -v -z --stdin [2ms]
2023-07-11 12:23:09.691 [info] > git log --format=%H%n%aN%n%aE%n%at%n%ct%n%P%n%D%n%B -z -n120 -- /workspace/Afrik-kitchen/TEMPLATES_DIR/includes/nav.html [5ms]
2023-07-11 12:23:09.837 [info] > git show --textconv :TEMPLATES_DIR/includes/nav.html [8ms]
2023-07-11 12:23:09.838 [info] > git ls-files --stage -- /workspace/Afrik-kitchen/TEMPLATES_DIR/includes/nav.html [2ms]
2023-07-11 12:23:09.851 [info] > git cat-file -s fe75222ac082eb782e5d4993f0666192ddddeff2 [2ms]
2023-07-11 12:23:10.234 [info] > git config --local branch.main.github-pr-owner-number [1ms]
2023-07-11 12:23:10.249 [info] > git config --get commit.template [3ms]
2023-07-11 12:23:10.310 [info] > git for-each-ref --format=%(refname)%00%(upstream:short)%00%(objectname)%00%(upstream:track)%00%(upstream:remotename)%00%(upstream:remoteref) refs/heads/main refs/remotes/main [3ms]
2023-07-11 12:23:10.516 [info] > git status -z -uall [191ms]
2023-07-11 12:23:10.927 [info] > git check-ignore -v -z --stdin [1ms]
2023-07-11 12:25:27.504 [info] > git config --get commit.template [14ms]
2023-07-11 12:25:27.504 [info] > git for-each-ref --format=%(refname)%00%(upstream:short)%00%(objectname)%00%(upstream:track)%00%(upstream:remotename)%00%(upstream:remoteref) refs/heads/main refs/remotes/main [2ms]
2023-07-11 12:25:27.619 [info] > git status -z -uall [104ms]
2023-07-11 12:28:10.159 [info] > git config --local branch.main.github-pr-owner-number [1ms]
2023-07-11 12:28:10.179 [info] > git config --get commit.template [8ms]
2023-07-11 12:28:10.179 [info] > git for-each-ref --format=%(refname)%00%(upstream:short)%00%(objectname)%00%(upstream:track)%00%(upstream:remotename)%00%(upstream:remoteref) refs/heads/main refs/remotes/main [1ms]
2023-07-11 12:28:10.258 [info] > git status -z -uall [73ms]
2023-07-11 12:28:24.037 [info] > git config --get commit.template [8ms]
2023-07-11 12:28:24.038 [info] > git for-each-ref --format=%(refname)%00%(upstream:short)%00%(objectname)%00%(upstream:track)%00%(upstream:remotename)%00%(upstream:remoteref) refs/heads/main refs/remotes/main [1ms]
2023-07-11 12:28:24.124 [info] > git status -z -uall [76ms]
2023-07-11 12:31:17.685 [info] > git for-each-ref --format=%(refname)%00%(upstream:short)%00%(objectname)%00%(upstream:track)%00%(upstream:remotename)%00%(upstream:remoteref) refs/heads/main refs/remotes/main [2ms]
2023-07-11 12:31:17.685 [info] > git config --get commit.template [10ms]
2023-07-11 12:31:17.839 [info] > git status -z -uall [142ms]
2023-07-11 12:31:58.298 [info] > git config --get commit.template [6ms]
2023-07-11 12:31:58.299 [info] > git for-each-ref --format=%(refname)%00%(upstream:short)%00%(objectname)%00%(upstream:track)%00%(upstream:remotename)%00%(upstream:remoteref) refs/heads/main refs/remotes/main [2ms]
2023-07-11 12:31:58.382 [info] > git status -z -uall [78ms]
2023-07-11 12:33:10.272 [info] > git config --local branch.main.github-pr-owner-number [1ms]
2023-07-11 12:33:10.283 [info] > git config --get commit.template [6ms]
2023-07-11 12:33:10.284 [info] > git for-each-ref --format=%(refname)%00%(upstream:short)%00%(objectname)%00%(upstream:track)%00%(upstream:remotename)%00%(upstream:remoteref) refs/heads/main refs/remotes/main [1ms]
2023-07-11 12:33:10.369 [info] > git status -z -uall [81ms]
2023-07-11 12:35:52.645 [info] > git config --get commit.template [6ms]
2023-07-11 12:35:52.646 [info] > git for-each-ref --format=%(refname)%00%(upstream:short)%00%(objectname)%00%(upstream:track)%00%(upstream:remotename)%00%(upstream:remoteref) refs/heads/main refs/remotes/main [1ms]
2023-07-11 12:35:52.726 [info] > git status -z -uall [75ms]
2023-07-11 12:36:27.314 [info] > git config --get commit.template [12ms]
2023-07-11 12:36:27.314 [info] > git for-each-ref --format=%(refname)%00%(upstream:short)%00%(objectname)%00%(upstream:track)%00%(upstream:remotename)%00%(upstream:remoteref) refs/heads/main refs/remotes/main [2ms]
2023-07-11 12:36:27.416 [info] > git status -z -uall [91ms]
2023-07-11 12:38:10.380 [info] > git config --local branch.main.github-pr-owner-number [1ms]
2023-07-11 12:38:10.391 [info] > git config --get commit.template [5ms]
2023-07-11 12:38:10.392 [info] > git for-each-ref --format=%(refname)%00%(upstream:short)%00%(objectname)%00%(upstream:track)%00%(upstream:remotename)%00%(upstream:remoteref) refs/heads/main refs/remotes/main [1ms]
2023-07-11 12:38:10.486 [info] > git status -z -uall [89ms]
2023-07-11 12:38:43.161 [info] > git config --get commit.template [11ms]
2023-07-11 12:38:43.161 [info] > git for-each-ref --format=%(refname)%00%(upstream:short)%00%(objectname)%00%(upstream:track)%00%(upstream:remotename)%00%(upstream:remoteref) refs/heads/main refs/remotes/main [1ms]
2023-07-11 12:38:43.255 [info] > git status -z -uall [87ms]
2023-07-11 12:43:10.497 [info] > git config --local branch.main.github-pr-owner-number [1ms]
2023-07-11 12:43:10.509 [info] > git config --get commit.template [6ms]
2023-07-11 12:43:10.510 [info] > git for-each-ref --format=%(refname)%00%(upstream:short)%00%(objectname)%00%(upstream:track)%00%(upstream:remotename)%00%(upstream:remoteref) refs/heads/main refs/remotes/main [2ms]
2023-07-11 12:43:10.596 [info] > git status -z -uall [81ms]
2023-07-11 12:48:10.609 [info] > git config --local branch.main.github-pr-owner-number [2ms]
2023-07-11 12:48:10.625 [info] > git config --get commit.template [6ms]
2023-07-11 12:48:10.626 [info] > git for-each-ref --format=%(refname)%00%(upstream:short)%00%(objectname)%00%(upstream:track)%00%(upstream:remotename)%00%(upstream:remoteref) refs/heads/main refs/remotes/main [1ms]
2023-07-11 12:48:10.715 [info] > git status -z -uall [82ms]
2023-07-11 12:48:52.351 [info] > git check-ignore -v -z --stdin [2ms]
2023-07-11 12:48:52.916 [info] > git check-ignore -v -z --stdin [1ms]
2023-07-11 12:48:54.391 [info] > git check-ignore -v -z --stdin [1ms]
2023-07-11 12:49:01.028 [info] > git check-ignore -v -z --stdin [1ms]
2023-07-11 12:49:08.987 [info] > git check-ignore -v -z --stdin [1ms]
2023-07-11 12:49:22.044 [info] > git check-ignore -v -z --stdin [1ms]
2023-07-11 12:49:24.232 [info] > git log --format=%H%n%aN%n%aE%n%at%n%ct%n%P%n%D%n%B -z -n120 -- /workspace/Afrik-kitchen/home/templates/home/index.html [15ms]
2023-07-11 12:49:24.480 [info] > git show --textconv :home/templates/home/index.html [11ms]
2023-07-11 12:49:24.481 [info] > git ls-files --stage -- /workspace/Afrik-kitchen/home/templates/home/index.html [1ms]
2023-07-11 12:49:24.492 [info] > git cat-file -s 773aa8e74f23113229e9c3df50512bba4ae19e60 [2ms]
2023-07-11 12:49:52.113 [info] > git config --get commit.template [7ms]
2023-07-11 12:49:52.113 [info] > git for-each-ref --format=%(refname)%00%(upstream:short)%00%(objectname)%00%(upstream:track)%00%(upstream:remotename)%00%(upstream:remoteref) refs/heads/main refs/remotes/main [1ms]
2023-07-11 12:49:52.195 [info] > git status -z -uall [76ms]
2023-07-11 12:53:10.731 [info] > git config --local branch.main.github-pr-owner-number [1ms]
2023-07-11 12:53:10.754 [info] > git config --get commit.template [12ms]
2023-07-11 12:53:10.755 [info] > git for-each-ref --format=%(refname)%00%(upstream:short)%00%(objectname)%00%(upstream:track)%00%(upstream:remotename)%00%(upstream:remoteref) refs/heads/main refs/remotes/main [2ms]
2023-07-11 12:53:10.844 [info] > git status -z -uall [77ms]
2023-07-11 12:53:49.631 [info] > git log --format=%H%n%aN%n%aE%n%at%n%ct%n%P%n%D%n%B -z -n120 -- /workspace/Afrik-kitchen/TEMPLATES_DIR/includes/nav.html [10ms]
2023-07-11 12:54:09.320 [info] > git config --get commit.template [13ms]
2023-07-11 12:54:09.320 [info] > git for-each-ref --format=%(refname)%00%(upstream:short)%00%(objectname)%00%(upstream:track)%00%(upstream:remotename)%00%(upstream:remoteref) refs/heads/main refs/remotes/main [3ms]
2023-07-11 12:54:09.488 [info] > git status -z -uall [158ms]
2023-07-11 12:56:33.078 [info] > git config --get commit.template [12ms]
2023-07-11 12:56:33.079 [info] > git for-each-ref --format=%(refname)%00%(upstream:short)%00%(objectname)%00%(upstream:track)%00%(upstream:remotename)%00%(upstream:remoteref) refs/heads/main refs/remotes/main [2ms]
2023-07-11 12:56:33.172 [info] > git status -z -uall [82ms]
2023-07-11 12:57:20.153 [info] > git config --get commit.template [12ms]
2023-07-11 12:57:20.153 [info] > git for-each-ref --format=%(refname)%00%(upstream:short)%00%(objectname)%00%(upstream:track)%00%(upstream:remotename)%00%(upstream:remoteref) refs/heads/main refs/remotes/main [1ms]
2023-07-11 12:57:20.295 [info] > git status -z -uall [127ms]
2023-07-11 12:58:10.859 [info] > git config --local branch.main.github-pr-owner-number [1ms]
2023-07-11 12:58:10.882 [info] > git config --get commit.template [12ms]
2023-07-11 12:58:10.883 [info] > git for-each-ref --format=%(refname)%00%(upstream:short)%00%(objectname)%00%(upstream:track)%00%(upstream:remotename)%00%(upstream:remoteref) refs/heads/main refs/remotes/main [2ms]
2023-07-11 12:58:10.978 [info] > git status -z -uall [83ms]
2023-07-11 12:59:18.483 [info] > git config --get commit.template [12ms]
2023-07-11 12:59:18.484 [info] > git for-each-ref --format=%(refname)%00%(upstream:short)%00%(objectname)%00%(upstream:track)%00%(upstream:remotename)%00%(upstream:remoteref) refs/heads/main refs/remotes/main [1ms]
2023-07-11 12:59:18.572 [info] > git status -z -uall [77ms]
2023-07-11 13:00:31.164 [info] > git config --get commit.template [8ms]
2023-07-11 13:00:31.165 [info] > git for-each-ref --format=%(refname)%00%(upstream:short)%00%(objectname)%00%(upstream:track)%00%(upstream:remotename)%00%(upstream:remoteref) refs/heads/main refs/remotes/main [1ms]
2023-07-11 13:00:31.286 [info] > git status -z -uall [77ms]
2023-07-11 13:02:21.210 [info] > git config --get commit.template [45ms]
2023-07-11 13:02:21.211 [info] > git for-each-ref --format=%(refname)%00%(upstream:short)%00%(objectname)%00%(upstream:track)%00%(upstream:remotename)%00%(upstream:remoteref) refs/heads/main refs/remotes/main [2ms]
2023-07-11 13:02:21.297 [info] > git status -z -uall [77ms]
2023-07-11 13:03:10.993 [info] > git config --local branch.main.github-pr-owner-number [1ms]
2023-07-11 13:03:11.015 [info] > git config --get commit.template [10ms]
2023-07-11 13:03:11.016 [info] > git for-each-ref --format=%(refname)%00%(upstream:short)%00%(objectname)%00%(upstream:track)%00%(upstream:remotename)%00%(upstream:remoteref) refs/heads/main refs/remotes/main [2ms]
2023-07-11 13:03:11.102 [info] > git status -z -uall [75ms]
2023-07-11 13:04:13.164 [info] > git config --get commit.template [13ms]
2023-07-11 13:04:13.165 [info] > git for-each-ref --format=%(refname)%00%(upstream:short)%00%(objectname)%00%(upstream:track)%00%(upstream:remotename)%00%(upstream:remoteref) refs/heads/main refs/remotes/main [1ms]
2023-07-11 13:04:13.255 [info] > git status -z -uall [80ms]
2023-07-11 13:04:52.784 [info] > git check-ignore -v -z --stdin [2ms]
2023-07-11 13:04:59.899 [info] > git config --get commit.template [12ms]
2023-07-11 13:04:59.899 [info] > git for-each-ref --format=%(refname)%00%(upstream:short)%00%(objectname)%00%(upstream:track)%00%(upstream:remotename)%00%(upstream:remoteref) refs/heads/main refs/remotes/main [1ms]
2023-07-11 13:04:59.988 [info] > git status -z -uall [77ms]
2023-07-11 13:07:10.942 [info] > git config --get commit.template [11ms]
2023-07-11 13:07:10.942 [info] > git for-each-ref --format=%(refname)%00%(upstream:short)%00%(objectname)%00%(upstream:track)%00%(upstream:remotename)%00%(upstream:remoteref) refs/heads/main refs/remotes/main [1ms]
2023-07-11 13:07:11.026 [info] > git status -z -uall [75ms]
2023-07-11 13:08:11.122 [info] > git config --local branch.main.github-pr-owner-number [2ms]
2023-07-11 13:08:11.145 [info] > git config --get commit.template [8ms]
2023-07-11 13:08:11.145 [info] > git for-each-ref --format=%(refname)%00%(upstream:short)%00%(objectname)%00%(upstream:track)%00%(upstream:remotename)%00%(upstream:remoteref) refs/heads/main refs/remotes/main [1ms]
2023-07-11 13:08:11.236 [info] > git status -z -uall [84ms]
2023-07-11 13:09:47.322 [info] > git config --get commit.template [14ms]
2023-07-11 13:09:47.323 [info] > git for-each-ref --format=%(refname)%00%(upstream:short)%00%(objectname)%00%(upstream:track)%00%(upstream:remotename)%00%(upstream:remoteref) refs/heads/main refs/remotes/main [2ms]
2023-07-11 13:09:47.430 [info] > git status -z -uall [96ms]
2023-07-11 13:10:50.629 [info] > git config --get commit.template [15ms]
2023-07-11 13:10:50.630 [info] > git for-each-ref --format=%(refname)%00%(upstream:short)%00%(objectname)%00%(upstream:track)%00%(upstream:remotename)%00%(upstream:remoteref) refs/heads/main refs/remotes/main [2ms]
2023-07-11 13:10:50.742 [info] > git status -z -uall [97ms]
2023-07-11 13:11:37.640 [info] > git config --get commit.template [13ms]
2023-07-11 13:11:37.641 [info] > git for-each-ref --format=%(refname)%00%(upstream:short)%00%(objectname)%00%(upstream:track)%00%(upstream:remotename)%00%(upstream:remoteref) refs/heads/main refs/remotes/main [2ms]
2023-07-11 13:11:37.735 [info] > git status -z -uall [83ms]
2023-07-11 13:13:11.259 [info] > git config --local branch.main.github-pr-owner-number [2ms]
2023-07-11 13:13:11.298 [info] > git config --get commit.template [17ms]
2023-07-11 13:13:11.299 [info] > git for-each-ref --format=%(refname)%00%(upstream:short)%00%(objectname)%00%(upstream:track)%00%(upstream:remotename)%00%(upstream:remoteref) refs/heads/main refs/remotes/main [2ms]
2023-07-11 13:13:11.440 [info] > git status -z -uall [124ms]
2023-07-11 13:18:11.461 [info] > git config --local branch.main.github-pr-owner-number [1ms]
2023-07-11 13:18:11.483 [info] > git config --get commit.template [9ms]
2023-07-11 13:18:11.484 [info] > git for-each-ref --format=%(refname)%00%(upstream:short)%00%(objectname)%00%(upstream:track)%00%(upstream:remotename)%00%(upstream:remoteref) refs/heads/main refs/remotes/main [1ms]
2023-07-11 13:18:11.611 [info] > git status -z -uall [118ms]
2023-07-11 13:18:44.451 [info] > git config --get commit.template [17ms]
2023-07-11 13:18:44.452 [info] > git for-each-ref --format=%(refname)%00%(upstream:short)%00%(objectname)%00%(upstream:track)%00%(upstream:remotename)%00%(upstream:remoteref) refs/heads/main refs/remotes/main [2ms]
2023-07-11 13:18:44.548 [info] > git status -z -uall [86ms]
2023-07-11 13:22:26.939 [info] > git config --get commit.template [2ms]
2023-07-11 13:22:26.956 [info] > git for-each-ref --format=%(refname)%00%(upstream:short)%00%(objectname)%00%(upstream:track)%00%(upstream:remotename)%00%(upstream:remoteref) refs/heads/main refs/remotes/main [2ms]
2023-07-11 13:22:27.061 [info] > git status -z -uall [90ms]
2023-07-11 13:23:11.628 [info] > git config --local branch.main.github-pr-owner-number [2ms]
2023-07-11 13:23:11.654 [info] > git config --get commit.template [14ms]
2023-07-11 13:23:11.655 [info] > git for-each-ref --format=%(refname)%00%(upstream:short)%00%(objectname)%00%(upstream:track)%00%(upstream:remotename)%00%(upstream:remoteref) refs/heads/main refs/remotes/main [2ms]
2023-07-11 13:23:11.753 [info] > git status -z -uall [85ms]
2023-07-11 13:28:11.771 [info] > git config --local branch.main.github-pr-owner-number [1ms]
2023-07-11 13:28:11.791 [info] > git config --get commit.template [7ms]
2023-07-11 13:28:11.791 [info] > git for-each-ref --format=%(refname)%00%(upstream:short)%00%(objectname)%00%(upstream:track)%00%(upstream:remotename)%00%(upstream:remoteref) refs/heads/main refs/remotes/main [1ms]
2023-07-11 13:28:11.884 [info] > git status -z -uall [86ms]
2023-07-11 13:29:02.601 [info] > git config --get commit.template [14ms]
2023-07-11 13:29:02.602 [info] > git for-each-ref --format=%(refname)%00%(upstream:short)%00%(objectname)%00%(upstream:track)%00%(upstream:remotename)%00%(upstream:remoteref) refs/heads/main refs/remotes/main [2ms]
2023-07-11 13:29:02.689 [info] > git status -z -uall [75ms]
2023-07-11 13:31:38.267 [info] > git check-ignore -v -z --stdin [2ms]
2023-07-11 13:31:39.363 [info] > git check-ignore -v -z --stdin [2ms]
2023-07-11 13:33:11.900 [info] > git config --local branch.main.github-pr-owner-number [2ms]
2023-07-11 13:33:11.921 [info] > git config --get commit.template [10ms]
2023-07-11 13:33:11.921 [info] > git for-each-ref --format=%(refname)%00%(upstream:short)%00%(objectname)%00%(upstream:track)%00%(upstream:remotename)%00%(upstream:remoteref) refs/heads/main refs/remotes/main [1ms]
2023-07-11 13:33:12.022 [info] > git status -z -uall [93ms]
2023-07-11 13:34:34.931 [info] > git log --format=%H%n%aN%n%aE%n%at%n%ct%n%P%n%D%n%B -z -n120 -- /workspace/Afrik-kitchen/view_menu/urls.py [298ms]
2023-07-11 13:34:35.819 [info] > git show --textconv :view_menu/urls.py [61ms]
2023-07-11 13:34:35.819 [info] > git ls-files --stage -- /workspace/Afrik-kitchen/view_menu/urls.py [2ms]
2023-07-11 13:34:35.848 [info] > git cat-file -s 0e8ef16352c14c6c6f9a234d3f83204f70d5b006 [13ms]
2023-07-11 13:38:12.039 [info] > git config --local branch.main.github-pr-owner-number [1ms]
2023-07-11 13:38:12.061 [info] > git config --get commit.template [11ms]
2023-07-11 13:38:12.062 [info] > git for-each-ref --format=%(refname)%00%(upstream:short)%00%(objectname)%00%(upstream:track)%00%(upstream:remotename)%00%(upstream:remoteref) refs/heads/main refs/remotes/main [1ms]
2023-07-11 13:38:12.174 [info] > git status -z -uall [101ms]
2023-07-11 13:41:59.644 [info] > git check-ignore -v -z --stdin [2ms]
2023-07-11 13:43:12.194 [info] > git config --local branch.main.github-pr-owner-number [1ms]
2023-07-11 13:43:12.217 [info] > git config --get commit.template [10ms]
2023-07-11 13:43:12.218 [info] > git for-each-ref --format=%(refname)%00%(upstream:short)%00%(objectname)%00%(upstream:track)%00%(upstream:remotename)%00%(upstream:remoteref) refs/heads/main refs/remotes/main [2ms]
2023-07-11 13:43:12.307 [info] > git status -z -uall [79ms]
2023-07-11 13:43:43.936 [info] > git check-ignore -v -z --stdin [1ms]
2023-07-11 13:43:45.250 [info] > git check-ignore -v -z --stdin [1ms]
2023-07-11 13:48:12.323 [info] > git config --local branch.main.github-pr-owner-number [1ms]
2023-07-11 13:48:12.338 [info] > git config --get commit.template [7ms]
2023-07-11 13:48:12.339 [info] > git for-each-ref --format=%(refname)%00%(upstream:short)%00%(objectname)%00%(upstream:track)%00%(upstream:remotename)%00%(upstream:remoteref) refs/heads/main refs/remotes/main [1ms]
2023-07-11 13:48:12.454 [info] > git status -z -uall [109ms]
2023-07-11 13:53:12.471 [info] > git config --local branch.main.github-pr-owner-number [1ms]
2023-07-11 13:53:12.495 [info] > git config --get commit.template [12ms]
2023-07-11 13:53:12.496 [info] > git for-each-ref --format=%(refname)%00%(upstream:short)%00%(objectname)%00%(upstream:track)%00%(upstream:remotename)%00%(upstream:remoteref) refs/heads/main refs/remotes/main [2ms]
2023-07-11 13:53:12.587 [info] > git status -z -uall [79ms]
2023-07-11 13:58:12.603 [info] > git config --local branch.main.github-pr-owner-number [1ms]
2023-07-11 13:58:12.623 [info] > git config --get commit.template [9ms]
2023-07-11 13:58:12.624 [info] > git for-each-ref --format=%(refname)%00%(upstream:short)%00%(objectname)%00%(upstream:track)%00%(upstream:remotename)%00%(upstream:remoteref) refs/heads/main refs/remotes/main [2ms]
2023-07-11 13:58:12.712 [info] > git status -z -uall [76ms]
2023-07-11 14:03:12.727 [info] > git config --local branch.main.github-pr-owner-number [1ms]
2023-07-11 14:03:12.745 [info] > git config --get commit.template [10ms]
2023-07-11 14:03:12.747 [info] > git for-each-ref --format=%(refname)%00%(upstream:short)%00%(objectname)%00%(upstream:track)%00%(upstream:remotename)%00%(upstream:remoteref) refs/heads/main refs/remotes/main [2ms]
2023-07-11 14:03:12.835 [info] > git status -z -uall [76ms]
2023-07-11 14:08:12.850 [info] > git config --local branch.main.github-pr-owner-number [1ms]
2023-07-11 14:08:12.874 [info] > git config --get commit.template [12ms]
2023-07-11 14:08:12.875 [info] > git for-each-ref --format=%(refname)%00%(upstream:short)%00%(objectname)%00%(upstream:track)%00%(upstream:remotename)%00%(upstream:remoteref) refs/heads/main refs/remotes/main [1ms]
2023-07-11 14:08:12.961 [info] > git status -z -uall [74ms]
2023-07-11 14:09:37.935 [info] > git config --get commit.template [12ms]
2023-07-11 14:09:37.936 [info] > git for-each-ref --format=%(refname)%00%(upstream:short)%00%(objectname)%00%(upstream:track)%00%(upstream:remotename)%00%(upstream:remoteref) refs/heads/main refs/remotes/main [1ms]
2023-07-11 14:09:38.069 [info] > git status -z -uall [122ms]
2023-07-11 14:13:01.343 [info] > git config --get commit.template [10ms]
2023-07-11 14:13:01.344 [info] > git for-each-ref --format=%(refname)%00%(upstream:short)%00%(objectname)%00%(upstream:track)%00%(upstream:remotename)%00%(upstream:remoteref) refs/heads/main refs/remotes/main [1ms]
2023-07-11 14:13:01.427 [info] > git status -z -uall [74ms]
2023-07-11 14:13:12.976 [info] > git config --local branch.main.github-pr-owner-number [1ms]
2023-07-11 14:13:12.992 [info] > git config --get commit.template [8ms]
2023-07-11 14:13:12.992 [info] > git for-each-ref --format=%(refname)%00%(upstream:short)%00%(objectname)%00%(upstream:track)%00%(upstream:remotename)%00%(upstream:remoteref) refs/heads/main refs/remotes/main [1ms]
2023-07-11 14:13:13.073 [info] > git status -z -uall [75ms]
2023-07-11 14:18:13.087 [info] > git config --local branch.main.github-pr-owner-number [1ms]
2023-07-11 14:18:13.109 [info] > git config --get commit.template [11ms]
2023-07-11 14:18:13.110 [info] > git for-each-ref --format=%(refname)%00%(upstream:short)%00%(objectname)%00%(upstream:track)%00%(upstream:remotename)%00%(upstream:remoteref) refs/heads/main refs/remotes/main [1ms]
2023-07-11 14:18:13.211 [info] > git status -z -uall [90ms]
2023-07-11 14:23:13.223 [info] > git config --local branch.main.github-pr-owner-number [1ms]
2023-07-11 14:23:13.235 [info] > git config --get commit.template [6ms]
2023-07-11 14:23:13.235 [info] > git for-each-ref --format=%(refname)%00%(upstream:short)%00%(objectname)%00%(upstream:track)%00%(upstream:remotename)%00%(upstream:remoteref) refs/heads/main refs/remotes/main [1ms]
2023-07-11 14:23:13.320 [info] > git status -z -uall [80ms]
2023-07-11 14:24:05.020 [info] > git log --format=%H%n%aN%n%aE%n%at%n%ct%n%P%n%D%n%B -z -n120 -- /workspace/Afrik-kitchen/view_menu/templates/menu/page_not_found.html [21ms]
2023-07-11 14:24:05.236 [info] > git show --textconv :view_menu/templates/menu/page_not_found.html [11ms]
2023-07-11 14:24:05.237 [info] > git ls-files --stage -- /workspace/Afrik-kitchen/view_menu/templates/menu/page_not_found.html [1ms]
2023-07-11 14:24:05.249 [info] > git cat-file -s 894e7a518e2ffdcc52b2955bb3d97fcc07e15912 [1ms]
2023-07-11 14:24:32.408 [info] > git log --format=%H%n%aN%n%aE%n%at%n%ct%n%P%n%D%n%B -z -n120 -- /workspace/Afrik-kitchen/view_menu/views.py [5ms]
2023-07-11 14:24:32.751 [info] > git show --textconv :view_menu/views.py [10ms]
2023-07-11 14:24:32.753 [info] > git ls-files --stage -- /workspace/Afrik-kitchen/view_menu/views.py [2ms]
2023-07-11 14:24:32.765 [info] > git cat-file -s a9a0ac09d85a20ff09aa6431ba73da90703e7e85 [2ms]
2023-07-11 14:26:24.376 [info] > git log --format=%H%n%aN%n%aE%n%at%n%ct%n%P%n%D%n%B -z -n120 -- /workspace/Afrik-kitchen/view_menu/urls.py [4ms]
2023-07-11 14:28:13.339 [info] > git config --local branch.main.github-pr-owner-number [2ms]
2023-07-11 14:28:13.363 [info] > git config --get commit.template [11ms]
2023-07-11 14:28:13.364 [info] > git for-each-ref --format=%(refname)%00%(upstream:short)%00%(objectname)%00%(upstream:track)%00%(upstream:remotename)%00%(upstream:remoteref) refs/heads/main refs/remotes/main [2ms]
2023-07-11 14:28:13.478 [info] > git status -z -uall [100ms]
2023-07-11 14:29:15.840 [info] > git log --format=%H%n%aN%n%aE%n%at%n%ct%n%P%n%D%n%B -z -n120 -- /workspace/Afrik-kitchen/view_menu/views.py [5ms]
2023-07-11 14:33:13.490 [info] > git config --local branch.main.github-pr-owner-number [1ms]
2023-07-11 14:33:13.504 [info] > git config --get commit.template [6ms]
2023-07-11 14:33:13.505 [info] > git for-each-ref --format=%(refname)%00%(upstream:short)%00%(objectname)%00%(upstream:track)%00%(upstream:remotename)%00%(upstream:remoteref) refs/heads/main refs/remotes/main [2ms]
2023-07-11 14:33:13.588 [info] > git status -z -uall [78ms]
2023-07-11 14:38:13.601 [info] > git config --local branch.main.github-pr-owner-number [2ms]
2023-07-11 14:38:13.614 [info] > git config --get commit.template [6ms]
2023-07-11 14:38:13.615 [info] > git for-each-ref --format=%(refname)%00%(upstream:short)%00%(objectname)%00%(upstream:track)%00%(upstream:remotename)%00%(upstream:remoteref) refs/heads/main refs/remotes/main [2ms]
2023-07-11 14:38:13.707 [info] > git status -z -uall [87ms]
2023-07-11 14:43:13.723 [info] > git config --local branch.main.github-pr-owner-number [2ms]
2023-07-11 14:43:13.743 [info] > git config --get commit.template [8ms]
2023-07-11 14:43:13.744 [info] > git for-each-ref --format=%(refname)%00%(upstream:short)%00%(objectname)%00%(upstream:track)%00%(upstream:remotename)%00%(upstream:remoteref) refs/heads/main refs/remotes/main [2ms]
2023-07-11 14:43:13.838 [info] > git status -z -uall [88ms]
2023-07-11 14:48:13.852 [info] > git config --local branch.main.github-pr-owner-number [2ms]
2023-07-11 14:48:13.863 [info] > git config --get commit.template [5ms]
2023-07-11 14:48:13.866 [info] > git for-each-ref --format=%(refname)%00%(upstream:short)%00%(objectname)%00%(upstream:track)%00%(upstream:remotename)%00%(upstream:remoteref) refs/heads/main refs/remotes/main [3ms]
2023-07-11 14:48:14.031 [info] > git status -z -uall [160ms]
2023-07-11 14:53:14.048 [info] > git config --local branch.main.github-pr-owner-number [1ms]
2023-07-11 14:53:14.070 [info] > git config --get commit.template [12ms]
2023-07-11 14:53:14.071 [info] > git for-each-ref --format=%(refname)%00%(upstream:short)%00%(objectname)%00%(upstream:track)%00%(upstream:remotename)%00%(upstream:remoteref) refs/heads/main refs/remotes/main [1ms]
2023-07-11 14:53:14.167 [info] > git status -z -uall [83ms]
2023-07-11 14:54:44.546 [info] > git log --format=%H%n%aN%n%aE%n%at%n%ct%n%P%n%D%n%B -z -n120 -- /workspace/Afrik-kitchen/home/templates/home/index.html [45ms]
2023-07-11 14:54:44.706 [info] > git show --textconv :home/templates/home/index.html [12ms]
2023-07-11 14:54:44.707 [info] > git ls-files --stage -- /workspace/Afrik-kitchen/home/templates/home/index.html [2ms]
2023-07-11 14:54:44.720 [info] > git cat-file -s 773aa8e74f23113229e9c3df50512bba4ae19e60 [3ms]
2023-07-11 14:54:55.475 [info] > git log --format=%H%n%aN%n%aE%n%at%n%ct%n%P%n%D%n%B -z -n120 -- /workspace/Afrik-kitchen/TEMPLATES_DIR/includes/nav.html [8ms]
2023-07-11 14:54:55.698 [info] > git show --textconv :TEMPLATES_DIR/includes/nav.html [15ms]
2023-07-11 14:54:55.699 [info] > git ls-files --stage -- /workspace/Afrik-kitchen/TEMPLATES_DIR/includes/nav.html [2ms]
2023-07-11 14:54:55.715 [info] > git cat-file -s fe75222ac082eb782e5d4993f0666192ddddeff2 [2ms]
2023-07-11 14:55:07.665 [info] > git log --format=%H%n%aN%n%aE%n%at%n%ct%n%P%n%D%n%B -z -n120 -- /workspace/Afrik-kitchen/view_menu/views.py [9ms]
2023-07-11 14:58:14.179 [info] > git config --local branch.main.github-pr-owner-number [1ms]
2023-07-11 14:58:14.191 [info] > git config --get commit.template [6ms]
2023-07-11 14:58:14.192 [info] > git for-each-ref --format=%(refname)%00%(upstream:short)%00%(objectname)%00%(upstream:track)%00%(upstream:remotename)%00%(upstream:remoteref) refs/heads/main refs/remotes/main [1ms]
2023-07-11 14:58:14.353 [info] > git status -z -uall [155ms]
2023-07-11 15:00:24.169 [info] > git log --format=%H%n%aN%n%aE%n%at%n%ct%n%P%n%D%n%B -z -n120 -- /workspace/Afrik-kitchen/TEMPLATES_DIR/includes/nav.html [4ms]
2023-07-11 15:00:59.065 [info] > git log --format=%H%n%aN%n%aE%n%at%n%ct%n%P%n%D%n%B -z -n120 -- /workspace/Afrik-kitchen/view_menu/views.py [4ms]
2023-07-11 15:03:14.365 [info] > git config --local branch.main.github-pr-owner-number [1ms]
2023-07-11 15:03:14.381 [info] > git config --get commit.template [10ms]
2023-07-11 15:03:14.382 [info] > git for-each-ref --format=%(refname)%00%(upstream:short)%00%(objectname)%00%(upstream:track)%00%(upstream:remotename)%00%(upstream:remoteref) refs/heads/main refs/remotes/main [2ms]
2023-07-11 15:03:14.470 [info] > git status -z -uall [79ms]
2023-07-11 15:05:22.051 [info] > git config --get commit.template [8ms]
2023-07-11 15:05:22.052 [info] > git for-each-ref --format=%(refname)%00%(upstream:short)%00%(objectname)%00%(upstream:track)%00%(upstream:remotename)%00%(upstream:remoteref) refs/heads/main refs/remotes/main [2ms]
2023-07-11 15:05:22.134 [info] > git status -z -uall [77ms]
2023-07-11 15:05:27.159 [info] > git config --get commit.template [11ms]
2023-07-11 15:05:27.160 [info] > git for-each-ref --format=%(refname)%00%(upstream:short)%00%(objectname)%00%(upstream:track)%00%(upstream:remotename)%00%(upstream:remoteref) refs/heads/main refs/remotes/main [1ms]
2023-07-11 15:05:27.244 [info] > git status -z -uall [74ms]
2023-07-11 15:08:14.484 [info] > git config --local branch.main.github-pr-owner-number [1ms]
2023-07-11 15:08:14.507 [info] > git config --get commit.template [12ms]
2023-07-11 15:08:14.507 [info] > git for-each-ref --format=%(refname)%00%(upstream:short)%00%(objectname)%00%(upstream:track)%00%(upstream:remotename)%00%(upstream:remoteref) refs/heads/main refs/remotes/main [1ms]
2023-07-11 15:08:14.591 [info] > git status -z -uall [76ms]
2023-07-11 15:13:14.604 [info] > git config --local branch.main.github-pr-owner-number [1ms]
2023-07-11 15:13:14.617 [info] > git config --get commit.template [6ms]
2023-07-11 15:13:14.618 [info] > git for-each-ref --format=%(refname)%00%(upstream:short)%00%(objectname)%00%(upstream:track)%00%(upstream:remotename)%00%(upstream:remoteref) refs/heads/main refs/remotes/main [1ms]
2023-07-11 15:13:14.697 [info] > git status -z -uall [74ms]
2023-07-11 15:18:14.710 [info] > git config --local branch.main.github-pr-owner-number [1ms]
2023-07-11 15:18:14.733 [info] > git config --get commit.template [12ms]
2023-07-11 15:18:14.734 [info] > git for-each-ref --format=%(refname)%00%(upstream:short)%00%(objectname)%00%(upstream:track)%00%(upstream:remotename)%00%(upstream:remoteref) refs/heads/main refs/remotes/main [2ms]
2023-07-11 15:18:14.829 [info] > git status -z -uall [86ms]
2023-07-11 15:23:14.841 [info] > git config --local branch.main.github-pr-owner-number [1ms]
2023-07-11 15:23:14.856 [info] > git config --get commit.template [6ms]
2023-07-11 15:23:14.857 [info] > git for-each-ref --format=%(refname)%00%(upstream:short)%00%(objectname)%00%(upstream:track)%00%(upstream:remotename)%00%(upstream:remoteref) refs/heads/main refs/remotes/main [1ms]
2023-07-11 15:23:14.941 [info] > git status -z -uall [79ms]
2023-07-11 15:28:14.954 [info] > git config --local branch.main.github-pr-owner-number [1ms]
2023-07-11 15:28:14.971 [info] > git config --get commit.template [9ms]
2023-07-11 15:28:14.972 [info] > git for-each-ref --format=%(refname)%00%(upstream:short)%00%(objectname)%00%(upstream:track)%00%(upstream:remotename)%00%(upstream:remoteref) refs/heads/main refs/remotes/main [1ms]
2023-07-11 15:28:15.056 [info] > git status -z -uall [73ms]
2023-07-11 15:33:15.070 [info] > git config --local branch.main.github-pr-owner-number [1ms]
2023-07-11 15:33:15.088 [info] > git config --get commit.template [8ms]
2023-07-11 15:33:15.088 [info] > git for-each-ref --format=%(refname)%00%(upstream:short)%00%(objectname)%00%(upstream:track)%00%(upstream:remotename)%00%(upstream:remoteref) refs/heads/main refs/remotes/main [1ms]
2023-07-11 15:33:15.168 [info] > git status -z -uall [73ms]
2023-07-11 15:38:15.180 [info] > git config --local branch.main.github-pr-owner-number [1ms]
2023-07-11 15:38:15.191 [info] > git config --get commit.template [5ms]
2023-07-11 15:38:15.192 [info] > git for-each-ref --format=%(refname)%00%(upstream:short)%00%(objectname)%00%(upstream:track)%00%(upstream:remotename)%00%(upstream:remoteref) refs/heads/main refs/remotes/main [1ms]
2023-07-11 15:38:15.270 [info] > git status -z -uall [73ms]
2023-07-11 15:43:15.282 [info] > git config --local branch.main.github-pr-owner-number [1ms]
2023-07-11 15:43:15.294 [info] > git config --get commit.template [5ms]
2023-07-11 15:43:15.294 [info] > git for-each-ref --format=%(refname)%00%(upstream:short)%00%(objectname)%00%(upstream:track)%00%(upstream:remotename)%00%(upstream:remoteref) refs/heads/main refs/remotes/main [1ms]
2023-07-11 15:43:15.373 [info] > git status -z -uall [74ms]
2023-07-11 15:48:15.386 [info] > git config --local branch.main.github-pr-owner-number [1ms]
2023-07-11 15:48:15.399 [info] > git config --get commit.template [6ms]
2023-07-11 15:48:15.400 [info] > git for-each-ref --format=%(refname)%00%(upstream:short)%00%(objectname)%00%(upstream:track)%00%(upstream:remotename)%00%(upstream:remoteref) refs/heads/main refs/remotes/main [0ms]
2023-07-11 15:48:15.479 [info] > git status -z -uall [74ms]
2023-07-11 15:53:15.495 [info] > git config --local branch.main.github-pr-owner-number [2ms]
2023-07-11 15:53:15.520 [info] > git config --get commit.template [12ms]
2023-07-11 15:53:15.521 [info] > git for-each-ref --format=%(refname)%00%(upstream:short)%00%(objectname)%00%(upstream:track)%00%(upstream:remotename)%00%(upstream:remoteref) refs/heads/main refs/remotes/main [1ms]
2023-07-11 15:53:15.607 [info] > git status -z -uall [75ms]
2023-07-11 15:58:15.621 [info] > git config --local branch.main.github-pr-owner-number [1ms]
2023-07-11 15:58:15.638 [info] > git config --get commit.template [10ms]
2023-07-11 15:58:15.638 [info] > git for-each-ref --format=%(refname)%00%(upstream:short)%00%(objectname)%00%(upstream:track)%00%(upstream:remotename)%00%(upstream:remoteref) refs/heads/main refs/remotes/main [2ms]
2023-07-11 15:58:15.731 [info] > git status -z -uall [80ms]
2023-07-11 16:03:15.745 [info] > git config --local branch.main.github-pr-owner-number [1ms]
2023-07-11 16:03:15.768 [info] > git config --get commit.template [11ms]
2023-07-11 16:03:15.769 [info] > git for-each-ref --format=%(refname)%00%(upstream:short)%00%(objectname)%00%(upstream:track)%00%(upstream:remotename)%00%(upstream:remoteref) refs/heads/main refs/remotes/main [1ms]
2023-07-11 16:03:15.852 [info] > git status -z -uall [73ms]
