2023-07-07 22:56:18.710 [info] Extension host with pid 1470 started
2023-07-07 22:56:18.723 [info] Lock '/workspace/.vscode-remote/data/User/workspaceStorage/-2f942137/vscode.lock': Lock acquired.
2023-07-07 22:56:18.876 [info] ExtensionService#_doActivateExtension vscode.emmet, startup: false, activationEvent: 'onLanguage'
2023-07-07 22:56:18.876 [info] ExtensionService#_doActivateExtension vscode.css-language-features, startup: false, activationEvent: 'onLanguage:css'
2023-07-07 22:56:18.877 [info] ExtensionService#_doActivateExtension vscode.github-authentication, startup: false, activationEvent: 'onView:pr:github', root cause: GitHub.vscode-pull-request-github
2023-07-07 22:56:19.022 [info] ExtensionService#_doActivateExtension GitHub.vscode-pull-request-github, startup: false, activationEvent: 'onView:pr:github'
2023-07-07 22:56:19.323 [info] ExtensionService#_doActivateExtension gitpod.gitpod-web, startup: false, activationEvent: 'onAuthenticationRequest:github'
2023-07-07 22:56:19.878 [info] ExtensionService#_doActivateExtension vscode.git-base, startup: true, activationEvent: '*', root cause: vscode.git
2023-07-07 22:56:19.879 [info] ExtensionService#_doActivateExtension formulahendry.auto-close-tag, startup: true, activationEvent: '*'
2023-07-07 22:56:19.879 [info] ExtensionService#_doActivateExtension HookyQR.beautify, startup: true, activationEvent: '*'
2023-07-07 22:56:19.904 [info] ExtensionService#_doActivateExtension ms-python.python, startup: true, activationEvent: 'workspaceContains:Pipfile'
2023-07-07 22:56:20.436 [info] ExtensionService#_doActivateExtension vscode.git, startup: true, activationEvent: '*'
2023-07-07 22:56:20.437 [info] ExtensionService#_doActivateExtension vscode.github, startup: true, activationEvent: '*'
2023-07-07 22:56:20.711 [info] ExtensionService#_doActivateExtension redhat.vscode-yaml, startup: false, activationEvent: 'onLanguage:yaml'
2023-07-07 22:56:21.286 [info] Eager extensions activated
2023-07-07 22:56:21.286 [info] ExtensionService#_doActivateExtension vscode.debug-auto-launch, startup: false, activationEvent: 'onStartupFinished'
2023-07-07 22:56:21.286 [info] ExtensionService#_doActivateExtension vscode.merge-conflict, startup: false, activationEvent: 'onStartupFinished'
2023-07-07 22:56:21.594 [warning] [redhat.vscode-yaml] Accessing a resource scoped configuration without providing a resource is not expected. To get the effective value for '[yaml]', provide the URI of a resource or 'null' for any resource.
2023-07-07 22:56:21.595 [warning] [redhat.vscode-yaml] Accessing a resource scoped configuration without providing a resource is not expected. To get the effective value for '[yaml]', provide the URI of a resource or 'null' for any resource.
2023-07-07 22:56:22.239 [warning] [redhat.vscode-yaml] Accessing a resource scoped configuration without providing a resource is not expected. To get the effective value for '[yaml]', provide the URI of a resource or 'null' for any resource.
2023-07-07 22:56:22.310 [warning] [redhat.vscode-yaml] Accessing a resource scoped configuration without providing a resource is not expected. To get the effective value for '[yaml]', provide the URI of a resource or 'null' for any resource.
2023-07-07 22:56:22.388 [warning] [redhat.vscode-yaml] Accessing a resource scoped configuration without providing a resource is not expected. To get the effective value for '[yaml]', provide the URI of a resource or 'null' for any resource.
2023-07-07 22:56:24.921 [info] ExtensionService#_doActivateExtension vscode.json-language-features, startup: false, activationEvent: 'onLanguage:jsonc'
2023-07-07 22:56:24.921 [info] ExtensionService#_doActivateExtension vscode.typescript-language-features, startup: false, activationEvent: 'onLanguage:jsonc'
2023-07-07 23:09:52.897 [info] ExtensionService#_doActivateExtension vscode.html-language-features, startup: false, activationEvent: 'onLanguage:html'
2023-07-07 23:54:07.710 [info] ExtensionService#_doActivateExtension ms-toolsai.jupyter, startup: false, activationEvent: 'onLanguage:python'
2023-07-07 23:54:08.386 [info] ExtensionService#_doActivateExtension ms-toolsai.jupyter-renderers, startup: false, activationEvent: 'api', root cause: ms-toolsai.jupyter
2023-07-07 23:54:16.070 [error] [ms-python.python] provider FAILED
2023-07-07 23:54:16.071 [error] Error: ValueError: `column` parameter (1) is not in a valid range (0-0) for line 140 ('\n').
	at /workspace/.vscode-remote/extensions/ms-python.python-2023.12.0-universal/out/client/extension.js:2:2254118
	at re (/workspace/.vscode-remote/extensions/ms-python.python-2023.12.0-universal/out/client/extension.js:2:2254412)
	at /workspace/.vscode-remote/extensions/ms-python.python-2023.12.0-universal/out/client/extension.js:2:2249196
	at Immediate.<anonymous> (/workspace/.vscode-remote/extensions/ms-python.python-2023.12.0-universal/out/client/extension.js:2:2249216)
	at processImmediate (node:internal/timers:466:21)
2023-07-08 01:24:46.827 [error] [ms-python.python] provider FAILED
2023-07-08 01:24:46.827 [error] Error: UnboundLocalError: local variable 'start_index' referenced before assignment
	at /workspace/.vscode-remote/extensions/ms-python.python-2023.12.0-universal/out/client/extension.js:2:2254118
	at re (/workspace/.vscode-remote/extensions/ms-python.python-2023.12.0-universal/out/client/extension.js:2:2254412)
	at /workspace/.vscode-remote/extensions/ms-python.python-2023.12.0-universal/out/client/extension.js:2:2249196
	at Immediate.<anonymous> (/workspace/.vscode-remote/extensions/ms-python.python-2023.12.0-universal/out/client/extension.js:2:2249216)
	at processImmediate (node:internal/timers:466:21)
