2023-07-10 15:17:37.026 [info] Log level: Info
2023-07-10 15:17:37.026 [info] Validating found git in: "git"
2023-07-10 15:17:37.026 [info] Using git "2.40.0" from "git"
2023-07-10 15:17:37.026 [info] > git rev-parse --show-toplevel [16ms]
2023-07-10 15:17:37.026 [info] > git rev-parse --git-dir --git-common-dir [6ms]
2023-07-10 15:17:37.026 [info] Open repository: /workspace/Afrik-kitchen
2023-07-10 15:17:37.026 [info] > git rev-parse --show-toplevel [17ms]
2023-07-10 15:17:37.026 [info] > git config --get commit.template [16ms]
2023-07-10 15:17:37.026 [info] > git rev-parse --show-toplevel [5ms]
2023-07-10 15:17:37.026 [info] > git for-each-ref --format=%(refname)%00%(upstream:short)%00%(objectname)%00%(upstream:track)%00%(upstream:remotename)%00%(upstream:remoteref) refs/heads/main refs/remotes/main [27ms]
2023-07-10 15:17:37.026 [info] > git rev-parse --show-toplevel [107ms]
2023-07-10 15:17:37.026 [info] > git rev-parse --show-toplevel [4ms]
2023-07-10 15:17:37.026 [info] > git rev-parse --show-toplevel [3ms]
2023-07-10 15:17:37.026 [info] > git rev-parse --show-toplevel [5ms]
2023-07-10 15:17:37.026 [info] > git rev-parse --show-toplevel [3ms]
2023-07-10 15:17:37.026 [info] > git rev-parse --show-toplevel [2ms]
2023-07-10 15:17:37.026 [info] > git rev-parse --show-toplevel [4ms]
2023-07-10 15:17:37.026 [info] > git rev-parse --show-toplevel [2ms]
2023-07-10 15:17:37.026 [info] > git rev-parse --show-toplevel [5ms]
2023-07-10 15:17:37.027 [info] > git status -z -uall [219ms]
2023-07-10 15:17:37.069 [info] > git config --get commit.template [26ms]
2023-07-10 15:17:37.070 [info] > git for-each-ref --format=%(refname)%00%(upstream:short)%00%(objectname)%00%(upstream:track)%00%(upstream:remotename)%00%(upstream:remoteref) refs/heads/main refs/remotes/main [2ms]
2023-07-10 15:17:37.213 [info] > git status -z -uall [131ms]
2023-07-10 15:17:37.620 [info] > git check-ignore -v -z --stdin [2ms]
2023-07-10 15:17:38.219 [info] > git config --local branch.main.github-pr-owner-number [1ms]
2023-07-10 15:17:38.302 [info] > git config --get commit.template [2ms]
2023-07-10 15:17:38.393 [info] > git for-each-ref --format=%(refname)%00%(upstream:short)%00%(objectname)%00%(upstream:track)%00%(upstream:remotename)%00%(upstream:remoteref) refs/heads/main refs/remotes/main [75ms]
2023-07-10 15:17:38.730 [info] > git status -z -uall [322ms]
2023-07-10 15:17:40.177 [info] > git show --textconv :home/templates/home/index.html [28ms]
2023-07-10 15:17:40.177 [info] > git ls-files --stage -- /workspace/Afrik-kitchen/home/templates/home/index.html [15ms]
2023-07-10 15:17:40.194 [info] > git check-ignore -v -z --stdin [19ms]
2023-07-10 15:17:40.210 [info] > git cat-file -s 56fbd85db308c710e886b59ff94604f86616f015 [18ms]
2023-07-10 15:18:50.708 [info] > git config --get commit.template [16ms]
2023-07-10 15:18:50.709 [info] > git for-each-ref --format=%(refname)%00%(upstream:short)%00%(objectname)%00%(upstream:track)%00%(upstream:remotename)%00%(upstream:remoteref) refs/heads/main refs/remotes/main [3ms]
2023-07-10 15:18:50.867 [info] > git status -z -uall [143ms]
2023-07-10 15:19:21.926 [info] > git config --get commit.template [4ms]
2023-07-10 15:19:21.962 [info] > git for-each-ref --format=%(refname)%00%(upstream:short)%00%(objectname)%00%(upstream:track)%00%(upstream:remotename)%00%(upstream:remoteref) refs/heads/main refs/remotes/main [3ms]
2023-07-10 15:19:22.202 [info] > git status -z -uall [201ms]
2023-07-10 15:22:38.122 [info] > git config --local branch.main.github-pr-owner-number [2ms]
2023-07-10 15:22:38.152 [info] > git config --get commit.template [13ms]
2023-07-10 15:22:38.153 [info] > git for-each-ref --format=%(refname)%00%(upstream:short)%00%(objectname)%00%(upstream:track)%00%(upstream:remotename)%00%(upstream:remoteref) refs/heads/main refs/remotes/main [1ms]
2023-07-10 15:22:38.302 [info] > git status -z -uall [139ms]
2023-07-10 15:27:38.321 [info] > git config --local branch.main.github-pr-owner-number [1ms]
2023-07-10 15:27:38.353 [info] > git config --get commit.template [16ms]
2023-07-10 15:27:38.354 [info] > git for-each-ref --format=%(refname)%00%(upstream:short)%00%(objectname)%00%(upstream:track)%00%(upstream:remotename)%00%(upstream:remoteref) refs/heads/main refs/remotes/main [2ms]
2023-07-10 15:27:38.535 [info] > git status -z -uall [166ms]
2023-07-10 15:32:38.555 [info] > git config --local branch.main.github-pr-owner-number [2ms]
2023-07-10 15:32:38.586 [info] > git config --get commit.template [15ms]
2023-07-10 15:32:38.589 [info] > git for-each-ref --format=%(refname)%00%(upstream:short)%00%(objectname)%00%(upstream:track)%00%(upstream:remotename)%00%(upstream:remoteref) refs/heads/main refs/remotes/main [5ms]
2023-07-10 15:32:38.810 [info] > git status -z -uall [209ms]
2023-07-10 15:37:38.828 [info] > git config --local branch.main.github-pr-owner-number [1ms]
2023-07-10 15:37:38.855 [info] > git config --get commit.template [14ms]
2023-07-10 15:37:38.856 [info] > git for-each-ref --format=%(refname)%00%(upstream:short)%00%(objectname)%00%(upstream:track)%00%(upstream:remotename)%00%(upstream:remoteref) refs/heads/main refs/remotes/main [2ms]
2023-07-10 15:37:38.948 [info] > git status -z -uall [79ms]
2023-07-10 15:42:38.967 [info] > git config --local branch.main.github-pr-owner-number [1ms]
2023-07-10 15:42:38.991 [info] > git config --get commit.template [12ms]
2023-07-10 15:42:38.991 [info] > git for-each-ref --format=%(refname)%00%(upstream:short)%00%(objectname)%00%(upstream:track)%00%(upstream:remotename)%00%(upstream:remoteref) refs/heads/main refs/remotes/main [1ms]
2023-07-10 15:42:39.089 [info] > git status -z -uall [83ms]
2023-07-10 15:47:39.104 [info] > git config --local branch.main.github-pr-owner-number [1ms]
2023-07-10 15:47:39.128 [info] > git config --get commit.template [12ms]
2023-07-10 15:47:39.129 [info] > git for-each-ref --format=%(refname)%00%(upstream:short)%00%(objectname)%00%(upstream:track)%00%(upstream:remotename)%00%(upstream:remoteref) refs/heads/main refs/remotes/main [1ms]
2023-07-10 15:47:39.215 [info] > git status -z -uall [75ms]
2023-07-10 15:52:39.234 [info] > git config --local branch.main.github-pr-owner-number [1ms]
2023-07-10 15:52:39.250 [info] > git config --get commit.template [8ms]
2023-07-10 15:52:39.251 [info] > git for-each-ref --format=%(refname)%00%(upstream:short)%00%(objectname)%00%(upstream:track)%00%(upstream:remotename)%00%(upstream:remoteref) refs/heads/main refs/remotes/main [1ms]
2023-07-10 15:52:39.391 [info] > git status -z -uall [131ms]
2023-07-10 15:57:39.415 [info] > git config --local branch.main.github-pr-owner-number [2ms]
2023-07-10 15:57:39.447 [info] > git config --get commit.template [16ms]
2023-07-10 15:57:39.448 [info] > git for-each-ref --format=%(refname)%00%(upstream:short)%00%(objectname)%00%(upstream:track)%00%(upstream:remotename)%00%(upstream:remoteref) refs/heads/main refs/remotes/main [2ms]
2023-07-10 15:57:39.553 [info] > git status -z -uall [91ms]
2023-07-10 16:02:39.572 [info] > git config --local branch.main.github-pr-owner-number [1ms]
2023-07-10 16:02:39.598 [info] > git config --get commit.template [13ms]
2023-07-10 16:02:39.599 [info] > git for-each-ref --format=%(refname)%00%(upstream:short)%00%(objectname)%00%(upstream:track)%00%(upstream:remotename)%00%(upstream:remoteref) refs/heads/main refs/remotes/main [2ms]
2023-07-10 16:02:39.687 [info] > git status -z -uall [75ms]
2023-07-10 16:07:39.711 [info] > git config --local branch.main.github-pr-owner-number [2ms]
2023-07-10 16:07:39.737 [info] > git config --get commit.template [11ms]
2023-07-10 16:07:39.737 [info] > git for-each-ref --format=%(refname)%00%(upstream:short)%00%(objectname)%00%(upstream:track)%00%(upstream:remotename)%00%(upstream:remoteref) refs/heads/main refs/remotes/main [1ms]
2023-07-10 16:07:39.832 [info] > git status -z -uall [82ms]
2023-07-10 16:12:39.852 [info] > git config --local branch.main.github-pr-owner-number [2ms]
2023-07-10 16:12:39.883 [info] > git config --get commit.template [15ms]
2023-07-10 16:12:39.883 [info] > git for-each-ref --format=%(refname)%00%(upstream:short)%00%(objectname)%00%(upstream:track)%00%(upstream:remotename)%00%(upstream:remoteref) refs/heads/main refs/remotes/main [1ms]
2023-07-10 16:12:40.031 [info] > git status -z -uall [132ms]
2023-07-10 16:17:40.052 [info] > git config --local branch.main.github-pr-owner-number [1ms]
2023-07-10 16:17:40.076 [info] > git config --get commit.template [13ms]
2023-07-10 16:17:40.077 [info] > git for-each-ref --format=%(refname)%00%(upstream:short)%00%(objectname)%00%(upstream:track)%00%(upstream:remotename)%00%(upstream:remoteref) refs/heads/main refs/remotes/main [2ms]
2023-07-10 16:17:40.220 [info] > git status -z -uall [131ms]
