2023-07-11 19:02:06.766 [warning] /home/gitpod/.ssh/config: ENOENT: no such file or directory, open '/home/gitpod/.ssh/config'
2023-07-11 19:02:09.313 [info] Looking for git repository
2023-07-11 19:02:09.313 [info] Found 0 repositories during activation
2023-07-11 19:02:09.313 [info] Git repository found, initializing review manager and pr tree view.
2023-07-11 19:02:09.317 [info] Registering git provider
2023-07-11 19:02:09.317 [info] Review> Validate state in progress
2023-07-11 19:02:09.317 [info] Review> Validating state...
2023-07-11 19:02:09.430 [info] Found GitHub remote for folder /workspace/Afrik-kitchen
2023-07-11 19:02:09.731 [info] Repo state for file:///workspace/Afrik-kitchen changed.
2023-07-11 19:02:09.731 [info] Repo file:///workspace/Afrik-kitchen has already been setup.
2023-07-11 19:02:09.732 [info] Review> No matching pull request metadata found locally for current branch main
2023-07-11 19:02:09.732 [info] Review> no matching pull request metadata found for current branch main
2023-07-11 19:02:09.732 [info] Review> No matching pull request metadata found on GitHub for current branch main
2023-07-11 22:28:53.281 [info] Review> Validate state in progress
2023-07-11 22:28:53.281 [info] Review> Validating state...
2023-07-11 22:28:53.359 [info] Found GitHub remote for folder /workspace/Afrik-kitchen
2023-07-11 22:28:53.586 [info] Review> No matching pull request metadata found locally for current branch main
2023-07-11 22:28:53.586 [info] Review> no matching pull request metadata found for current branch main
2023-07-11 22:28:53.586 [info] Review> No matching pull request metadata found on GitHub for current branch main
2023-07-11 22:29:15.529 [info] Review> Validate state in progress
2023-07-11 22:29:15.529 [info] Review> Validating state...
2023-07-11 22:29:15.596 [info] Found GitHub remote for folder /workspace/Afrik-kitchen
2023-07-11 22:29:15.781 [info] Review> No matching pull request metadata found locally for current branch main
2023-07-11 22:29:15.781 [info] Review> no matching pull request metadata found for current branch main
2023-07-11 22:29:15.781 [info] Review> No matching pull request metadata found on GitHub for current branch main
