2023-07-07 22:15:36.362 [info] Log level: Info
2023-07-07 22:15:36.362 [info] Validating found git in: "git"
2023-07-07 22:15:36.362 [info] Using git "2.40.0" from "git"
2023-07-07 22:15:36.362 [info] > git rev-parse --show-toplevel [4ms]
2023-07-07 22:15:36.362 [info] > git rev-parse --git-dir --git-common-dir [2ms]
2023-07-07 22:15:36.362 [info] Open repository: /workspace/Afrik-kitchen
2023-07-07 22:15:36.362 [info] > git rev-parse --show-toplevel [8ms]
2023-07-07 22:15:36.362 [info] > git config --get commit.template [26ms]
2023-07-07 22:15:36.362 [info] > git rev-parse --show-toplevel [35ms]
2023-07-07 22:15:36.362 [info] > git for-each-ref --format=%(refname)%00%(upstream:short)%00%(objectname)%00%(upstream:track)%00%(upstream:remotename)%00%(upstream:remoteref) refs/heads/main refs/remotes/main [15ms]
2023-07-07 22:15:36.362 [info] > git rev-parse --show-toplevel [15ms]
2023-07-07 22:15:36.362 [info] > git rev-parse --show-toplevel [48ms]
2023-07-07 22:15:36.362 [info] > git rev-parse --show-toplevel [4ms]
2023-07-07 22:15:36.362 [info] > git rev-parse --show-toplevel [2ms]
2023-07-07 22:15:36.362 [info] > git rev-parse --show-toplevel [1ms]
2023-07-07 22:15:36.362 [info] > git rev-parse --show-toplevel [3ms]
2023-07-07 22:15:36.362 [info] > git status -z -uall [100ms]
2023-07-07 22:15:36.362 [info] > git rev-parse --show-toplevel [13ms]
2023-07-07 22:15:36.363 [info] > git config --get commit.template [15ms]
2023-07-07 22:15:36.363 [info] > git rev-parse --show-toplevel [23ms]
2023-07-07 22:15:36.363 [info] > git rev-parse --show-toplevel [7ms]
2023-07-07 22:15:36.363 [info] > git for-each-ref --format=%(refname)%00%(upstream:short)%00%(objectname)%00%(upstream:track)%00%(upstream:remotename)%00%(upstream:remoteref) refs/heads/main refs/remotes/main [5ms]
2023-07-07 22:15:36.433 [info] > git status -z -uall [86ms]
2023-07-07 22:15:36.886 [info] > git check-ignore -v -z --stdin [1ms]
2023-07-07 22:15:37.482 [info] > git show --textconv :booking/templates/booking/delete_booking.html [6ms]
2023-07-07 22:15:37.484 [info] > git ls-files --stage -- /workspace/Afrik-kitchen/booking/templates/booking/delete_booking.html [2ms]
2023-07-07 22:15:38.158 [info] > git config --local branch.main.github-pr-owner-number [2ms]
2023-07-07 22:15:38.170 [info] > git config --get commit.template [6ms]
2023-07-07 22:15:38.171 [info] > git for-each-ref --format=%(refname)%00%(upstream:short)%00%(objectname)%00%(upstream:track)%00%(upstream:remotename)%00%(upstream:remoteref) refs/heads/main refs/remotes/main [2ms]
2023-07-07 22:15:38.248 [info] > git status -z -uall [69ms]
2023-07-07 22:15:38.863 [info] > git check-ignore -v -z --stdin [1ms]
2023-07-07 22:20:38.081 [info] > git config --local branch.main.github-pr-owner-number [1ms]
2023-07-07 22:20:38.099 [info] > git config --get commit.template [9ms]
2023-07-07 22:20:38.099 [info] > git for-each-ref --format=%(refname)%00%(upstream:short)%00%(objectname)%00%(upstream:track)%00%(upstream:remotename)%00%(upstream:remoteref) refs/heads/main refs/remotes/main [1ms]
2023-07-07 22:20:38.179 [info] > git status -z -uall [71ms]
2023-07-07 22:21:54.716 [info] > git check-ignore -v -z --stdin [1ms]
2023-07-07 22:21:55.582 [info] > git check-ignore -v -z --stdin [1ms]
2023-07-07 22:25:38.193 [info] > git config --local branch.main.github-pr-owner-number [1ms]
2023-07-07 22:25:38.212 [info] > git config --get commit.template [10ms]
2023-07-07 22:25:38.212 [info] > git for-each-ref --format=%(refname)%00%(upstream:short)%00%(objectname)%00%(upstream:track)%00%(upstream:remotename)%00%(upstream:remoteref) refs/heads/main refs/remotes/main [2ms]
2023-07-07 22:25:38.293 [info] > git status -z -uall [74ms]
2023-07-07 22:30:38.303 [info] > git config --local branch.main.github-pr-owner-number [1ms]
2023-07-07 22:30:38.313 [info] > git config --get commit.template [4ms]
2023-07-07 22:30:38.314 [info] > git for-each-ref --format=%(refname)%00%(upstream:short)%00%(objectname)%00%(upstream:track)%00%(upstream:remotename)%00%(upstream:remoteref) refs/heads/main refs/remotes/main [1ms]
2023-07-07 22:30:38.384 [info] > git status -z -uall [66ms]
2023-07-07 22:31:41.768 [info] > git check-ignore -v -z --stdin [1ms]
2023-07-07 22:31:42.480 [info] > git check-ignore -v -z --stdin [1ms]
2023-07-07 22:34:05.448 [info] > git show --textconv :booking/views.py [15ms]
2023-07-07 22:34:05.450 [info] > git ls-files --stage -- /workspace/Afrik-kitchen/booking/views.py [4ms]
2023-07-07 22:34:05.471 [info] > git cat-file -s 6fb5aca25b564faa82892ec7b4109ec64755c50f [7ms]
2023-07-07 22:35:38.396 [info] > git config --local branch.main.github-pr-owner-number [1ms]
2023-07-07 22:35:38.416 [info] > git config --get commit.template [11ms]
2023-07-07 22:35:38.416 [info] > git for-each-ref --format=%(refname)%00%(upstream:short)%00%(objectname)%00%(upstream:track)%00%(upstream:remotename)%00%(upstream:remoteref) refs/heads/main refs/remotes/main [2ms]
2023-07-07 22:35:38.498 [info] > git status -z -uall [73ms]
2023-07-07 22:38:29.723 [info] > git show --textconv :booking/templates/booking_list.html [11ms]
2023-07-07 22:38:29.723 [info] > git ls-files --stage -- /workspace/Afrik-kitchen/booking/templates/booking_list.html [2ms]
2023-07-07 22:38:29.733 [info] > git cat-file -s b4e7fb562695f59618dadae39005be8117893a0f [1ms]
2023-07-07 22:40:32.463 [info] > git show --textconv :booking/templates/booking/edit_booking.html [10ms]
2023-07-07 22:40:32.464 [info] > git ls-files --stage -- /workspace/Afrik-kitchen/booking/templates/booking/edit_booking.html [2ms]
2023-07-07 22:40:32.471 [info] > git cat-file -s 205c200dce29c5a957daccbb9c982ce5656ab477 [2ms]
2023-07-07 22:40:37.493 [info] > git show --textconv :booking/templates/booking/managebookings.html [6ms]
2023-07-07 22:40:37.494 [info] > git ls-files --stage -- /workspace/Afrik-kitchen/booking/templates/booking/managebookings.html [1ms]
2023-07-07 22:40:37.500 [info] > git cat-file -s 097f3c1b4f5114e6d2c5b1e5c84f48d5f989104e [1ms]
2023-07-07 22:40:38.513 [info] > git config --local branch.main.github-pr-owner-number [2ms]
2023-07-07 22:40:38.526 [info] > git config --get commit.template [5ms]
2023-07-07 22:40:38.527 [info] > git for-each-ref --format=%(refname)%00%(upstream:short)%00%(objectname)%00%(upstream:track)%00%(upstream:remotename)%00%(upstream:remoteref) refs/heads/main refs/remotes/main [1ms]
2023-07-07 22:40:38.600 [info] > git status -z -uall [68ms]
2023-07-07 22:40:40.827 [info] > git show --textconv :booking/templates/booking/rebook_booking.html [9ms]
2023-07-07 22:40:40.828 [info] > git ls-files --stage -- /workspace/Afrik-kitchen/booking/templates/booking/rebook_booking.html [2ms]
2023-07-07 22:40:40.834 [info] > git cat-file -s 699c694ab7c196fe483dacc0d4f2b1a41105ded5 [1ms]
2023-07-07 22:42:09.242 [info] > git config --get commit.template [11ms]
2023-07-07 22:42:09.242 [info] > git for-each-ref --format=%(refname)%00%(upstream:short)%00%(objectname)%00%(upstream:track)%00%(upstream:remotename)%00%(upstream:remoteref) refs/heads/main refs/remotes/main [1ms]
2023-07-07 22:42:09.321 [info] > git status -z -uall [69ms]
2023-07-07 22:45:38.610 [info] > git config --local branch.main.github-pr-owner-number [1ms]
2023-07-07 22:45:38.620 [info] > git config --get commit.template [5ms]
2023-07-07 22:45:38.620 [info] > git for-each-ref --format=%(refname)%00%(upstream:short)%00%(objectname)%00%(upstream:track)%00%(upstream:remotename)%00%(upstream:remoteref) refs/heads/main refs/remotes/main [1ms]
2023-07-07 22:45:38.695 [info] > git status -z -uall [71ms]
2023-07-07 22:50:17.963 [info] > git config --get commit.template [9ms]
2023-07-07 22:50:17.963 [info] > git for-each-ref --format=%(refname)%00%(upstream:short)%00%(objectname)%00%(upstream:track)%00%(upstream:remotename)%00%(upstream:remoteref) refs/heads/main refs/remotes/main [1ms]
2023-07-07 22:50:18.043 [info] > git status -z -uall [72ms]
2023-07-07 22:50:22.431 [info] > git check-ignore -v -z --stdin [1ms]
2023-07-07 22:50:28.717 [info] > git check-ignore -v -z --stdin [1ms]
2023-07-07 22:50:30.536 [info] > git check-ignore -v -z --stdin [1ms]
2023-07-07 22:50:35.545 [info] > git show --textconv :static/css/style.css [11ms]
2023-07-07 22:50:35.556 [info] > git ls-files --stage -- /workspace/Afrik-kitchen/static/css/style.css [12ms]
2023-07-07 22:50:35.567 [info] > git cat-file -s d0b70736b30e669a96d1d3a7b08052a88fdcb375 [2ms]
2023-07-07 22:50:38.707 [info] > git config --local branch.main.github-pr-owner-number [1ms]
2023-07-07 22:50:38.713 [info] > git config --get commit.template [1ms]
2023-07-07 22:50:38.720 [info] > git for-each-ref --format=%(refname)%00%(upstream:short)%00%(objectname)%00%(upstream:track)%00%(upstream:remotename)%00%(upstream:remoteref) refs/heads/main refs/remotes/main [1ms]
2023-07-07 22:50:38.799 [info] > git status -z -uall [75ms]
2023-07-07 22:51:48.493 [info] > git config --get commit.template [5ms]
2023-07-07 22:51:48.493 [info] > git for-each-ref --format=%(refname)%00%(upstream:short)%00%(objectname)%00%(upstream:track)%00%(upstream:remotename)%00%(upstream:remoteref) refs/heads/main refs/remotes/main [1ms]
2023-07-07 22:51:48.568 [info] > git status -z -uall [69ms]
2023-07-07 22:53:21.711 [info] > git config --get commit.template [11ms]
2023-07-07 22:53:21.712 [info] > git for-each-ref --format=%(refname)%00%(upstream:short)%00%(objectname)%00%(upstream:track)%00%(upstream:remotename)%00%(upstream:remoteref) refs/heads/main refs/remotes/main [1ms]
2023-07-07 22:53:21.794 [info] > git status -z -uall [73ms]
2023-07-07 22:54:03.003 [info] > git show --textconv :static/css/booking_list.css [10ms]
2023-07-07 22:54:03.004 [info] > git ls-files --stage -- /workspace/Afrik-kitchen/static/css/booking_list.css [1ms]
2023-07-07 22:54:03.017 [info] > git cat-file -s c1be168b8341a2a15cbb4fe22c94970239c7f0b5 [1ms]
2023-07-07 22:55:38.811 [info] > git config --local branch.main.github-pr-owner-number [1ms]
2023-07-07 22:55:38.823 [info] > git config --get commit.template [5ms]
2023-07-07 22:55:38.823 [info] > git for-each-ref --format=%(refname)%00%(upstream:short)%00%(objectname)%00%(upstream:track)%00%(upstream:remotename)%00%(upstream:remoteref) refs/heads/main refs/remotes/main [1ms]
2023-07-07 22:55:38.901 [info] > git status -z -uall [73ms]
2023-07-07 22:55:53.652 [info] > git config --get commit.template [12ms]
2023-07-07 22:55:53.653 [info] > git for-each-ref --format=%(refname)%00%(upstream:short)%00%(objectname)%00%(upstream:track)%00%(upstream:remotename)%00%(upstream:remoteref) refs/heads/main refs/remotes/main [2ms]
2023-07-07 22:55:53.736 [info] > git status -z -uall [74ms]
