2023-07-11 07:29:09.138 [info] Log level: Info
2023-07-11 07:29:09.138 [info] Validating found git in: "git"
2023-07-11 07:29:09.138 [info] Using git "2.40.0" from "git"
2023-07-11 07:29:09.138 [info] > git rev-parse --show-toplevel [4ms]
2023-07-11 07:29:09.138 [info] > git rev-parse --git-dir --git-common-dir [1ms]
2023-07-11 07:29:09.138 [info] Open repository: /workspace/Afrik-kitchen
2023-07-11 07:29:09.138 [info] > git rev-parse --show-toplevel [5ms]
2023-07-11 07:29:09.138 [info] > git config --get commit.template [8ms]
2023-07-11 07:29:09.138 [info] > git rev-parse --show-toplevel [10ms]
2023-07-11 07:29:09.138 [info] > git for-each-ref --format=%(refname)%00%(upstream:short)%00%(objectname)%00%(upstream:track)%00%(upstream:remotename)%00%(upstream:remoteref) refs/heads/main refs/remotes/main [10ms]
2023-07-11 07:29:09.138 [info] > git rev-parse --show-toplevel [10ms]
2023-07-11 07:29:09.138 [info] > git rev-parse --show-toplevel [1ms]
2023-07-11 07:29:09.138 [info] > git rev-parse --show-toplevel [36ms]
2023-07-11 07:29:09.138 [info] > git rev-parse --show-toplevel [1ms]
2023-07-11 07:29:09.138 [info] > git rev-parse --show-toplevel [1ms]
2023-07-11 07:29:09.138 [info] > git rev-parse --show-toplevel [1ms]
2023-07-11 07:29:09.138 [info] > git rev-parse --show-toplevel [2ms]
2023-07-11 07:29:09.138 [info] > git status -z -uall [77ms]
2023-07-11 07:29:09.138 [info] > git rev-parse --show-toplevel [11ms]
2023-07-11 07:29:09.138 [info] > git config --get commit.template [5ms]
2023-07-11 07:29:09.138 [info] > git rev-parse --show-toplevel [2ms]
2023-07-11 07:29:09.138 [info] > git for-each-ref --format=%(refname)%00%(upstream:short)%00%(objectname)%00%(upstream:track)%00%(upstream:remotename)%00%(upstream:remoteref) refs/heads/main refs/remotes/main [2ms]
2023-07-11 07:29:09.138 [info] > git status -z -uall [73ms]
2023-07-11 07:29:09.748 [info] > git check-ignore -v -z --stdin [1ms]
2023-07-11 07:29:09.830 [info] > git show --textconv :TEMPLATES_DIR/account/allauth/login.html [5ms]
2023-07-11 07:29:09.831 [info] > git ls-files --stage -- /workspace/Afrik-kitchen/TEMPLATES_DIR/account/allauth/login.html [2ms]
2023-07-11 07:29:09.839 [info] > git cat-file -s da8ee50a814e70111ade43dbebe05d7d015e6720 [1ms]
2023-07-11 07:29:10.165 [info] > git config --local branch.main.github-pr-owner-number [1ms]
2023-07-11 07:29:10.172 [info] > git config --get commit.template [2ms]
2023-07-11 07:29:10.180 [info] > git for-each-ref --format=%(refname)%00%(upstream:short)%00%(objectname)%00%(upstream:track)%00%(upstream:remotename)%00%(upstream:remoteref) refs/heads/main refs/remotes/main [1ms]
2023-07-11 07:29:10.258 [info] > git status -z -uall [71ms]
2023-07-11 07:29:11.015 [info] > git check-ignore -v -z --stdin [1ms]
2023-07-11 07:29:37.170 [info] > git check-ignore -v -z --stdin [2ms]
2023-07-11 07:29:42.196 [info] > git log --format=%H%n%aN%n%aE%n%at%n%ct%n%P%n%D%n%B -z -n120 -- /workspace/Afrik-kitchen/TEMPLATES_DIR/account/allauth/login.html [3ms]
2023-07-11 07:29:55.161 [info] > git check-ignore -v -z --stdin [1ms]
2023-07-11 07:29:56.390 [info] > git log --format=%H%n%aN%n%aE%n%at%n%ct%n%P%n%D%n%B -z -n120 -- /workspace/Afrik-kitchen/requirements.txt [4ms]
2023-07-11 07:29:56.608 [info] > git show --textconv :requirements.txt [6ms]
2023-07-11 07:29:56.609 [info] > git ls-files --stage -- /workspace/Afrik-kitchen/requirements.txt [1ms]
2023-07-11 07:29:56.615 [info] > git cat-file -s 4c7cd848185299805c6666aaf3878c4d6d066e51 [1ms]
2023-07-11 07:32:29.763 [info] > git config --get commit.template [11ms]
2023-07-11 07:32:29.764 [info] > git for-each-ref --format=%(refname)%00%(upstream:short)%00%(objectname)%00%(upstream:track)%00%(upstream:remotename)%00%(upstream:remoteref) refs/heads/main refs/remotes/main [2ms]
2023-07-11 07:32:29.851 [info] > git status -z -uall [79ms]
2023-07-11 07:33:30.588 [info] > git config --get commit.template [6ms]
2023-07-11 07:33:30.588 [info] > git for-each-ref --format=%(refname)%00%(upstream:short)%00%(objectname)%00%(upstream:track)%00%(upstream:remotename)%00%(upstream:remoteref) refs/heads/main refs/remotes/main [1ms]
2023-07-11 07:33:30.668 [info] > git status -z -uall [75ms]
2023-07-11 07:34:09.979 [info] > git config --local branch.main.github-pr-owner-number [0ms]
2023-07-11 07:34:09.988 [info] > git config --get commit.template [5ms]
2023-07-11 07:34:09.988 [info] > git for-each-ref --format=%(refname)%00%(upstream:short)%00%(objectname)%00%(upstream:track)%00%(upstream:remotename)%00%(upstream:remoteref) refs/heads/main refs/remotes/main [1ms]
2023-07-11 07:34:10.066 [info] > git status -z -uall [73ms]
2023-07-11 07:37:26.692 [info] > git log --format=%H%n%aN%n%aE%n%at%n%ct%n%P%n%D%n%B -z -n120 -- /workspace/Afrik-kitchen/TEMPLATES_DIR/base.html [4ms]
2023-07-11 07:37:27.005 [info] > git show --textconv :TEMPLATES_DIR/base.html [10ms]
2023-07-11 07:37:27.007 [info] > git ls-files --stage -- /workspace/Afrik-kitchen/TEMPLATES_DIR/base.html [2ms]
2023-07-11 07:37:27.028 [info] > git cat-file -s beddb6d4307875b54c9a83bfd9ead3d6f6a03c44 [3ms]
2023-07-11 07:39:10.081 [info] > git config --local branch.main.github-pr-owner-number [2ms]
2023-07-11 07:39:10.106 [info] > git config --get commit.template [12ms]
2023-07-11 07:39:10.107 [info] > git for-each-ref --format=%(refname)%00%(upstream:short)%00%(objectname)%00%(upstream:track)%00%(upstream:remotename)%00%(upstream:remoteref) refs/heads/main refs/remotes/main [2ms]
2023-07-11 07:39:10.247 [info] > git status -z -uall [128ms]
2023-07-11 07:40:15.390 [info] > git config --get commit.template [9ms]
2023-07-11 07:40:15.390 [info] > git for-each-ref --format=%(refname)%00%(upstream:short)%00%(objectname)%00%(upstream:track)%00%(upstream:remotename)%00%(upstream:remoteref) refs/heads/main refs/remotes/main [1ms]
2023-07-11 07:40:15.488 [info] > git status -z -uall [90ms]
2023-07-11 07:42:17.574 [info] > git config --get commit.template [10ms]
2023-07-11 07:42:17.576 [info] > git for-each-ref --format=%(refname)%00%(upstream:short)%00%(objectname)%00%(upstream:track)%00%(upstream:remotename)%00%(upstream:remoteref) refs/heads/main refs/remotes/main [1ms]
2023-07-11 07:42:17.682 [info] > git status -z -uall [98ms]
2023-07-11 07:43:13.833 [info] > git check-ignore -v -z --stdin [2ms]
2023-07-11 07:43:16.955 [info] > git log --format=%H%n%aN%n%aE%n%at%n%ct%n%P%n%D%n%B -z -n120 -- /workspace/Afrik-kitchen/afrik_kitchen/urls.py [348ms]
2023-07-11 07:43:17.830 [info] > git show --textconv :afrik_kitchen/urls.py [33ms]
2023-07-11 07:43:17.831 [info] > git ls-files --stage -- /workspace/Afrik-kitchen/afrik_kitchen/urls.py [16ms]
2023-07-11 07:43:17.853 [info] > git cat-file -s d9b7ccfde0e780c5f8d21d9315d368065f219454 [7ms]
2023-07-11 07:44:04.734 [info] > git log --format=%H%n%aN%n%aE%n%at%n%ct%n%P%n%D%n%B -z -n120 -- /workspace/Afrik-kitchen/afrik_kitchen/settings.py [12ms]
2023-07-11 07:44:04.985 [info] > git show --textconv :afrik_kitchen/settings.py [10ms]
2023-07-11 07:44:04.988 [info] > git ls-files --stage -- /workspace/Afrik-kitchen/afrik_kitchen/settings.py [2ms]
2023-07-11 07:44:04.999 [info] > git cat-file -s 150f68ba9552dbc0d8f83d1162de08381c1d3fe9 [3ms]
2023-07-11 07:44:10.264 [info] > git config --local branch.main.github-pr-owner-number [2ms]
2023-07-11 07:44:10.288 [info] > git config --get commit.template [13ms]
2023-07-11 07:44:10.288 [info] > git for-each-ref --format=%(refname)%00%(upstream:short)%00%(objectname)%00%(upstream:track)%00%(upstream:remotename)%00%(upstream:remoteref) refs/heads/main refs/remotes/main [1ms]
2023-07-11 07:44:10.399 [info] > git status -z -uall [99ms]
2023-07-11 07:49:10.413 [info] > git config --local branch.main.github-pr-owner-number [1ms]
2023-07-11 07:49:10.425 [info] > git config --get commit.template [6ms]
2023-07-11 07:49:10.425 [info] > git for-each-ref --format=%(refname)%00%(upstream:short)%00%(objectname)%00%(upstream:track)%00%(upstream:remotename)%00%(upstream:remoteref) refs/heads/main refs/remotes/main [1ms]
2023-07-11 07:49:10.508 [info] > git status -z -uall [77ms]
2023-07-11 07:54:10.520 [info] > git config --local branch.main.github-pr-owner-number [1ms]
2023-07-11 07:54:10.536 [info] > git config --get commit.template [8ms]
2023-07-11 07:54:10.537 [info] > git for-each-ref --format=%(refname)%00%(upstream:short)%00%(objectname)%00%(upstream:track)%00%(upstream:remotename)%00%(upstream:remoteref) refs/heads/main refs/remotes/main [2ms]
2023-07-11 07:54:10.621 [info] > git status -z -uall [76ms]
2023-07-11 07:58:36.128 [info] > git check-ignore -v -z --stdin [1ms]
2023-07-11 07:58:46.184 [info] > git check-ignore -v -z --stdin [1ms]
2023-07-11 07:58:50.003 [info] > git log --format=%H%n%aN%n%aE%n%at%n%ct%n%P%n%D%n%B -z -n120 -- /workspace/Afrik-kitchen/home/templates/home/index.html [17ms]
2023-07-11 07:58:50.183 [info] > git show --textconv :home/templates/home/index.html [6ms]
2023-07-11 07:58:50.184 [info] > git ls-files --stage -- /workspace/Afrik-kitchen/home/templates/home/index.html [1ms]
2023-07-11 07:58:50.190 [info] > git cat-file -s 773aa8e74f23113229e9c3df50512bba4ae19e60 [1ms]
2023-07-11 07:59:10.633 [info] > git config --local branch.main.github-pr-owner-number [1ms]
2023-07-11 07:59:10.645 [info] > git config --get commit.template [6ms]
2023-07-11 07:59:10.646 [info] > git for-each-ref --format=%(refname)%00%(upstream:short)%00%(objectname)%00%(upstream:track)%00%(upstream:remotename)%00%(upstream:remoteref) refs/heads/main refs/remotes/main [1ms]
2023-07-11 07:59:10.730 [info] > git status -z -uall [78ms]
2023-07-11 08:04:10.741 [info] > git config --local branch.main.github-pr-owner-number [1ms]
2023-07-11 08:04:10.762 [info] > git config --get commit.template [9ms]
2023-07-11 08:04:10.763 [info] > git for-each-ref --format=%(refname)%00%(upstream:short)%00%(objectname)%00%(upstream:track)%00%(upstream:remotename)%00%(upstream:remoteref) refs/heads/main refs/remotes/main [1ms]
2023-07-11 08:04:10.848 [info] > git status -z -uall [76ms]
2023-07-11 08:06:16.283 [info] > git log --format=%H%n%aN%n%aE%n%at%n%ct%n%P%n%D%n%B -z -n120 -- /workspace/Afrik-kitchen/home/apps.py [4ms]
2023-07-11 08:06:16.710 [info] > git show --textconv :home/apps.py [7ms]
2023-07-11 08:06:16.711 [info] > git ls-files --stage -- /workspace/Afrik-kitchen/home/apps.py [1ms]
2023-07-11 08:06:16.718 [info] > git cat-file -s e5ea0afa828ce977fd0ef2f7333f74fa8dd4708f [1ms]
2023-07-11 08:06:18.298 [info] > git log --format=%H%n%aN%n%aE%n%at%n%ct%n%P%n%D%n%B -z -n120 -- /workspace/Afrik-kitchen/home/templates/home/index.html [4ms]
2023-07-11 08:08:00.249 [info] > git check-ignore -v -z --stdin [1ms]
2023-07-11 08:08:01.169 [info] > git log --format=%H%n%aN%n%aE%n%at%n%ct%n%P%n%D%n%B -z -n120 -- /workspace/Afrik-kitchen/TEMPLATES_DIR/includes/nav.html [10ms]
2023-07-11 08:08:01.492 [info] > git show --textconv :TEMPLATES_DIR/includes/nav.html [7ms]
2023-07-11 08:08:01.493 [info] > git ls-files --stage -- /workspace/Afrik-kitchen/TEMPLATES_DIR/includes/nav.html [2ms]
2023-07-11 08:08:01.500 [info] > git cat-file -s fe75222ac082eb782e5d4993f0666192ddddeff2 [2ms]
2023-07-11 08:09:10.860 [info] > git config --local branch.main.github-pr-owner-number [1ms]
2023-07-11 08:09:10.872 [info] > git config --get commit.template [1ms]
2023-07-11 08:09:10.882 [info] > git for-each-ref --format=%(refname)%00%(upstream:short)%00%(objectname)%00%(upstream:track)%00%(upstream:remotename)%00%(upstream:remoteref) refs/heads/main refs/remotes/main [1ms]
2023-07-11 08:09:10.965 [info] > git status -z -uall [73ms]
2023-07-11 08:13:45.870 [info] > git log --format=%H%n%aN%n%aE%n%at%n%ct%n%P%n%D%n%B -z -n120 -- /workspace/Afrik-kitchen/home/templates/home/index.html [4ms]
2023-07-11 08:13:52.507 [info] > git for-each-ref --format=%(refname)%00%(upstream:short)%00%(objectname)%00%(upstream:track)%00%(upstream:remotename)%00%(upstream:remoteref) refs/heads/main refs/remotes/main [1ms]
2023-07-11 08:13:52.508 [info] > git config --get commit.template [13ms]
2023-07-11 08:13:52.590 [info] > git status -z -uall [74ms]
2023-07-11 08:14:10.978 [info] > git config --local branch.main.github-pr-owner-number [1ms]
2023-07-11 08:14:10.992 [info] > git config --get commit.template [7ms]
2023-07-11 08:14:10.993 [info] > git for-each-ref --format=%(refname)%00%(upstream:short)%00%(objectname)%00%(upstream:track)%00%(upstream:remotename)%00%(upstream:remoteref) refs/heads/main refs/remotes/main [2ms]
2023-07-11 08:14:11.079 [info] > git status -z -uall [80ms]
2023-07-11 08:14:19.767 [info] > git log --format=%H%n%aN%n%aE%n%at%n%ct%n%P%n%D%n%B -z -n120 -- /workspace/Afrik-kitchen/TEMPLATES_DIR/includes/nav.html [4ms]
2023-07-11 08:14:39.844 [info] > git config --get commit.template [10ms]
2023-07-11 08:14:39.845 [info] > git for-each-ref --format=%(refname)%00%(upstream:short)%00%(objectname)%00%(upstream:track)%00%(upstream:remotename)%00%(upstream:remoteref) refs/heads/main refs/remotes/main [2ms]
2023-07-11 08:14:39.928 [info] > git status -z -uall [75ms]
2023-07-11 08:19:11.091 [info] > git config --local branch.main.github-pr-owner-number [1ms]
2023-07-11 08:19:11.109 [info] > git config --get commit.template [9ms]
2023-07-11 08:19:11.110 [info] > git for-each-ref --format=%(refname)%00%(upstream:short)%00%(objectname)%00%(upstream:track)%00%(upstream:remotename)%00%(upstream:remoteref) refs/heads/main refs/remotes/main [1ms]
2023-07-11 08:19:11.191 [info] > git status -z -uall [73ms]
2023-07-11 08:19:21.201 [info] > git config --get commit.template [8ms]
2023-07-11 08:19:21.201 [info] > git for-each-ref --format=%(refname)%00%(upstream:short)%00%(objectname)%00%(upstream:track)%00%(upstream:remotename)%00%(upstream:remoteref) refs/heads/main refs/remotes/main [1ms]
2023-07-11 08:19:21.284 [info] > git status -z -uall [77ms]
2023-07-11 08:24:11.204 [info] > git config --local branch.main.github-pr-owner-number [1ms]
2023-07-11 08:24:11.222 [info] > git config --get commit.template [9ms]
2023-07-11 08:24:11.223 [info] > git for-each-ref --format=%(refname)%00%(upstream:short)%00%(objectname)%00%(upstream:track)%00%(upstream:remotename)%00%(upstream:remoteref) refs/heads/main refs/remotes/main [1ms]
2023-07-11 08:24:11.305 [info] > git status -z -uall [73ms]
2023-07-11 08:28:44.118 [info] > git log --format=%H%n%aN%n%aE%n%at%n%ct%n%P%n%D%n%B -z -n120 -- /workspace/Afrik-kitchen/home/templates/home/index.html [4ms]
2023-07-11 08:29:11.316 [info] > git config --local branch.main.github-pr-owner-number [1ms]
2023-07-11 08:29:11.333 [info] > git config --get commit.template [9ms]
2023-07-11 08:29:11.334 [info] > git for-each-ref --format=%(refname)%00%(upstream:short)%00%(objectname)%00%(upstream:track)%00%(upstream:remotename)%00%(upstream:remoteref) refs/heads/main refs/remotes/main [1ms]
2023-07-11 08:29:11.414 [info] > git status -z -uall [72ms]
2023-07-11 08:29:18.015 [info] > git config --get commit.template [7ms]
2023-07-11 08:29:18.015 [info] > git for-each-ref --format=%(refname)%00%(upstream:short)%00%(objectname)%00%(upstream:track)%00%(upstream:remotename)%00%(upstream:remoteref) refs/heads/main refs/remotes/main [1ms]
2023-07-11 08:29:18.094 [info] > git status -z -uall [74ms]
2023-07-11 08:29:19.997 [info] > git log --format=%H%n%aN%n%aE%n%at%n%ct%n%P%n%D%n%B -z -n120 -- /workspace/Afrik-kitchen/TEMPLATES_DIR/includes/nav.html [3ms]
2023-07-11 08:29:45.798 [info] > git config --get commit.template [7ms]
2023-07-11 08:29:45.798 [info] > git for-each-ref --format=%(refname)%00%(upstream:short)%00%(objectname)%00%(upstream:track)%00%(upstream:remotename)%00%(upstream:remoteref) refs/heads/main refs/remotes/main [1ms]
2023-07-11 08:29:45.882 [info] > git status -z -uall [76ms]
2023-07-11 08:33:37.720 [info] > git config --get commit.template [7ms]
2023-07-11 08:33:37.721 [info] > git for-each-ref --format=%(refname)%00%(upstream:short)%00%(objectname)%00%(upstream:track)%00%(upstream:remotename)%00%(upstream:remoteref) refs/heads/main refs/remotes/main [1ms]
2023-07-11 08:33:37.802 [info] > git status -z -uall [75ms]
2023-07-11 08:34:11.426 [info] > git config --local branch.main.github-pr-owner-number [1ms]
2023-07-11 08:34:11.446 [info] > git config --get commit.template [10ms]
2023-07-11 08:34:11.446 [info] > git for-each-ref --format=%(refname)%00%(upstream:short)%00%(objectname)%00%(upstream:track)%00%(upstream:remotename)%00%(upstream:remoteref) refs/heads/main refs/remotes/main [1ms]
2023-07-11 08:34:11.529 [info] > git status -z -uall [73ms]
2023-07-11 08:39:11.543 [info] > git config --local branch.main.github-pr-owner-number [1ms]
2023-07-11 08:39:11.555 [info] > git config --get commit.template [6ms]
2023-07-11 08:39:11.556 [info] > git for-each-ref --format=%(refname)%00%(upstream:short)%00%(objectname)%00%(upstream:track)%00%(upstream:remotename)%00%(upstream:remoteref) refs/heads/main refs/remotes/main [2ms]
2023-07-11 08:39:11.659 [info] > git status -z -uall [98ms]
2023-07-11 08:44:11.671 [info] > git config --local branch.main.github-pr-owner-number [1ms]
2023-07-11 08:44:11.684 [info] > git config --get commit.template [6ms]
2023-07-11 08:44:11.684 [info] > git for-each-ref --format=%(refname)%00%(upstream:short)%00%(objectname)%00%(upstream:track)%00%(upstream:remotename)%00%(upstream:remoteref) refs/heads/main refs/remotes/main [1ms]
2023-07-11 08:44:11.763 [info] > git status -z -uall [73ms]
2023-07-11 08:49:11.778 [info] > git config --local branch.main.github-pr-owner-number [1ms]
2023-07-11 08:49:11.801 [info] > git config --get commit.template [11ms]
2023-07-11 08:49:11.801 [info] > git for-each-ref --format=%(refname)%00%(upstream:short)%00%(objectname)%00%(upstream:track)%00%(upstream:remotename)%00%(upstream:remoteref) refs/heads/main refs/remotes/main [1ms]
2023-07-11 08:49:11.886 [info] > git status -z -uall [73ms]
2023-07-11 08:54:11.902 [info] > git config --local branch.main.github-pr-owner-number [5ms]
2023-07-11 08:54:11.915 [info] > git config --get commit.template [6ms]
2023-07-11 08:54:11.916 [info] > git for-each-ref --format=%(refname)%00%(upstream:short)%00%(objectname)%00%(upstream:track)%00%(upstream:remotename)%00%(upstream:remoteref) refs/heads/main refs/remotes/main [1ms]
2023-07-11 08:54:11.994 [info] > git status -z -uall [73ms]
2023-07-11 08:59:12.006 [info] > git config --local branch.main.github-pr-owner-number [2ms]
2023-07-11 08:59:12.019 [info] > git config --get commit.template [6ms]
2023-07-11 08:59:12.020 [info] > git for-each-ref --format=%(refname)%00%(upstream:short)%00%(objectname)%00%(upstream:track)%00%(upstream:remotename)%00%(upstream:remoteref) refs/heads/main refs/remotes/main [1ms]
2023-07-11 08:59:12.100 [info] > git status -z -uall [75ms]
2023-07-11 09:04:12.116 [info] > git config --local branch.main.github-pr-owner-number [1ms]
2023-07-11 09:04:12.136 [info] > git config --get commit.template [10ms]
2023-07-11 09:04:12.137 [info] > git for-each-ref --format=%(refname)%00%(upstream:short)%00%(objectname)%00%(upstream:track)%00%(upstream:remotename)%00%(upstream:remoteref) refs/heads/main refs/remotes/main [1ms]
2023-07-11 09:04:12.239 [info] > git status -z -uall [91ms]
2023-07-11 09:09:12.260 [info] > git config --local branch.main.github-pr-owner-number [2ms]
2023-07-11 09:09:12.290 [info] > git config --get commit.template [15ms]
2023-07-11 09:09:12.294 [info] > git for-each-ref --format=%(refname)%00%(upstream:short)%00%(objectname)%00%(upstream:track)%00%(upstream:remotename)%00%(upstream:remoteref) refs/heads/main refs/remotes/main [5ms]
2023-07-11 09:09:12.535 [info] > git status -z -uall [230ms]
2023-07-11 09:10:00.874 [info] > git log --format=%H%n%aN%n%aE%n%at%n%ct%n%P%n%D%n%B -z -n120 -- /workspace/Afrik-kitchen/home/templates/home/index.html [54ms]
2023-07-11 09:14:12.551 [info] > git config --local branch.main.github-pr-owner-number [1ms]
2023-07-11 09:14:12.571 [info] > git config --get commit.template [11ms]
2023-07-11 09:14:12.572 [info] > git for-each-ref --format=%(refname)%00%(upstream:short)%00%(objectname)%00%(upstream:track)%00%(upstream:remotename)%00%(upstream:remoteref) refs/heads/main refs/remotes/main [2ms]
2023-07-11 09:14:12.661 [info] > git status -z -uall [80ms]
2023-07-11 09:19:12.674 [info] > git config --local branch.main.github-pr-owner-number [1ms]
2023-07-11 09:19:12.695 [info] > git config --get commit.template [11ms]
2023-07-11 09:19:12.695 [info] > git for-each-ref --format=%(refname)%00%(upstream:short)%00%(objectname)%00%(upstream:track)%00%(upstream:remotename)%00%(upstream:remoteref) refs/heads/main refs/remotes/main [1ms]
2023-07-11 09:19:12.778 [info] > git status -z -uall [72ms]
2023-07-11 09:24:12.790 [info] > git config --local branch.main.github-pr-owner-number [1ms]
2023-07-11 09:24:12.805 [info] > git config --get commit.template [7ms]
2023-07-11 09:24:12.806 [info] > git for-each-ref --format=%(refname)%00%(upstream:short)%00%(objectname)%00%(upstream:track)%00%(upstream:remotename)%00%(upstream:remoteref) refs/heads/main refs/remotes/main [2ms]
2023-07-11 09:24:12.893 [info] > git status -z -uall [78ms]
2023-07-11 09:29:12.912 [info] > git config --local branch.main.github-pr-owner-number [1ms]
2023-07-11 09:29:12.936 [info] > git config --get commit.template [10ms]
2023-07-11 09:29:12.937 [info] > git for-each-ref --format=%(refname)%00%(upstream:short)%00%(objectname)%00%(upstream:track)%00%(upstream:remotename)%00%(upstream:remoteref) refs/heads/main refs/remotes/main [1ms]
2023-07-11 09:29:13.029 [info] > git status -z -uall [82ms]
2023-07-11 09:34:13.050 [info] > git config --local branch.main.github-pr-owner-number [4ms]
2023-07-11 09:34:13.076 [info] > git config --get commit.template [9ms]
2023-07-11 09:34:13.079 [info] > git for-each-ref --format=%(refname)%00%(upstream:short)%00%(objectname)%00%(upstream:track)%00%(upstream:remotename)%00%(upstream:remoteref) refs/heads/main refs/remotes/main [2ms]
2023-07-11 09:34:13.279 [info] > git status -z -uall [191ms]
2023-07-11 09:39:13.292 [info] > git config --local branch.main.github-pr-owner-number [1ms]
2023-07-11 09:39:13.311 [info] > git config --get commit.template [9ms]
2023-07-11 09:39:13.312 [info] > git for-each-ref --format=%(refname)%00%(upstream:short)%00%(objectname)%00%(upstream:track)%00%(upstream:remotename)%00%(upstream:remoteref) refs/heads/main refs/remotes/main [1ms]
2023-07-11 09:39:13.429 [info] > git status -z -uall [104ms]
2023-07-11 09:44:13.447 [info] > git config --local branch.main.github-pr-owner-number [0ms]
2023-07-11 09:44:13.474 [info] > git config --get commit.template [13ms]
2023-07-11 09:44:13.475 [info] > git for-each-ref --format=%(refname)%00%(upstream:short)%00%(objectname)%00%(upstream:track)%00%(upstream:remotename)%00%(upstream:remoteref) refs/heads/main refs/remotes/main [2ms]
2023-07-11 09:44:13.578 [info] > git status -z -uall [94ms]
2023-07-11 09:49:13.594 [info] > git config --local branch.main.github-pr-owner-number [1ms]
2023-07-11 09:49:13.617 [info] > git config --get commit.template [11ms]
2023-07-11 09:49:13.618 [info] > git for-each-ref --format=%(refname)%00%(upstream:short)%00%(objectname)%00%(upstream:track)%00%(upstream:remotename)%00%(upstream:remoteref) refs/heads/main refs/remotes/main [2ms]
2023-07-11 09:49:13.762 [info] > git status -z -uall [133ms]
2023-07-11 09:54:13.775 [info] > git config --local branch.main.github-pr-owner-number [1ms]
2023-07-11 09:54:13.790 [info] > git config --get commit.template [8ms]
2023-07-11 09:54:13.791 [info] > git for-each-ref --format=%(refname)%00%(upstream:short)%00%(objectname)%00%(upstream:track)%00%(upstream:remotename)%00%(upstream:remoteref) refs/heads/main refs/remotes/main [1ms]
2023-07-11 09:54:13.878 [info] > git status -z -uall [80ms]
2023-07-11 09:59:13.889 [info] > git config --local branch.main.github-pr-owner-number [1ms]
2023-07-11 09:59:13.897 [info] > git config --get commit.template [1ms]
2023-07-11 09:59:13.904 [info] > git for-each-ref --format=%(refname)%00%(upstream:short)%00%(objectname)%00%(upstream:track)%00%(upstream:remotename)%00%(upstream:remoteref) refs/heads/main refs/remotes/main [1ms]
2023-07-11 09:59:13.983 [info] > git status -z -uall [74ms]
2023-07-11 10:04:13.996 [info] > git config --local branch.main.github-pr-owner-number [1ms]
2023-07-11 10:04:14.009 [info] > git config --get commit.template [6ms]
2023-07-11 10:04:14.010 [info] > git for-each-ref --format=%(refname)%00%(upstream:short)%00%(objectname)%00%(upstream:track)%00%(upstream:remotename)%00%(upstream:remoteref) refs/heads/main refs/remotes/main [2ms]
2023-07-11 10:04:14.090 [info] > git status -z -uall [74ms]
2023-07-11 10:09:14.102 [info] > git config --local branch.main.github-pr-owner-number [1ms]
2023-07-11 10:09:14.114 [info] > git config --get commit.template [6ms]
2023-07-11 10:09:14.115 [info] > git for-each-ref --format=%(refname)%00%(upstream:short)%00%(objectname)%00%(upstream:track)%00%(upstream:remotename)%00%(upstream:remoteref) refs/heads/main refs/remotes/main [1ms]
2023-07-11 10:09:14.196 [info] > git status -z -uall [76ms]
